[dynet] random seed: 1
[dynet] allocating memory: 2000MB
[dynet] memory allocation done.
Random-split-5-train/dev...
================================================================================
Train /home/scottyih/Neural-RL-SP/data/random-split-5-train.tsv
Test /home/scottyih/Neural-RL-SP/data/random-split-5-dev.tsv
{u'partial_reward': True, u'USE_PRETRAIN_WORD_EMBEDDING': True, u'AnnotatedTableDir': u'/home/scottyih/Neural-RL-SP/Arvind_data/annotated', u'updateEMB': 0, u'DropOut': True, u'ReduceRowCond': False, u'record_path': u'./cache//glove.6b.100d.trie', u'NUM_ITER': 30, u'guessLogPass': False, u'beam_size': 15, u'recordtriesep': u'|', u'recordtriestructure': u'<ffffffffffffffffffffffffffffffffffffffffffffffffffffffffffffffffffffffffffffffffffffffffffffffffffff', u'WORD_EMBEDDING_DIM': 100, u'DIST_BIAS_DIM': 100, u'dirTable': u'file:///D:/ScottYih/Source/Repos/Neural-RL-SP/data', u'LSTM_HIDDEN_DIM': 50, u'embeddingtrie': <marisa_trie.RecordTrie object at 0x7f52db27ed70>, u'verbose-dump': False}
>>>>>>>> begin experiments
Warning: /home/scottyih/Neural-RL-SP/Arvind_data/annotated/203-annotated/855.annotated is not complete!
Warning: /home/scottyih/Neural-RL-SP/Arvind_data/annotated/203-annotated/855.annotated is not complete!
Warning: /home/scottyih/Neural-RL-SP/Arvind_data/annotated/203-annotated/855.annotated is not complete!
Warning: /home/scottyih/Neural-RL-SP/Arvind_data/annotated/203-annotated/855.annotated is not complete!
Warning: /home/scottyih/Neural-RL-SP/Arvind_data/annotated/203-annotated/855.annotated is not complete!
Warning: /home/scottyih/Neural-RL-SP/Arvind_data/annotated/203-annotated/855.annotated is not complete!
Warning: /home/scottyih/Neural-RL-SP/Arvind_data/annotated/203-annotated/855.annotated is not complete!
Warning: /home/scottyih/Neural-RL-SP/Arvind_data/annotated/203-annotated/855.annotated is not complete!
Warning: /home/scottyih/Neural-RL-SP/Arvind_data/annotated/204-annotated/74.annotated is not complete!
Warning: /home/scottyih/Neural-RL-SP/Arvind_data/annotated/204-annotated/74.annotated is not complete!
Warning: /home/scottyih/Neural-RL-SP/Arvind_data/annotated/204-annotated/74.annotated is not complete!
Warning: /home/scottyih/Neural-RL-SP/Arvind_data/annotated/204-annotated/74.annotated is not complete!
Warning: /home/scottyih/Neural-RL-SP/Arvind_data/annotated/204-annotated/74.annotated is not complete!
Warning: /home/scottyih/Neural-RL-SP/Arvind_data/annotated/204-annotated/74.annotated is not complete!
Warning: /home/scottyih/Neural-RL-SP/Arvind_data/annotated/204-annotated/74.annotated is not complete!
Warning: /home/scottyih/Neural-RL-SP/Arvind_data/annotated/204-annotated/74.annotated is not complete!
Warning: /home/scottyih/Neural-RL-SP/Arvind_data/annotated/204-annotated/74.annotated is not complete!
Warning: /home/scottyih/Neural-RL-SP/Arvind_data/annotated/204-annotated/74.annotated is not complete!
Warning: /home/scottyih/Neural-RL-SP/Arvind_data/annotated/204-annotated/74.annotated is not complete!
Warning: /home/scottyih/Neural-RL-SP/Arvind_data/annotated/204-annotated/546.annotated is not complete!
Warning: /home/scottyih/Neural-RL-SP/Arvind_data/annotated/204-annotated/546.annotated is not complete!
Warning: /home/scottyih/Neural-RL-SP/Arvind_data/annotated/204-annotated/546.annotated is not complete!
Warning: /home/scottyih/Neural-RL-SP/Arvind_data/annotated/204-annotated/546.annotated is not complete!
Warning: /home/scottyih/Neural-RL-SP/Arvind_data/annotated/204-annotated/546.annotated is not complete!
Warning: /home/scottyih/Neural-RL-SP/Arvind_data/annotated/204-annotated/546.annotated is not complete!
Warning: /home/scottyih/Neural-RL-SP/Arvind_data/annotated/204-annotated/546.annotated is not complete!
Warning: /home/scottyih/Neural-RL-SP/Arvind_data/annotated/204-annotated/546.annotated is not complete!
Warning: /home/scottyih/Neural-RL-SP/Arvind_data/annotated/204-annotated/546.annotated is not complete!
Warning: /home/scottyih/Neural-RL-SP/Arvind_data/annotated/204-annotated/546.annotated is not complete!
Warning: /home/scottyih/Neural-RL-SP/Arvind_data/annotated/203-annotated/803.annotated is not complete!
Warning: /home/scottyih/Neural-RL-SP/Arvind_data/annotated/203-annotated/803.annotated is not complete!
Warning: /home/scottyih/Neural-RL-SP/Arvind_data/annotated/203-annotated/803.annotated is not complete!
Warning: /home/scottyih/Neural-RL-SP/Arvind_data/annotated/203-annotated/803.annotated is not complete!
Warning: /home/scottyih/Neural-RL-SP/Arvind_data/annotated/203-annotated/803.annotated is not complete!
Warning: /home/scottyih/Neural-RL-SP/Arvind_data/annotated/203-annotated/803.annotated is not complete!
Warning: /home/scottyih/Neural-RL-SP/Arvind_data/annotated/203-annotated/803.annotated is not complete!
Warning: /home/scottyih/Neural-RL-SP/Arvind_data/annotated/203-annotated/803.annotated is not complete!
Warning: /home/scottyih/Neural-RL-SP/Arvind_data/annotated/203-annotated/803.annotated is not complete!
Warning: /home/scottyih/Neural-RL-SP/Arvind_data/annotated/203-annotated/803.annotated is not complete!
Warning: /home/scottyih/Neural-RL-SP/Arvind_data/annotated/203-annotated/803.annotated is not complete!
Warning: /home/scottyih/Neural-RL-SP/Arvind_data/annotated/203-annotated/803.annotated is not complete!
Warning: /home/scottyih/Neural-RL-SP/Arvind_data/annotated/203-annotated/803.annotated is not complete!
Warning: /home/scottyih/Neural-RL-SP/Arvind_data/annotated/203-annotated/803.annotated is not complete!
Warning: /home/scottyih/Neural-RL-SP/Arvind_data/annotated/203-annotated/803.annotated is not complete!
Warning: /home/scottyih/Neural-RL-SP/Arvind_data/annotated/203-annotated/803.annotated is not complete!
Warning: /home/scottyih/Neural-RL-SP/Arvind_data/annotated/203-annotated/803.annotated is not complete!
Warning: /home/scottyih/Neural-RL-SP/Arvind_data/annotated/203-annotated/803.annotated is not complete!
Warning: /home/scottyih/Neural-RL-SP/Arvind_data/annotated/203-annotated/803.annotated is not complete!
Warning: /home/scottyih/Neural-RL-SP/Arvind_data/annotated/204-annotated/309.annotated is not complete!
Warning: /home/scottyih/Neural-RL-SP/Arvind_data/annotated/204-annotated/309.annotated is not complete!
Warning: /home/scottyih/Neural-RL-SP/Arvind_data/annotated/204-annotated/309.annotated is not complete!
Warning: /home/scottyih/Neural-RL-SP/Arvind_data/annotated/204-annotated/309.annotated is not complete!
Warning: /home/scottyih/Neural-RL-SP/Arvind_data/annotated/204-annotated/309.annotated is not complete!
Warning: /home/scottyih/Neural-RL-SP/Arvind_data/annotated/204-annotated/309.annotated is not complete!
Warning: /home/scottyih/Neural-RL-SP/Arvind_data/annotated/204-annotated/309.annotated is not complete!
Warning: /home/scottyih/Neural-RL-SP/Arvind_data/annotated/204-annotated/51.annotated is not complete!
Warning: /home/scottyih/Neural-RL-SP/Arvind_data/annotated/204-annotated/51.annotated is not complete!
Warning: /home/scottyih/Neural-RL-SP/Arvind_data/annotated/204-annotated/51.annotated is not complete!
Warning: /home/scottyih/Neural-RL-SP/Arvind_data/annotated/204-annotated/51.annotated is not complete!
Warning: /home/scottyih/Neural-RL-SP/Arvind_data/annotated/204-annotated/51.annotated is not complete!
Warning: /home/scottyih/Neural-RL-SP/Arvind_data/annotated/204-annotated/51.annotated is not complete!
Warning: /home/scottyih/Neural-RL-SP/Arvind_data/annotated/204-annotated/51.annotated is not complete!
Warning: /home/scottyih/Neural-RL-SP/Arvind_data/annotated/204-annotated/51.annotated is not complete!
Warning: /home/scottyih/Neural-RL-SP/Arvind_data/annotated/204-annotated/51.annotated is not complete!
Warning: /home/scottyih/Neural-RL-SP/Arvind_data/annotated/204-annotated/51.annotated is not complete!
Warning: /home/scottyih/Neural-RL-SP/Arvind_data/annotated/203-annotated/803.annotated is not complete!
Warning: /home/scottyih/Neural-RL-SP/Arvind_data/annotated/203-annotated/803.annotated is not complete!
Warning: /home/scottyih/Neural-RL-SP/Arvind_data/annotated/203-annotated/803.annotated is not complete!
Warning: /home/scottyih/Neural-RL-SP/Arvind_data/annotated/203-annotated/803.annotated is not complete!
Warning: /home/scottyih/Neural-RL-SP/Arvind_data/annotated/203-annotated/803.annotated is not complete!
Warning: /home/scottyih/Neural-RL-SP/Arvind_data/annotated/203-annotated/803.annotated is not complete!
Warning: /home/scottyih/Neural-RL-SP/Arvind_data/annotated/203-annotated/803.annotated is not complete!
Warning: /home/scottyih/Neural-RL-SP/Arvind_data/annotated/203-annotated/803.annotated is not complete!
Warning: /home/scottyih/Neural-RL-SP/Arvind_data/annotated/203-annotated/803.annotated is not complete!
Warning: /home/scottyih/Neural-RL-SP/Arvind_data/annotated/203-annotated/803.annotated is not complete!
Warning: /home/scottyih/Neural-RL-SP/Arvind_data/annotated/204-annotated/309.annotated is not complete!
Warning: /home/scottyih/Neural-RL-SP/Arvind_data/annotated/204-annotated/309.annotated is not complete!
Warning: /home/scottyih/Neural-RL-SP/Arvind_data/annotated/204-annotated/309.annotated is not complete!
Warning: /home/scottyih/Neural-RL-SP/Arvind_data/annotated/204-annotated/309.annotated is not complete!
Warning: /home/scottyih/Neural-RL-SP/Arvind_data/annotated/204-annotated/309.annotated is not complete!
Warning: /home/scottyih/Neural-RL-SP/Arvind_data/annotated/204-annotated/309.annotated is not complete!
Warning: /home/scottyih/Neural-RL-SP/Arvind_data/annotated/204-annotated/309.annotated is not complete!
Warning: /home/scottyih/Neural-RL-SP/Arvind_data/annotated/204-annotated/309.annotated is not complete!
Warning: /home/scottyih/Neural-RL-SP/Arvind_data/annotated/204-annotated/309.annotated is not complete!
Warning: /home/scottyih/Neural-RL-SP/Arvind_data/annotated/204-annotated/309.annotated is not complete!
Warning: /home/scottyih/Neural-RL-SP/Arvind_data/annotated/204-annotated/309.annotated is not complete!
Warning: /home/scottyih/Neural-RL-SP/Arvind_data/annotated/204-annotated/309.annotated is not complete!
Warning: /home/scottyih/Neural-RL-SP/Arvind_data/annotated/204-annotated/309.annotated is not complete!
Warning: /home/scottyih/Neural-RL-SP/Arvind_data/annotated/204-annotated/309.annotated is not complete!
Warning: /home/scottyih/Neural-RL-SP/Arvind_data/annotated/204-annotated/309.annotated is not complete!
Warning: /home/scottyih/Neural-RL-SP/Arvind_data/annotated/204-annotated/309.annotated is not complete!
Warning: /home/scottyih/Neural-RL-SP/Arvind_data/annotated/204-annotated/309.annotated is not complete!
Warning: /home/scottyih/Neural-RL-SP/Arvind_data/annotated/204-annotated/309.annotated is not complete!
Warning: /home/scottyih/Neural-RL-SP/Arvind_data/annotated/204-annotated/309.annotated is not complete!
Warning: /home/scottyih/Neural-RL-SP/Arvind_data/annotated/204-annotated/309.annotated is not complete!
Warning: /home/scottyih/Neural-RL-SP/Arvind_data/annotated/204-annotated/309.annotated is not complete!
Warning: /home/scottyih/Neural-RL-SP/Arvind_data/annotated/204-annotated/309.annotated is not complete!
Warning: /home/scottyih/Neural-RL-SP/Arvind_data/annotated/204-annotated/309.annotated is not complete!
Warning: /home/scottyih/Neural-RL-SP/Arvind_data/annotated/204-annotated/309.annotated is not complete!
Warning: /home/scottyih/Neural-RL-SP/Arvind_data/annotated/204-annotated/309.annotated is not complete!
Warning: /home/scottyih/Neural-RL-SP/Arvind_data/annotated/203-annotated/325.annotated is not complete!
Warning: /home/scottyih/Neural-RL-SP/Arvind_data/annotated/203-annotated/325.annotated is not complete!
Warning: /home/scottyih/Neural-RL-SP/Arvind_data/annotated/203-annotated/325.annotated is not complete!
Warning: /home/scottyih/Neural-RL-SP/Arvind_data/annotated/203-annotated/325.annotated is not complete!
Warning: /home/scottyih/Neural-RL-SP/Arvind_data/annotated/203-annotated/325.annotated is not complete!
Warning: /home/scottyih/Neural-RL-SP/Arvind_data/annotated/203-annotated/325.annotated is not complete!
Warning: /home/scottyih/Neural-RL-SP/Arvind_data/annotated/203-annotated/190.annotated is not complete!
Warning: /home/scottyih/Neural-RL-SP/Arvind_data/annotated/203-annotated/190.annotated is not complete!
Warning: /home/scottyih/Neural-RL-SP/Arvind_data/annotated/203-annotated/190.annotated is not complete!
Warning: /home/scottyih/Neural-RL-SP/Arvind_data/annotated/203-annotated/190.annotated is not complete!
Warning: /home/scottyih/Neural-RL-SP/Arvind_data/annotated/203-annotated/190.annotated is not complete!
Warning: /home/scottyih/Neural-RL-SP/Arvind_data/annotated/203-annotated/190.annotated is not complete!
Warning: /home/scottyih/Neural-RL-SP/Arvind_data/annotated/203-annotated/190.annotated is not complete!
Warning: /home/scottyih/Neural-RL-SP/Arvind_data/annotated/203-annotated/190.annotated is not complete!
init vw = 32357 words
beginning to load embeddings....
the number of words that are in pretrain 22467.0 32357 0.694347436413
loading complete!
100 / 12321
200 / 12321
300 / 12321
400 / 12321
500 / 12321
600 / 12321
700 / 12321
800 / 12321
900 / 12321
1000 / 12321
1100 / 12321
1200 / 12321
1300 / 12321
1400 / 12321
1500 / 12321
1600 / 12321
1700 / 12321
1800 / 12321
1900 / 12321
2000 / 12321
2100 / 12321
2200 / 12321
2300 / 12321
2400 / 12321
2500 / 12321
2600 / 12321
2700 / 12321
2800 / 12321
2900 / 12321
3000 / 12321
3100 / 12321
3200 / 12321
3300 / 12321
3400 / 12321
3500 / 12321
3600 / 12321
3700 / 12321
3800 / 12321
3900 / 12321
4000 / 12321
4100 / 12321
4200 / 12321
4300 / 12321
4400 / 12321
4500 / 12321
4600 / 12321
4700 / 12321
4800 / 12321
4900 / 12321
5000 / 12321
5100 / 12321
5200 / 12321
5300 / 12321
5400 / 12321
5500 / 12321
5600 / 12321
5700 / 12321
5800 / 12321
5900 / 12321
6000 / 12321
6100 / 12321
6200 / 12321
6300 / 12321
6400 / 12321
6500 / 12321
6600 / 12321
6700 / 12321
6800 / 12321
6900 / 12321
7000 / 12321
7100 / 12321
7200 / 12321
7300 / 12321
7400 / 12321
7500 / 12321
7600 / 12321
7700 / 12321
7800 / 12321
7900 / 12321
8000 / 12321
8100 / 12321
8200 / 12321
8300 / 12321
8400 / 12321
8500 / 12321
8600 / 12321
8700 / 12321
8800 / 12321
8900 / 12321
9000 / 12321
9100 / 12321
9200 / 12321
9300 / 12321
9400 / 12321
9500 / 12321
9600 / 12321
9700 / 12321
9800 / 12321
9900 / 12321
10000 / 12321
10100 / 12321
10200 / 12321
10300 / 12321
10400 / 12321
10500 / 12321
10600 / 12321
10700 / 12321
10800 / 12321
10900 / 12321
11000 / 12321
11100 / 12321
11200 / 12321
11300 / 12321
11400 / 12321
11500 / 12321
11600 / 12321
11700 / 12321
11800 / 12321
11900 / 12321
12000 / 12321
12100 / 12321
12200 / 12321
12300 / 12321
In epoch  0  avg loss (or negative reward) is  0.931433092921
In epoch  0  test reward is 0.303937, test accuracy is 0.249099
Time taken in this epoch 808.619502068
Best Reward: 0.303937 (Accuracy: 0.249099) at epoch 0
Best Accuracy: 0.249099 (Reward: 0.303937) at epoch 0
Saving model with header =  model/moduleKwNoMap-b15-ind-5-0

100 / 12321
200 / 12321
300 / 12321
400 / 12321
500 / 12321
600 / 12321
700 / 12321
800 / 12321
900 / 12321
1000 / 12321
1100 / 12321
1200 / 12321
1300 / 12321
1400 / 12321
1500 / 12321
1600 / 12321
1700 / 12321
1800 / 12321
1900 / 12321
2000 / 12321
2100 / 12321
2200 / 12321
2300 / 12321
2400 / 12321
2500 / 12321
2600 / 12321
2700 / 12321
2800 / 12321
2900 / 12321
3000 / 12321
3100 / 12321
3200 / 12321
3300 / 12321
3400 / 12321
3500 / 12321
3600 / 12321
3700 / 12321
3800 / 12321
3900 / 12321
4000 / 12321
4100 / 12321
4200 / 12321
4300 / 12321
4400 / 12321
4500 / 12321
4600 / 12321
4700 / 12321
4800 / 12321
4900 / 12321
5000 / 12321
5100 / 12321
5200 / 12321
5300 / 12321
5400 / 12321
5500 / 12321
5600 / 12321
5700 / 12321
5800 / 12321
5900 / 12321
6000 / 12321
6100 / 12321
6200 / 12321
6300 / 12321
6400 / 12321
6500 / 12321
6600 / 12321
6700 / 12321
6800 / 12321
6900 / 12321
7000 / 12321
7100 / 12321
7200 / 12321
7300 / 12321
7400 / 12321
7500 / 12321
7600 / 12321
7700 / 12321
7800 / 12321
7900 / 12321
8000 / 12321
8100 / 12321
8200 / 12321
8300 / 12321
8400 / 12321
8500 / 12321
8600 / 12321
8700 / 12321
8800 / 12321
8900 / 12321
9000 / 12321
9100 / 12321
9200 / 12321
9300 / 12321
9400 / 12321
9500 / 12321
9600 / 12321
9700 / 12321
9800 / 12321
9900 / 12321
10000 / 12321
10100 / 12321
10200 / 12321
10300 / 12321
10400 / 12321
10500 / 12321
10600 / 12321
10700 / 12321
10800 / 12321
10900 / 12321
11000 / 12321
11100 / 12321
11200 / 12321
11300 / 12321
11400 / 12321
11500 / 12321
11600 / 12321
11700 / 12321
11800 / 12321
11900 / 12321
12000 / 12321
12100 / 12321
12200 / 12321
12300 / 12321
In epoch  1  avg loss (or negative reward) is  0.876217010359
In epoch  1  test reward is 0.345757, test accuracy is 0.282432
Time taken in this epoch 771.73814702
Best Reward: 0.345757 (Accuracy: 0.282432) at epoch 1
Best Accuracy: 0.282432 (Reward: 0.345757) at epoch 1
Saving model with header =  model/moduleKwNoMap-b15-ind-5-1

100 / 12321
200 / 12321
300 / 12321
400 / 12321
500 / 12321
600 / 12321
700 / 12321
800 / 12321
900 / 12321
1000 / 12321
1100 / 12321
1200 / 12321
1300 / 12321
1400 / 12321
1500 / 12321
1600 / 12321
1700 / 12321
1800 / 12321
1900 / 12321
2000 / 12321
2100 / 12321
2200 / 12321
2300 / 12321
2400 / 12321
2500 / 12321
2600 / 12321
2700 / 12321
2800 / 12321
2900 / 12321
3000 / 12321
3100 / 12321
3200 / 12321
3300 / 12321
3400 / 12321
3500 / 12321
3600 / 12321
3700 / 12321
3800 / 12321
3900 / 12321
4000 / 12321
4100 / 12321
4200 / 12321
4300 / 12321
4400 / 12321
4500 / 12321
4600 / 12321
4700 / 12321
4800 / 12321
4900 / 12321
5000 / 12321
5100 / 12321
5200 / 12321
5300 / 12321
5400 / 12321
5500 / 12321
5600 / 12321
5700 / 12321
5800 / 12321
5900 / 12321
6000 / 12321
6100 / 12321
6200 / 12321
6300 / 12321
6400 / 12321
6500 / 12321
6600 / 12321
6700 / 12321
6800 / 12321
6900 / 12321
7000 / 12321
7100 / 12321
7200 / 12321
7300 / 12321
7400 / 12321
7500 / 12321
7600 / 12321
7700 / 12321
7800 / 12321
7900 / 12321
8000 / 12321
8100 / 12321
8200 / 12321
8300 / 12321
8400 / 12321
8500 / 12321
8600 / 12321
8700 / 12321
8800 / 12321
8900 / 12321
9000 / 12321
9100 / 12321
9200 / 12321
9300 / 12321
9400 / 12321
9500 / 12321
9600 / 12321
9700 / 12321
9800 / 12321
9900 / 12321
10000 / 12321
10100 / 12321
10200 / 12321
10300 / 12321
10400 / 12321
10500 / 12321
10600 / 12321
10700 / 12321
10800 / 12321
10900 / 12321
11000 / 12321
11100 / 12321
11200 / 12321
11300 / 12321
11400 / 12321
11500 / 12321
11600 / 12321
11700 / 12321
11800 / 12321
11900 / 12321
12000 / 12321
12100 / 12321
12200 / 12321
12300 / 12321
In epoch  2  avg loss (or negative reward) is  0.831570804997
In epoch  2  test reward is 0.359168, test accuracy is 0.295045
Time taken in this epoch 761.179270029
Best Reward: 0.359168 (Accuracy: 0.295045) at epoch 2
Best Accuracy: 0.295045 (Reward: 0.359168) at epoch 2
Saving model with header =  model/moduleKwNoMap-b15-ind-5-2

100 / 12321
200 / 12321
300 / 12321
400 / 12321
500 / 12321
600 / 12321
700 / 12321
800 / 12321
900 / 12321
1000 / 12321
1100 / 12321
1200 / 12321
1300 / 12321
1400 / 12321
1500 / 12321
1600 / 12321
1700 / 12321
1800 / 12321
1900 / 12321
2000 / 12321
2100 / 12321
2200 / 12321
2300 / 12321
2400 / 12321
2500 / 12321
2600 / 12321
2700 / 12321
2800 / 12321
2900 / 12321
3000 / 12321
3100 / 12321
3200 / 12321
3300 / 12321
3400 / 12321
3500 / 12321
3600 / 12321
3700 / 12321
3800 / 12321
3900 / 12321
4000 / 12321
4100 / 12321
4200 / 12321
4300 / 12321
4400 / 12321
4500 / 12321
4600 / 12321
4700 / 12321
4800 / 12321
4900 / 12321
5000 / 12321
5100 / 12321
5200 / 12321
5300 / 12321
5400 / 12321
5500 / 12321
5600 / 12321
5700 / 12321
5800 / 12321
5900 / 12321
6000 / 12321
6100 / 12321
6200 / 12321
6300 / 12321
6400 / 12321
6500 / 12321
6600 / 12321
6700 / 12321
6800 / 12321
6900 / 12321
7000 / 12321
7100 / 12321
7200 / 12321
7300 / 12321
7400 / 12321
7500 / 12321
7600 / 12321
7700 / 12321
7800 / 12321
7900 / 12321
8000 / 12321
8100 / 12321
8200 / 12321
8300 / 12321
8400 / 12321
8500 / 12321
8600 / 12321
8700 / 12321
8800 / 12321
8900 / 12321
9000 / 12321
9100 / 12321
9200 / 12321
9300 / 12321
9400 / 12321
9500 / 12321
9600 / 12321
9700 / 12321
9800 / 12321
9900 / 12321
10000 / 12321
10100 / 12321
10200 / 12321
10300 / 12321
10400 / 12321
10500 / 12321
10600 / 12321
10700 / 12321
10800 / 12321
10900 / 12321
11000 / 12321
11100 / 12321
11200 / 12321
11300 / 12321
11400 / 12321
11500 / 12321
11600 / 12321
11700 / 12321
11800 / 12321
11900 / 12321
12000 / 12321
12100 / 12321
12200 / 12321
12300 / 12321
In epoch  3  avg loss (or negative reward) is  0.79858211516
In epoch  3  test reward is 0.368589, test accuracy is 0.305405
Time taken in this epoch 795.680617809
Best Reward: 0.368589 (Accuracy: 0.305405) at epoch 3
Best Accuracy: 0.305405 (Reward: 0.368589) at epoch 3
Saving model with header =  model/moduleKwNoMap-b15-ind-5-3

100 / 12321
200 / 12321
300 / 12321
400 / 12321
500 / 12321
600 / 12321
700 / 12321
800 / 12321
900 / 12321
1000 / 12321
1100 / 12321
1200 / 12321
1300 / 12321
1400 / 12321
1500 / 12321
1600 / 12321
1700 / 12321
1800 / 12321
1900 / 12321
2000 / 12321
2100 / 12321
2200 / 12321
2300 / 12321
2400 / 12321
2500 / 12321
2600 / 12321
2700 / 12321
2800 / 12321
2900 / 12321
3000 / 12321
3100 / 12321
3200 / 12321
3300 / 12321
3400 / 12321
3500 / 12321
3600 / 12321
3700 / 12321
3800 / 12321
3900 / 12321
4000 / 12321
4100 / 12321
4200 / 12321
4300 / 12321
4400 / 12321
4500 / 12321
4600 / 12321
4700 / 12321
4800 / 12321
4900 / 12321
5000 / 12321
5100 / 12321
5200 / 12321
5300 / 12321
5400 / 12321
5500 / 12321
5600 / 12321
5700 / 12321
5800 / 12321
5900 / 12321
6000 / 12321
6100 / 12321
6200 / 12321
6300 / 12321
6400 / 12321
6500 / 12321
6600 / 12321
6700 / 12321
6800 / 12321
6900 / 12321
7000 / 12321
7100 / 12321
7200 / 12321
7300 / 12321
7400 / 12321
7500 / 12321
7600 / 12321
7700 / 12321
7800 / 12321
7900 / 12321
8000 / 12321
8100 / 12321
8200 / 12321
8300 / 12321
8400 / 12321
8500 / 12321
8600 / 12321
8700 / 12321
8800 / 12321
8900 / 12321
9000 / 12321
9100 / 12321
9200 / 12321
9300 / 12321
9400 / 12321
9500 / 12321
9600 / 12321
9700 / 12321
9800 / 12321
9900 / 12321
10000 / 12321
10100 / 12321
10200 / 12321
10300 / 12321
10400 / 12321
10500 / 12321
10600 / 12321
10700 / 12321
10800 / 12321
10900 / 12321
11000 / 12321
11100 / 12321
11200 / 12321
11300 / 12321
11400 / 12321
11500 / 12321
11600 / 12321
11700 / 12321
11800 / 12321
11900 / 12321
12000 / 12321
12100 / 12321
12200 / 12321
12300 / 12321
In epoch  4  avg loss (or negative reward) is  0.770627183578
In epoch  4  test reward is 0.380137, test accuracy is 0.318919
Time taken in this epoch 812.516476154
Best Reward: 0.380137 (Accuracy: 0.318919) at epoch 4
Best Accuracy: 0.318919 (Reward: 0.380137) at epoch 4
Saving model with header =  model/moduleKwNoMap-b15-ind-5-4

100 / 12321
200 / 12321
300 / 12321
400 / 12321
500 / 12321
600 / 12321
700 / 12321
800 / 12321
900 / 12321
1000 / 12321
1100 / 12321
1200 / 12321
1300 / 12321
1400 / 12321
1500 / 12321
1600 / 12321
1700 / 12321
1800 / 12321
1900 / 12321
2000 / 12321
2100 / 12321
2200 / 12321
2300 / 12321
2400 / 12321
2500 / 12321
2600 / 12321
2700 / 12321
2800 / 12321
2900 / 12321
3000 / 12321
3100 / 12321
3200 / 12321
3300 / 12321
3400 / 12321
3500 / 12321
3600 / 12321
3700 / 12321
3800 / 12321
3900 / 12321
4000 / 12321
4100 / 12321
4200 / 12321
4300 / 12321
4400 / 12321
4500 / 12321
4600 / 12321
4700 / 12321
4800 / 12321
4900 / 12321
5000 / 12321
5100 / 12321
5200 / 12321
5300 / 12321
5400 / 12321
5500 / 12321
5600 / 12321
5700 / 12321
5800 / 12321
5900 / 12321
6000 / 12321
6100 / 12321
6200 / 12321
6300 / 12321
6400 / 12321
6500 / 12321
6600 / 12321
6700 / 12321
6800 / 12321
6900 / 12321
7000 / 12321
7100 / 12321
7200 / 12321
7300 / 12321
7400 / 12321
7500 / 12321
7600 / 12321
7700 / 12321
7800 / 12321
7900 / 12321
8000 / 12321
8100 / 12321
8200 / 12321
8300 / 12321
8400 / 12321
8500 / 12321
8600 / 12321
8700 / 12321
8800 / 12321
8900 / 12321
9000 / 12321
9100 / 12321
9200 / 12321
9300 / 12321
9400 / 12321
9500 / 12321
9600 / 12321
9700 / 12321
9800 / 12321
9900 / 12321
10000 / 12321
10100 / 12321
10200 / 12321
10300 / 12321
10400 / 12321
10500 / 12321
10600 / 12321
10700 / 12321
10800 / 12321
10900 / 12321
11000 / 12321
11100 / 12321
11200 / 12321
11300 / 12321
11400 / 12321
11500 / 12321
11600 / 12321
11700 / 12321
11800 / 12321
11900 / 12321
12000 / 12321
12100 / 12321
12200 / 12321
12300 / 12321
In epoch  5  avg loss (or negative reward) is  0.752119963278
In epoch  5  test reward is 0.381417, test accuracy is 0.316667
Time taken in this epoch 833.284996986
Best Reward: 0.381417 (Accuracy: 0.316667) at epoch 5
Best Accuracy: 0.318919 (Reward: 0.380137) at epoch 4
Saving model with header =  model/moduleKwNoMap-b15-ind-5-5

100 / 12321
200 / 12321
300 / 12321
400 / 12321
500 / 12321
600 / 12321
700 / 12321
800 / 12321
900 / 12321
1000 / 12321
1100 / 12321
1200 / 12321
1300 / 12321
1400 / 12321
1500 / 12321
1600 / 12321
1700 / 12321
1800 / 12321
1900 / 12321
2000 / 12321
2100 / 12321
2200 / 12321
2300 / 12321
2400 / 12321
2500 / 12321
2600 / 12321
2700 / 12321
2800 / 12321
2900 / 12321
3000 / 12321
3100 / 12321
3200 / 12321
3300 / 12321
3400 / 12321
3500 / 12321
3600 / 12321
3700 / 12321
3800 / 12321
3900 / 12321
4000 / 12321
4100 / 12321
4200 / 12321
4300 / 12321
4400 / 12321
4500 / 12321
4600 / 12321
4700 / 12321
4800 / 12321
4900 / 12321
5000 / 12321
5100 / 12321
5200 / 12321
5300 / 12321
5400 / 12321
5500 / 12321
5600 / 12321
5700 / 12321
5800 / 12321
5900 / 12321
6000 / 12321
6100 / 12321
6200 / 12321
6300 / 12321
6400 / 12321
6500 / 12321
6600 / 12321
6700 / 12321
6800 / 12321
6900 / 12321
7000 / 12321
7100 / 12321
7200 / 12321
7300 / 12321
7400 / 12321
7500 / 12321
7600 / 12321
7700 / 12321
7800 / 12321
7900 / 12321
8000 / 12321
8100 / 12321
8200 / 12321
8300 / 12321
8400 / 12321
8500 / 12321
8600 / 12321
8700 / 12321
8800 / 12321
8900 / 12321
9000 / 12321
9100 / 12321
9200 / 12321
9300 / 12321
9400 / 12321
9500 / 12321
9600 / 12321
9700 / 12321
9800 / 12321
9900 / 12321
10000 / 12321
10100 / 12321
10200 / 12321
10300 / 12321
10400 / 12321
10500 / 12321
10600 / 12321
10700 / 12321
10800 / 12321
10900 / 12321
11000 / 12321
11100 / 12321
11200 / 12321
11300 / 12321
11400 / 12321
11500 / 12321
11600 / 12321
11700 / 12321
11800 / 12321
11900 / 12321
12000 / 12321
12100 / 12321
12200 / 12321
12300 / 12321
In epoch  6  avg loss (or negative reward) is  0.735468913605
In epoch  6  test reward is 0.383313, test accuracy is 0.318919
Time taken in this epoch 837.28403306
Best Reward: 0.383313 (Accuracy: 0.318919) at epoch 6
Best Accuracy: 0.318919 (Reward: 0.380137) at epoch 4
Saving model with header =  model/moduleKwNoMap-b15-ind-5-6

100 / 12321
200 / 12321
300 / 12321
400 / 12321
500 / 12321
600 / 12321
700 / 12321
800 / 12321
900 / 12321
1000 / 12321
1100 / 12321
1200 / 12321
1300 / 12321
1400 / 12321
1500 / 12321
1600 / 12321
1700 / 12321
1800 / 12321
1900 / 12321
2000 / 12321
2100 / 12321
2200 / 12321
2300 / 12321
2400 / 12321
2500 / 12321
2600 / 12321
2700 / 12321
2800 / 12321
2900 / 12321
3000 / 12321
3100 / 12321
3200 / 12321
3300 / 12321
3400 / 12321
3500 / 12321
3600 / 12321
3700 / 12321
3800 / 12321
3900 / 12321
4000 / 12321
4100 / 12321
4200 / 12321
4300 / 12321
4400 / 12321
4500 / 12321
4600 / 12321
4700 / 12321
4800 / 12321
4900 / 12321
5000 / 12321
5100 / 12321
5200 / 12321
5300 / 12321
5400 / 12321
5500 / 12321
5600 / 12321
5700 / 12321
5800 / 12321
5900 / 12321
6000 / 12321
6100 / 12321
6200 / 12321
6300 / 12321
6400 / 12321
6500 / 12321
6600 / 12321
6700 / 12321
6800 / 12321
6900 / 12321
7000 / 12321
7100 / 12321
7200 / 12321
7300 / 12321
7400 / 12321
7500 / 12321
7600 / 12321
7700 / 12321
7800 / 12321
7900 / 12321
8000 / 12321
8100 / 12321
8200 / 12321
8300 / 12321
8400 / 12321
8500 / 12321
8600 / 12321
8700 / 12321
8800 / 12321
8900 / 12321
9000 / 12321
9100 / 12321
9200 / 12321
9300 / 12321
9400 / 12321
9500 / 12321
9600 / 12321
9700 / 12321
9800 / 12321
9900 / 12321
10000 / 12321
10100 / 12321
10200 / 12321
10300 / 12321
10400 / 12321
10500 / 12321
10600 / 12321
10700 / 12321
10800 / 12321
10900 / 12321
11000 / 12321
11100 / 12321
11200 / 12321
11300 / 12321
11400 / 12321
11500 / 12321
11600 / 12321
11700 / 12321
11800 / 12321
11900 / 12321
12000 / 12321
12100 / 12321
12200 / 12321
12300 / 12321
In epoch  7  avg loss (or negative reward) is  0.720286689532
In epoch  7  test reward is 0.384230, test accuracy is 0.319369
Time taken in this epoch 837.043756008
Best Reward: 0.384230 (Accuracy: 0.319369) at epoch 7
Best Accuracy: 0.319369 (Reward: 0.384230) at epoch 7
Saving model with header =  model/moduleKwNoMap-b15-ind-5-7

100 / 12321
200 / 12321
300 / 12321
400 / 12321
500 / 12321
600 / 12321
700 / 12321
800 / 12321
900 / 12321
1000 / 12321
1100 / 12321
1200 / 12321
1300 / 12321
1400 / 12321
1500 / 12321
1600 / 12321
1700 / 12321
1800 / 12321
1900 / 12321
2000 / 12321
2100 / 12321
2200 / 12321
2300 / 12321
2400 / 12321
2500 / 12321
2600 / 12321
2700 / 12321
2800 / 12321
2900 / 12321
3000 / 12321
3100 / 12321
3200 / 12321
3300 / 12321
3400 / 12321
3500 / 12321
3600 / 12321
3700 / 12321
3800 / 12321
3900 / 12321
4000 / 12321
4100 / 12321
4200 / 12321
4300 / 12321
4400 / 12321
4500 / 12321
4600 / 12321
4700 / 12321
4800 / 12321
4900 / 12321
5000 / 12321
5100 / 12321
5200 / 12321
5300 / 12321
5400 / 12321
5500 / 12321
5600 / 12321
5700 / 12321
5800 / 12321
5900 / 12321
6000 / 12321
6100 / 12321
6200 / 12321
6300 / 12321
6400 / 12321
6500 / 12321
6600 / 12321
6700 / 12321
6800 / 12321
6900 / 12321
7000 / 12321
7100 / 12321
7200 / 12321
7300 / 12321
7400 / 12321
7500 / 12321
7600 / 12321
7700 / 12321
7800 / 12321
7900 / 12321
8000 / 12321
8100 / 12321
8200 / 12321
8300 / 12321
8400 / 12321
8500 / 12321
8600 / 12321
8700 / 12321
8800 / 12321
8900 / 12321
9000 / 12321
9100 / 12321
9200 / 12321
9300 / 12321
9400 / 12321
9500 / 12321
9600 / 12321
9700 / 12321
9800 / 12321
9900 / 12321
10000 / 12321
10100 / 12321
10200 / 12321
10300 / 12321
10400 / 12321
10500 / 12321
10600 / 12321
10700 / 12321
10800 / 12321
10900 / 12321
11000 / 12321
11100 / 12321
11200 / 12321
11300 / 12321
11400 / 12321
11500 / 12321
11600 / 12321
11700 / 12321
11800 / 12321
11900 / 12321
12000 / 12321
12100 / 12321
12200 / 12321
12300 / 12321
In epoch  8  avg loss (or negative reward) is  0.704173916535
In epoch  8  test reward is 0.385530, test accuracy is 0.325676
Time taken in this epoch 880.17196393
Best Reward: 0.385530 (Accuracy: 0.325676) at epoch 8
Best Accuracy: 0.325676 (Reward: 0.385530) at epoch 8
Saving model with header =  model/moduleKwNoMap-b15-ind-5-8

100 / 12321
200 / 12321
300 / 12321
400 / 12321
500 / 12321
600 / 12321
700 / 12321
800 / 12321
900 / 12321
1000 / 12321
1100 / 12321
1200 / 12321
1300 / 12321
1400 / 12321
1500 / 12321
1600 / 12321
1700 / 12321
1800 / 12321
1900 / 12321
2000 / 12321
2100 / 12321
2200 / 12321
2300 / 12321
2400 / 12321
2500 / 12321
2600 / 12321
2700 / 12321
2800 / 12321
2900 / 12321
3000 / 12321
3100 / 12321
3200 / 12321
3300 / 12321
3400 / 12321
3500 / 12321
3600 / 12321
3700 / 12321
3800 / 12321
3900 / 12321
4000 / 12321
4100 / 12321
4200 / 12321
4300 / 12321
4400 / 12321
4500 / 12321
4600 / 12321
4700 / 12321
4800 / 12321
4900 / 12321
5000 / 12321
5100 / 12321
5200 / 12321
5300 / 12321
5400 / 12321
5500 / 12321
5600 / 12321
5700 / 12321
5800 / 12321
5900 / 12321
6000 / 12321
6100 / 12321
6200 / 12321
6300 / 12321
6400 / 12321
6500 / 12321
6600 / 12321
6700 / 12321
6800 / 12321
6900 / 12321
7000 / 12321
7100 / 12321
7200 / 12321
7300 / 12321
7400 / 12321
7500 / 12321
7600 / 12321
7700 / 12321
7800 / 12321
7900 / 12321
8000 / 12321
8100 / 12321
8200 / 12321
8300 / 12321
8400 / 12321
8500 / 12321
8600 / 12321
8700 / 12321
8800 / 12321
8900 / 12321
9000 / 12321
9100 / 12321
9200 / 12321
9300 / 12321
9400 / 12321
9500 / 12321
9600 / 12321
9700 / 12321
9800 / 12321
9900 / 12321
10000 / 12321
10100 / 12321
10200 / 12321
10300 / 12321
10400 / 12321
10500 / 12321
10600 / 12321
10700 / 12321
10800 / 12321
10900 / 12321
11000 / 12321
11100 / 12321
11200 / 12321
11300 / 12321
11400 / 12321
11500 / 12321
11600 / 12321
11700 / 12321
11800 / 12321
11900 / 12321
12000 / 12321
12100 / 12321
12200 / 12321
12300 / 12321
In epoch  9  avg loss (or negative reward) is  0.690902717996
In epoch  9  test reward is 0.384243, test accuracy is 0.325225
Time taken in this epoch 847.106189966
Best Reward: 0.385530 (Accuracy: 0.325676) at epoch 8
Best Accuracy: 0.325676 (Reward: 0.385530) at epoch 8
Saving model with header =  model/moduleKwNoMap-b15-ind-5-9

100 / 12321
200 / 12321
300 / 12321
400 / 12321
500 / 12321
600 / 12321
700 / 12321
800 / 12321
900 / 12321
1000 / 12321
1100 / 12321
1200 / 12321
1300 / 12321
1400 / 12321
1500 / 12321
1600 / 12321
1700 / 12321
1800 / 12321
1900 / 12321
2000 / 12321
2100 / 12321
2200 / 12321
2300 / 12321
2400 / 12321
2500 / 12321
2600 / 12321
2700 / 12321
2800 / 12321
2900 / 12321
3000 / 12321
3100 / 12321
3200 / 12321
3300 / 12321
3400 / 12321
3500 / 12321
3600 / 12321
3700 / 12321
3800 / 12321
3900 / 12321
4000 / 12321
4100 / 12321
4200 / 12321
4300 / 12321
4400 / 12321
4500 / 12321
4600 / 12321
4700 / 12321
4800 / 12321
4900 / 12321
5000 / 12321
5100 / 12321
5200 / 12321
5300 / 12321
5400 / 12321
5500 / 12321
5600 / 12321
5700 / 12321
5800 / 12321
5900 / 12321
6000 / 12321
6100 / 12321
6200 / 12321
6300 / 12321
6400 / 12321
6500 / 12321
6600 / 12321
6700 / 12321
6800 / 12321
6900 / 12321
7000 / 12321
7100 / 12321
7200 / 12321
7300 / 12321
7400 / 12321
7500 / 12321
7600 / 12321
7700 / 12321
7800 / 12321
7900 / 12321
8000 / 12321
8100 / 12321
8200 / 12321
8300 / 12321
8400 / 12321
8500 / 12321
8600 / 12321
8700 / 12321
8800 / 12321
8900 / 12321
9000 / 12321
9100 / 12321
9200 / 12321
9300 / 12321
9400 / 12321
9500 / 12321
9600 / 12321
9700 / 12321
9800 / 12321
9900 / 12321
10000 / 12321
10100 / 12321
10200 / 12321
10300 / 12321
10400 / 12321
10500 / 12321
10600 / 12321
10700 / 12321
10800 / 12321
10900 / 12321
11000 / 12321
11100 / 12321
11200 / 12321
11300 / 12321
11400 / 12321
11500 / 12321
11600 / 12321
11700 / 12321
11800 / 12321
11900 / 12321
12000 / 12321
12100 / 12321
12200 / 12321
12300 / 12321
In epoch  10  avg loss (or negative reward) is  0.679632436408
In epoch  10  test reward is 0.387510, test accuracy is 0.326126
Time taken in this epoch 856.647305012
Best Reward: 0.387510 (Accuracy: 0.326126) at epoch 10
Best Accuracy: 0.326126 (Reward: 0.387510) at epoch 10
Saving model with header =  model/moduleKwNoMap-b15-ind-5-10

100 / 12321
200 / 12321
300 / 12321
400 / 12321
500 / 12321
600 / 12321
700 / 12321
800 / 12321
900 / 12321
1000 / 12321
1100 / 12321
1200 / 12321
1300 / 12321
1400 / 12321
1500 / 12321
1600 / 12321
1700 / 12321
1800 / 12321
1900 / 12321
2000 / 12321
2100 / 12321
2200 / 12321
2300 / 12321
2400 / 12321
2500 / 12321
2600 / 12321
2700 / 12321
2800 / 12321
2900 / 12321
3000 / 12321
3100 / 12321
3200 / 12321
3300 / 12321
3400 / 12321
3500 / 12321
3600 / 12321
3700 / 12321
3800 / 12321
3900 / 12321
4000 / 12321
4100 / 12321
4200 / 12321
4300 / 12321
4400 / 12321
4500 / 12321
4600 / 12321
4700 / 12321
4800 / 12321
4900 / 12321
5000 / 12321
5100 / 12321
5200 / 12321
5300 / 12321
5400 / 12321
5500 / 12321
5600 / 12321
5700 / 12321
5800 / 12321
5900 / 12321
6000 / 12321
6100 / 12321
6200 / 12321
6300 / 12321
6400 / 12321
6500 / 12321
6600 / 12321
6700 / 12321
6800 / 12321
6900 / 12321
7000 / 12321
7100 / 12321
7200 / 12321
7300 / 12321
7400 / 12321
7500 / 12321
7600 / 12321
7700 / 12321
7800 / 12321
7900 / 12321
8000 / 12321
8100 / 12321
8200 / 12321
8300 / 12321
8400 / 12321
8500 / 12321
8600 / 12321
8700 / 12321
8800 / 12321
8900 / 12321
9000 / 12321
9100 / 12321
9200 / 12321
9300 / 12321
9400 / 12321
9500 / 12321
9600 / 12321
9700 / 12321
9800 / 12321
9900 / 12321
10000 / 12321
10100 / 12321
10200 / 12321
10300 / 12321
10400 / 12321
10500 / 12321
10600 / 12321
10700 / 12321
10800 / 12321
10900 / 12321
11000 / 12321
11100 / 12321
11200 / 12321
11300 / 12321
11400 / 12321
11500 / 12321
11600 / 12321
11700 / 12321
11800 / 12321
11900 / 12321
12000 / 12321
12100 / 12321
12200 / 12321
12300 / 12321
In epoch  11  avg loss (or negative reward) is  0.674468952207
In epoch  11  test reward is 0.391773, test accuracy is 0.332883
Time taken in this epoch 867.120800018
Best Reward: 0.391773 (Accuracy: 0.332883) at epoch 11
Best Accuracy: 0.332883 (Reward: 0.391773) at epoch 11
Saving model with header =  model/moduleKwNoMap-b15-ind-5-11

100 / 12321
200 / 12321
300 / 12321
400 / 12321
500 / 12321
600 / 12321
700 / 12321
800 / 12321
900 / 12321
1000 / 12321
1100 / 12321
1200 / 12321
1300 / 12321
1400 / 12321
1500 / 12321
1600 / 12321
1700 / 12321
1800 / 12321
1900 / 12321
2000 / 12321
2100 / 12321
2200 / 12321
2300 / 12321
2400 / 12321
2500 / 12321
2600 / 12321
2700 / 12321
2800 / 12321
2900 / 12321
3000 / 12321
3100 / 12321
3200 / 12321
3300 / 12321
3400 / 12321
3500 / 12321
3600 / 12321
3700 / 12321
3800 / 12321
3900 / 12321
4000 / 12321
4100 / 12321
4200 / 12321
4300 / 12321
4400 / 12321
4500 / 12321
4600 / 12321
4700 / 12321
4800 / 12321
4900 / 12321
5000 / 12321
5100 / 12321
5200 / 12321
5300 / 12321
5400 / 12321
5500 / 12321
5600 / 12321
5700 / 12321
5800 / 12321
5900 / 12321
6000 / 12321
6100 / 12321
6200 / 12321
6300 / 12321
6400 / 12321
6500 / 12321
6600 / 12321
6700 / 12321
6800 / 12321
6900 / 12321
7000 / 12321
7100 / 12321
7200 / 12321
7300 / 12321
7400 / 12321
7500 / 12321
7600 / 12321
7700 / 12321
7800 / 12321
7900 / 12321
8000 / 12321
8100 / 12321
8200 / 12321
8300 / 12321
8400 / 12321
8500 / 12321
8600 / 12321
8700 / 12321
8800 / 12321
8900 / 12321
9000 / 12321
9100 / 12321
9200 / 12321
9300 / 12321
9400 / 12321
9500 / 12321
9600 / 12321
9700 / 12321
9800 / 12321
9900 / 12321
10000 / 12321
10100 / 12321
10200 / 12321
10300 / 12321
10400 / 12321
10500 / 12321
10600 / 12321
10700 / 12321
10800 / 12321
10900 / 12321
11000 / 12321
11100 / 12321
11200 / 12321
11300 / 12321
11400 / 12321
11500 / 12321
11600 / 12321
11700 / 12321
11800 / 12321
11900 / 12321
12000 / 12321
12100 / 12321
12200 / 12321
12300 / 12321
In epoch  12  avg loss (or negative reward) is  0.663986495917
In epoch  12  test reward is 0.393238, test accuracy is 0.332432
Time taken in this epoch 866.281286001
Best Reward: 0.393238 (Accuracy: 0.332432) at epoch 12
Best Accuracy: 0.332883 (Reward: 0.391773) at epoch 11
Saving model with header =  model/moduleKwNoMap-b15-ind-5-12

100 / 12321
200 / 12321
300 / 12321
400 / 12321
500 / 12321
600 / 12321
700 / 12321
800 / 12321
900 / 12321
1000 / 12321
1100 / 12321
1200 / 12321
1300 / 12321
1400 / 12321
1500 / 12321
1600 / 12321
1700 / 12321
1800 / 12321
1900 / 12321
2000 / 12321
2100 / 12321
2200 / 12321
2300 / 12321
2400 / 12321
2500 / 12321
2600 / 12321
2700 / 12321
2800 / 12321
2900 / 12321
3000 / 12321
3100 / 12321
3200 / 12321
3300 / 12321
3400 / 12321
3500 / 12321
3600 / 12321
3700 / 12321
3800 / 12321
3900 / 12321
4000 / 12321
4100 / 12321
4200 / 12321
4300 / 12321
4400 / 12321
4500 / 12321
4600 / 12321
4700 / 12321
4800 / 12321
4900 / 12321
5000 / 12321
5100 / 12321
5200 / 12321
5300 / 12321
5400 / 12321
5500 / 12321
5600 / 12321
5700 / 12321
5800 / 12321
5900 / 12321
6000 / 12321
6100 / 12321
6200 / 12321
6300 / 12321
6400 / 12321
6500 / 12321
6600 / 12321
6700 / 12321
6800 / 12321
6900 / 12321
7000 / 12321
7100 / 12321
7200 / 12321
7300 / 12321
7400 / 12321
7500 / 12321
7600 / 12321
7700 / 12321
7800 / 12321
7900 / 12321
8000 / 12321
8100 / 12321
8200 / 12321
8300 / 12321
8400 / 12321
8500 / 12321
8600 / 12321
8700 / 12321
8800 / 12321
8900 / 12321
9000 / 12321
9100 / 12321
9200 / 12321
9300 / 12321
9400 / 12321
9500 / 12321
9600 / 12321
9700 / 12321
9800 / 12321
9900 / 12321
10000 / 12321
10100 / 12321
10200 / 12321
10300 / 12321
10400 / 12321
10500 / 12321
10600 / 12321
10700 / 12321
10800 / 12321
10900 / 12321
11000 / 12321
11100 / 12321
11200 / 12321
11300 / 12321
11400 / 12321
11500 / 12321
11600 / 12321
11700 / 12321
11800 / 12321
11900 / 12321
12000 / 12321
12100 / 12321
12200 / 12321
12300 / 12321
In epoch  13  avg loss (or negative reward) is  0.654791783433
In epoch  13  test reward is 0.395119, test accuracy is 0.336937
Time taken in this epoch 884.42812705
Best Reward: 0.395119 (Accuracy: 0.336937) at epoch 13
Best Accuracy: 0.336937 (Reward: 0.395119) at epoch 13
Saving model with header =  model/moduleKwNoMap-b15-ind-5-13

100 / 12321
200 / 12321
300 / 12321
400 / 12321
500 / 12321
600 / 12321
700 / 12321
800 / 12321
900 / 12321
1000 / 12321
1100 / 12321
1200 / 12321
1300 / 12321
1400 / 12321
1500 / 12321
1600 / 12321
1700 / 12321
1800 / 12321
1900 / 12321
2000 / 12321
2100 / 12321
2200 / 12321
2300 / 12321
2400 / 12321
2500 / 12321
2600 / 12321
2700 / 12321
2800 / 12321
2900 / 12321
3000 / 12321
3100 / 12321
3200 / 12321
3300 / 12321
3400 / 12321
3500 / 12321
3600 / 12321
3700 / 12321
3800 / 12321
3900 / 12321
4000 / 12321
4100 / 12321
4200 / 12321
4300 / 12321
4400 / 12321
4500 / 12321
4600 / 12321
4700 / 12321
4800 / 12321
4900 / 12321
5000 / 12321
5100 / 12321
5200 / 12321
5300 / 12321
5400 / 12321
5500 / 12321
5600 / 12321
5700 / 12321
5800 / 12321
5900 / 12321
6000 / 12321
6100 / 12321
6200 / 12321
6300 / 12321
6400 / 12321
6500 / 12321
6600 / 12321
6700 / 12321
6800 / 12321
6900 / 12321
7000 / 12321
7100 / 12321
7200 / 12321
7300 / 12321
7400 / 12321
7500 / 12321
7600 / 12321
7700 / 12321
7800 / 12321
7900 / 12321
8000 / 12321
8100 / 12321
8200 / 12321
8300 / 12321
8400 / 12321
8500 / 12321
8600 / 12321
8700 / 12321
8800 / 12321
8900 / 12321
9000 / 12321
9100 / 12321
9200 / 12321
9300 / 12321
9400 / 12321
9500 / 12321
9600 / 12321
9700 / 12321
9800 / 12321
9900 / 12321
10000 / 12321
10100 / 12321
10200 / 12321
10300 / 12321
10400 / 12321
10500 / 12321
10600 / 12321
10700 / 12321
10800 / 12321
10900 / 12321
11000 / 12321
11100 / 12321
11200 / 12321
11300 / 12321
11400 / 12321
11500 / 12321
11600 / 12321
11700 / 12321
11800 / 12321
11900 / 12321
12000 / 12321
12100 / 12321
12200 / 12321
12300 / 12321
In epoch  14  avg loss (or negative reward) is  0.646507481741
In epoch  14  test reward is 0.387792, test accuracy is 0.328829
Time taken in this epoch 894.744746923
Best Reward: 0.395119 (Accuracy: 0.336937) at epoch 13
Best Accuracy: 0.336937 (Reward: 0.395119) at epoch 13
Saving model with header =  model/moduleKwNoMap-b15-ind-5-14

100 / 12321
200 / 12321
300 / 12321
400 / 12321
500 / 12321
600 / 12321
700 / 12321
800 / 12321
900 / 12321
1000 / 12321
1100 / 12321
1200 / 12321
1300 / 12321
1400 / 12321
1500 / 12321
1600 / 12321
1700 / 12321
1800 / 12321
1900 / 12321
2000 / 12321
2100 / 12321
2200 / 12321
2300 / 12321
2400 / 12321
2500 / 12321
2600 / 12321
2700 / 12321
2800 / 12321
2900 / 12321
3000 / 12321
3100 / 12321
3200 / 12321
3300 / 12321
3400 / 12321
3500 / 12321
3600 / 12321
3700 / 12321
3800 / 12321
3900 / 12321
4000 / 12321
4100 / 12321
4200 / 12321
4300 / 12321
4400 / 12321
4500 / 12321
4600 / 12321
4700 / 12321
4800 / 12321
4900 / 12321
5000 / 12321
5100 / 12321
5200 / 12321
5300 / 12321
5400 / 12321
5500 / 12321
5600 / 12321
5700 / 12321
5800 / 12321
5900 / 12321
6000 / 12321
6100 / 12321
6200 / 12321
6300 / 12321
6400 / 12321
6500 / 12321
6600 / 12321
6700 / 12321
6800 / 12321
6900 / 12321
7000 / 12321
7100 / 12321
7200 / 12321
7300 / 12321
7400 / 12321
7500 / 12321
7600 / 12321
7700 / 12321
7800 / 12321
7900 / 12321
8000 / 12321
8100 / 12321
8200 / 12321
8300 / 12321
8400 / 12321
8500 / 12321
8600 / 12321
8700 / 12321
8800 / 12321
8900 / 12321
9000 / 12321
9100 / 12321
9200 / 12321
9300 / 12321
9400 / 12321
9500 / 12321
9600 / 12321
9700 / 12321
9800 / 12321
9900 / 12321
10000 / 12321
10100 / 12321
10200 / 12321
10300 / 12321
10400 / 12321
10500 / 12321
10600 / 12321
10700 / 12321
10800 / 12321
10900 / 12321
11000 / 12321
11100 / 12321
11200 / 12321
11300 / 12321
11400 / 12321
11500 / 12321
11600 / 12321
11700 / 12321
11800 / 12321
11900 / 12321
12000 / 12321
12100 / 12321
12200 / 12321
12300 / 12321
In epoch  15  avg loss (or negative reward) is  0.640331314506
In epoch  15  test reward is 0.391850, test accuracy is 0.331532
Time taken in this epoch 894.232573986
Best Reward: 0.395119 (Accuracy: 0.336937) at epoch 13
Best Accuracy: 0.336937 (Reward: 0.395119) at epoch 13
Saving model with header =  model/moduleKwNoMap-b15-ind-5-15

100 / 12321
200 / 12321
300 / 12321
400 / 12321
500 / 12321
600 / 12321
700 / 12321
800 / 12321
900 / 12321
1000 / 12321
1100 / 12321
1200 / 12321
1300 / 12321
1400 / 12321
1500 / 12321
1600 / 12321
1700 / 12321
1800 / 12321
1900 / 12321
2000 / 12321
2100 / 12321
2200 / 12321
2300 / 12321
2400 / 12321
2500 / 12321
2600 / 12321
2700 / 12321
2800 / 12321
2900 / 12321
3000 / 12321
3100 / 12321
3200 / 12321
3300 / 12321
3400 / 12321
3500 / 12321
3600 / 12321
3700 / 12321
3800 / 12321
3900 / 12321
4000 / 12321
4100 / 12321
4200 / 12321
4300 / 12321
4400 / 12321
4500 / 12321
4600 / 12321
4700 / 12321
4800 / 12321
4900 / 12321
5000 / 12321
5100 / 12321
5200 / 12321
5300 / 12321
5400 / 12321
5500 / 12321
5600 / 12321
5700 / 12321
5800 / 12321
5900 / 12321
6000 / 12321
6100 / 12321
6200 / 12321
6300 / 12321
6400 / 12321
6500 / 12321
6600 / 12321
6700 / 12321
6800 / 12321
6900 / 12321
7000 / 12321
7100 / 12321
7200 / 12321
7300 / 12321
7400 / 12321
7500 / 12321
7600 / 12321
7700 / 12321
7800 / 12321
7900 / 12321
8000 / 12321
8100 / 12321
8200 / 12321
8300 / 12321
8400 / 12321
8500 / 12321
8600 / 12321
8700 / 12321
8800 / 12321
8900 / 12321
9000 / 12321
9100 / 12321
9200 / 12321
9300 / 12321
9400 / 12321
9500 / 12321
9600 / 12321
9700 / 12321
9800 / 12321
9900 / 12321
10000 / 12321
10100 / 12321
10200 / 12321
10300 / 12321
10400 / 12321
10500 / 12321
10600 / 12321
10700 / 12321
10800 / 12321
10900 / 12321
11000 / 12321
11100 / 12321
11200 / 12321
11300 / 12321
11400 / 12321
11500 / 12321
11600 / 12321
11700 / 12321
11800 / 12321
11900 / 12321
12000 / 12321
12100 / 12321
12200 / 12321
12300 / 12321
In epoch  16  avg loss (or negative reward) is  0.633500872088
In epoch  16  test reward is 0.399996, test accuracy is 0.340090
Time taken in this epoch 884.985178947
Best Reward: 0.399996 (Accuracy: 0.340090) at epoch 16
Best Accuracy: 0.340090 (Reward: 0.399996) at epoch 16
Saving model with header =  model/moduleKwNoMap-b15-ind-5-16

100 / 12321
200 / 12321
300 / 12321
400 / 12321
500 / 12321
600 / 12321
700 / 12321
800 / 12321
900 / 12321
1000 / 12321
1100 / 12321
1200 / 12321
1300 / 12321
1400 / 12321
1500 / 12321
1600 / 12321
1700 / 12321
1800 / 12321
1900 / 12321
2000 / 12321
2100 / 12321
2200 / 12321
2300 / 12321
2400 / 12321
2500 / 12321
2600 / 12321
2700 / 12321
2800 / 12321
2900 / 12321
3000 / 12321
3100 / 12321
3200 / 12321
3300 / 12321
3400 / 12321
3500 / 12321
3600 / 12321
3700 / 12321
3800 / 12321
3900 / 12321
4000 / 12321
4100 / 12321
4200 / 12321
4300 / 12321
4400 / 12321
4500 / 12321
4600 / 12321
4700 / 12321
4800 / 12321
4900 / 12321
5000 / 12321
5100 / 12321
5200 / 12321
5300 / 12321
5400 / 12321
5500 / 12321
5600 / 12321
5700 / 12321
5800 / 12321
5900 / 12321
6000 / 12321
6100 / 12321
6200 / 12321
6300 / 12321
6400 / 12321
6500 / 12321
6600 / 12321
6700 / 12321
6800 / 12321
6900 / 12321
7000 / 12321
7100 / 12321
7200 / 12321
7300 / 12321
7400 / 12321
7500 / 12321
7600 / 12321
7700 / 12321
7800 / 12321
7900 / 12321
8000 / 12321
8100 / 12321
8200 / 12321
8300 / 12321
8400 / 12321
8500 / 12321
8600 / 12321
8700 / 12321
8800 / 12321
8900 / 12321
9000 / 12321
9100 / 12321
9200 / 12321
9300 / 12321
9400 / 12321
9500 / 12321
9600 / 12321
9700 / 12321
9800 / 12321
9900 / 12321
10000 / 12321
10100 / 12321
10200 / 12321
10300 / 12321
10400 / 12321
10500 / 12321
10600 / 12321
10700 / 12321
10800 / 12321
10900 / 12321
11000 / 12321
11100 / 12321
11200 / 12321
11300 / 12321
11400 / 12321
11500 / 12321
11600 / 12321
11700 / 12321
11800 / 12321
11900 / 12321
12000 / 12321
12100 / 12321
12200 / 12321
12300 / 12321
In epoch  17  avg loss (or negative reward) is  0.628519020125
In epoch  17  test reward is 0.399606, test accuracy is 0.340541
Time taken in this epoch 884.52780509
Best Reward: 0.399996 (Accuracy: 0.340090) at epoch 16
Best Accuracy: 0.340541 (Reward: 0.399606) at epoch 17
Saving model with header =  model/moduleKwNoMap-b15-ind-5-17

100 / 12321
200 / 12321
300 / 12321
400 / 12321
500 / 12321
600 / 12321
700 / 12321
800 / 12321
900 / 12321
1000 / 12321
1100 / 12321
1200 / 12321
1300 / 12321
1400 / 12321
1500 / 12321
1600 / 12321
1700 / 12321
1800 / 12321
1900 / 12321
2000 / 12321
2100 / 12321
2200 / 12321
2300 / 12321
2400 / 12321
2500 / 12321
2600 / 12321
2700 / 12321
2800 / 12321
2900 / 12321
3000 / 12321
3100 / 12321
3200 / 12321
3300 / 12321
3400 / 12321
3500 / 12321
3600 / 12321
3700 / 12321
3800 / 12321
3900 / 12321
4000 / 12321
4100 / 12321
4200 / 12321
4300 / 12321
4400 / 12321
4500 / 12321
4600 / 12321
4700 / 12321
4800 / 12321
4900 / 12321
5000 / 12321
5100 / 12321
5200 / 12321
5300 / 12321
5400 / 12321
5500 / 12321
5600 / 12321
5700 / 12321
5800 / 12321
5900 / 12321
6000 / 12321
6100 / 12321
6200 / 12321
6300 / 12321
6400 / 12321
6500 / 12321
6600 / 12321
6700 / 12321
6800 / 12321
6900 / 12321
7000 / 12321
7100 / 12321
7200 / 12321
7300 / 12321
7400 / 12321
7500 / 12321
7600 / 12321
7700 / 12321
7800 / 12321
7900 / 12321
8000 / 12321
8100 / 12321
8200 / 12321
8300 / 12321
8400 / 12321
8500 / 12321
8600 / 12321
8700 / 12321
8800 / 12321
8900 / 12321
9000 / 12321
9100 / 12321
9200 / 12321
9300 / 12321
9400 / 12321
9500 / 12321
9600 / 12321
9700 / 12321
9800 / 12321
9900 / 12321
10000 / 12321
10100 / 12321
10200 / 12321
10300 / 12321
10400 / 12321
10500 / 12321
10600 / 12321
10700 / 12321
10800 / 12321
10900 / 12321
11000 / 12321
11100 / 12321
11200 / 12321
11300 / 12321
11400 / 12321
11500 / 12321
11600 / 12321
11700 / 12321
11800 / 12321
11900 / 12321
12000 / 12321
12100 / 12321
12200 / 12321
12300 / 12321
In epoch  18  avg loss (or negative reward) is  0.62019446304
In epoch  18  test reward is 0.401926, test accuracy is 0.341441
Time taken in this epoch 957.557862997
Best Reward: 0.401926 (Accuracy: 0.341441) at epoch 18
Best Accuracy: 0.341441 (Reward: 0.401926) at epoch 18
Saving model with header =  model/moduleKwNoMap-b15-ind-5-18

100 / 12321
200 / 12321
300 / 12321
400 / 12321
500 / 12321
600 / 12321
700 / 12321
800 / 12321
900 / 12321
1000 / 12321
1100 / 12321
1200 / 12321
1300 / 12321
1400 / 12321
1500 / 12321
1600 / 12321
1700 / 12321
1800 / 12321
1900 / 12321
2000 / 12321
2100 / 12321
2200 / 12321
2300 / 12321
2400 / 12321
2500 / 12321
2600 / 12321
2700 / 12321
2800 / 12321
2900 / 12321
3000 / 12321
3100 / 12321
3200 / 12321
3300 / 12321
3400 / 12321
3500 / 12321
3600 / 12321
3700 / 12321
3800 / 12321
3900 / 12321
4000 / 12321
4100 / 12321
4200 / 12321
4300 / 12321
4400 / 12321
4500 / 12321
4600 / 12321
4700 / 12321
4800 / 12321
4900 / 12321
5000 / 12321
5100 / 12321
5200 / 12321
5300 / 12321
5400 / 12321
5500 / 12321
5600 / 12321
5700 / 12321
5800 / 12321
5900 / 12321
6000 / 12321
6100 / 12321
6200 / 12321
6300 / 12321
6400 / 12321
6500 / 12321
6600 / 12321
6700 / 12321
6800 / 12321
6900 / 12321
7000 / 12321
7100 / 12321
7200 / 12321
7300 / 12321
7400 / 12321
7500 / 12321
7600 / 12321
7700 / 12321
7800 / 12321
7900 / 12321
8000 / 12321
8100 / 12321
8200 / 12321
8300 / 12321
8400 / 12321
8500 / 12321
8600 / 12321
8700 / 12321
8800 / 12321
8900 / 12321
9000 / 12321
9100 / 12321
9200 / 12321
9300 / 12321
9400 / 12321
9500 / 12321
9600 / 12321
9700 / 12321
9800 / 12321
9900 / 12321
10000 / 12321
10100 / 12321
10200 / 12321
10300 / 12321
10400 / 12321
10500 / 12321
10600 / 12321
10700 / 12321
10800 / 12321
10900 / 12321
11000 / 12321
11100 / 12321
11200 / 12321
11300 / 12321
11400 / 12321
11500 / 12321
11600 / 12321
11700 / 12321
11800 / 12321
11900 / 12321
12000 / 12321
12100 / 12321
12200 / 12321
12300 / 12321
In epoch  19  avg loss (or negative reward) is  0.610226322255
In epoch  19  test reward is 0.409400, test accuracy is 0.351802
Time taken in this epoch 896.094697952
Best Reward: 0.409400 (Accuracy: 0.351802) at epoch 19
Best Accuracy: 0.351802 (Reward: 0.409400) at epoch 19
Saving model with header =  model/moduleKwNoMap-b15-ind-5-19

100 / 12321
200 / 12321
300 / 12321
400 / 12321
500 / 12321
600 / 12321
700 / 12321
800 / 12321
900 / 12321
1000 / 12321
1100 / 12321
1200 / 12321
1300 / 12321
1400 / 12321
1500 / 12321
1600 / 12321
1700 / 12321
1800 / 12321
1900 / 12321
2000 / 12321
2100 / 12321
2200 / 12321
2300 / 12321
2400 / 12321
2500 / 12321
2600 / 12321
2700 / 12321
2800 / 12321
2900 / 12321
3000 / 12321
3100 / 12321
3200 / 12321
3300 / 12321
3400 / 12321
3500 / 12321
3600 / 12321
3700 / 12321
3800 / 12321
3900 / 12321
4000 / 12321
4100 / 12321
4200 / 12321
4300 / 12321
4400 / 12321
4500 / 12321
4600 / 12321
4700 / 12321
4800 / 12321
4900 / 12321
5000 / 12321
5100 / 12321
5200 / 12321
5300 / 12321
5400 / 12321
5500 / 12321
5600 / 12321
5700 / 12321
5800 / 12321
5900 / 12321
6000 / 12321
6100 / 12321
6200 / 12321
6300 / 12321
6400 / 12321
6500 / 12321
6600 / 12321
6700 / 12321
6800 / 12321
6900 / 12321
7000 / 12321
7100 / 12321
7200 / 12321
7300 / 12321
7400 / 12321
7500 / 12321
7600 / 12321
7700 / 12321
7800 / 12321
7900 / 12321
8000 / 12321
8100 / 12321
8200 / 12321
8300 / 12321
8400 / 12321
8500 / 12321
8600 / 12321
8700 / 12321
8800 / 12321
8900 / 12321
9000 / 12321
9100 / 12321
9200 / 12321
9300 / 12321
9400 / 12321
9500 / 12321
9600 / 12321
9700 / 12321
9800 / 12321
9900 / 12321
10000 / 12321
10100 / 12321
10200 / 12321
10300 / 12321
10400 / 12321
10500 / 12321
10600 / 12321
10700 / 12321
10800 / 12321
10900 / 12321
11000 / 12321
11100 / 12321
11200 / 12321
11300 / 12321
11400 / 12321
11500 / 12321
11600 / 12321
11700 / 12321
11800 / 12321
11900 / 12321
12000 / 12321
12100 / 12321
12200 / 12321
12300 / 12321
In epoch  20  avg loss (or negative reward) is  0.606795187294
In epoch  20  test reward is 0.403599, test accuracy is 0.344595
Time taken in this epoch 882.306205034
Best Reward: 0.409400 (Accuracy: 0.351802) at epoch 19
Best Accuracy: 0.351802 (Reward: 0.409400) at epoch 19
Saving model with header =  model/moduleKwNoMap-b15-ind-5-20

100 / 12321
200 / 12321
300 / 12321
400 / 12321
500 / 12321
600 / 12321
700 / 12321
800 / 12321
900 / 12321
1000 / 12321
1100 / 12321
1200 / 12321
1300 / 12321
1400 / 12321
1500 / 12321
1600 / 12321
1700 / 12321
1800 / 12321
1900 / 12321
2000 / 12321
2100 / 12321
2200 / 12321
2300 / 12321
2400 / 12321
2500 / 12321
2600 / 12321
2700 / 12321
2800 / 12321
2900 / 12321
3000 / 12321
3100 / 12321
3200 / 12321
3300 / 12321
3400 / 12321
3500 / 12321
3600 / 12321
3700 / 12321
3800 / 12321
3900 / 12321
4000 / 12321
4100 / 12321
4200 / 12321
4300 / 12321
4400 / 12321
4500 / 12321
4600 / 12321
4700 / 12321
4800 / 12321
4900 / 12321
5000 / 12321
5100 / 12321
5200 / 12321
5300 / 12321
5400 / 12321
5500 / 12321
5600 / 12321
5700 / 12321
5800 / 12321
5900 / 12321
6000 / 12321
6100 / 12321
6200 / 12321
6300 / 12321
6400 / 12321
6500 / 12321
6600 / 12321
6700 / 12321
6800 / 12321
6900 / 12321
7000 / 12321
7100 / 12321
7200 / 12321
7300 / 12321
7400 / 12321
7500 / 12321
7600 / 12321
7700 / 12321
7800 / 12321
7900 / 12321
8000 / 12321
8100 / 12321
8200 / 12321
8300 / 12321
8400 / 12321
8500 / 12321
8600 / 12321
8700 / 12321
8800 / 12321
8900 / 12321
9000 / 12321
9100 / 12321
9200 / 12321
9300 / 12321
9400 / 12321
9500 / 12321
9600 / 12321
9700 / 12321
9800 / 12321
9900 / 12321
10000 / 12321
10100 / 12321
10200 / 12321
10300 / 12321
10400 / 12321
10500 / 12321
10600 / 12321
10700 / 12321
10800 / 12321
10900 / 12321
11000 / 12321
11100 / 12321
11200 / 12321
11300 / 12321
11400 / 12321
11500 / 12321
11600 / 12321
11700 / 12321
11800 / 12321
11900 / 12321
12000 / 12321
12100 / 12321
12200 / 12321
12300 / 12321
In epoch  21  avg loss (or negative reward) is  0.599760794703
In epoch  21  test reward is 0.409840, test accuracy is 0.346396
Time taken in this epoch 876.887675047
Best Reward: 0.409840 (Accuracy: 0.346396) at epoch 21
Best Accuracy: 0.351802 (Reward: 0.409400) at epoch 19
Saving model with header =  model/moduleKwNoMap-b15-ind-5-21

100 / 12321
200 / 12321
300 / 12321
400 / 12321
500 / 12321
600 / 12321
700 / 12321
800 / 12321
900 / 12321
1000 / 12321
1100 / 12321
1200 / 12321
1300 / 12321
1400 / 12321
1500 / 12321
1600 / 12321
1700 / 12321
1800 / 12321
1900 / 12321
2000 / 12321
2100 / 12321
2200 / 12321
2300 / 12321
2400 / 12321
2500 / 12321
2600 / 12321
2700 / 12321
2800 / 12321
2900 / 12321
3000 / 12321
3100 / 12321
3200 / 12321
3300 / 12321
3400 / 12321
3500 / 12321
3600 / 12321
3700 / 12321
3800 / 12321
3900 / 12321
4000 / 12321
4100 / 12321
4200 / 12321
4300 / 12321
4400 / 12321
4500 / 12321
4600 / 12321
4700 / 12321
4800 / 12321
4900 / 12321
5000 / 12321
5100 / 12321
5200 / 12321
5300 / 12321
5400 / 12321
5500 / 12321
5600 / 12321
5700 / 12321
5800 / 12321
5900 / 12321
6000 / 12321
6100 / 12321
6200 / 12321
6300 / 12321
6400 / 12321
6500 / 12321
6600 / 12321
6700 / 12321
6800 / 12321
6900 / 12321
7000 / 12321
7100 / 12321
7200 / 12321
7300 / 12321
7400 / 12321
7500 / 12321
7600 / 12321
7700 / 12321
7800 / 12321
7900 / 12321
8000 / 12321
8100 / 12321
8200 / 12321
8300 / 12321
8400 / 12321
8500 / 12321
8600 / 12321
8700 / 12321
8800 / 12321
8900 / 12321
9000 / 12321
9100 / 12321
9200 / 12321
9300 / 12321
9400 / 12321
9500 / 12321
9600 / 12321
9700 / 12321
9800 / 12321
9900 / 12321
10000 / 12321
10100 / 12321
10200 / 12321
10300 / 12321
10400 / 12321
10500 / 12321
10600 / 12321
10700 / 12321
10800 / 12321
10900 / 12321
11000 / 12321
11100 / 12321
11200 / 12321
11300 / 12321
11400 / 12321
11500 / 12321
11600 / 12321
11700 / 12321
11800 / 12321
11900 / 12321
12000 / 12321
12100 / 12321
12200 / 12321
12300 / 12321
In epoch  22  avg loss (or negative reward) is  0.596917317462
In epoch  22  test reward is 0.404750, test accuracy is 0.344595
Time taken in this epoch 870.321583033
Best Reward: 0.409840 (Accuracy: 0.346396) at epoch 21
Best Accuracy: 0.351802 (Reward: 0.409400) at epoch 19
Saving model with header =  model/moduleKwNoMap-b15-ind-5-22

100 / 12321
200 / 12321
300 / 12321
400 / 12321
500 / 12321
600 / 12321
700 / 12321
800 / 12321
900 / 12321
1000 / 12321
1100 / 12321
1200 / 12321
1300 / 12321
1400 / 12321
1500 / 12321
1600 / 12321
1700 / 12321
1800 / 12321
1900 / 12321
2000 / 12321
2100 / 12321
2200 / 12321
2300 / 12321
2400 / 12321
2500 / 12321
2600 / 12321
2700 / 12321
2800 / 12321
2900 / 12321
3000 / 12321
3100 / 12321
3200 / 12321
3300 / 12321
3400 / 12321
3500 / 12321
3600 / 12321
3700 / 12321
3800 / 12321
3900 / 12321
4000 / 12321
4100 / 12321
4200 / 12321
4300 / 12321
4400 / 12321
4500 / 12321
4600 / 12321
4700 / 12321
4800 / 12321
4900 / 12321
5000 / 12321
5100 / 12321
5200 / 12321
5300 / 12321
5400 / 12321
5500 / 12321
5600 / 12321
5700 / 12321
5800 / 12321
5900 / 12321
6000 / 12321
6100 / 12321
6200 / 12321
6300 / 12321
6400 / 12321
6500 / 12321
6600 / 12321
6700 / 12321
6800 / 12321
6900 / 12321
7000 / 12321
7100 / 12321
7200 / 12321
7300 / 12321
7400 / 12321
7500 / 12321
7600 / 12321
7700 / 12321
7800 / 12321
7900 / 12321
8000 / 12321
8100 / 12321
8200 / 12321
8300 / 12321
8400 / 12321
8500 / 12321
8600 / 12321
8700 / 12321
8800 / 12321
8900 / 12321
9000 / 12321
9100 / 12321
9200 / 12321
9300 / 12321
9400 / 12321
9500 / 12321
9600 / 12321
9700 / 12321
9800 / 12321
9900 / 12321
10000 / 12321
10100 / 12321
10200 / 12321
10300 / 12321
10400 / 12321
10500 / 12321
10600 / 12321
10700 / 12321
10800 / 12321
10900 / 12321
11000 / 12321
11100 / 12321
11200 / 12321
11300 / 12321
11400 / 12321
11500 / 12321
11600 / 12321
11700 / 12321
11800 / 12321
11900 / 12321
12000 / 12321
12100 / 12321
12200 / 12321
12300 / 12321
In epoch  23  avg loss (or negative reward) is  0.590628867096
In epoch  23  test reward is 0.403351, test accuracy is 0.343694
Time taken in this epoch 869.841002941
Best Reward: 0.409840 (Accuracy: 0.346396) at epoch 21
Best Accuracy: 0.351802 (Reward: 0.409400) at epoch 19
Saving model with header =  model/moduleKwNoMap-b15-ind-5-23

100 / 12321
200 / 12321
300 / 12321
400 / 12321
500 / 12321
600 / 12321
700 / 12321
800 / 12321
900 / 12321
1000 / 12321
1100 / 12321
1200 / 12321
1300 / 12321
1400 / 12321
1500 / 12321
1600 / 12321
1700 / 12321
1800 / 12321
1900 / 12321
2000 / 12321
2100 / 12321
2200 / 12321
2300 / 12321
2400 / 12321
2500 / 12321
2600 / 12321
2700 / 12321
2800 / 12321
2900 / 12321
3000 / 12321
3100 / 12321
3200 / 12321
3300 / 12321
3400 / 12321
3500 / 12321
3600 / 12321
3700 / 12321
3800 / 12321
3900 / 12321
4000 / 12321
4100 / 12321
4200 / 12321
4300 / 12321
4400 / 12321
4500 / 12321
4600 / 12321
4700 / 12321
4800 / 12321
4900 / 12321
5000 / 12321
5100 / 12321
5200 / 12321
5300 / 12321
5400 / 12321
5500 / 12321
5600 / 12321
5700 / 12321
5800 / 12321
5900 / 12321
6000 / 12321
6100 / 12321
6200 / 12321
6300 / 12321
6400 / 12321
6500 / 12321
6600 / 12321
6700 / 12321
6800 / 12321
6900 / 12321
7000 / 12321
7100 / 12321
7200 / 12321
7300 / 12321
7400 / 12321
7500 / 12321
7600 / 12321
7700 / 12321
7800 / 12321
7900 / 12321
8000 / 12321
8100 / 12321
8200 / 12321
8300 / 12321
8400 / 12321
8500 / 12321
8600 / 12321
8700 / 12321
8800 / 12321
8900 / 12321
9000 / 12321
9100 / 12321
9200 / 12321
9300 / 12321
9400 / 12321
9500 / 12321
9600 / 12321
9700 / 12321
9800 / 12321
9900 / 12321
10000 / 12321
10100 / 12321
10200 / 12321
10300 / 12321
10400 / 12321
10500 / 12321
10600 / 12321
10700 / 12321
10800 / 12321
10900 / 12321
11000 / 12321
11100 / 12321
11200 / 12321
11300 / 12321
11400 / 12321
11500 / 12321
11600 / 12321
11700 / 12321
11800 / 12321
11900 / 12321
12000 / 12321
12100 / 12321
12200 / 12321
12300 / 12321
In epoch  24  avg loss (or negative reward) is  0.584480631951
In epoch  24  test reward is 0.404801, test accuracy is 0.344595
Time taken in this epoch 875.95639801
Best Reward: 0.409840 (Accuracy: 0.346396) at epoch 21
Best Accuracy: 0.351802 (Reward: 0.409400) at epoch 19
Saving model with header =  model/moduleKwNoMap-b15-ind-5-24

100 / 12321
200 / 12321
300 / 12321
400 / 12321
500 / 12321
600 / 12321
700 / 12321
800 / 12321
900 / 12321
1000 / 12321
1100 / 12321
1200 / 12321
1300 / 12321
1400 / 12321
1500 / 12321
1600 / 12321
1700 / 12321
1800 / 12321
1900 / 12321
2000 / 12321
2100 / 12321
2200 / 12321
2300 / 12321
2400 / 12321
2500 / 12321
2600 / 12321
2700 / 12321
2800 / 12321
2900 / 12321
3000 / 12321
3100 / 12321
3200 / 12321
3300 / 12321
3400 / 12321
3500 / 12321
3600 / 12321
3700 / 12321
3800 / 12321
3900 / 12321
4000 / 12321
4100 / 12321
4200 / 12321
4300 / 12321
4400 / 12321
4500 / 12321
4600 / 12321
4700 / 12321
4800 / 12321
4900 / 12321
5000 / 12321
5100 / 12321
5200 / 12321
5300 / 12321
5400 / 12321
5500 / 12321
5600 / 12321
5700 / 12321
5800 / 12321
5900 / 12321
6000 / 12321
6100 / 12321
6200 / 12321
6300 / 12321
6400 / 12321
6500 / 12321
6600 / 12321
6700 / 12321
6800 / 12321
6900 / 12321
7000 / 12321
7100 / 12321
7200 / 12321
7300 / 12321
7400 / 12321
7500 / 12321
7600 / 12321
7700 / 12321
7800 / 12321
7900 / 12321
8000 / 12321
8100 / 12321
8200 / 12321
8300 / 12321
8400 / 12321
8500 / 12321
8600 / 12321
8700 / 12321
8800 / 12321
8900 / 12321
9000 / 12321
9100 / 12321
9200 / 12321
9300 / 12321
9400 / 12321
9500 / 12321
9600 / 12321
9700 / 12321
9800 / 12321
9900 / 12321
10000 / 12321
10100 / 12321
10200 / 12321
10300 / 12321
10400 / 12321
10500 / 12321
10600 / 12321
10700 / 12321
10800 / 12321
10900 / 12321
11000 / 12321
11100 / 12321
11200 / 12321
11300 / 12321
11400 / 12321
11500 / 12321
11600 / 12321
11700 / 12321
11800 / 12321
11900 / 12321
12000 / 12321
12100 / 12321
12200 / 12321
12300 / 12321
In epoch  25  avg loss (or negative reward) is  0.579404454075
In epoch  25  test reward is 0.406814, test accuracy is 0.347748
Time taken in this epoch 876.664156914
Best Reward: 0.409840 (Accuracy: 0.346396) at epoch 21
Best Accuracy: 0.351802 (Reward: 0.409400) at epoch 19
Saving model with header =  model/moduleKwNoMap-b15-ind-5-25

100 / 12321
200 / 12321
300 / 12321
400 / 12321
500 / 12321
600 / 12321
700 / 12321
800 / 12321
900 / 12321
1000 / 12321
1100 / 12321
1200 / 12321
1300 / 12321
1400 / 12321
1500 / 12321
1600 / 12321
1700 / 12321
1800 / 12321
1900 / 12321
2000 / 12321
2100 / 12321
2200 / 12321
2300 / 12321
2400 / 12321
2500 / 12321
2600 / 12321
2700 / 12321
2800 / 12321
2900 / 12321
3000 / 12321
3100 / 12321
3200 / 12321
3300 / 12321
3400 / 12321
3500 / 12321
3600 / 12321
3700 / 12321
3800 / 12321
3900 / 12321
4000 / 12321
4100 / 12321
4200 / 12321
4300 / 12321
4400 / 12321
4500 / 12321
4600 / 12321
4700 / 12321
4800 / 12321
4900 / 12321
5000 / 12321
5100 / 12321
5200 / 12321
5300 / 12321
5400 / 12321
5500 / 12321
5600 / 12321
5700 / 12321
5800 / 12321
5900 / 12321
6000 / 12321
6100 / 12321
6200 / 12321
6300 / 12321
6400 / 12321
6500 / 12321
6600 / 12321
6700 / 12321
6800 / 12321
6900 / 12321
7000 / 12321
7100 / 12321
7200 / 12321
7300 / 12321
7400 / 12321
7500 / 12321
7600 / 12321
7700 / 12321
7800 / 12321
7900 / 12321
8000 / 12321
8100 / 12321
8200 / 12321
8300 / 12321
8400 / 12321
8500 / 12321
8600 / 12321
8700 / 12321
8800 / 12321
8900 / 12321
9000 / 12321
9100 / 12321
9200 / 12321
9300 / 12321
9400 / 12321
9500 / 12321
9600 / 12321
9700 / 12321
9800 / 12321
9900 / 12321
10000 / 12321
10100 / 12321
10200 / 12321
10300 / 12321
10400 / 12321
10500 / 12321
10600 / 12321
10700 / 12321
10800 / 12321
10900 / 12321
11000 / 12321
11100 / 12321
11200 / 12321
11300 / 12321
11400 / 12321
11500 / 12321
11600 / 12321
11700 / 12321
11800 / 12321
11900 / 12321
12000 / 12321
12100 / 12321
12200 / 12321
12300 / 12321
In epoch  26  avg loss (or negative reward) is  0.574930891605
In epoch  26  test reward is 0.408583, test accuracy is 0.350450
Time taken in this epoch 882.367136955
Best Reward: 0.409840 (Accuracy: 0.346396) at epoch 21
Best Accuracy: 0.351802 (Reward: 0.409400) at epoch 19
Saving model with header =  model/moduleKwNoMap-b15-ind-5-26

100 / 12321
200 / 12321
300 / 12321
400 / 12321
500 / 12321
600 / 12321
700 / 12321
800 / 12321
900 / 12321
1000 / 12321
1100 / 12321
1200 / 12321
1300 / 12321
1400 / 12321
1500 / 12321
1600 / 12321
1700 / 12321
1800 / 12321
1900 / 12321
2000 / 12321
2100 / 12321
2200 / 12321
2300 / 12321
2400 / 12321
2500 / 12321
2600 / 12321
2700 / 12321
2800 / 12321
2900 / 12321
3000 / 12321
3100 / 12321
3200 / 12321
3300 / 12321
3400 / 12321
3500 / 12321
3600 / 12321
3700 / 12321
3800 / 12321
3900 / 12321
4000 / 12321
4100 / 12321
4200 / 12321
4300 / 12321
4400 / 12321
4500 / 12321
4600 / 12321
4700 / 12321
4800 / 12321
4900 / 12321
5000 / 12321
5100 / 12321
5200 / 12321
5300 / 12321
5400 / 12321
5500 / 12321
5600 / 12321
5700 / 12321
5800 / 12321
5900 / 12321
6000 / 12321
6100 / 12321
6200 / 12321
6300 / 12321
6400 / 12321
6500 / 12321
6600 / 12321
6700 / 12321
6800 / 12321
6900 / 12321
7000 / 12321
7100 / 12321
7200 / 12321
7300 / 12321
7400 / 12321
7500 / 12321
7600 / 12321
7700 / 12321
7800 / 12321
7900 / 12321
8000 / 12321
8100 / 12321
8200 / 12321
8300 / 12321
8400 / 12321
8500 / 12321
8600 / 12321
8700 / 12321
8800 / 12321
8900 / 12321
9000 / 12321
9100 / 12321
9200 / 12321
9300 / 12321
9400 / 12321
9500 / 12321
9600 / 12321
9700 / 12321
9800 / 12321
9900 / 12321
10000 / 12321
10100 / 12321
10200 / 12321
10300 / 12321
10400 / 12321
10500 / 12321
10600 / 12321
10700 / 12321
10800 / 12321
10900 / 12321
11000 / 12321
11100 / 12321
11200 / 12321
11300 / 12321
11400 / 12321
11500 / 12321
11600 / 12321
11700 / 12321
11800 / 12321
11900 / 12321
12000 / 12321
12100 / 12321
12200 / 12321
12300 / 12321
In epoch  27  avg loss (or negative reward) is  0.569235683541
In epoch  27  test reward is 0.408656, test accuracy is 0.350450
Time taken in this epoch 879.582288027
Best Reward: 0.409840 (Accuracy: 0.346396) at epoch 21
Best Accuracy: 0.351802 (Reward: 0.409400) at epoch 19
Saving model with header =  model/moduleKwNoMap-b15-ind-5-27

100 / 12321
200 / 12321
300 / 12321
400 / 12321
500 / 12321
600 / 12321
700 / 12321
800 / 12321
900 / 12321
1000 / 12321
1100 / 12321
1200 / 12321
1300 / 12321
1400 / 12321
1500 / 12321
1600 / 12321
1700 / 12321
1800 / 12321
1900 / 12321
2000 / 12321
2100 / 12321
2200 / 12321
2300 / 12321
2400 / 12321
2500 / 12321
2600 / 12321
2700 / 12321
2800 / 12321
2900 / 12321
3000 / 12321
3100 / 12321
3200 / 12321
3300 / 12321
3400 / 12321
3500 / 12321
3600 / 12321
3700 / 12321
3800 / 12321
3900 / 12321
4000 / 12321
4100 / 12321
4200 / 12321
4300 / 12321
4400 / 12321
4500 / 12321
4600 / 12321
4700 / 12321
4800 / 12321
4900 / 12321
5000 / 12321
5100 / 12321
5200 / 12321
5300 / 12321
5400 / 12321
5500 / 12321
5600 / 12321
5700 / 12321
5800 / 12321
5900 / 12321
6000 / 12321
6100 / 12321
6200 / 12321
6300 / 12321
6400 / 12321
6500 / 12321
6600 / 12321
6700 / 12321
6800 / 12321
6900 / 12321
7000 / 12321
7100 / 12321
7200 / 12321
7300 / 12321
7400 / 12321
7500 / 12321
7600 / 12321
7700 / 12321
7800 / 12321
7900 / 12321
8000 / 12321
8100 / 12321
8200 / 12321
8300 / 12321
8400 / 12321
8500 / 12321
8600 / 12321
8700 / 12321
8800 / 12321
8900 / 12321
9000 / 12321
9100 / 12321
9200 / 12321
9300 / 12321
9400 / 12321
9500 / 12321
9600 / 12321
9700 / 12321
9800 / 12321
9900 / 12321
10000 / 12321
10100 / 12321
10200 / 12321
10300 / 12321
10400 / 12321
10500 / 12321
10600 / 12321
10700 / 12321
10800 / 12321
10900 / 12321
11000 / 12321
11100 / 12321
11200 / 12321
11300 / 12321
11400 / 12321
11500 / 12321
11600 / 12321
11700 / 12321
11800 / 12321
11900 / 12321
12000 / 12321
12100 / 12321
12200 / 12321
12300 / 12321
In epoch  28  avg loss (or negative reward) is  0.564417949697
In epoch  28  test reward is 0.408144, test accuracy is 0.348649
Time taken in this epoch 870.543171167
Best Reward: 0.409840 (Accuracy: 0.346396) at epoch 21
Best Accuracy: 0.351802 (Reward: 0.409400) at epoch 19
Saving model with header =  model/moduleKwNoMap-b15-ind-5-28

100 / 12321
200 / 12321
300 / 12321
400 / 12321
500 / 12321
600 / 12321
700 / 12321
800 / 12321
900 / 12321
1000 / 12321
1100 / 12321
1200 / 12321
1300 / 12321
1400 / 12321
1500 / 12321
1600 / 12321
1700 / 12321
1800 / 12321
1900 / 12321
2000 / 12321
2100 / 12321
2200 / 12321
2300 / 12321
2400 / 12321
2500 / 12321
2600 / 12321
2700 / 12321
2800 / 12321
2900 / 12321
3000 / 12321
3100 / 12321
3200 / 12321
3300 / 12321
3400 / 12321
3500 / 12321
3600 / 12321
3700 / 12321
3800 / 12321
3900 / 12321
4000 / 12321
4100 / 12321
4200 / 12321
4300 / 12321
4400 / 12321
4500 / 12321
4600 / 12321
4700 / 12321
4800 / 12321
4900 / 12321
5000 / 12321
5100 / 12321
5200 / 12321
5300 / 12321
5400 / 12321
5500 / 12321
5600 / 12321
5700 / 12321
5800 / 12321
5900 / 12321
6000 / 12321
6100 / 12321
6200 / 12321
6300 / 12321
6400 / 12321
6500 / 12321
6600 / 12321
6700 / 12321
6800 / 12321
6900 / 12321
7000 / 12321
7100 / 12321
7200 / 12321
7300 / 12321
7400 / 12321
7500 / 12321
7600 / 12321
7700 / 12321
7800 / 12321
7900 / 12321
8000 / 12321
8100 / 12321
8200 / 12321
8300 / 12321
8400 / 12321
8500 / 12321
8600 / 12321
8700 / 12321
8800 / 12321
8900 / 12321
9000 / 12321
9100 / 12321
9200 / 12321
9300 / 12321
9400 / 12321
9500 / 12321
9600 / 12321
9700 / 12321
9800 / 12321
9900 / 12321
10000 / 12321
10100 / 12321
10200 / 12321
10300 / 12321
10400 / 12321
10500 / 12321
10600 / 12321
10700 / 12321
10800 / 12321
10900 / 12321
11000 / 12321
11100 / 12321
11200 / 12321
11300 / 12321
11400 / 12321
11500 / 12321
11600 / 12321
11700 / 12321
11800 / 12321
11900 / 12321
12000 / 12321
12100 / 12321
12200 / 12321
12300 / 12321
In epoch  29  avg loss (or negative reward) is  0.560854308926
In epoch  29  test reward is 0.406640, test accuracy is 0.346396
Time taken in this epoch 871.851408005
Best Reward: 0.409840 (Accuracy: 0.346396) at epoch 21
Best Accuracy: 0.351802 (Reward: 0.409400) at epoch 19
Saving model with header =  model/moduleKwNoMap-b15-ind-5-29

