[dynet] random seed: 1
[dynet] allocating memory: 2000MB
[dynet] memory allocation done.
Random-split-3-train/dev...
================================================================================
Train /home/scottyih/Neural-RL-SP/data/random-split-3-train.tsv
Test /home/scottyih/Neural-RL-SP/data/random-split-3-dev.tsv
{u'partial_reward': True, u'USE_PRETRAIN_WORD_EMBEDDING': True, u'AnnotatedTableDir': u'/home/scottyih/Neural-RL-SP/Arvind_data/annotated', u'updateEMB': 0, u'DropOut': True, u'ReduceRowCond': False, u'record_path': u'./cache//glove.6b.100d.trie', u'NUM_ITER': 30, u'guessLogPass': False, u'beam_size': 15, u'recordtriesep': u'|', u'recordtriestructure': u'<ffffffffffffffffffffffffffffffffffffffffffffffffffffffffffffffffffffffffffffffffffffffffffffffffffff', u'WORD_EMBEDDING_DIM': 100, u'DIST_BIAS_DIM': 100, u'dirTable': u'file:///D:/ScottYih/Source/Repos/Neural-RL-SP/data', u'LSTM_HIDDEN_DIM': 50, u'embeddingtrie': <marisa_trie.RecordTrie object at 0x7f61e77bdd70>, u'verbose-dump': False}
>>>>>>>> begin experiments
Warning: /home/scottyih/Neural-RL-SP/Arvind_data/annotated/203-annotated/855.annotated is not complete!
Warning: /home/scottyih/Neural-RL-SP/Arvind_data/annotated/203-annotated/855.annotated is not complete!
Warning: /home/scottyih/Neural-RL-SP/Arvind_data/annotated/203-annotated/855.annotated is not complete!
Warning: /home/scottyih/Neural-RL-SP/Arvind_data/annotated/203-annotated/855.annotated is not complete!
Warning: /home/scottyih/Neural-RL-SP/Arvind_data/annotated/203-annotated/855.annotated is not complete!
Warning: /home/scottyih/Neural-RL-SP/Arvind_data/annotated/203-annotated/855.annotated is not complete!
Warning: /home/scottyih/Neural-RL-SP/Arvind_data/annotated/203-annotated/855.annotated is not complete!
Warning: /home/scottyih/Neural-RL-SP/Arvind_data/annotated/203-annotated/855.annotated is not complete!
Warning: /home/scottyih/Neural-RL-SP/Arvind_data/annotated/204-annotated/74.annotated is not complete!
Warning: /home/scottyih/Neural-RL-SP/Arvind_data/annotated/204-annotated/74.annotated is not complete!
Warning: /home/scottyih/Neural-RL-SP/Arvind_data/annotated/204-annotated/74.annotated is not complete!
Warning: /home/scottyih/Neural-RL-SP/Arvind_data/annotated/204-annotated/74.annotated is not complete!
Warning: /home/scottyih/Neural-RL-SP/Arvind_data/annotated/204-annotated/74.annotated is not complete!
Warning: /home/scottyih/Neural-RL-SP/Arvind_data/annotated/204-annotated/74.annotated is not complete!
Warning: /home/scottyih/Neural-RL-SP/Arvind_data/annotated/204-annotated/74.annotated is not complete!
Warning: /home/scottyih/Neural-RL-SP/Arvind_data/annotated/204-annotated/74.annotated is not complete!
Warning: /home/scottyih/Neural-RL-SP/Arvind_data/annotated/204-annotated/74.annotated is not complete!
Warning: /home/scottyih/Neural-RL-SP/Arvind_data/annotated/204-annotated/74.annotated is not complete!
Warning: /home/scottyih/Neural-RL-SP/Arvind_data/annotated/204-annotated/74.annotated is not complete!
Warning: /home/scottyih/Neural-RL-SP/Arvind_data/annotated/204-annotated/546.annotated is not complete!
Warning: /home/scottyih/Neural-RL-SP/Arvind_data/annotated/204-annotated/546.annotated is not complete!
Warning: /home/scottyih/Neural-RL-SP/Arvind_data/annotated/204-annotated/546.annotated is not complete!
Warning: /home/scottyih/Neural-RL-SP/Arvind_data/annotated/204-annotated/546.annotated is not complete!
Warning: /home/scottyih/Neural-RL-SP/Arvind_data/annotated/204-annotated/546.annotated is not complete!
Warning: /home/scottyih/Neural-RL-SP/Arvind_data/annotated/204-annotated/546.annotated is not complete!
Warning: /home/scottyih/Neural-RL-SP/Arvind_data/annotated/204-annotated/546.annotated is not complete!
Warning: /home/scottyih/Neural-RL-SP/Arvind_data/annotated/204-annotated/546.annotated is not complete!
Warning: /home/scottyih/Neural-RL-SP/Arvind_data/annotated/204-annotated/546.annotated is not complete!
Warning: /home/scottyih/Neural-RL-SP/Arvind_data/annotated/204-annotated/546.annotated is not complete!
Warning: /home/scottyih/Neural-RL-SP/Arvind_data/annotated/203-annotated/803.annotated is not complete!
Warning: /home/scottyih/Neural-RL-SP/Arvind_data/annotated/203-annotated/803.annotated is not complete!
Warning: /home/scottyih/Neural-RL-SP/Arvind_data/annotated/203-annotated/803.annotated is not complete!
Warning: /home/scottyih/Neural-RL-SP/Arvind_data/annotated/203-annotated/803.annotated is not complete!
Warning: /home/scottyih/Neural-RL-SP/Arvind_data/annotated/203-annotated/803.annotated is not complete!
Warning: /home/scottyih/Neural-RL-SP/Arvind_data/annotated/203-annotated/803.annotated is not complete!
Warning: /home/scottyih/Neural-RL-SP/Arvind_data/annotated/203-annotated/803.annotated is not complete!
Warning: /home/scottyih/Neural-RL-SP/Arvind_data/annotated/203-annotated/803.annotated is not complete!
Warning: /home/scottyih/Neural-RL-SP/Arvind_data/annotated/203-annotated/803.annotated is not complete!
Warning: /home/scottyih/Neural-RL-SP/Arvind_data/annotated/203-annotated/803.annotated is not complete!
Warning: /home/scottyih/Neural-RL-SP/Arvind_data/annotated/203-annotated/803.annotated is not complete!
Warning: /home/scottyih/Neural-RL-SP/Arvind_data/annotated/203-annotated/803.annotated is not complete!
Warning: /home/scottyih/Neural-RL-SP/Arvind_data/annotated/203-annotated/803.annotated is not complete!
Warning: /home/scottyih/Neural-RL-SP/Arvind_data/annotated/203-annotated/803.annotated is not complete!
Warning: /home/scottyih/Neural-RL-SP/Arvind_data/annotated/203-annotated/803.annotated is not complete!
Warning: /home/scottyih/Neural-RL-SP/Arvind_data/annotated/203-annotated/803.annotated is not complete!
Warning: /home/scottyih/Neural-RL-SP/Arvind_data/annotated/203-annotated/803.annotated is not complete!
Warning: /home/scottyih/Neural-RL-SP/Arvind_data/annotated/203-annotated/803.annotated is not complete!
Warning: /home/scottyih/Neural-RL-SP/Arvind_data/annotated/203-annotated/803.annotated is not complete!
Warning: /home/scottyih/Neural-RL-SP/Arvind_data/annotated/204-annotated/309.annotated is not complete!
Warning: /home/scottyih/Neural-RL-SP/Arvind_data/annotated/204-annotated/309.annotated is not complete!
Warning: /home/scottyih/Neural-RL-SP/Arvind_data/annotated/204-annotated/309.annotated is not complete!
Warning: /home/scottyih/Neural-RL-SP/Arvind_data/annotated/204-annotated/309.annotated is not complete!
Warning: /home/scottyih/Neural-RL-SP/Arvind_data/annotated/204-annotated/309.annotated is not complete!
Warning: /home/scottyih/Neural-RL-SP/Arvind_data/annotated/204-annotated/309.annotated is not complete!
Warning: /home/scottyih/Neural-RL-SP/Arvind_data/annotated/204-annotated/309.annotated is not complete!
Warning: /home/scottyih/Neural-RL-SP/Arvind_data/annotated/204-annotated/51.annotated is not complete!
Warning: /home/scottyih/Neural-RL-SP/Arvind_data/annotated/204-annotated/51.annotated is not complete!
Warning: /home/scottyih/Neural-RL-SP/Arvind_data/annotated/204-annotated/51.annotated is not complete!
Warning: /home/scottyih/Neural-RL-SP/Arvind_data/annotated/204-annotated/51.annotated is not complete!
Warning: /home/scottyih/Neural-RL-SP/Arvind_data/annotated/204-annotated/51.annotated is not complete!
Warning: /home/scottyih/Neural-RL-SP/Arvind_data/annotated/204-annotated/51.annotated is not complete!
Warning: /home/scottyih/Neural-RL-SP/Arvind_data/annotated/204-annotated/51.annotated is not complete!
Warning: /home/scottyih/Neural-RL-SP/Arvind_data/annotated/204-annotated/51.annotated is not complete!
Warning: /home/scottyih/Neural-RL-SP/Arvind_data/annotated/204-annotated/51.annotated is not complete!
Warning: /home/scottyih/Neural-RL-SP/Arvind_data/annotated/204-annotated/51.annotated is not complete!
Warning: /home/scottyih/Neural-RL-SP/Arvind_data/annotated/203-annotated/803.annotated is not complete!
Warning: /home/scottyih/Neural-RL-SP/Arvind_data/annotated/203-annotated/803.annotated is not complete!
Warning: /home/scottyih/Neural-RL-SP/Arvind_data/annotated/203-annotated/803.annotated is not complete!
Warning: /home/scottyih/Neural-RL-SP/Arvind_data/annotated/203-annotated/803.annotated is not complete!
Warning: /home/scottyih/Neural-RL-SP/Arvind_data/annotated/203-annotated/803.annotated is not complete!
Warning: /home/scottyih/Neural-RL-SP/Arvind_data/annotated/203-annotated/803.annotated is not complete!
Warning: /home/scottyih/Neural-RL-SP/Arvind_data/annotated/203-annotated/803.annotated is not complete!
Warning: /home/scottyih/Neural-RL-SP/Arvind_data/annotated/203-annotated/803.annotated is not complete!
Warning: /home/scottyih/Neural-RL-SP/Arvind_data/annotated/203-annotated/803.annotated is not complete!
Warning: /home/scottyih/Neural-RL-SP/Arvind_data/annotated/203-annotated/803.annotated is not complete!
Warning: /home/scottyih/Neural-RL-SP/Arvind_data/annotated/203-annotated/325.annotated is not complete!
Warning: /home/scottyih/Neural-RL-SP/Arvind_data/annotated/203-annotated/325.annotated is not complete!
Warning: /home/scottyih/Neural-RL-SP/Arvind_data/annotated/203-annotated/325.annotated is not complete!
Warning: /home/scottyih/Neural-RL-SP/Arvind_data/annotated/203-annotated/325.annotated is not complete!
Warning: /home/scottyih/Neural-RL-SP/Arvind_data/annotated/203-annotated/325.annotated is not complete!
Warning: /home/scottyih/Neural-RL-SP/Arvind_data/annotated/203-annotated/325.annotated is not complete!
Warning: /home/scottyih/Neural-RL-SP/Arvind_data/annotated/203-annotated/190.annotated is not complete!
Warning: /home/scottyih/Neural-RL-SP/Arvind_data/annotated/203-annotated/190.annotated is not complete!
Warning: /home/scottyih/Neural-RL-SP/Arvind_data/annotated/203-annotated/190.annotated is not complete!
Warning: /home/scottyih/Neural-RL-SP/Arvind_data/annotated/203-annotated/190.annotated is not complete!
Warning: /home/scottyih/Neural-RL-SP/Arvind_data/annotated/203-annotated/190.annotated is not complete!
Warning: /home/scottyih/Neural-RL-SP/Arvind_data/annotated/203-annotated/190.annotated is not complete!
Warning: /home/scottyih/Neural-RL-SP/Arvind_data/annotated/203-annotated/190.annotated is not complete!
Warning: /home/scottyih/Neural-RL-SP/Arvind_data/annotated/203-annotated/190.annotated is not complete!
Warning: /home/scottyih/Neural-RL-SP/Arvind_data/annotated/204-annotated/309.annotated is not complete!
Warning: /home/scottyih/Neural-RL-SP/Arvind_data/annotated/204-annotated/309.annotated is not complete!
Warning: /home/scottyih/Neural-RL-SP/Arvind_data/annotated/204-annotated/309.annotated is not complete!
Warning: /home/scottyih/Neural-RL-SP/Arvind_data/annotated/204-annotated/309.annotated is not complete!
Warning: /home/scottyih/Neural-RL-SP/Arvind_data/annotated/204-annotated/309.annotated is not complete!
Warning: /home/scottyih/Neural-RL-SP/Arvind_data/annotated/204-annotated/309.annotated is not complete!
Warning: /home/scottyih/Neural-RL-SP/Arvind_data/annotated/204-annotated/309.annotated is not complete!
Warning: /home/scottyih/Neural-RL-SP/Arvind_data/annotated/204-annotated/309.annotated is not complete!
Warning: /home/scottyih/Neural-RL-SP/Arvind_data/annotated/204-annotated/309.annotated is not complete!
Warning: /home/scottyih/Neural-RL-SP/Arvind_data/annotated/204-annotated/309.annotated is not complete!
Warning: /home/scottyih/Neural-RL-SP/Arvind_data/annotated/204-annotated/309.annotated is not complete!
Warning: /home/scottyih/Neural-RL-SP/Arvind_data/annotated/204-annotated/309.annotated is not complete!
Warning: /home/scottyih/Neural-RL-SP/Arvind_data/annotated/204-annotated/309.annotated is not complete!
Warning: /home/scottyih/Neural-RL-SP/Arvind_data/annotated/204-annotated/309.annotated is not complete!
Warning: /home/scottyih/Neural-RL-SP/Arvind_data/annotated/204-annotated/309.annotated is not complete!
Warning: /home/scottyih/Neural-RL-SP/Arvind_data/annotated/204-annotated/309.annotated is not complete!
Warning: /home/scottyih/Neural-RL-SP/Arvind_data/annotated/204-annotated/309.annotated is not complete!
Warning: /home/scottyih/Neural-RL-SP/Arvind_data/annotated/204-annotated/309.annotated is not complete!
Warning: /home/scottyih/Neural-RL-SP/Arvind_data/annotated/204-annotated/309.annotated is not complete!
Warning: /home/scottyih/Neural-RL-SP/Arvind_data/annotated/204-annotated/309.annotated is not complete!
Warning: /home/scottyih/Neural-RL-SP/Arvind_data/annotated/204-annotated/309.annotated is not complete!
Warning: /home/scottyih/Neural-RL-SP/Arvind_data/annotated/204-annotated/309.annotated is not complete!
Warning: /home/scottyih/Neural-RL-SP/Arvind_data/annotated/204-annotated/309.annotated is not complete!
Warning: /home/scottyih/Neural-RL-SP/Arvind_data/annotated/204-annotated/309.annotated is not complete!
Warning: /home/scottyih/Neural-RL-SP/Arvind_data/annotated/204-annotated/309.annotated is not complete!
init vw = 32357 words
beginning to load embeddings....
the number of words that are in pretrain 22467.0 32357 0.694347436413
loading complete!
100 / 12321
200 / 12321
300 / 12321
400 / 12321
500 / 12321
600 / 12321
700 / 12321
800 / 12321
900 / 12321
1000 / 12321
1100 / 12321
1200 / 12321
1300 / 12321
1400 / 12321
1500 / 12321
1600 / 12321
1700 / 12321
1800 / 12321
1900 / 12321
2000 / 12321
2100 / 12321
2200 / 12321
2300 / 12321
2400 / 12321
2500 / 12321
2600 / 12321
2700 / 12321
2800 / 12321
2900 / 12321
3000 / 12321
3100 / 12321
3200 / 12321
3300 / 12321
3400 / 12321
3500 / 12321
3600 / 12321
3700 / 12321
3800 / 12321
3900 / 12321
4000 / 12321
4100 / 12321
4200 / 12321
4300 / 12321
4400 / 12321
4500 / 12321
4600 / 12321
4700 / 12321
4800 / 12321
4900 / 12321
5000 / 12321
5100 / 12321
5200 / 12321
5300 / 12321
5400 / 12321
5500 / 12321
5600 / 12321
5700 / 12321
5800 / 12321
5900 / 12321
6000 / 12321
6100 / 12321
6200 / 12321
6300 / 12321
6400 / 12321
6500 / 12321
6600 / 12321
6700 / 12321
6800 / 12321
6900 / 12321
7000 / 12321
7100 / 12321
7200 / 12321
7300 / 12321
7400 / 12321
7500 / 12321
7600 / 12321
7700 / 12321
7800 / 12321
7900 / 12321
8000 / 12321
8100 / 12321
8200 / 12321
8300 / 12321
8400 / 12321
8500 / 12321
8600 / 12321
8700 / 12321
8800 / 12321
8900 / 12321
9000 / 12321
9100 / 12321
9200 / 12321
9300 / 12321
9400 / 12321
9500 / 12321
9600 / 12321
9700 / 12321
9800 / 12321
9900 / 12321
10000 / 12321
10100 / 12321
10200 / 12321
10300 / 12321
10400 / 12321
10500 / 12321
10600 / 12321
10700 / 12321
10800 / 12321
10900 / 12321
11000 / 12321
11100 / 12321
11200 / 12321
11300 / 12321
11400 / 12321
11500 / 12321
11600 / 12321
11700 / 12321
11800 / 12321
11900 / 12321
12000 / 12321
12100 / 12321
12200 / 12321
12300 / 12321
In epoch  0  avg loss (or negative reward) is  0.932450908138
In epoch  0  test reward is 0.327579, test accuracy is 0.263063
Time taken in this epoch 799.000222921
Best Reward: 0.327579 (Accuracy: 0.263063) at epoch 0
Best Accuracy: 0.263063 (Reward: 0.327579) at epoch 0
Saving model with header =  model/moduleKwNoMap-b15-ind-3-0

100 / 12321
200 / 12321
300 / 12321
400 / 12321
500 / 12321
600 / 12321
700 / 12321
800 / 12321
900 / 12321
1000 / 12321
1100 / 12321
1200 / 12321
1300 / 12321
1400 / 12321
1500 / 12321
1600 / 12321
1700 / 12321
1800 / 12321
1900 / 12321
2000 / 12321
2100 / 12321
2200 / 12321
2300 / 12321
2400 / 12321
2500 / 12321
2600 / 12321
2700 / 12321
2800 / 12321
2900 / 12321
3000 / 12321
3100 / 12321
3200 / 12321
3300 / 12321
3400 / 12321
3500 / 12321
3600 / 12321
3700 / 12321
3800 / 12321
3900 / 12321
4000 / 12321
4100 / 12321
4200 / 12321
4300 / 12321
4400 / 12321
4500 / 12321
4600 / 12321
4700 / 12321
4800 / 12321
4900 / 12321
5000 / 12321
5100 / 12321
5200 / 12321
5300 / 12321
5400 / 12321
5500 / 12321
5600 / 12321
5700 / 12321
5800 / 12321
5900 / 12321
6000 / 12321
6100 / 12321
6200 / 12321
6300 / 12321
6400 / 12321
6500 / 12321
6600 / 12321
6700 / 12321
6800 / 12321
6900 / 12321
7000 / 12321
7100 / 12321
7200 / 12321
7300 / 12321
7400 / 12321
7500 / 12321
7600 / 12321
7700 / 12321
7800 / 12321
7900 / 12321
8000 / 12321
8100 / 12321
8200 / 12321
8300 / 12321
8400 / 12321
8500 / 12321
8600 / 12321
8700 / 12321
8800 / 12321
8900 / 12321
9000 / 12321
9100 / 12321
9200 / 12321
9300 / 12321
9400 / 12321
9500 / 12321
9600 / 12321
9700 / 12321
9800 / 12321
9900 / 12321
10000 / 12321
10100 / 12321
10200 / 12321
10300 / 12321
10400 / 12321
10500 / 12321
10600 / 12321
10700 / 12321
10800 / 12321
10900 / 12321
11000 / 12321
11100 / 12321
11200 / 12321
11300 / 12321
11400 / 12321
11500 / 12321
11600 / 12321
11700 / 12321
11800 / 12321
11900 / 12321
12000 / 12321
12100 / 12321
12200 / 12321
12300 / 12321
In epoch  1  avg loss (or negative reward) is  0.876406031712
In epoch  1  test reward is 0.366186, test accuracy is 0.300450
Time taken in this epoch 770.078201056
Best Reward: 0.366186 (Accuracy: 0.300450) at epoch 1
Best Accuracy: 0.300450 (Reward: 0.366186) at epoch 1
Saving model with header =  model/moduleKwNoMap-b15-ind-3-1

100 / 12321
200 / 12321
300 / 12321
400 / 12321
500 / 12321
600 / 12321
700 / 12321
800 / 12321
900 / 12321
1000 / 12321
1100 / 12321
1200 / 12321
1300 / 12321
1400 / 12321
1500 / 12321
1600 / 12321
1700 / 12321
1800 / 12321
1900 / 12321
2000 / 12321
2100 / 12321
2200 / 12321
2300 / 12321
2400 / 12321
2500 / 12321
2600 / 12321
2700 / 12321
2800 / 12321
2900 / 12321
3000 / 12321
3100 / 12321
3200 / 12321
3300 / 12321
3400 / 12321
3500 / 12321
3600 / 12321
3700 / 12321
3800 / 12321
3900 / 12321
4000 / 12321
4100 / 12321
4200 / 12321
4300 / 12321
4400 / 12321
4500 / 12321
4600 / 12321
4700 / 12321
4800 / 12321
4900 / 12321
5000 / 12321
5100 / 12321
5200 / 12321
5300 / 12321
5400 / 12321
5500 / 12321
5600 / 12321
5700 / 12321
5800 / 12321
5900 / 12321
6000 / 12321
6100 / 12321
6200 / 12321
6300 / 12321
6400 / 12321
6500 / 12321
6600 / 12321
6700 / 12321
6800 / 12321
6900 / 12321
7000 / 12321
7100 / 12321
7200 / 12321
7300 / 12321
7400 / 12321
7500 / 12321
7600 / 12321
7700 / 12321
7800 / 12321
7900 / 12321
8000 / 12321
8100 / 12321
8200 / 12321
8300 / 12321
8400 / 12321
8500 / 12321
8600 / 12321
8700 / 12321
8800 / 12321
8900 / 12321
9000 / 12321
9100 / 12321
9200 / 12321
9300 / 12321
9400 / 12321
9500 / 12321
9600 / 12321
9700 / 12321
9800 / 12321
9900 / 12321
10000 / 12321
10100 / 12321
10200 / 12321
10300 / 12321
10400 / 12321
10500 / 12321
10600 / 12321
10700 / 12321
10800 / 12321
10900 / 12321
11000 / 12321
11100 / 12321
11200 / 12321
11300 / 12321
11400 / 12321
11500 / 12321
11600 / 12321
11700 / 12321
11800 / 12321
11900 / 12321
12000 / 12321
12100 / 12321
12200 / 12321
12300 / 12321
In epoch  2  avg loss (or negative reward) is  0.835866177529
In epoch  2  test reward is 0.394442, test accuracy is 0.331532
Time taken in this epoch 821.72201395
Best Reward: 0.394442 (Accuracy: 0.331532) at epoch 2
Best Accuracy: 0.331532 (Reward: 0.394442) at epoch 2
Saving model with header =  model/moduleKwNoMap-b15-ind-3-2

100 / 12321
200 / 12321
300 / 12321
400 / 12321
500 / 12321
600 / 12321
700 / 12321
800 / 12321
900 / 12321
1000 / 12321
1100 / 12321
1200 / 12321
1300 / 12321
1400 / 12321
1500 / 12321
1600 / 12321
1700 / 12321
1800 / 12321
1900 / 12321
2000 / 12321
2100 / 12321
2200 / 12321
2300 / 12321
2400 / 12321
2500 / 12321
2600 / 12321
2700 / 12321
2800 / 12321
2900 / 12321
3000 / 12321
3100 / 12321
3200 / 12321
3300 / 12321
3400 / 12321
3500 / 12321
3600 / 12321
3700 / 12321
3800 / 12321
3900 / 12321
4000 / 12321
4100 / 12321
4200 / 12321
4300 / 12321
4400 / 12321
4500 / 12321
4600 / 12321
4700 / 12321
4800 / 12321
4900 / 12321
5000 / 12321
5100 / 12321
5200 / 12321
5300 / 12321
5400 / 12321
5500 / 12321
5600 / 12321
5700 / 12321
5800 / 12321
5900 / 12321
6000 / 12321
6100 / 12321
6200 / 12321
6300 / 12321
6400 / 12321
6500 / 12321
6600 / 12321
6700 / 12321
6800 / 12321
6900 / 12321
7000 / 12321
7100 / 12321
7200 / 12321
7300 / 12321
7400 / 12321
7500 / 12321
7600 / 12321
7700 / 12321
7800 / 12321
7900 / 12321
8000 / 12321
8100 / 12321
8200 / 12321
8300 / 12321
8400 / 12321
8500 / 12321
8600 / 12321
8700 / 12321
8800 / 12321
8900 / 12321
9000 / 12321
9100 / 12321
9200 / 12321
9300 / 12321
9400 / 12321
9500 / 12321
9600 / 12321
9700 / 12321
9800 / 12321
9900 / 12321
10000 / 12321
10100 / 12321
10200 / 12321
10300 / 12321
10400 / 12321
10500 / 12321
10600 / 12321
10700 / 12321
10800 / 12321
10900 / 12321
11000 / 12321
11100 / 12321
11200 / 12321
11300 / 12321
11400 / 12321
11500 / 12321
11600 / 12321
11700 / 12321
11800 / 12321
11900 / 12321
12000 / 12321
12100 / 12321
12200 / 12321
12300 / 12321
In epoch  3  avg loss (or negative reward) is  0.803310625631
In epoch  3  test reward is 0.398024, test accuracy is 0.335586
Time taken in this epoch 830.086975098
Best Reward: 0.398024 (Accuracy: 0.335586) at epoch 3
Best Accuracy: 0.335586 (Reward: 0.398024) at epoch 3
Saving model with header =  model/moduleKwNoMap-b15-ind-3-3

100 / 12321
200 / 12321
300 / 12321
400 / 12321
500 / 12321
600 / 12321
700 / 12321
800 / 12321
900 / 12321
1000 / 12321
1100 / 12321
1200 / 12321
1300 / 12321
1400 / 12321
1500 / 12321
1600 / 12321
1700 / 12321
1800 / 12321
1900 / 12321
2000 / 12321
2100 / 12321
2200 / 12321
2300 / 12321
2400 / 12321
2500 / 12321
2600 / 12321
2700 / 12321
2800 / 12321
2900 / 12321
3000 / 12321
3100 / 12321
3200 / 12321
3300 / 12321
3400 / 12321
3500 / 12321
3600 / 12321
3700 / 12321
3800 / 12321
3900 / 12321
4000 / 12321
4100 / 12321
4200 / 12321
4300 / 12321
4400 / 12321
4500 / 12321
4600 / 12321
4700 / 12321
4800 / 12321
4900 / 12321
5000 / 12321
5100 / 12321
5200 / 12321
5300 / 12321
5400 / 12321
5500 / 12321
5600 / 12321
5700 / 12321
5800 / 12321
5900 / 12321
6000 / 12321
6100 / 12321
6200 / 12321
6300 / 12321
6400 / 12321
6500 / 12321
6600 / 12321
6700 / 12321
6800 / 12321
6900 / 12321
7000 / 12321
7100 / 12321
7200 / 12321
7300 / 12321
7400 / 12321
7500 / 12321
7600 / 12321
7700 / 12321
7800 / 12321
7900 / 12321
8000 / 12321
8100 / 12321
8200 / 12321
8300 / 12321
8400 / 12321
8500 / 12321
8600 / 12321
8700 / 12321
8800 / 12321
8900 / 12321
9000 / 12321
9100 / 12321
9200 / 12321
9300 / 12321
9400 / 12321
9500 / 12321
9600 / 12321
9700 / 12321
9800 / 12321
9900 / 12321
10000 / 12321
10100 / 12321
10200 / 12321
10300 / 12321
10400 / 12321
10500 / 12321
10600 / 12321
10700 / 12321
10800 / 12321
10900 / 12321
11000 / 12321
11100 / 12321
11200 / 12321
11300 / 12321
11400 / 12321
11500 / 12321
11600 / 12321
11700 / 12321
11800 / 12321
11900 / 12321
12000 / 12321
12100 / 12321
12200 / 12321
12300 / 12321
In epoch  4  avg loss (or negative reward) is  0.778874431912
In epoch  4  test reward is 0.405448, test accuracy is 0.346396
Time taken in this epoch 832.38144207
Best Reward: 0.405448 (Accuracy: 0.346396) at epoch 4
Best Accuracy: 0.346396 (Reward: 0.405448) at epoch 4
Saving model with header =  model/moduleKwNoMap-b15-ind-3-4

100 / 12321
200 / 12321
300 / 12321
400 / 12321
500 / 12321
600 / 12321
700 / 12321
800 / 12321
900 / 12321
1000 / 12321
1100 / 12321
1200 / 12321
1300 / 12321
1400 / 12321
1500 / 12321
1600 / 12321
1700 / 12321
1800 / 12321
1900 / 12321
2000 / 12321
2100 / 12321
2200 / 12321
2300 / 12321
2400 / 12321
2500 / 12321
2600 / 12321
2700 / 12321
2800 / 12321
2900 / 12321
3000 / 12321
3100 / 12321
3200 / 12321
3300 / 12321
3400 / 12321
3500 / 12321
3600 / 12321
3700 / 12321
3800 / 12321
3900 / 12321
4000 / 12321
4100 / 12321
4200 / 12321
4300 / 12321
4400 / 12321
4500 / 12321
4600 / 12321
4700 / 12321
4800 / 12321
4900 / 12321
5000 / 12321
5100 / 12321
5200 / 12321
5300 / 12321
5400 / 12321
5500 / 12321
5600 / 12321
5700 / 12321
5800 / 12321
5900 / 12321
6000 / 12321
6100 / 12321
6200 / 12321
6300 / 12321
6400 / 12321
6500 / 12321
6600 / 12321
6700 / 12321
6800 / 12321
6900 / 12321
7000 / 12321
7100 / 12321
7200 / 12321
7300 / 12321
7400 / 12321
7500 / 12321
7600 / 12321
7700 / 12321
7800 / 12321
7900 / 12321
8000 / 12321
8100 / 12321
8200 / 12321
8300 / 12321
8400 / 12321
8500 / 12321
8600 / 12321
8700 / 12321
8800 / 12321
8900 / 12321
9000 / 12321
9100 / 12321
9200 / 12321
9300 / 12321
9400 / 12321
9500 / 12321
9600 / 12321
9700 / 12321
9800 / 12321
9900 / 12321
10000 / 12321
10100 / 12321
10200 / 12321
10300 / 12321
10400 / 12321
10500 / 12321
10600 / 12321
10700 / 12321
10800 / 12321
10900 / 12321
11000 / 12321
11100 / 12321
11200 / 12321
11300 / 12321
11400 / 12321
11500 / 12321
11600 / 12321
11700 / 12321
11800 / 12321
11900 / 12321
12000 / 12321
12100 / 12321
12200 / 12321
12300 / 12321
In epoch  5  avg loss (or negative reward) is  0.758717674167
In epoch  5  test reward is 0.416603, test accuracy is 0.359009
Time taken in this epoch 857.964210987
Best Reward: 0.416603 (Accuracy: 0.359009) at epoch 5
Best Accuracy: 0.359009 (Reward: 0.416603) at epoch 5
Saving model with header =  model/moduleKwNoMap-b15-ind-3-5

100 / 12321
200 / 12321
300 / 12321
400 / 12321
500 / 12321
600 / 12321
700 / 12321
800 / 12321
900 / 12321
1000 / 12321
1100 / 12321
1200 / 12321
1300 / 12321
1400 / 12321
1500 / 12321
1600 / 12321
1700 / 12321
1800 / 12321
1900 / 12321
2000 / 12321
2100 / 12321
2200 / 12321
2300 / 12321
2400 / 12321
2500 / 12321
2600 / 12321
2700 / 12321
2800 / 12321
2900 / 12321
3000 / 12321
3100 / 12321
3200 / 12321
3300 / 12321
3400 / 12321
3500 / 12321
3600 / 12321
3700 / 12321
3800 / 12321
3900 / 12321
4000 / 12321
4100 / 12321
4200 / 12321
4300 / 12321
4400 / 12321
4500 / 12321
4600 / 12321
4700 / 12321
4800 / 12321
4900 / 12321
5000 / 12321
5100 / 12321
5200 / 12321
5300 / 12321
5400 / 12321
5500 / 12321
5600 / 12321
5700 / 12321
5800 / 12321
5900 / 12321
6000 / 12321
6100 / 12321
6200 / 12321
6300 / 12321
6400 / 12321
6500 / 12321
6600 / 12321
6700 / 12321
6800 / 12321
6900 / 12321
7000 / 12321
7100 / 12321
7200 / 12321
7300 / 12321
7400 / 12321
7500 / 12321
7600 / 12321
7700 / 12321
7800 / 12321
7900 / 12321
8000 / 12321
8100 / 12321
8200 / 12321
8300 / 12321
8400 / 12321
8500 / 12321
8600 / 12321
8700 / 12321
8800 / 12321
8900 / 12321
9000 / 12321
9100 / 12321
9200 / 12321
9300 / 12321
9400 / 12321
9500 / 12321
9600 / 12321
9700 / 12321
9800 / 12321
9900 / 12321
10000 / 12321
10100 / 12321
10200 / 12321
10300 / 12321
10400 / 12321
10500 / 12321
10600 / 12321
10700 / 12321
10800 / 12321
10900 / 12321
11000 / 12321
11100 / 12321
11200 / 12321
11300 / 12321
11400 / 12321
11500 / 12321
11600 / 12321
11700 / 12321
11800 / 12321
11900 / 12321
12000 / 12321
12100 / 12321
12200 / 12321
12300 / 12321
In epoch  6  avg loss (or negative reward) is  0.742352428153
In epoch  6  test reward is 0.408581, test accuracy is 0.350450
Time taken in this epoch 867.379560947
Best Reward: 0.416603 (Accuracy: 0.359009) at epoch 5
Best Accuracy: 0.359009 (Reward: 0.416603) at epoch 5
Saving model with header =  model/moduleKwNoMap-b15-ind-3-6

100 / 12321
200 / 12321
300 / 12321
400 / 12321
500 / 12321
600 / 12321
700 / 12321
800 / 12321
900 / 12321
1000 / 12321
1100 / 12321
1200 / 12321
1300 / 12321
1400 / 12321
1500 / 12321
1600 / 12321
1700 / 12321
1800 / 12321
1900 / 12321
2000 / 12321
2100 / 12321
2200 / 12321
2300 / 12321
2400 / 12321
2500 / 12321
2600 / 12321
2700 / 12321
2800 / 12321
2900 / 12321
3000 / 12321
3100 / 12321
3200 / 12321
3300 / 12321
3400 / 12321
3500 / 12321
3600 / 12321
3700 / 12321
3800 / 12321
3900 / 12321
4000 / 12321
4100 / 12321
4200 / 12321
4300 / 12321
4400 / 12321
4500 / 12321
4600 / 12321
4700 / 12321
4800 / 12321
4900 / 12321
5000 / 12321
5100 / 12321
5200 / 12321
5300 / 12321
5400 / 12321
5500 / 12321
5600 / 12321
5700 / 12321
5800 / 12321
5900 / 12321
6000 / 12321
6100 / 12321
6200 / 12321
6300 / 12321
6400 / 12321
6500 / 12321
6600 / 12321
6700 / 12321
6800 / 12321
6900 / 12321
7000 / 12321
7100 / 12321
7200 / 12321
7300 / 12321
7400 / 12321
7500 / 12321
7600 / 12321
7700 / 12321
7800 / 12321
7900 / 12321
8000 / 12321
8100 / 12321
8200 / 12321
8300 / 12321
8400 / 12321
8500 / 12321
8600 / 12321
8700 / 12321
8800 / 12321
8900 / 12321
9000 / 12321
9100 / 12321
9200 / 12321
9300 / 12321
9400 / 12321
9500 / 12321
9600 / 12321
9700 / 12321
9800 / 12321
9900 / 12321
10000 / 12321
10100 / 12321
10200 / 12321
10300 / 12321
10400 / 12321
10500 / 12321
10600 / 12321
10700 / 12321
10800 / 12321
10900 / 12321
11000 / 12321
11100 / 12321
11200 / 12321
11300 / 12321
11400 / 12321
11500 / 12321
11600 / 12321
11700 / 12321
11800 / 12321
11900 / 12321
12000 / 12321
12100 / 12321
12200 / 12321
12300 / 12321
In epoch  7  avg loss (or negative reward) is  0.724996548575
In epoch  7  test reward is 0.423923, test accuracy is 0.362162
Time taken in this epoch 884.492338896
Best Reward: 0.423923 (Accuracy: 0.362162) at epoch 7
Best Accuracy: 0.362162 (Reward: 0.423923) at epoch 7
Saving model with header =  model/moduleKwNoMap-b15-ind-3-7

100 / 12321
200 / 12321
300 / 12321
400 / 12321
500 / 12321
600 / 12321
700 / 12321
800 / 12321
900 / 12321
1000 / 12321
1100 / 12321
1200 / 12321
1300 / 12321
1400 / 12321
1500 / 12321
1600 / 12321
1700 / 12321
1800 / 12321
1900 / 12321
2000 / 12321
2100 / 12321
2200 / 12321
2300 / 12321
2400 / 12321
2500 / 12321
2600 / 12321
2700 / 12321
2800 / 12321
2900 / 12321
3000 / 12321
3100 / 12321
3200 / 12321
3300 / 12321
3400 / 12321
3500 / 12321
3600 / 12321
3700 / 12321
3800 / 12321
3900 / 12321
4000 / 12321
4100 / 12321
4200 / 12321
4300 / 12321
4400 / 12321
4500 / 12321
4600 / 12321
4700 / 12321
4800 / 12321
4900 / 12321
5000 / 12321
5100 / 12321
5200 / 12321
5300 / 12321
5400 / 12321
5500 / 12321
5600 / 12321
5700 / 12321
5800 / 12321
5900 / 12321
6000 / 12321
6100 / 12321
6200 / 12321
6300 / 12321
6400 / 12321
6500 / 12321
6600 / 12321
6700 / 12321
6800 / 12321
6900 / 12321
7000 / 12321
7100 / 12321
7200 / 12321
7300 / 12321
7400 / 12321
7500 / 12321
7600 / 12321
7700 / 12321
7800 / 12321
7900 / 12321
8000 / 12321
8100 / 12321
8200 / 12321
8300 / 12321
8400 / 12321
8500 / 12321
8600 / 12321
8700 / 12321
8800 / 12321
8900 / 12321
9000 / 12321
9100 / 12321
9200 / 12321
9300 / 12321
9400 / 12321
9500 / 12321
9600 / 12321
9700 / 12321
9800 / 12321
9900 / 12321
10000 / 12321
10100 / 12321
10200 / 12321
10300 / 12321
10400 / 12321
10500 / 12321
10600 / 12321
10700 / 12321
10800 / 12321
10900 / 12321
11000 / 12321
11100 / 12321
11200 / 12321
11300 / 12321
11400 / 12321
11500 / 12321
11600 / 12321
11700 / 12321
11800 / 12321
11900 / 12321
12000 / 12321
12100 / 12321
12200 / 12321
12300 / 12321
In epoch  8  avg loss (or negative reward) is  0.713023561371
In epoch  8  test reward is 0.419559, test accuracy is 0.357207
Time taken in this epoch 919.240559101
Best Reward: 0.423923 (Accuracy: 0.362162) at epoch 7
Best Accuracy: 0.362162 (Reward: 0.423923) at epoch 7
Saving model with header =  model/moduleKwNoMap-b15-ind-3-8

100 / 12321
200 / 12321
300 / 12321
400 / 12321
500 / 12321
600 / 12321
700 / 12321
800 / 12321
900 / 12321
1000 / 12321
1100 / 12321
1200 / 12321
1300 / 12321
1400 / 12321
1500 / 12321
1600 / 12321
1700 / 12321
1800 / 12321
1900 / 12321
2000 / 12321
2100 / 12321
2200 / 12321
2300 / 12321
2400 / 12321
2500 / 12321
2600 / 12321
2700 / 12321
2800 / 12321
2900 / 12321
3000 / 12321
3100 / 12321
3200 / 12321
3300 / 12321
3400 / 12321
3500 / 12321
3600 / 12321
3700 / 12321
3800 / 12321
3900 / 12321
4000 / 12321
4100 / 12321
4200 / 12321
4300 / 12321
4400 / 12321
4500 / 12321
4600 / 12321
4700 / 12321
4800 / 12321
4900 / 12321
5000 / 12321
5100 / 12321
5200 / 12321
5300 / 12321
5400 / 12321
5500 / 12321
5600 / 12321
5700 / 12321
5800 / 12321
5900 / 12321
6000 / 12321
6100 / 12321
6200 / 12321
6300 / 12321
6400 / 12321
6500 / 12321
6600 / 12321
6700 / 12321
6800 / 12321
6900 / 12321
7000 / 12321
7100 / 12321
7200 / 12321
7300 / 12321
7400 / 12321
7500 / 12321
7600 / 12321
7700 / 12321
7800 / 12321
7900 / 12321
8000 / 12321
8100 / 12321
8200 / 12321
8300 / 12321
8400 / 12321
8500 / 12321
8600 / 12321
8700 / 12321
8800 / 12321
8900 / 12321
9000 / 12321
9100 / 12321
9200 / 12321
9300 / 12321
9400 / 12321
9500 / 12321
9600 / 12321
9700 / 12321
9800 / 12321
9900 / 12321
10000 / 12321
10100 / 12321
10200 / 12321
10300 / 12321
10400 / 12321
10500 / 12321
10600 / 12321
10700 / 12321
10800 / 12321
10900 / 12321
11000 / 12321
11100 / 12321
11200 / 12321
11300 / 12321
11400 / 12321
11500 / 12321
11600 / 12321
11700 / 12321
11800 / 12321
11900 / 12321
12000 / 12321
12100 / 12321
12200 / 12321
12300 / 12321
In epoch  9  avg loss (or negative reward) is  0.69928581291
In epoch  9  test reward is 0.418960, test accuracy is 0.360360
Time taken in this epoch 887.405385971
Best Reward: 0.423923 (Accuracy: 0.362162) at epoch 7
Best Accuracy: 0.362162 (Reward: 0.423923) at epoch 7
Saving model with header =  model/moduleKwNoMap-b15-ind-3-9

100 / 12321
200 / 12321
300 / 12321
400 / 12321
500 / 12321
600 / 12321
700 / 12321
800 / 12321
900 / 12321
1000 / 12321
1100 / 12321
1200 / 12321
1300 / 12321
1400 / 12321
1500 / 12321
1600 / 12321
1700 / 12321
1800 / 12321
1900 / 12321
2000 / 12321
2100 / 12321
2200 / 12321
2300 / 12321
2400 / 12321
2500 / 12321
2600 / 12321
2700 / 12321
2800 / 12321
2900 / 12321
3000 / 12321
3100 / 12321
3200 / 12321
3300 / 12321
3400 / 12321
3500 / 12321
3600 / 12321
3700 / 12321
3800 / 12321
3900 / 12321
4000 / 12321
4100 / 12321
4200 / 12321
4300 / 12321
4400 / 12321
4500 / 12321
4600 / 12321
4700 / 12321
4800 / 12321
4900 / 12321
5000 / 12321
5100 / 12321
5200 / 12321
5300 / 12321
5400 / 12321
5500 / 12321
5600 / 12321
5700 / 12321
5800 / 12321
5900 / 12321
6000 / 12321
6100 / 12321
6200 / 12321
6300 / 12321
6400 / 12321
6500 / 12321
6600 / 12321
6700 / 12321
6800 / 12321
6900 / 12321
7000 / 12321
7100 / 12321
7200 / 12321
7300 / 12321
7400 / 12321
7500 / 12321
7600 / 12321
7700 / 12321
7800 / 12321
7900 / 12321
8000 / 12321
8100 / 12321
8200 / 12321
8300 / 12321
8400 / 12321
8500 / 12321
8600 / 12321
8700 / 12321
8800 / 12321
8900 / 12321
9000 / 12321
9100 / 12321
9200 / 12321
9300 / 12321
9400 / 12321
9500 / 12321
9600 / 12321
9700 / 12321
9800 / 12321
9900 / 12321
10000 / 12321
10100 / 12321
10200 / 12321
10300 / 12321
10400 / 12321
10500 / 12321
10600 / 12321
10700 / 12321
10800 / 12321
10900 / 12321
11000 / 12321
11100 / 12321
11200 / 12321
11300 / 12321
11400 / 12321
11500 / 12321
11600 / 12321
11700 / 12321
11800 / 12321
11900 / 12321
12000 / 12321
12100 / 12321
12200 / 12321
12300 / 12321
In epoch  10  avg loss (or negative reward) is  0.686023992046
In epoch  10  test reward is 0.419482, test accuracy is 0.358108
Time taken in this epoch 888.307826042
Best Reward: 0.423923 (Accuracy: 0.362162) at epoch 7
Best Accuracy: 0.362162 (Reward: 0.423923) at epoch 7
Saving model with header =  model/moduleKwNoMap-b15-ind-3-10

100 / 12321
200 / 12321
300 / 12321
400 / 12321
500 / 12321
600 / 12321
700 / 12321
800 / 12321
900 / 12321
1000 / 12321
1100 / 12321
1200 / 12321
1300 / 12321
1400 / 12321
1500 / 12321
1600 / 12321
1700 / 12321
1800 / 12321
1900 / 12321
2000 / 12321
2100 / 12321
2200 / 12321
2300 / 12321
2400 / 12321
2500 / 12321
2600 / 12321
2700 / 12321
2800 / 12321
2900 / 12321
3000 / 12321
3100 / 12321
3200 / 12321
3300 / 12321
3400 / 12321
3500 / 12321
3600 / 12321
3700 / 12321
3800 / 12321
3900 / 12321
4000 / 12321
4100 / 12321
4200 / 12321
4300 / 12321
4400 / 12321
4500 / 12321
4600 / 12321
4700 / 12321
4800 / 12321
4900 / 12321
5000 / 12321
5100 / 12321
5200 / 12321
5300 / 12321
5400 / 12321
5500 / 12321
5600 / 12321
5700 / 12321
5800 / 12321
5900 / 12321
6000 / 12321
6100 / 12321
6200 / 12321
6300 / 12321
6400 / 12321
6500 / 12321
6600 / 12321
6700 / 12321
6800 / 12321
6900 / 12321
7000 / 12321
7100 / 12321
7200 / 12321
7300 / 12321
7400 / 12321
7500 / 12321
7600 / 12321
7700 / 12321
7800 / 12321
7900 / 12321
8000 / 12321
8100 / 12321
8200 / 12321
8300 / 12321
8400 / 12321
8500 / 12321
8600 / 12321
8700 / 12321
8800 / 12321
8900 / 12321
9000 / 12321
9100 / 12321
9200 / 12321
9300 / 12321
9400 / 12321
9500 / 12321
9600 / 12321
9700 / 12321
9800 / 12321
9900 / 12321
10000 / 12321
10100 / 12321
10200 / 12321
10300 / 12321
10400 / 12321
10500 / 12321
10600 / 12321
10700 / 12321
10800 / 12321
10900 / 12321
11000 / 12321
11100 / 12321
11200 / 12321
11300 / 12321
11400 / 12321
11500 / 12321
11600 / 12321
11700 / 12321
11800 / 12321
11900 / 12321
12000 / 12321
12100 / 12321
12200 / 12321
12300 / 12321
In epoch  11  avg loss (or negative reward) is  0.67968353718
In epoch  11  test reward is 0.412046, test accuracy is 0.353153
Time taken in this epoch 898.605345011
Best Reward: 0.423923 (Accuracy: 0.362162) at epoch 7
Best Accuracy: 0.362162 (Reward: 0.423923) at epoch 7
Saving model with header =  model/moduleKwNoMap-b15-ind-3-11

100 / 12321
200 / 12321
300 / 12321
400 / 12321
500 / 12321
600 / 12321
700 / 12321
800 / 12321
900 / 12321
1000 / 12321
1100 / 12321
1200 / 12321
1300 / 12321
1400 / 12321
1500 / 12321
1600 / 12321
1700 / 12321
1800 / 12321
1900 / 12321
2000 / 12321
2100 / 12321
2200 / 12321
2300 / 12321
2400 / 12321
2500 / 12321
2600 / 12321
2700 / 12321
2800 / 12321
2900 / 12321
3000 / 12321
3100 / 12321
3200 / 12321
3300 / 12321
3400 / 12321
3500 / 12321
3600 / 12321
3700 / 12321
3800 / 12321
3900 / 12321
4000 / 12321
4100 / 12321
4200 / 12321
4300 / 12321
4400 / 12321
4500 / 12321
4600 / 12321
4700 / 12321
4800 / 12321
4900 / 12321
5000 / 12321
5100 / 12321
5200 / 12321
5300 / 12321
5400 / 12321
5500 / 12321
5600 / 12321
5700 / 12321
5800 / 12321
5900 / 12321
6000 / 12321
6100 / 12321
6200 / 12321
6300 / 12321
6400 / 12321
6500 / 12321
6600 / 12321
6700 / 12321
6800 / 12321
6900 / 12321
7000 / 12321
7100 / 12321
7200 / 12321
7300 / 12321
7400 / 12321
7500 / 12321
7600 / 12321
7700 / 12321
7800 / 12321
7900 / 12321
8000 / 12321
8100 / 12321
8200 / 12321
8300 / 12321
8400 / 12321
8500 / 12321
8600 / 12321
8700 / 12321
8800 / 12321
8900 / 12321
9000 / 12321
9100 / 12321
9200 / 12321
9300 / 12321
9400 / 12321
9500 / 12321
9600 / 12321
9700 / 12321
9800 / 12321
9900 / 12321
10000 / 12321
10100 / 12321
10200 / 12321
10300 / 12321
10400 / 12321
10500 / 12321
10600 / 12321
10700 / 12321
10800 / 12321
10900 / 12321
11000 / 12321
11100 / 12321
11200 / 12321
11300 / 12321
11400 / 12321
11500 / 12321
11600 / 12321
11700 / 12321
11800 / 12321
11900 / 12321
12000 / 12321
12100 / 12321
12200 / 12321
12300 / 12321
In epoch  12  avg loss (or negative reward) is  0.670237226755
In epoch  12  test reward is 0.414683, test accuracy is 0.355405
Time taken in this epoch 896.396352053
Best Reward: 0.423923 (Accuracy: 0.362162) at epoch 7
Best Accuracy: 0.362162 (Reward: 0.423923) at epoch 7
Saving model with header =  model/moduleKwNoMap-b15-ind-3-12

100 / 12321
200 / 12321
300 / 12321
400 / 12321
500 / 12321
600 / 12321
700 / 12321
800 / 12321
900 / 12321
1000 / 12321
1100 / 12321
1200 / 12321
1300 / 12321
1400 / 12321
1500 / 12321
1600 / 12321
1700 / 12321
1800 / 12321
1900 / 12321
2000 / 12321
2100 / 12321
2200 / 12321
2300 / 12321
2400 / 12321
2500 / 12321
2600 / 12321
2700 / 12321
2800 / 12321
2900 / 12321
3000 / 12321
3100 / 12321
3200 / 12321
3300 / 12321
3400 / 12321
3500 / 12321
3600 / 12321
3700 / 12321
3800 / 12321
3900 / 12321
4000 / 12321
4100 / 12321
4200 / 12321
4300 / 12321
4400 / 12321
4500 / 12321
4600 / 12321
4700 / 12321
4800 / 12321
4900 / 12321
5000 / 12321
5100 / 12321
5200 / 12321
5300 / 12321
5400 / 12321
5500 / 12321
5600 / 12321
5700 / 12321
5800 / 12321
5900 / 12321
6000 / 12321
6100 / 12321
6200 / 12321
6300 / 12321
6400 / 12321
6500 / 12321
6600 / 12321
6700 / 12321
6800 / 12321
6900 / 12321
7000 / 12321
7100 / 12321
7200 / 12321
7300 / 12321
7400 / 12321
7500 / 12321
7600 / 12321
7700 / 12321
7800 / 12321
7900 / 12321
8000 / 12321
8100 / 12321
8200 / 12321
8300 / 12321
8400 / 12321
8500 / 12321
8600 / 12321
8700 / 12321
8800 / 12321
8900 / 12321
9000 / 12321
9100 / 12321
9200 / 12321
9300 / 12321
9400 / 12321
9500 / 12321
9600 / 12321
9700 / 12321
9800 / 12321
9900 / 12321
10000 / 12321
10100 / 12321
10200 / 12321
10300 / 12321
10400 / 12321
10500 / 12321
10600 / 12321
10700 / 12321
10800 / 12321
10900 / 12321
11000 / 12321
11100 / 12321
11200 / 12321
11300 / 12321
11400 / 12321
11500 / 12321
11600 / 12321
11700 / 12321
11800 / 12321
11900 / 12321
12000 / 12321
12100 / 12321
12200 / 12321
12300 / 12321
In epoch  13  avg loss (or negative reward) is  0.65997969064
In epoch  13  test reward is 0.419167, test accuracy is 0.359459
Time taken in this epoch 911.55643487
Best Reward: 0.423923 (Accuracy: 0.362162) at epoch 7
Best Accuracy: 0.362162 (Reward: 0.423923) at epoch 7
Saving model with header =  model/moduleKwNoMap-b15-ind-3-13

100 / 12321
200 / 12321
300 / 12321
400 / 12321
500 / 12321
600 / 12321
700 / 12321
800 / 12321
900 / 12321
1000 / 12321
1100 / 12321
1200 / 12321
1300 / 12321
1400 / 12321
1500 / 12321
1600 / 12321
1700 / 12321
1800 / 12321
1900 / 12321
2000 / 12321
2100 / 12321
2200 / 12321
2300 / 12321
2400 / 12321
2500 / 12321
2600 / 12321
2700 / 12321
2800 / 12321
2900 / 12321
3000 / 12321
3100 / 12321
3200 / 12321
3300 / 12321
3400 / 12321
3500 / 12321
3600 / 12321
3700 / 12321
3800 / 12321
3900 / 12321
4000 / 12321
4100 / 12321
4200 / 12321
4300 / 12321
4400 / 12321
4500 / 12321
4600 / 12321
4700 / 12321
4800 / 12321
4900 / 12321
5000 / 12321
5100 / 12321
5200 / 12321
5300 / 12321
5400 / 12321
5500 / 12321
5600 / 12321
5700 / 12321
5800 / 12321
5900 / 12321
6000 / 12321
6100 / 12321
6200 / 12321
6300 / 12321
6400 / 12321
6500 / 12321
6600 / 12321
6700 / 12321
6800 / 12321
6900 / 12321
7000 / 12321
7100 / 12321
7200 / 12321
7300 / 12321
7400 / 12321
7500 / 12321
7600 / 12321
7700 / 12321
7800 / 12321
7900 / 12321
8000 / 12321
8100 / 12321
8200 / 12321
8300 / 12321
8400 / 12321
8500 / 12321
8600 / 12321
8700 / 12321
8800 / 12321
8900 / 12321
9000 / 12321
9100 / 12321
9200 / 12321
9300 / 12321
9400 / 12321
9500 / 12321
9600 / 12321
9700 / 12321
9800 / 12321
9900 / 12321
10000 / 12321
10100 / 12321
10200 / 12321
10300 / 12321
10400 / 12321
10500 / 12321
10600 / 12321
10700 / 12321
10800 / 12321
10900 / 12321
11000 / 12321
11100 / 12321
11200 / 12321
11300 / 12321
11400 / 12321
11500 / 12321
11600 / 12321
11700 / 12321
11800 / 12321
11900 / 12321
12000 / 12321
12100 / 12321
12200 / 12321
12300 / 12321
In epoch  14  avg loss (or negative reward) is  0.652308462978
In epoch  14  test reward is 0.425492, test accuracy is 0.363514
Time taken in this epoch 908.925969124
Best Reward: 0.425492 (Accuracy: 0.363514) at epoch 14
Best Accuracy: 0.363514 (Reward: 0.425492) at epoch 14
Saving model with header =  model/moduleKwNoMap-b15-ind-3-14

100 / 12321
200 / 12321
300 / 12321
400 / 12321
500 / 12321
600 / 12321
700 / 12321
800 / 12321
900 / 12321
1000 / 12321
1100 / 12321
1200 / 12321
1300 / 12321
1400 / 12321
1500 / 12321
1600 / 12321
1700 / 12321
1800 / 12321
1900 / 12321
2000 / 12321
2100 / 12321
2200 / 12321
2300 / 12321
2400 / 12321
2500 / 12321
2600 / 12321
2700 / 12321
2800 / 12321
2900 / 12321
3000 / 12321
3100 / 12321
3200 / 12321
3300 / 12321
3400 / 12321
3500 / 12321
3600 / 12321
3700 / 12321
3800 / 12321
3900 / 12321
4000 / 12321
4100 / 12321
4200 / 12321
4300 / 12321
4400 / 12321
4500 / 12321
4600 / 12321
4700 / 12321
4800 / 12321
4900 / 12321
5000 / 12321
5100 / 12321
5200 / 12321
5300 / 12321
5400 / 12321
5500 / 12321
5600 / 12321
5700 / 12321
5800 / 12321
5900 / 12321
6000 / 12321
6100 / 12321
6200 / 12321
6300 / 12321
6400 / 12321
6500 / 12321
6600 / 12321
6700 / 12321
6800 / 12321
6900 / 12321
7000 / 12321
7100 / 12321
7200 / 12321
7300 / 12321
7400 / 12321
7500 / 12321
7600 / 12321
7700 / 12321
7800 / 12321
7900 / 12321
8000 / 12321
8100 / 12321
8200 / 12321
8300 / 12321
8400 / 12321
8500 / 12321
8600 / 12321
8700 / 12321
8800 / 12321
8900 / 12321
9000 / 12321
9100 / 12321
9200 / 12321
9300 / 12321
9400 / 12321
9500 / 12321
9600 / 12321
9700 / 12321
9800 / 12321
9900 / 12321
10000 / 12321
10100 / 12321
10200 / 12321
10300 / 12321
10400 / 12321
10500 / 12321
10600 / 12321
10700 / 12321
10800 / 12321
10900 / 12321
11000 / 12321
11100 / 12321
11200 / 12321
11300 / 12321
11400 / 12321
11500 / 12321
11600 / 12321
11700 / 12321
11800 / 12321
11900 / 12321
12000 / 12321
12100 / 12321
12200 / 12321
12300 / 12321
In epoch  15  avg loss (or negative reward) is  0.643029075318
In epoch  15  test reward is 0.428706, test accuracy is 0.369369
Time taken in this epoch 906.285056829
Best Reward: 0.428706 (Accuracy: 0.369369) at epoch 15
Best Accuracy: 0.369369 (Reward: 0.428706) at epoch 15
Saving model with header =  model/moduleKwNoMap-b15-ind-3-15

100 / 12321
200 / 12321
300 / 12321
400 / 12321
500 / 12321
600 / 12321
700 / 12321
800 / 12321
900 / 12321
1000 / 12321
1100 / 12321
1200 / 12321
1300 / 12321
1400 / 12321
1500 / 12321
1600 / 12321
1700 / 12321
1800 / 12321
1900 / 12321
2000 / 12321
2100 / 12321
2200 / 12321
2300 / 12321
2400 / 12321
2500 / 12321
2600 / 12321
2700 / 12321
2800 / 12321
2900 / 12321
3000 / 12321
3100 / 12321
3200 / 12321
3300 / 12321
3400 / 12321
3500 / 12321
3600 / 12321
3700 / 12321
3800 / 12321
3900 / 12321
4000 / 12321
4100 / 12321
4200 / 12321
4300 / 12321
4400 / 12321
4500 / 12321
4600 / 12321
4700 / 12321
4800 / 12321
4900 / 12321
5000 / 12321
5100 / 12321
5200 / 12321
5300 / 12321
5400 / 12321
5500 / 12321
5600 / 12321
5700 / 12321
5800 / 12321
5900 / 12321
6000 / 12321
6100 / 12321
6200 / 12321
6300 / 12321
6400 / 12321
6500 / 12321
6600 / 12321
6700 / 12321
6800 / 12321
6900 / 12321
7000 / 12321
7100 / 12321
7200 / 12321
7300 / 12321
7400 / 12321
7500 / 12321
7600 / 12321
7700 / 12321
7800 / 12321
7900 / 12321
8000 / 12321
8100 / 12321
8200 / 12321
8300 / 12321
8400 / 12321
8500 / 12321
8600 / 12321
8700 / 12321
8800 / 12321
8900 / 12321
9000 / 12321
9100 / 12321
9200 / 12321
9300 / 12321
9400 / 12321
9500 / 12321
9600 / 12321
9700 / 12321
9800 / 12321
9900 / 12321
10000 / 12321
10100 / 12321
10200 / 12321
10300 / 12321
10400 / 12321
10500 / 12321
10600 / 12321
10700 / 12321
10800 / 12321
10900 / 12321
11000 / 12321
11100 / 12321
11200 / 12321
11300 / 12321
11400 / 12321
11500 / 12321
11600 / 12321
11700 / 12321
11800 / 12321
11900 / 12321
12000 / 12321
12100 / 12321
12200 / 12321
12300 / 12321
In epoch  16  avg loss (or negative reward) is  0.637642791019
In epoch  16  test reward is 0.427168, test accuracy is 0.368468
Time taken in this epoch 908.374478102
Best Reward: 0.428706 (Accuracy: 0.369369) at epoch 15
Best Accuracy: 0.369369 (Reward: 0.428706) at epoch 15
Saving model with header =  model/moduleKwNoMap-b15-ind-3-16

100 / 12321
200 / 12321
300 / 12321
400 / 12321
500 / 12321
600 / 12321
700 / 12321
800 / 12321
900 / 12321
1000 / 12321
1100 / 12321
1200 / 12321
1300 / 12321
1400 / 12321
1500 / 12321
1600 / 12321
1700 / 12321
1800 / 12321
1900 / 12321
2000 / 12321
2100 / 12321
2200 / 12321
2300 / 12321
2400 / 12321
2500 / 12321
2600 / 12321
2700 / 12321
2800 / 12321
2900 / 12321
3000 / 12321
3100 / 12321
3200 / 12321
3300 / 12321
3400 / 12321
3500 / 12321
3600 / 12321
3700 / 12321
3800 / 12321
3900 / 12321
4000 / 12321
4100 / 12321
4200 / 12321
4300 / 12321
4400 / 12321
4500 / 12321
4600 / 12321
4700 / 12321
4800 / 12321
4900 / 12321
5000 / 12321
5100 / 12321
5200 / 12321
5300 / 12321
5400 / 12321
5500 / 12321
5600 / 12321
5700 / 12321
5800 / 12321
5900 / 12321
6000 / 12321
6100 / 12321
6200 / 12321
6300 / 12321
6400 / 12321
6500 / 12321
6600 / 12321
6700 / 12321
6800 / 12321
6900 / 12321
7000 / 12321
7100 / 12321
7200 / 12321
7300 / 12321
7400 / 12321
7500 / 12321
7600 / 12321
7700 / 12321
7800 / 12321
7900 / 12321
8000 / 12321
8100 / 12321
8200 / 12321
8300 / 12321
8400 / 12321
8500 / 12321
8600 / 12321
8700 / 12321
8800 / 12321
8900 / 12321
9000 / 12321
9100 / 12321
9200 / 12321
9300 / 12321
9400 / 12321
9500 / 12321
9600 / 12321
9700 / 12321
9800 / 12321
9900 / 12321
10000 / 12321
10100 / 12321
10200 / 12321
10300 / 12321
10400 / 12321
10500 / 12321
10600 / 12321
10700 / 12321
10800 / 12321
10900 / 12321
11000 / 12321
11100 / 12321
11200 / 12321
11300 / 12321
11400 / 12321
11500 / 12321
11600 / 12321
11700 / 12321
11800 / 12321
11900 / 12321
12000 / 12321
12100 / 12321
12200 / 12321
12300 / 12321
In epoch  17  avg loss (or negative reward) is  0.63048879472
In epoch  17  test reward is 0.431429, test accuracy is 0.369369
Time taken in this epoch 913.453669071
Best Reward: 0.431429 (Accuracy: 0.369369) at epoch 17
Best Accuracy: 0.369369 (Reward: 0.428706) at epoch 15
Saving model with header =  model/moduleKwNoMap-b15-ind-3-17

100 / 12321
200 / 12321
300 / 12321
400 / 12321
500 / 12321
600 / 12321
700 / 12321
800 / 12321
900 / 12321
1000 / 12321
1100 / 12321
1200 / 12321
1300 / 12321
1400 / 12321
1500 / 12321
1600 / 12321
1700 / 12321
1800 / 12321
1900 / 12321
2000 / 12321
2100 / 12321
2200 / 12321
2300 / 12321
2400 / 12321
2500 / 12321
2600 / 12321
2700 / 12321
2800 / 12321
2900 / 12321
3000 / 12321
3100 / 12321
3200 / 12321
3300 / 12321
3400 / 12321
3500 / 12321
3600 / 12321
3700 / 12321
3800 / 12321
3900 / 12321
4000 / 12321
4100 / 12321
4200 / 12321
4300 / 12321
4400 / 12321
4500 / 12321
4600 / 12321
4700 / 12321
4800 / 12321
4900 / 12321
5000 / 12321
5100 / 12321
5200 / 12321
5300 / 12321
5400 / 12321
5500 / 12321
5600 / 12321
5700 / 12321
5800 / 12321
5900 / 12321
6000 / 12321
6100 / 12321
6200 / 12321
6300 / 12321
6400 / 12321
6500 / 12321
6600 / 12321
6700 / 12321
6800 / 12321
6900 / 12321
7000 / 12321
7100 / 12321
7200 / 12321
7300 / 12321
7400 / 12321
7500 / 12321
7600 / 12321
7700 / 12321
7800 / 12321
7900 / 12321
8000 / 12321
8100 / 12321
8200 / 12321
8300 / 12321
8400 / 12321
8500 / 12321
8600 / 12321
8700 / 12321
8800 / 12321
8900 / 12321
9000 / 12321
9100 / 12321
9200 / 12321
9300 / 12321
9400 / 12321
9500 / 12321
9600 / 12321
9700 / 12321
9800 / 12321
9900 / 12321
10000 / 12321
10100 / 12321
10200 / 12321
10300 / 12321
10400 / 12321
10500 / 12321
10600 / 12321
10700 / 12321
10800 / 12321
10900 / 12321
11000 / 12321
11100 / 12321
11200 / 12321
11300 / 12321
11400 / 12321
11500 / 12321
11600 / 12321
11700 / 12321
11800 / 12321
11900 / 12321
12000 / 12321
12100 / 12321
12200 / 12321
12300 / 12321
In epoch  18  avg loss (or negative reward) is  0.623869261108
In epoch  18  test reward is 0.428269, test accuracy is 0.368018
Time taken in this epoch 881.361012936
Best Reward: 0.431429 (Accuracy: 0.369369) at epoch 17
Best Accuracy: 0.369369 (Reward: 0.428706) at epoch 15
Saving model with header =  model/moduleKwNoMap-b15-ind-3-18

100 / 12321
200 / 12321
300 / 12321
400 / 12321
500 / 12321
600 / 12321
700 / 12321
800 / 12321
900 / 12321
1000 / 12321
1100 / 12321
1200 / 12321
1300 / 12321
1400 / 12321
1500 / 12321
1600 / 12321
1700 / 12321
1800 / 12321
1900 / 12321
2000 / 12321
2100 / 12321
2200 / 12321
2300 / 12321
2400 / 12321
2500 / 12321
2600 / 12321
2700 / 12321
2800 / 12321
2900 / 12321
3000 / 12321
3100 / 12321
3200 / 12321
3300 / 12321
3400 / 12321
3500 / 12321
3600 / 12321
3700 / 12321
3800 / 12321
3900 / 12321
4000 / 12321
4100 / 12321
4200 / 12321
4300 / 12321
4400 / 12321
4500 / 12321
4600 / 12321
4700 / 12321
4800 / 12321
4900 / 12321
5000 / 12321
5100 / 12321
5200 / 12321
5300 / 12321
5400 / 12321
5500 / 12321
5600 / 12321
5700 / 12321
5800 / 12321
5900 / 12321
6000 / 12321
6100 / 12321
6200 / 12321
6300 / 12321
6400 / 12321
6500 / 12321
6600 / 12321
6700 / 12321
6800 / 12321
6900 / 12321
7000 / 12321
7100 / 12321
7200 / 12321
7300 / 12321
7400 / 12321
7500 / 12321
7600 / 12321
7700 / 12321
7800 / 12321
7900 / 12321
8000 / 12321
8100 / 12321
8200 / 12321
8300 / 12321
8400 / 12321
8500 / 12321
8600 / 12321
8700 / 12321
8800 / 12321
8900 / 12321
9000 / 12321
9100 / 12321
9200 / 12321
9300 / 12321
9400 / 12321
9500 / 12321
9600 / 12321
9700 / 12321
9800 / 12321
9900 / 12321
10000 / 12321
10100 / 12321
10200 / 12321
10300 / 12321
10400 / 12321
10500 / 12321
10600 / 12321
10700 / 12321
10800 / 12321
10900 / 12321
11000 / 12321
11100 / 12321
11200 / 12321
11300 / 12321
11400 / 12321
11500 / 12321
11600 / 12321
11700 / 12321
11800 / 12321
11900 / 12321
12000 / 12321
12100 / 12321
12200 / 12321
12300 / 12321
In epoch  19  avg loss (or negative reward) is  0.619214158205
In epoch  19  test reward is 0.427309, test accuracy is 0.363514
Time taken in this epoch 857.898683071
Best Reward: 0.431429 (Accuracy: 0.369369) at epoch 17
Best Accuracy: 0.369369 (Reward: 0.428706) at epoch 15
Saving model with header =  model/moduleKwNoMap-b15-ind-3-19

100 / 12321
200 / 12321
300 / 12321
400 / 12321
500 / 12321
600 / 12321
700 / 12321
800 / 12321
900 / 12321
1000 / 12321
1100 / 12321
1200 / 12321
1300 / 12321
1400 / 12321
1500 / 12321
1600 / 12321
1700 / 12321
1800 / 12321
1900 / 12321
2000 / 12321
2100 / 12321
2200 / 12321
2300 / 12321
2400 / 12321
2500 / 12321
2600 / 12321
2700 / 12321
2800 / 12321
2900 / 12321
3000 / 12321
3100 / 12321
3200 / 12321
3300 / 12321
3400 / 12321
3500 / 12321
3600 / 12321
3700 / 12321
3800 / 12321
3900 / 12321
4000 / 12321
4100 / 12321
4200 / 12321
4300 / 12321
4400 / 12321
4500 / 12321
4600 / 12321
4700 / 12321
4800 / 12321
4900 / 12321
5000 / 12321
5100 / 12321
5200 / 12321
5300 / 12321
5400 / 12321
5500 / 12321
5600 / 12321
5700 / 12321
5800 / 12321
5900 / 12321
6000 / 12321
6100 / 12321
6200 / 12321
6300 / 12321
6400 / 12321
6500 / 12321
6600 / 12321
6700 / 12321
6800 / 12321
6900 / 12321
7000 / 12321
7100 / 12321
7200 / 12321
7300 / 12321
7400 / 12321
7500 / 12321
7600 / 12321
7700 / 12321
7800 / 12321
7900 / 12321
8000 / 12321
8100 / 12321
8200 / 12321
8300 / 12321
8400 / 12321
8500 / 12321
8600 / 12321
8700 / 12321
8800 / 12321
8900 / 12321
9000 / 12321
9100 / 12321
9200 / 12321
9300 / 12321
9400 / 12321
9500 / 12321
9600 / 12321
9700 / 12321
9800 / 12321
9900 / 12321
10000 / 12321
10100 / 12321
10200 / 12321
10300 / 12321
10400 / 12321
10500 / 12321
10600 / 12321
10700 / 12321
10800 / 12321
10900 / 12321
11000 / 12321
11100 / 12321
11200 / 12321
11300 / 12321
11400 / 12321
11500 / 12321
11600 / 12321
11700 / 12321
11800 / 12321
11900 / 12321
12000 / 12321
12100 / 12321
12200 / 12321
12300 / 12321
In epoch  20  avg loss (or negative reward) is  0.612221757464
In epoch  20  test reward is 0.427886, test accuracy is 0.366667
Time taken in this epoch 867.629083872
Best Reward: 0.431429 (Accuracy: 0.369369) at epoch 17
Best Accuracy: 0.369369 (Reward: 0.428706) at epoch 15
Saving model with header =  model/moduleKwNoMap-b15-ind-3-20

100 / 12321
200 / 12321
300 / 12321
400 / 12321
500 / 12321
600 / 12321
700 / 12321
800 / 12321
900 / 12321
1000 / 12321
1100 / 12321
1200 / 12321
1300 / 12321
1400 / 12321
1500 / 12321
1600 / 12321
1700 / 12321
1800 / 12321
1900 / 12321
2000 / 12321
2100 / 12321
2200 / 12321
2300 / 12321
2400 / 12321
2500 / 12321
2600 / 12321
2700 / 12321
2800 / 12321
2900 / 12321
3000 / 12321
3100 / 12321
3200 / 12321
3300 / 12321
3400 / 12321
3500 / 12321
3600 / 12321
3700 / 12321
3800 / 12321
3900 / 12321
4000 / 12321
4100 / 12321
4200 / 12321
4300 / 12321
4400 / 12321
4500 / 12321
4600 / 12321
4700 / 12321
4800 / 12321
4900 / 12321
5000 / 12321
5100 / 12321
5200 / 12321
5300 / 12321
5400 / 12321
5500 / 12321
5600 / 12321
5700 / 12321
5800 / 12321
5900 / 12321
6000 / 12321
6100 / 12321
6200 / 12321
6300 / 12321
6400 / 12321
6500 / 12321
6600 / 12321
6700 / 12321
6800 / 12321
6900 / 12321
7000 / 12321
7100 / 12321
7200 / 12321
7300 / 12321
7400 / 12321
7500 / 12321
7600 / 12321
7700 / 12321
7800 / 12321
7900 / 12321
8000 / 12321
8100 / 12321
8200 / 12321
8300 / 12321
8400 / 12321
8500 / 12321
8600 / 12321
8700 / 12321
8800 / 12321
8900 / 12321
9000 / 12321
9100 / 12321
9200 / 12321
9300 / 12321
9400 / 12321
9500 / 12321
9600 / 12321
9700 / 12321
9800 / 12321
9900 / 12321
10000 / 12321
10100 / 12321
10200 / 12321
10300 / 12321
10400 / 12321
10500 / 12321
10600 / 12321
10700 / 12321
10800 / 12321
10900 / 12321
11000 / 12321
11100 / 12321
11200 / 12321
11300 / 12321
11400 / 12321
11500 / 12321
11600 / 12321
11700 / 12321
11800 / 12321
11900 / 12321
12000 / 12321
12100 / 12321
12200 / 12321
12300 / 12321
In epoch  21  avg loss (or negative reward) is  0.601862280052
In epoch  21  test reward is 0.431035, test accuracy is 0.372973
Time taken in this epoch 887.280604124
Best Reward: 0.431429 (Accuracy: 0.369369) at epoch 17
Best Accuracy: 0.372973 (Reward: 0.431035) at epoch 21
Saving model with header =  model/moduleKwNoMap-b15-ind-3-21

100 / 12321
200 / 12321
300 / 12321
400 / 12321
500 / 12321
600 / 12321
700 / 12321
800 / 12321
900 / 12321
1000 / 12321
1100 / 12321
1200 / 12321
1300 / 12321
1400 / 12321
1500 / 12321
1600 / 12321
1700 / 12321
1800 / 12321
1900 / 12321
2000 / 12321
2100 / 12321
2200 / 12321
2300 / 12321
2400 / 12321
2500 / 12321
2600 / 12321
2700 / 12321
2800 / 12321
2900 / 12321
3000 / 12321
3100 / 12321
3200 / 12321
3300 / 12321
3400 / 12321
3500 / 12321
3600 / 12321
3700 / 12321
3800 / 12321
3900 / 12321
4000 / 12321
4100 / 12321
4200 / 12321
4300 / 12321
4400 / 12321
4500 / 12321
4600 / 12321
4700 / 12321
4800 / 12321
4900 / 12321
5000 / 12321
5100 / 12321
5200 / 12321
5300 / 12321
5400 / 12321
5500 / 12321
5600 / 12321
5700 / 12321
5800 / 12321
5900 / 12321
6000 / 12321
6100 / 12321
6200 / 12321
6300 / 12321
6400 / 12321
6500 / 12321
6600 / 12321
6700 / 12321
6800 / 12321
6900 / 12321
7000 / 12321
7100 / 12321
7200 / 12321
7300 / 12321
7400 / 12321
7500 / 12321
7600 / 12321
7700 / 12321
7800 / 12321
7900 / 12321
8000 / 12321
8100 / 12321
8200 / 12321
8300 / 12321
8400 / 12321
8500 / 12321
8600 / 12321
8700 / 12321
8800 / 12321
8900 / 12321
9000 / 12321
9100 / 12321
9200 / 12321
9300 / 12321
9400 / 12321
9500 / 12321
9600 / 12321
9700 / 12321
9800 / 12321
9900 / 12321
10000 / 12321
10100 / 12321
10200 / 12321
10300 / 12321
10400 / 12321
10500 / 12321
10600 / 12321
10700 / 12321
10800 / 12321
10900 / 12321
11000 / 12321
11100 / 12321
11200 / 12321
11300 / 12321
11400 / 12321
11500 / 12321
11600 / 12321
11700 / 12321
11800 / 12321
11900 / 12321
12000 / 12321
12100 / 12321
12200 / 12321
12300 / 12321
In epoch  22  avg loss (or negative reward) is  0.598365943381
In epoch  22  test reward is 0.429277, test accuracy is 0.369369
Time taken in this epoch 886.878677845
Best Reward: 0.431429 (Accuracy: 0.369369) at epoch 17
Best Accuracy: 0.372973 (Reward: 0.431035) at epoch 21
Saving model with header =  model/moduleKwNoMap-b15-ind-3-22

100 / 12321
200 / 12321
300 / 12321
400 / 12321
500 / 12321
600 / 12321
700 / 12321
800 / 12321
900 / 12321
1000 / 12321
1100 / 12321
1200 / 12321
1300 / 12321
1400 / 12321
1500 / 12321
1600 / 12321
1700 / 12321
1800 / 12321
1900 / 12321
2000 / 12321
2100 / 12321
2200 / 12321
2300 / 12321
2400 / 12321
2500 / 12321
2600 / 12321
2700 / 12321
2800 / 12321
2900 / 12321
3000 / 12321
3100 / 12321
3200 / 12321
3300 / 12321
3400 / 12321
3500 / 12321
3600 / 12321
3700 / 12321
3800 / 12321
3900 / 12321
4000 / 12321
4100 / 12321
4200 / 12321
4300 / 12321
4400 / 12321
4500 / 12321
4600 / 12321
4700 / 12321
4800 / 12321
4900 / 12321
5000 / 12321
5100 / 12321
5200 / 12321
5300 / 12321
5400 / 12321
5500 / 12321
5600 / 12321
5700 / 12321
5800 / 12321
5900 / 12321
6000 / 12321
6100 / 12321
6200 / 12321
6300 / 12321
6400 / 12321
6500 / 12321
6600 / 12321
6700 / 12321
6800 / 12321
6900 / 12321
7000 / 12321
7100 / 12321
7200 / 12321
7300 / 12321
7400 / 12321
7500 / 12321
7600 / 12321
7700 / 12321
7800 / 12321
7900 / 12321
8000 / 12321
8100 / 12321
8200 / 12321
8300 / 12321
8400 / 12321
8500 / 12321
8600 / 12321
8700 / 12321
8800 / 12321
8900 / 12321
9000 / 12321
9100 / 12321
9200 / 12321
9300 / 12321
9400 / 12321
9500 / 12321
9600 / 12321
9700 / 12321
9800 / 12321
9900 / 12321
10000 / 12321
10100 / 12321
10200 / 12321
10300 / 12321
10400 / 12321
10500 / 12321
10600 / 12321
10700 / 12321
10800 / 12321
10900 / 12321
11000 / 12321
11100 / 12321
11200 / 12321
11300 / 12321
11400 / 12321
11500 / 12321
11600 / 12321
11700 / 12321
11800 / 12321
11900 / 12321
12000 / 12321
12100 / 12321
12200 / 12321
12300 / 12321
In epoch  23  avg loss (or negative reward) is  0.593807355713
In epoch  23  test reward is 0.432501, test accuracy is 0.369820
Time taken in this epoch 886.221050978
Best Reward: 0.432501 (Accuracy: 0.369820) at epoch 23
Best Accuracy: 0.372973 (Reward: 0.431035) at epoch 21
Saving model with header =  model/moduleKwNoMap-b15-ind-3-23

100 / 12321
200 / 12321
300 / 12321
400 / 12321
500 / 12321
600 / 12321
700 / 12321
800 / 12321
900 / 12321
1000 / 12321
1100 / 12321
1200 / 12321
1300 / 12321
1400 / 12321
1500 / 12321
1600 / 12321
1700 / 12321
1800 / 12321
1900 / 12321
2000 / 12321
2100 / 12321
2200 / 12321
2300 / 12321
2400 / 12321
2500 / 12321
2600 / 12321
2700 / 12321
2800 / 12321
2900 / 12321
3000 / 12321
3100 / 12321
3200 / 12321
3300 / 12321
3400 / 12321
3500 / 12321
3600 / 12321
3700 / 12321
3800 / 12321
3900 / 12321
4000 / 12321
4100 / 12321
4200 / 12321
4300 / 12321
4400 / 12321
4500 / 12321
4600 / 12321
4700 / 12321
4800 / 12321
4900 / 12321
5000 / 12321
5100 / 12321
5200 / 12321
5300 / 12321
5400 / 12321
5500 / 12321
5600 / 12321
5700 / 12321
5800 / 12321
5900 / 12321
6000 / 12321
6100 / 12321
6200 / 12321
6300 / 12321
6400 / 12321
6500 / 12321
6600 / 12321
6700 / 12321
6800 / 12321
6900 / 12321
7000 / 12321
7100 / 12321
7200 / 12321
7300 / 12321
7400 / 12321
7500 / 12321
7600 / 12321
7700 / 12321
7800 / 12321
7900 / 12321
8000 / 12321
8100 / 12321
8200 / 12321
8300 / 12321
8400 / 12321
8500 / 12321
8600 / 12321
8700 / 12321
8800 / 12321
8900 / 12321
9000 / 12321
9100 / 12321
9200 / 12321
9300 / 12321
9400 / 12321
9500 / 12321
9600 / 12321
9700 / 12321
9800 / 12321
9900 / 12321
10000 / 12321
10100 / 12321
10200 / 12321
10300 / 12321
10400 / 12321
10500 / 12321
10600 / 12321
10700 / 12321
10800 / 12321
10900 / 12321
11000 / 12321
11100 / 12321
11200 / 12321
11300 / 12321
11400 / 12321
11500 / 12321
11600 / 12321
11700 / 12321
11800 / 12321
11900 / 12321
12000 / 12321
12100 / 12321
12200 / 12321
12300 / 12321
In epoch  24  avg loss (or negative reward) is  0.586886269028
In epoch  24  test reward is 0.428908, test accuracy is 0.368468
Time taken in this epoch 890.878894091
Best Reward: 0.432501 (Accuracy: 0.369820) at epoch 23
Best Accuracy: 0.372973 (Reward: 0.431035) at epoch 21
Saving model with header =  model/moduleKwNoMap-b15-ind-3-24

100 / 12321
200 / 12321
300 / 12321
400 / 12321
500 / 12321
600 / 12321
700 / 12321
800 / 12321
900 / 12321
1000 / 12321
1100 / 12321
1200 / 12321
1300 / 12321
1400 / 12321
1500 / 12321
1600 / 12321
1700 / 12321
1800 / 12321
1900 / 12321
2000 / 12321
2100 / 12321
2200 / 12321
2300 / 12321
2400 / 12321
2500 / 12321
2600 / 12321
2700 / 12321
2800 / 12321
2900 / 12321
3000 / 12321
3100 / 12321
3200 / 12321
3300 / 12321
3400 / 12321
3500 / 12321
3600 / 12321
3700 / 12321
3800 / 12321
3900 / 12321
4000 / 12321
4100 / 12321
4200 / 12321
4300 / 12321
4400 / 12321
4500 / 12321
4600 / 12321
4700 / 12321
4800 / 12321
4900 / 12321
5000 / 12321
5100 / 12321
5200 / 12321
5300 / 12321
5400 / 12321
5500 / 12321
5600 / 12321
5700 / 12321
5800 / 12321
5900 / 12321
6000 / 12321
6100 / 12321
6200 / 12321
6300 / 12321
6400 / 12321
6500 / 12321
6600 / 12321
6700 / 12321
6800 / 12321
6900 / 12321
7000 / 12321
7100 / 12321
7200 / 12321
7300 / 12321
7400 / 12321
7500 / 12321
7600 / 12321
7700 / 12321
7800 / 12321
7900 / 12321
8000 / 12321
8100 / 12321
8200 / 12321
8300 / 12321
8400 / 12321
8500 / 12321
8600 / 12321
8700 / 12321
8800 / 12321
8900 / 12321
9000 / 12321
9100 / 12321
9200 / 12321
9300 / 12321
9400 / 12321
9500 / 12321
9600 / 12321
9700 / 12321
9800 / 12321
9900 / 12321
10000 / 12321
10100 / 12321
10200 / 12321
10300 / 12321
10400 / 12321
10500 / 12321
10600 / 12321
10700 / 12321
10800 / 12321
10900 / 12321
11000 / 12321
11100 / 12321
11200 / 12321
11300 / 12321
11400 / 12321
11500 / 12321
11600 / 12321
11700 / 12321
11800 / 12321
11900 / 12321
12000 / 12321
12100 / 12321
12200 / 12321
12300 / 12321
In epoch  25  avg loss (or negative reward) is  0.58405299803
In epoch  25  test reward is 0.434211, test accuracy is 0.370270
Time taken in this epoch 888.812278986
Best Reward: 0.434211 (Accuracy: 0.370270) at epoch 25
Best Accuracy: 0.372973 (Reward: 0.431035) at epoch 21
Saving model with header =  model/moduleKwNoMap-b15-ind-3-25

100 / 12321
200 / 12321
300 / 12321
400 / 12321
500 / 12321
600 / 12321
700 / 12321
800 / 12321
900 / 12321
1000 / 12321
1100 / 12321
1200 / 12321
1300 / 12321
1400 / 12321
1500 / 12321
1600 / 12321
1700 / 12321
1800 / 12321
1900 / 12321
2000 / 12321
2100 / 12321
2200 / 12321
2300 / 12321
2400 / 12321
2500 / 12321
2600 / 12321
2700 / 12321
2800 / 12321
2900 / 12321
3000 / 12321
3100 / 12321
3200 / 12321
3300 / 12321
3400 / 12321
3500 / 12321
3600 / 12321
3700 / 12321
3800 / 12321
3900 / 12321
4000 / 12321
4100 / 12321
4200 / 12321
4300 / 12321
4400 / 12321
4500 / 12321
4600 / 12321
4700 / 12321
4800 / 12321
4900 / 12321
5000 / 12321
5100 / 12321
5200 / 12321
5300 / 12321
5400 / 12321
5500 / 12321
5600 / 12321
5700 / 12321
5800 / 12321
5900 / 12321
6000 / 12321
6100 / 12321
6200 / 12321
6300 / 12321
6400 / 12321
6500 / 12321
6600 / 12321
6700 / 12321
6800 / 12321
6900 / 12321
7000 / 12321
7100 / 12321
7200 / 12321
7300 / 12321
7400 / 12321
7500 / 12321
7600 / 12321
7700 / 12321
7800 / 12321
7900 / 12321
8000 / 12321
8100 / 12321
8200 / 12321
8300 / 12321
8400 / 12321
8500 / 12321
8600 / 12321
8700 / 12321
8800 / 12321
8900 / 12321
9000 / 12321
9100 / 12321
9200 / 12321
9300 / 12321
9400 / 12321
9500 / 12321
9600 / 12321
9700 / 12321
9800 / 12321
9900 / 12321
10000 / 12321
10100 / 12321
10200 / 12321
10300 / 12321
10400 / 12321
10500 / 12321
10600 / 12321
10700 / 12321
10800 / 12321
10900 / 12321
11000 / 12321
11100 / 12321
11200 / 12321
11300 / 12321
11400 / 12321
11500 / 12321
11600 / 12321
11700 / 12321
11800 / 12321
11900 / 12321
12000 / 12321
12100 / 12321
12200 / 12321
12300 / 12321
In epoch  26  avg loss (or negative reward) is  0.578902272433
In epoch  26  test reward is 0.432857, test accuracy is 0.369820
Time taken in this epoch 893.563744068
Best Reward: 0.434211 (Accuracy: 0.370270) at epoch 25
Best Accuracy: 0.372973 (Reward: 0.431035) at epoch 21
Saving model with header =  model/moduleKwNoMap-b15-ind-3-26

100 / 12321
200 / 12321
300 / 12321
400 / 12321
500 / 12321
600 / 12321
700 / 12321
800 / 12321
900 / 12321
1000 / 12321
1100 / 12321
1200 / 12321
1300 / 12321
1400 / 12321
1500 / 12321
1600 / 12321
1700 / 12321
1800 / 12321
1900 / 12321
2000 / 12321
2100 / 12321
2200 / 12321
2300 / 12321
2400 / 12321
2500 / 12321
2600 / 12321
2700 / 12321
2800 / 12321
2900 / 12321
3000 / 12321
3100 / 12321
3200 / 12321
3300 / 12321
3400 / 12321
3500 / 12321
3600 / 12321
3700 / 12321
3800 / 12321
3900 / 12321
4000 / 12321
4100 / 12321
4200 / 12321
4300 / 12321
4400 / 12321
4500 / 12321
4600 / 12321
4700 / 12321
4800 / 12321
4900 / 12321
5000 / 12321
5100 / 12321
5200 / 12321
5300 / 12321
5400 / 12321
5500 / 12321
5600 / 12321
5700 / 12321
5800 / 12321
5900 / 12321
6000 / 12321
6100 / 12321
6200 / 12321
6300 / 12321
6400 / 12321
6500 / 12321
6600 / 12321
6700 / 12321
6800 / 12321
6900 / 12321
7000 / 12321
7100 / 12321
7200 / 12321
7300 / 12321
7400 / 12321
7500 / 12321
7600 / 12321
7700 / 12321
7800 / 12321
7900 / 12321
8000 / 12321
8100 / 12321
8200 / 12321
8300 / 12321
8400 / 12321
8500 / 12321
8600 / 12321
8700 / 12321
8800 / 12321
8900 / 12321
9000 / 12321
9100 / 12321
9200 / 12321
9300 / 12321
9400 / 12321
9500 / 12321
9600 / 12321
9700 / 12321
9800 / 12321
9900 / 12321
10000 / 12321
10100 / 12321
10200 / 12321
10300 / 12321
10400 / 12321
10500 / 12321
10600 / 12321
10700 / 12321
10800 / 12321
10900 / 12321
11000 / 12321
11100 / 12321
11200 / 12321
11300 / 12321
11400 / 12321
11500 / 12321
11600 / 12321
11700 / 12321
11800 / 12321
11900 / 12321
12000 / 12321
12100 / 12321
12200 / 12321
12300 / 12321
In epoch  27  avg loss (or negative reward) is  0.572775157772
In epoch  27  test reward is 0.433749, test accuracy is 0.372072
Time taken in this epoch 851.901396036
Best Reward: 0.434211 (Accuracy: 0.370270) at epoch 25
Best Accuracy: 0.372973 (Reward: 0.431035) at epoch 21
Saving model with header =  model/moduleKwNoMap-b15-ind-3-27

100 / 12321
200 / 12321
300 / 12321
400 / 12321
500 / 12321
600 / 12321
700 / 12321
800 / 12321
900 / 12321
1000 / 12321
1100 / 12321
1200 / 12321
1300 / 12321
1400 / 12321
1500 / 12321
1600 / 12321
1700 / 12321
1800 / 12321
1900 / 12321
2000 / 12321
2100 / 12321
2200 / 12321
2300 / 12321
2400 / 12321
2500 / 12321
2600 / 12321
2700 / 12321
2800 / 12321
2900 / 12321
3000 / 12321
3100 / 12321
3200 / 12321
3300 / 12321
3400 / 12321
3500 / 12321
3600 / 12321
3700 / 12321
3800 / 12321
3900 / 12321
4000 / 12321
4100 / 12321
4200 / 12321
4300 / 12321
4400 / 12321
4500 / 12321
4600 / 12321
4700 / 12321
4800 / 12321
4900 / 12321
5000 / 12321
5100 / 12321
5200 / 12321
5300 / 12321
5400 / 12321
5500 / 12321
5600 / 12321
5700 / 12321
5800 / 12321
5900 / 12321
6000 / 12321
6100 / 12321
6200 / 12321
6300 / 12321
6400 / 12321
6500 / 12321
6600 / 12321
6700 / 12321
6800 / 12321
6900 / 12321
7000 / 12321
7100 / 12321
7200 / 12321
7300 / 12321
7400 / 12321
7500 / 12321
7600 / 12321
7700 / 12321
7800 / 12321
7900 / 12321
8000 / 12321
8100 / 12321
8200 / 12321
8300 / 12321
8400 / 12321
8500 / 12321
8600 / 12321
8700 / 12321
8800 / 12321
8900 / 12321
9000 / 12321
9100 / 12321
9200 / 12321
9300 / 12321
9400 / 12321
9500 / 12321
9600 / 12321
9700 / 12321
9800 / 12321
9900 / 12321
10000 / 12321
10100 / 12321
10200 / 12321
10300 / 12321
10400 / 12321
10500 / 12321
10600 / 12321
10700 / 12321
10800 / 12321
10900 / 12321
11000 / 12321
11100 / 12321
11200 / 12321
11300 / 12321
11400 / 12321
11500 / 12321
11600 / 12321
11700 / 12321
11800 / 12321
11900 / 12321
12000 / 12321
12100 / 12321
12200 / 12321
12300 / 12321
In epoch  28  avg loss (or negative reward) is  0.574281076039
In epoch  28  test reward is 0.429373, test accuracy is 0.366667
Time taken in this epoch 789.963454962
Best Reward: 0.434211 (Accuracy: 0.370270) at epoch 25
Best Accuracy: 0.372973 (Reward: 0.431035) at epoch 21
Saving model with header =  model/moduleKwNoMap-b15-ind-3-28

100 / 12321
200 / 12321
300 / 12321
400 / 12321
500 / 12321
600 / 12321
700 / 12321
800 / 12321
900 / 12321
1000 / 12321
1100 / 12321
1200 / 12321
1300 / 12321
1400 / 12321
1500 / 12321
1600 / 12321
1700 / 12321
1800 / 12321
1900 / 12321
2000 / 12321
2100 / 12321
2200 / 12321
2300 / 12321
2400 / 12321
2500 / 12321
2600 / 12321
2700 / 12321
2800 / 12321
2900 / 12321
3000 / 12321
3100 / 12321
3200 / 12321
3300 / 12321
3400 / 12321
3500 / 12321
3600 / 12321
3700 / 12321
3800 / 12321
3900 / 12321
4000 / 12321
4100 / 12321
4200 / 12321
4300 / 12321
4400 / 12321
4500 / 12321
4600 / 12321
4700 / 12321
4800 / 12321
4900 / 12321
5000 / 12321
5100 / 12321
5200 / 12321
5300 / 12321
5400 / 12321
5500 / 12321
5600 / 12321
5700 / 12321
5800 / 12321
5900 / 12321
6000 / 12321
6100 / 12321
6200 / 12321
6300 / 12321
6400 / 12321
6500 / 12321
6600 / 12321
6700 / 12321
6800 / 12321
6900 / 12321
7000 / 12321
7100 / 12321
7200 / 12321
7300 / 12321
7400 / 12321
7500 / 12321
7600 / 12321
7700 / 12321
7800 / 12321
7900 / 12321
8000 / 12321
8100 / 12321
8200 / 12321
8300 / 12321
8400 / 12321
8500 / 12321
8600 / 12321
8700 / 12321
8800 / 12321
8900 / 12321
9000 / 12321
9100 / 12321
9200 / 12321
9300 / 12321
9400 / 12321
9500 / 12321
9600 / 12321
9700 / 12321
9800 / 12321
9900 / 12321
10000 / 12321
10100 / 12321
10200 / 12321
10300 / 12321
10400 / 12321
10500 / 12321
10600 / 12321
10700 / 12321
10800 / 12321
10900 / 12321
11000 / 12321
11100 / 12321
11200 / 12321
11300 / 12321
11400 / 12321
11500 / 12321
11600 / 12321
11700 / 12321
11800 / 12321
11900 / 12321
12000 / 12321
12100 / 12321
12200 / 12321
12300 / 12321
In epoch  29  avg loss (or negative reward) is  0.562822825223
In epoch  29  test reward is 0.439594, test accuracy is 0.377477
Time taken in this epoch 775.433444023
Best Reward: 0.439594 (Accuracy: 0.377477) at epoch 29
Best Accuracy: 0.377477 (Reward: 0.439594) at epoch 29
Saving model with header =  model/moduleKwNoMap-b15-ind-3-29

