[dynet] random seed: 1
[dynet] allocating memory: 2000MB
[dynet] memory allocation done.
Random-split-2-train/dev...
================================================================================
Train /home/scottyih/Neural-RL-SP/data/random-split-2-train.tsv
Test /home/scottyih/Neural-RL-SP/data/random-split-2-dev.tsv
{u'partial_reward': True, u'USE_PRETRAIN_WORD_EMBEDDING': True, u'AnnotatedTableDir': u'/home/scottyih/Neural-RL-SP/Arvind_data/annotated', u'updateEMB': 0, u'DropOut': True, u'ReduceRowCond': False, u'record_path': u'./cache//glove.6b.100d.trie', u'NUM_ITER': 30, u'guessLogPass': False, u'beam_size': 15, u'recordtriesep': u'|', u'recordtriestructure': u'<ffffffffffffffffffffffffffffffffffffffffffffffffffffffffffffffffffffffffffffffffffffffffffffffffffff', u'WORD_EMBEDDING_DIM': 100, u'DIST_BIAS_DIM': 100, u'dirTable': u'file:///D:/ScottYih/Source/Repos/Neural-RL-SP/data', u'LSTM_HIDDEN_DIM': 50, u'embeddingtrie': <marisa_trie.RecordTrie object at 0x7fedbecead70>, u'verbose-dump': False}
>>>>>>>> begin experiments
Warning: /home/scottyih/Neural-RL-SP/Arvind_data/annotated/203-annotated/855.annotated is not complete!
Warning: /home/scottyih/Neural-RL-SP/Arvind_data/annotated/203-annotated/855.annotated is not complete!
Warning: /home/scottyih/Neural-RL-SP/Arvind_data/annotated/203-annotated/855.annotated is not complete!
Warning: /home/scottyih/Neural-RL-SP/Arvind_data/annotated/203-annotated/855.annotated is not complete!
Warning: /home/scottyih/Neural-RL-SP/Arvind_data/annotated/203-annotated/855.annotated is not complete!
Warning: /home/scottyih/Neural-RL-SP/Arvind_data/annotated/203-annotated/855.annotated is not complete!
Warning: /home/scottyih/Neural-RL-SP/Arvind_data/annotated/203-annotated/855.annotated is not complete!
Warning: /home/scottyih/Neural-RL-SP/Arvind_data/annotated/203-annotated/855.annotated is not complete!
Warning: /home/scottyih/Neural-RL-SP/Arvind_data/annotated/204-annotated/74.annotated is not complete!
Warning: /home/scottyih/Neural-RL-SP/Arvind_data/annotated/204-annotated/74.annotated is not complete!
Warning: /home/scottyih/Neural-RL-SP/Arvind_data/annotated/204-annotated/74.annotated is not complete!
Warning: /home/scottyih/Neural-RL-SP/Arvind_data/annotated/204-annotated/74.annotated is not complete!
Warning: /home/scottyih/Neural-RL-SP/Arvind_data/annotated/204-annotated/74.annotated is not complete!
Warning: /home/scottyih/Neural-RL-SP/Arvind_data/annotated/204-annotated/74.annotated is not complete!
Warning: /home/scottyih/Neural-RL-SP/Arvind_data/annotated/204-annotated/74.annotated is not complete!
Warning: /home/scottyih/Neural-RL-SP/Arvind_data/annotated/204-annotated/74.annotated is not complete!
Warning: /home/scottyih/Neural-RL-SP/Arvind_data/annotated/204-annotated/74.annotated is not complete!
Warning: /home/scottyih/Neural-RL-SP/Arvind_data/annotated/204-annotated/74.annotated is not complete!
Warning: /home/scottyih/Neural-RL-SP/Arvind_data/annotated/204-annotated/74.annotated is not complete!
Warning: /home/scottyih/Neural-RL-SP/Arvind_data/annotated/204-annotated/546.annotated is not complete!
Warning: /home/scottyih/Neural-RL-SP/Arvind_data/annotated/204-annotated/546.annotated is not complete!
Warning: /home/scottyih/Neural-RL-SP/Arvind_data/annotated/204-annotated/546.annotated is not complete!
Warning: /home/scottyih/Neural-RL-SP/Arvind_data/annotated/204-annotated/546.annotated is not complete!
Warning: /home/scottyih/Neural-RL-SP/Arvind_data/annotated/204-annotated/546.annotated is not complete!
Warning: /home/scottyih/Neural-RL-SP/Arvind_data/annotated/204-annotated/546.annotated is not complete!
Warning: /home/scottyih/Neural-RL-SP/Arvind_data/annotated/204-annotated/546.annotated is not complete!
Warning: /home/scottyih/Neural-RL-SP/Arvind_data/annotated/204-annotated/546.annotated is not complete!
Warning: /home/scottyih/Neural-RL-SP/Arvind_data/annotated/204-annotated/546.annotated is not complete!
Warning: /home/scottyih/Neural-RL-SP/Arvind_data/annotated/204-annotated/546.annotated is not complete!
Warning: /home/scottyih/Neural-RL-SP/Arvind_data/annotated/204-annotated/309.annotated is not complete!
Warning: /home/scottyih/Neural-RL-SP/Arvind_data/annotated/204-annotated/309.annotated is not complete!
Warning: /home/scottyih/Neural-RL-SP/Arvind_data/annotated/204-annotated/309.annotated is not complete!
Warning: /home/scottyih/Neural-RL-SP/Arvind_data/annotated/204-annotated/309.annotated is not complete!
Warning: /home/scottyih/Neural-RL-SP/Arvind_data/annotated/204-annotated/309.annotated is not complete!
Warning: /home/scottyih/Neural-RL-SP/Arvind_data/annotated/204-annotated/309.annotated is not complete!
Warning: /home/scottyih/Neural-RL-SP/Arvind_data/annotated/204-annotated/309.annotated is not complete!
Warning: /home/scottyih/Neural-RL-SP/Arvind_data/annotated/203-annotated/803.annotated is not complete!
Warning: /home/scottyih/Neural-RL-SP/Arvind_data/annotated/203-annotated/803.annotated is not complete!
Warning: /home/scottyih/Neural-RL-SP/Arvind_data/annotated/203-annotated/803.annotated is not complete!
Warning: /home/scottyih/Neural-RL-SP/Arvind_data/annotated/203-annotated/803.annotated is not complete!
Warning: /home/scottyih/Neural-RL-SP/Arvind_data/annotated/203-annotated/803.annotated is not complete!
Warning: /home/scottyih/Neural-RL-SP/Arvind_data/annotated/203-annotated/803.annotated is not complete!
Warning: /home/scottyih/Neural-RL-SP/Arvind_data/annotated/203-annotated/803.annotated is not complete!
Warning: /home/scottyih/Neural-RL-SP/Arvind_data/annotated/203-annotated/803.annotated is not complete!
Warning: /home/scottyih/Neural-RL-SP/Arvind_data/annotated/204-annotated/309.annotated is not complete!
Warning: /home/scottyih/Neural-RL-SP/Arvind_data/annotated/204-annotated/309.annotated is not complete!
Warning: /home/scottyih/Neural-RL-SP/Arvind_data/annotated/204-annotated/309.annotated is not complete!
Warning: /home/scottyih/Neural-RL-SP/Arvind_data/annotated/204-annotated/309.annotated is not complete!
Warning: /home/scottyih/Neural-RL-SP/Arvind_data/annotated/204-annotated/309.annotated is not complete!
Warning: /home/scottyih/Neural-RL-SP/Arvind_data/annotated/204-annotated/309.annotated is not complete!
Warning: /home/scottyih/Neural-RL-SP/Arvind_data/annotated/204-annotated/309.annotated is not complete!
Warning: /home/scottyih/Neural-RL-SP/Arvind_data/annotated/204-annotated/309.annotated is not complete!
Warning: /home/scottyih/Neural-RL-SP/Arvind_data/annotated/204-annotated/309.annotated is not complete!
Warning: /home/scottyih/Neural-RL-SP/Arvind_data/annotated/204-annotated/309.annotated is not complete!
Warning: /home/scottyih/Neural-RL-SP/Arvind_data/annotated/203-annotated/803.annotated is not complete!
Warning: /home/scottyih/Neural-RL-SP/Arvind_data/annotated/203-annotated/803.annotated is not complete!
Warning: /home/scottyih/Neural-RL-SP/Arvind_data/annotated/203-annotated/803.annotated is not complete!
Warning: /home/scottyih/Neural-RL-SP/Arvind_data/annotated/203-annotated/803.annotated is not complete!
Warning: /home/scottyih/Neural-RL-SP/Arvind_data/annotated/203-annotated/803.annotated is not complete!
Warning: /home/scottyih/Neural-RL-SP/Arvind_data/annotated/203-annotated/803.annotated is not complete!
Warning: /home/scottyih/Neural-RL-SP/Arvind_data/annotated/203-annotated/803.annotated is not complete!
Warning: /home/scottyih/Neural-RL-SP/Arvind_data/annotated/203-annotated/803.annotated is not complete!
Warning: /home/scottyih/Neural-RL-SP/Arvind_data/annotated/203-annotated/803.annotated is not complete!
Warning: /home/scottyih/Neural-RL-SP/Arvind_data/annotated/203-annotated/803.annotated is not complete!
Warning: /home/scottyih/Neural-RL-SP/Arvind_data/annotated/203-annotated/803.annotated is not complete!
Warning: /home/scottyih/Neural-RL-SP/Arvind_data/annotated/204-annotated/309.annotated is not complete!
Warning: /home/scottyih/Neural-RL-SP/Arvind_data/annotated/204-annotated/309.annotated is not complete!
Warning: /home/scottyih/Neural-RL-SP/Arvind_data/annotated/204-annotated/309.annotated is not complete!
Warning: /home/scottyih/Neural-RL-SP/Arvind_data/annotated/204-annotated/309.annotated is not complete!
Warning: /home/scottyih/Neural-RL-SP/Arvind_data/annotated/204-annotated/309.annotated is not complete!
Warning: /home/scottyih/Neural-RL-SP/Arvind_data/annotated/204-annotated/309.annotated is not complete!
Warning: /home/scottyih/Neural-RL-SP/Arvind_data/annotated/204-annotated/309.annotated is not complete!
Warning: /home/scottyih/Neural-RL-SP/Arvind_data/annotated/204-annotated/309.annotated is not complete!
Warning: /home/scottyih/Neural-RL-SP/Arvind_data/annotated/204-annotated/309.annotated is not complete!
Warning: /home/scottyih/Neural-RL-SP/Arvind_data/annotated/204-annotated/309.annotated is not complete!
Warning: /home/scottyih/Neural-RL-SP/Arvind_data/annotated/204-annotated/309.annotated is not complete!
Warning: /home/scottyih/Neural-RL-SP/Arvind_data/annotated/204-annotated/309.annotated is not complete!
Warning: /home/scottyih/Neural-RL-SP/Arvind_data/annotated/204-annotated/309.annotated is not complete!
Warning: /home/scottyih/Neural-RL-SP/Arvind_data/annotated/204-annotated/309.annotated is not complete!
Warning: /home/scottyih/Neural-RL-SP/Arvind_data/annotated/204-annotated/309.annotated is not complete!
Warning: /home/scottyih/Neural-RL-SP/Arvind_data/annotated/204-annotated/51.annotated is not complete!
Warning: /home/scottyih/Neural-RL-SP/Arvind_data/annotated/204-annotated/51.annotated is not complete!
Warning: /home/scottyih/Neural-RL-SP/Arvind_data/annotated/204-annotated/51.annotated is not complete!
Warning: /home/scottyih/Neural-RL-SP/Arvind_data/annotated/204-annotated/51.annotated is not complete!
Warning: /home/scottyih/Neural-RL-SP/Arvind_data/annotated/204-annotated/51.annotated is not complete!
Warning: /home/scottyih/Neural-RL-SP/Arvind_data/annotated/204-annotated/51.annotated is not complete!
Warning: /home/scottyih/Neural-RL-SP/Arvind_data/annotated/204-annotated/51.annotated is not complete!
Warning: /home/scottyih/Neural-RL-SP/Arvind_data/annotated/204-annotated/51.annotated is not complete!
Warning: /home/scottyih/Neural-RL-SP/Arvind_data/annotated/204-annotated/51.annotated is not complete!
Warning: /home/scottyih/Neural-RL-SP/Arvind_data/annotated/204-annotated/51.annotated is not complete!
Warning: /home/scottyih/Neural-RL-SP/Arvind_data/annotated/203-annotated/803.annotated is not complete!
Warning: /home/scottyih/Neural-RL-SP/Arvind_data/annotated/203-annotated/803.annotated is not complete!
Warning: /home/scottyih/Neural-RL-SP/Arvind_data/annotated/203-annotated/803.annotated is not complete!
Warning: /home/scottyih/Neural-RL-SP/Arvind_data/annotated/203-annotated/803.annotated is not complete!
Warning: /home/scottyih/Neural-RL-SP/Arvind_data/annotated/203-annotated/803.annotated is not complete!
Warning: /home/scottyih/Neural-RL-SP/Arvind_data/annotated/203-annotated/803.annotated is not complete!
Warning: /home/scottyih/Neural-RL-SP/Arvind_data/annotated/203-annotated/803.annotated is not complete!
Warning: /home/scottyih/Neural-RL-SP/Arvind_data/annotated/203-annotated/803.annotated is not complete!
Warning: /home/scottyih/Neural-RL-SP/Arvind_data/annotated/203-annotated/803.annotated is not complete!
Warning: /home/scottyih/Neural-RL-SP/Arvind_data/annotated/203-annotated/803.annotated is not complete!
Warning: /home/scottyih/Neural-RL-SP/Arvind_data/annotated/203-annotated/325.annotated is not complete!
Warning: /home/scottyih/Neural-RL-SP/Arvind_data/annotated/203-annotated/325.annotated is not complete!
Warning: /home/scottyih/Neural-RL-SP/Arvind_data/annotated/203-annotated/325.annotated is not complete!
Warning: /home/scottyih/Neural-RL-SP/Arvind_data/annotated/203-annotated/325.annotated is not complete!
Warning: /home/scottyih/Neural-RL-SP/Arvind_data/annotated/203-annotated/325.annotated is not complete!
Warning: /home/scottyih/Neural-RL-SP/Arvind_data/annotated/203-annotated/325.annotated is not complete!
Warning: /home/scottyih/Neural-RL-SP/Arvind_data/annotated/203-annotated/190.annotated is not complete!
Warning: /home/scottyih/Neural-RL-SP/Arvind_data/annotated/203-annotated/190.annotated is not complete!
Warning: /home/scottyih/Neural-RL-SP/Arvind_data/annotated/203-annotated/190.annotated is not complete!
Warning: /home/scottyih/Neural-RL-SP/Arvind_data/annotated/203-annotated/190.annotated is not complete!
Warning: /home/scottyih/Neural-RL-SP/Arvind_data/annotated/203-annotated/190.annotated is not complete!
Warning: /home/scottyih/Neural-RL-SP/Arvind_data/annotated/203-annotated/190.annotated is not complete!
Warning: /home/scottyih/Neural-RL-SP/Arvind_data/annotated/203-annotated/190.annotated is not complete!
Warning: /home/scottyih/Neural-RL-SP/Arvind_data/annotated/203-annotated/190.annotated is not complete!
init vw = 32357 words
beginning to load embeddings....
the number of words that are in pretrain 22467.0 32357 0.694347436413
loading complete!
100 / 12063
200 / 12063
300 / 12063
400 / 12063
500 / 12063
600 / 12063
700 / 12063
800 / 12063
900 / 12063
1000 / 12063
1100 / 12063
1200 / 12063
1300 / 12063
1400 / 12063
1500 / 12063
1600 / 12063
1700 / 12063
1800 / 12063
1900 / 12063
2000 / 12063
2100 / 12063
2200 / 12063
2300 / 12063
2400 / 12063
2500 / 12063
2600 / 12063
2700 / 12063
2800 / 12063
2900 / 12063
3000 / 12063
3100 / 12063
3200 / 12063
3300 / 12063
3400 / 12063
3500 / 12063
3600 / 12063
3700 / 12063
3800 / 12063
3900 / 12063
4000 / 12063
4100 / 12063
4200 / 12063
4300 / 12063
4400 / 12063
4500 / 12063
4600 / 12063
4700 / 12063
4800 / 12063
4900 / 12063
5000 / 12063
5100 / 12063
5200 / 12063
5300 / 12063
5400 / 12063
5500 / 12063
5600 / 12063
5700 / 12063
5800 / 12063
5900 / 12063
6000 / 12063
6100 / 12063
6200 / 12063
6300 / 12063
6400 / 12063
6500 / 12063
6600 / 12063
6700 / 12063
6800 / 12063
6900 / 12063
7000 / 12063
7100 / 12063
7200 / 12063
7300 / 12063
7400 / 12063
7500 / 12063
7600 / 12063
7700 / 12063
7800 / 12063
7900 / 12063
8000 / 12063
8100 / 12063
8200 / 12063
8300 / 12063
8400 / 12063
8500 / 12063
8600 / 12063
8700 / 12063
8800 / 12063
8900 / 12063
9000 / 12063
9100 / 12063
9200 / 12063
9300 / 12063
9400 / 12063
9500 / 12063
9600 / 12063
9700 / 12063
9800 / 12063
9900 / 12063
10000 / 12063
10100 / 12063
10200 / 12063
10300 / 12063
10400 / 12063
10500 / 12063
10600 / 12063
10700 / 12063
10800 / 12063
10900 / 12063
11000 / 12063
11100 / 12063
11200 / 12063
11300 / 12063
11400 / 12063
11500 / 12063
11600 / 12063
11700 / 12063
11800 / 12063
11900 / 12063
12000 / 12063
In epoch  0  avg loss (or negative reward) is  0.929804694427
In epoch  0  test reward is 0.304805, test accuracy is 0.252220
Time taken in this epoch 794.229404926
Best Reward: 0.304805 (Accuracy: 0.252220) at epoch 0
Best Accuracy: 0.252220 (Reward: 0.304805) at epoch 0
Saving model with header =  model/moduleKwNoMap-b15-ind-2-0

100 / 12063
200 / 12063
300 / 12063
400 / 12063
500 / 12063
600 / 12063
700 / 12063
800 / 12063
900 / 12063
1000 / 12063
1100 / 12063
1200 / 12063
1300 / 12063
1400 / 12063
1500 / 12063
1600 / 12063
1700 / 12063
1800 / 12063
1900 / 12063
2000 / 12063
2100 / 12063
2200 / 12063
2300 / 12063
2400 / 12063
2500 / 12063
2600 / 12063
2700 / 12063
2800 / 12063
2900 / 12063
3000 / 12063
3100 / 12063
3200 / 12063
3300 / 12063
3400 / 12063
3500 / 12063
3600 / 12063
3700 / 12063
3800 / 12063
3900 / 12063
4000 / 12063
4100 / 12063
4200 / 12063
4300 / 12063
4400 / 12063
4500 / 12063
4600 / 12063
4700 / 12063
4800 / 12063
4900 / 12063
5000 / 12063
5100 / 12063
5200 / 12063
5300 / 12063
5400 / 12063
5500 / 12063
5600 / 12063
5700 / 12063
5800 / 12063
5900 / 12063
6000 / 12063
6100 / 12063
6200 / 12063
6300 / 12063
6400 / 12063
6500 / 12063
6600 / 12063
6700 / 12063
6800 / 12063
6900 / 12063
7000 / 12063
7100 / 12063
7200 / 12063
7300 / 12063
7400 / 12063
7500 / 12063
7600 / 12063
7700 / 12063
7800 / 12063
7900 / 12063
8000 / 12063
8100 / 12063
8200 / 12063
8300 / 12063
8400 / 12063
8500 / 12063
8600 / 12063
8700 / 12063
8800 / 12063
8900 / 12063
9000 / 12063
9100 / 12063
9200 / 12063
9300 / 12063
9400 / 12063
9500 / 12063
9600 / 12063
9700 / 12063
9800 / 12063
9900 / 12063
10000 / 12063
10100 / 12063
10200 / 12063
10300 / 12063
10400 / 12063
10500 / 12063
10600 / 12063
10700 / 12063
10800 / 12063
10900 / 12063
11000 / 12063
11100 / 12063
11200 / 12063
11300 / 12063
11400 / 12063
11500 / 12063
11600 / 12063
11700 / 12063
11800 / 12063
11900 / 12063
12000 / 12063
In epoch  1  avg loss (or negative reward) is  0.872423395272
In epoch  1  test reward is 0.342018, test accuracy is 0.285311
Time taken in this epoch 781.194061041
Best Reward: 0.342018 (Accuracy: 0.285311) at epoch 1
Best Accuracy: 0.285311 (Reward: 0.342018) at epoch 1
Saving model with header =  model/moduleKwNoMap-b15-ind-2-1

100 / 12063
200 / 12063
300 / 12063
400 / 12063
500 / 12063
600 / 12063
700 / 12063
800 / 12063
900 / 12063
1000 / 12063
1100 / 12063
1200 / 12063
1300 / 12063
1400 / 12063
1500 / 12063
1600 / 12063
1700 / 12063
1800 / 12063
1900 / 12063
2000 / 12063
2100 / 12063
2200 / 12063
2300 / 12063
2400 / 12063
2500 / 12063
2600 / 12063
2700 / 12063
2800 / 12063
2900 / 12063
3000 / 12063
3100 / 12063
3200 / 12063
3300 / 12063
3400 / 12063
3500 / 12063
3600 / 12063
3700 / 12063
3800 / 12063
3900 / 12063
4000 / 12063
4100 / 12063
4200 / 12063
4300 / 12063
4400 / 12063
4500 / 12063
4600 / 12063
4700 / 12063
4800 / 12063
4900 / 12063
5000 / 12063
5100 / 12063
5200 / 12063
5300 / 12063
5400 / 12063
5500 / 12063
5600 / 12063
5700 / 12063
5800 / 12063
5900 / 12063
6000 / 12063
6100 / 12063
6200 / 12063
6300 / 12063
6400 / 12063
6500 / 12063
6600 / 12063
6700 / 12063
6800 / 12063
6900 / 12063
7000 / 12063
7100 / 12063
7200 / 12063
7300 / 12063
7400 / 12063
7500 / 12063
7600 / 12063
7700 / 12063
7800 / 12063
7900 / 12063
8000 / 12063
8100 / 12063
8200 / 12063
8300 / 12063
8400 / 12063
8500 / 12063
8600 / 12063
8700 / 12063
8800 / 12063
8900 / 12063
9000 / 12063
9100 / 12063
9200 / 12063
9300 / 12063
9400 / 12063
9500 / 12063
9600 / 12063
9700 / 12063
9800 / 12063
9900 / 12063
10000 / 12063
10100 / 12063
10200 / 12063
10300 / 12063
10400 / 12063
10500 / 12063
10600 / 12063
10700 / 12063
10800 / 12063
10900 / 12063
11000 / 12063
11100 / 12063
11200 / 12063
11300 / 12063
11400 / 12063
11500 / 12063
11600 / 12063
11700 / 12063
11800 / 12063
11900 / 12063
12000 / 12063
In epoch  2  avg loss (or negative reward) is  0.829974831959
In epoch  2  test reward is 0.357304, test accuracy is 0.298628
Time taken in this epoch 843.428901911
Best Reward: 0.357304 (Accuracy: 0.298628) at epoch 2
Best Accuracy: 0.298628 (Reward: 0.357304) at epoch 2
Saving model with header =  model/moduleKwNoMap-b15-ind-2-2

100 / 12063
200 / 12063
300 / 12063
400 / 12063
500 / 12063
600 / 12063
700 / 12063
800 / 12063
900 / 12063
1000 / 12063
1100 / 12063
1200 / 12063
1300 / 12063
1400 / 12063
1500 / 12063
1600 / 12063
1700 / 12063
1800 / 12063
1900 / 12063
2000 / 12063
2100 / 12063
2200 / 12063
2300 / 12063
2400 / 12063
2500 / 12063
2600 / 12063
2700 / 12063
2800 / 12063
2900 / 12063
3000 / 12063
3100 / 12063
3200 / 12063
3300 / 12063
3400 / 12063
3500 / 12063
3600 / 12063
3700 / 12063
3800 / 12063
3900 / 12063
4000 / 12063
4100 / 12063
4200 / 12063
4300 / 12063
4400 / 12063
4500 / 12063
4600 / 12063
4700 / 12063
4800 / 12063
4900 / 12063
5000 / 12063
5100 / 12063
5200 / 12063
5300 / 12063
5400 / 12063
5500 / 12063
5600 / 12063
5700 / 12063
5800 / 12063
5900 / 12063
6000 / 12063
6100 / 12063
6200 / 12063
6300 / 12063
6400 / 12063
6500 / 12063
6600 / 12063
6700 / 12063
6800 / 12063
6900 / 12063
7000 / 12063
7100 / 12063
7200 / 12063
7300 / 12063
7400 / 12063
7500 / 12063
7600 / 12063
7700 / 12063
7800 / 12063
7900 / 12063
8000 / 12063
8100 / 12063
8200 / 12063
8300 / 12063
8400 / 12063
8500 / 12063
8600 / 12063
8700 / 12063
8800 / 12063
8900 / 12063
9000 / 12063
9100 / 12063
9200 / 12063
9300 / 12063
9400 / 12063
9500 / 12063
9600 / 12063
9700 / 12063
9800 / 12063
9900 / 12063
10000 / 12063
10100 / 12063
10200 / 12063
10300 / 12063
10400 / 12063
10500 / 12063
10600 / 12063
10700 / 12063
10800 / 12063
10900 / 12063
11000 / 12063
11100 / 12063
11200 / 12063
11300 / 12063
11400 / 12063
11500 / 12063
11600 / 12063
11700 / 12063
11800 / 12063
11900 / 12063
12000 / 12063
In epoch  3  avg loss (or negative reward) is  0.798021055286
In epoch  3  test reward is 0.371906, test accuracy is 0.317191
Time taken in this epoch 805.466209173
Best Reward: 0.371906 (Accuracy: 0.317191) at epoch 3
Best Accuracy: 0.317191 (Reward: 0.371906) at epoch 3
Saving model with header =  model/moduleKwNoMap-b15-ind-2-3

100 / 12063
200 / 12063
300 / 12063
400 / 12063
500 / 12063
600 / 12063
700 / 12063
800 / 12063
900 / 12063
1000 / 12063
1100 / 12063
1200 / 12063
1300 / 12063
1400 / 12063
1500 / 12063
1600 / 12063
1700 / 12063
1800 / 12063
1900 / 12063
2000 / 12063
2100 / 12063
2200 / 12063
2300 / 12063
2400 / 12063
2500 / 12063
2600 / 12063
2700 / 12063
2800 / 12063
2900 / 12063
3000 / 12063
3100 / 12063
3200 / 12063
3300 / 12063
3400 / 12063
3500 / 12063
3600 / 12063
3700 / 12063
3800 / 12063
3900 / 12063
4000 / 12063
4100 / 12063
4200 / 12063
4300 / 12063
4400 / 12063
4500 / 12063
4600 / 12063
4700 / 12063
4800 / 12063
4900 / 12063
5000 / 12063
5100 / 12063
5200 / 12063
5300 / 12063
5400 / 12063
5500 / 12063
5600 / 12063
5700 / 12063
5800 / 12063
5900 / 12063
6000 / 12063
6100 / 12063
6200 / 12063
6300 / 12063
6400 / 12063
6500 / 12063
6600 / 12063
6700 / 12063
6800 / 12063
6900 / 12063
7000 / 12063
7100 / 12063
7200 / 12063
7300 / 12063
7400 / 12063
7500 / 12063
7600 / 12063
7700 / 12063
7800 / 12063
7900 / 12063
8000 / 12063
8100 / 12063
8200 / 12063
8300 / 12063
8400 / 12063
8500 / 12063
8600 / 12063
8700 / 12063
8800 / 12063
8900 / 12063
9000 / 12063
9100 / 12063
9200 / 12063
9300 / 12063
9400 / 12063
9500 / 12063
9600 / 12063
9700 / 12063
9800 / 12063
9900 / 12063
10000 / 12063
10100 / 12063
10200 / 12063
10300 / 12063
10400 / 12063
10500 / 12063
10600 / 12063
10700 / 12063
10800 / 12063
10900 / 12063
11000 / 12063
11100 / 12063
11200 / 12063
11300 / 12063
11400 / 12063
11500 / 12063
11600 / 12063
11700 / 12063
11800 / 12063
11900 / 12063
12000 / 12063
In epoch  4  avg loss (or negative reward) is  0.771586663623
In epoch  4  test reward is 0.379403, test accuracy is 0.324455
Time taken in this epoch 839.623581886
Best Reward: 0.379403 (Accuracy: 0.324455) at epoch 4
Best Accuracy: 0.324455 (Reward: 0.379403) at epoch 4
Saving model with header =  model/moduleKwNoMap-b15-ind-2-4

100 / 12063
200 / 12063
300 / 12063
400 / 12063
500 / 12063
600 / 12063
700 / 12063
800 / 12063
900 / 12063
1000 / 12063
1100 / 12063
1200 / 12063
1300 / 12063
1400 / 12063
1500 / 12063
1600 / 12063
1700 / 12063
1800 / 12063
1900 / 12063
2000 / 12063
2100 / 12063
2200 / 12063
2300 / 12063
2400 / 12063
2500 / 12063
2600 / 12063
2700 / 12063
2800 / 12063
2900 / 12063
3000 / 12063
3100 / 12063
3200 / 12063
3300 / 12063
3400 / 12063
3500 / 12063
3600 / 12063
3700 / 12063
3800 / 12063
3900 / 12063
4000 / 12063
4100 / 12063
4200 / 12063
4300 / 12063
4400 / 12063
4500 / 12063
4600 / 12063
4700 / 12063
4800 / 12063
4900 / 12063
5000 / 12063
5100 / 12063
5200 / 12063
5300 / 12063
5400 / 12063
5500 / 12063
5600 / 12063
5700 / 12063
5800 / 12063
5900 / 12063
6000 / 12063
6100 / 12063
6200 / 12063
6300 / 12063
6400 / 12063
6500 / 12063
6600 / 12063
6700 / 12063
6800 / 12063
6900 / 12063
7000 / 12063
7100 / 12063
7200 / 12063
7300 / 12063
7400 / 12063
7500 / 12063
7600 / 12063
7700 / 12063
7800 / 12063
7900 / 12063
8000 / 12063
8100 / 12063
8200 / 12063
8300 / 12063
8400 / 12063
8500 / 12063
8600 / 12063
8700 / 12063
8800 / 12063
8900 / 12063
9000 / 12063
9100 / 12063
9200 / 12063
9300 / 12063
9400 / 12063
9500 / 12063
9600 / 12063
9700 / 12063
9800 / 12063
9900 / 12063
10000 / 12063
10100 / 12063
10200 / 12063
10300 / 12063
10400 / 12063
10500 / 12063
10600 / 12063
10700 / 12063
10800 / 12063
10900 / 12063
11000 / 12063
11100 / 12063
11200 / 12063
11300 / 12063
11400 / 12063
11500 / 12063
11600 / 12063
11700 / 12063
11800 / 12063
11900 / 12063
12000 / 12063
In epoch  5  avg loss (or negative reward) is  0.75155214799
In epoch  5  test reward is 0.381985, test accuracy is 0.326069
Time taken in this epoch 844.080559969
Best Reward: 0.381985 (Accuracy: 0.326069) at epoch 5
Best Accuracy: 0.326069 (Reward: 0.381985) at epoch 5
Saving model with header =  model/moduleKwNoMap-b15-ind-2-5

100 / 12063
200 / 12063
300 / 12063
400 / 12063
500 / 12063
600 / 12063
700 / 12063
800 / 12063
900 / 12063
1000 / 12063
1100 / 12063
1200 / 12063
1300 / 12063
1400 / 12063
1500 / 12063
1600 / 12063
1700 / 12063
1800 / 12063
1900 / 12063
2000 / 12063
2100 / 12063
2200 / 12063
2300 / 12063
2400 / 12063
2500 / 12063
2600 / 12063
2700 / 12063
2800 / 12063
2900 / 12063
3000 / 12063
3100 / 12063
3200 / 12063
3300 / 12063
3400 / 12063
3500 / 12063
3600 / 12063
3700 / 12063
3800 / 12063
3900 / 12063
4000 / 12063
4100 / 12063
4200 / 12063
4300 / 12063
4400 / 12063
4500 / 12063
4600 / 12063
4700 / 12063
4800 / 12063
4900 / 12063
5000 / 12063
5100 / 12063
5200 / 12063
5300 / 12063
5400 / 12063
5500 / 12063
5600 / 12063
5700 / 12063
5800 / 12063
5900 / 12063
6000 / 12063
6100 / 12063
6200 / 12063
6300 / 12063
6400 / 12063
6500 / 12063
6600 / 12063
6700 / 12063
6800 / 12063
6900 / 12063
7000 / 12063
7100 / 12063
7200 / 12063
7300 / 12063
7400 / 12063
7500 / 12063
7600 / 12063
7700 / 12063
7800 / 12063
7900 / 12063
8000 / 12063
8100 / 12063
8200 / 12063
8300 / 12063
8400 / 12063
8500 / 12063
8600 / 12063
8700 / 12063
8800 / 12063
8900 / 12063
9000 / 12063
9100 / 12063
9200 / 12063
9300 / 12063
9400 / 12063
9500 / 12063
9600 / 12063
9700 / 12063
9800 / 12063
9900 / 12063
10000 / 12063
10100 / 12063
10200 / 12063
10300 / 12063
10400 / 12063
10500 / 12063
10600 / 12063
10700 / 12063
10800 / 12063
10900 / 12063
11000 / 12063
11100 / 12063
11200 / 12063
11300 / 12063
11400 / 12063
11500 / 12063
11600 / 12063
11700 / 12063
11800 / 12063
11900 / 12063
12000 / 12063
In epoch  6  avg loss (or negative reward) is  0.735601309056
In epoch  6  test reward is 0.387408, test accuracy is 0.329701
Time taken in this epoch 851.345288992
Best Reward: 0.387408 (Accuracy: 0.329701) at epoch 6
Best Accuracy: 0.329701 (Reward: 0.387408) at epoch 6
Saving model with header =  model/moduleKwNoMap-b15-ind-2-6

100 / 12063
200 / 12063
300 / 12063
400 / 12063
500 / 12063
600 / 12063
700 / 12063
800 / 12063
900 / 12063
1000 / 12063
1100 / 12063
1200 / 12063
1300 / 12063
1400 / 12063
1500 / 12063
1600 / 12063
1700 / 12063
1800 / 12063
1900 / 12063
2000 / 12063
2100 / 12063
2200 / 12063
2300 / 12063
2400 / 12063
2500 / 12063
2600 / 12063
2700 / 12063
2800 / 12063
2900 / 12063
3000 / 12063
3100 / 12063
3200 / 12063
3300 / 12063
3400 / 12063
3500 / 12063
3600 / 12063
3700 / 12063
3800 / 12063
3900 / 12063
4000 / 12063
4100 / 12063
4200 / 12063
4300 / 12063
4400 / 12063
4500 / 12063
4600 / 12063
4700 / 12063
4800 / 12063
4900 / 12063
5000 / 12063
5100 / 12063
5200 / 12063
5300 / 12063
5400 / 12063
5500 / 12063
5600 / 12063
5700 / 12063
5800 / 12063
5900 / 12063
6000 / 12063
6100 / 12063
6200 / 12063
6300 / 12063
6400 / 12063
6500 / 12063
6600 / 12063
6700 / 12063
6800 / 12063
6900 / 12063
7000 / 12063
7100 / 12063
7200 / 12063
7300 / 12063
7400 / 12063
7500 / 12063
7600 / 12063
7700 / 12063
7800 / 12063
7900 / 12063
8000 / 12063
8100 / 12063
8200 / 12063
8300 / 12063
8400 / 12063
8500 / 12063
8600 / 12063
8700 / 12063
8800 / 12063
8900 / 12063
9000 / 12063
9100 / 12063
9200 / 12063
9300 / 12063
9400 / 12063
9500 / 12063
9600 / 12063
9700 / 12063
9800 / 12063
9900 / 12063
10000 / 12063
10100 / 12063
10200 / 12063
10300 / 12063
10400 / 12063
10500 / 12063
10600 / 12063
10700 / 12063
10800 / 12063
10900 / 12063
11000 / 12063
11100 / 12063
11200 / 12063
11300 / 12063
11400 / 12063
11500 / 12063
11600 / 12063
11700 / 12063
11800 / 12063
11900 / 12063
12000 / 12063
In epoch  7  avg loss (or negative reward) is  0.72068998428
In epoch  7  test reward is 0.383880, test accuracy is 0.328087
Time taken in this epoch 881.069715023
Best Reward: 0.387408 (Accuracy: 0.329701) at epoch 6
Best Accuracy: 0.329701 (Reward: 0.387408) at epoch 6
Saving model with header =  model/moduleKwNoMap-b15-ind-2-7

100 / 12063
200 / 12063
300 / 12063
400 / 12063
500 / 12063
600 / 12063
700 / 12063
800 / 12063
900 / 12063
1000 / 12063
1100 / 12063
1200 / 12063
1300 / 12063
1400 / 12063
1500 / 12063
1600 / 12063
1700 / 12063
1800 / 12063
1900 / 12063
2000 / 12063
2100 / 12063
2200 / 12063
2300 / 12063
2400 / 12063
2500 / 12063
2600 / 12063
2700 / 12063
2800 / 12063
2900 / 12063
3000 / 12063
3100 / 12063
3200 / 12063
3300 / 12063
3400 / 12063
3500 / 12063
3600 / 12063
3700 / 12063
3800 / 12063
3900 / 12063
4000 / 12063
4100 / 12063
4200 / 12063
4300 / 12063
4400 / 12063
4500 / 12063
4600 / 12063
4700 / 12063
4800 / 12063
4900 / 12063
5000 / 12063
5100 / 12063
5200 / 12063
5300 / 12063
5400 / 12063
5500 / 12063
5600 / 12063
5700 / 12063
5800 / 12063
5900 / 12063
6000 / 12063
6100 / 12063
6200 / 12063
6300 / 12063
6400 / 12063
6500 / 12063
6600 / 12063
6700 / 12063
6800 / 12063
6900 / 12063
7000 / 12063
7100 / 12063
7200 / 12063
7300 / 12063
7400 / 12063
7500 / 12063
7600 / 12063
7700 / 12063
7800 / 12063
7900 / 12063
8000 / 12063
8100 / 12063
8200 / 12063
8300 / 12063
8400 / 12063
8500 / 12063
8600 / 12063
8700 / 12063
8800 / 12063
8900 / 12063
9000 / 12063
9100 / 12063
9200 / 12063
9300 / 12063
9400 / 12063
9500 / 12063
9600 / 12063
9700 / 12063
9800 / 12063
9900 / 12063
10000 / 12063
10100 / 12063
10200 / 12063
10300 / 12063
10400 / 12063
10500 / 12063
10600 / 12063
10700 / 12063
10800 / 12063
10900 / 12063
11000 / 12063
11100 / 12063
11200 / 12063
11300 / 12063
11400 / 12063
11500 / 12063
11600 / 12063
11700 / 12063
11800 / 12063
11900 / 12063
12000 / 12063
In epoch  8  avg loss (or negative reward) is  0.706937385025
In epoch  8  test reward is 0.388443, test accuracy is 0.331316
Time taken in this epoch 886.072338104
Best Reward: 0.388443 (Accuracy: 0.331316) at epoch 8
Best Accuracy: 0.331316 (Reward: 0.388443) at epoch 8
Saving model with header =  model/moduleKwNoMap-b15-ind-2-8

100 / 12063
200 / 12063
300 / 12063
400 / 12063
500 / 12063
600 / 12063
700 / 12063
800 / 12063
900 / 12063
1000 / 12063
1100 / 12063
1200 / 12063
1300 / 12063
1400 / 12063
1500 / 12063
1600 / 12063
1700 / 12063
1800 / 12063
1900 / 12063
2000 / 12063
2100 / 12063
2200 / 12063
2300 / 12063
2400 / 12063
2500 / 12063
2600 / 12063
2700 / 12063
2800 / 12063
2900 / 12063
3000 / 12063
3100 / 12063
3200 / 12063
3300 / 12063
3400 / 12063
3500 / 12063
3600 / 12063
3700 / 12063
3800 / 12063
3900 / 12063
4000 / 12063
4100 / 12063
4200 / 12063
4300 / 12063
4400 / 12063
4500 / 12063
4600 / 12063
4700 / 12063
4800 / 12063
4900 / 12063
5000 / 12063
5100 / 12063
5200 / 12063
5300 / 12063
5400 / 12063
5500 / 12063
5600 / 12063
5700 / 12063
5800 / 12063
5900 / 12063
6000 / 12063
6100 / 12063
6200 / 12063
6300 / 12063
6400 / 12063
6500 / 12063
6600 / 12063
6700 / 12063
6800 / 12063
6900 / 12063
7000 / 12063
7100 / 12063
7200 / 12063
7300 / 12063
7400 / 12063
7500 / 12063
7600 / 12063
7700 / 12063
7800 / 12063
7900 / 12063
8000 / 12063
8100 / 12063
8200 / 12063
8300 / 12063
8400 / 12063
8500 / 12063
8600 / 12063
8700 / 12063
8800 / 12063
8900 / 12063
9000 / 12063
9100 / 12063
9200 / 12063
9300 / 12063
9400 / 12063
9500 / 12063
9600 / 12063
9700 / 12063
9800 / 12063
9900 / 12063
10000 / 12063
10100 / 12063
10200 / 12063
10300 / 12063
10400 / 12063
10500 / 12063
10600 / 12063
10700 / 12063
10800 / 12063
10900 / 12063
11000 / 12063
11100 / 12063
11200 / 12063
11300 / 12063
11400 / 12063
11500 / 12063
11600 / 12063
11700 / 12063
11800 / 12063
11900 / 12063
12000 / 12063
In epoch  9  avg loss (or negative reward) is  0.692683305633
In epoch  9  test reward is 0.390766, test accuracy is 0.334948
Time taken in this epoch 872.971263885
Best Reward: 0.390766 (Accuracy: 0.334948) at epoch 9
Best Accuracy: 0.334948 (Reward: 0.390766) at epoch 9
Saving model with header =  model/moduleKwNoMap-b15-ind-2-9

100 / 12063
200 / 12063
300 / 12063
400 / 12063
500 / 12063
600 / 12063
700 / 12063
800 / 12063
900 / 12063
1000 / 12063
1100 / 12063
1200 / 12063
1300 / 12063
1400 / 12063
1500 / 12063
1600 / 12063
1700 / 12063
1800 / 12063
1900 / 12063
2000 / 12063
2100 / 12063
2200 / 12063
2300 / 12063
2400 / 12063
2500 / 12063
2600 / 12063
2700 / 12063
2800 / 12063
2900 / 12063
3000 / 12063
3100 / 12063
3200 / 12063
3300 / 12063
3400 / 12063
3500 / 12063
3600 / 12063
3700 / 12063
3800 / 12063
3900 / 12063
4000 / 12063
4100 / 12063
4200 / 12063
4300 / 12063
4400 / 12063
4500 / 12063
4600 / 12063
4700 / 12063
4800 / 12063
4900 / 12063
5000 / 12063
5100 / 12063
5200 / 12063
5300 / 12063
5400 / 12063
5500 / 12063
5600 / 12063
5700 / 12063
5800 / 12063
5900 / 12063
6000 / 12063
6100 / 12063
6200 / 12063
6300 / 12063
6400 / 12063
6500 / 12063
6600 / 12063
6700 / 12063
6800 / 12063
6900 / 12063
7000 / 12063
7100 / 12063
7200 / 12063
7300 / 12063
7400 / 12063
7500 / 12063
7600 / 12063
7700 / 12063
7800 / 12063
7900 / 12063
8000 / 12063
8100 / 12063
8200 / 12063
8300 / 12063
8400 / 12063
8500 / 12063
8600 / 12063
8700 / 12063
8800 / 12063
8900 / 12063
9000 / 12063
9100 / 12063
9200 / 12063
9300 / 12063
9400 / 12063
9500 / 12063
9600 / 12063
9700 / 12063
9800 / 12063
9900 / 12063
10000 / 12063
10100 / 12063
10200 / 12063
10300 / 12063
10400 / 12063
10500 / 12063
10600 / 12063
10700 / 12063
10800 / 12063
10900 / 12063
11000 / 12063
11100 / 12063
11200 / 12063
11300 / 12063
11400 / 12063
11500 / 12063
11600 / 12063
11700 / 12063
11800 / 12063
11900 / 12063
12000 / 12063
In epoch  10  avg loss (or negative reward) is  0.680505759392
In epoch  10  test reward is 0.399833, test accuracy is 0.343019
Time taken in this epoch 876.633359909
Best Reward: 0.399833 (Accuracy: 0.343019) at epoch 10
Best Accuracy: 0.343019 (Reward: 0.399833) at epoch 10
Saving model with header =  model/moduleKwNoMap-b15-ind-2-10

100 / 12063
200 / 12063
300 / 12063
400 / 12063
500 / 12063
600 / 12063
700 / 12063
800 / 12063
900 / 12063
1000 / 12063
1100 / 12063
1200 / 12063
1300 / 12063
1400 / 12063
1500 / 12063
1600 / 12063
1700 / 12063
1800 / 12063
1900 / 12063
2000 / 12063
2100 / 12063
2200 / 12063
2300 / 12063
2400 / 12063
2500 / 12063
2600 / 12063
2700 / 12063
2800 / 12063
2900 / 12063
3000 / 12063
3100 / 12063
3200 / 12063
3300 / 12063
3400 / 12063
3500 / 12063
3600 / 12063
3700 / 12063
3800 / 12063
3900 / 12063
4000 / 12063
4100 / 12063
4200 / 12063
4300 / 12063
4400 / 12063
4500 / 12063
4600 / 12063
4700 / 12063
4800 / 12063
4900 / 12063
5000 / 12063
5100 / 12063
5200 / 12063
5300 / 12063
5400 / 12063
5500 / 12063
5600 / 12063
5700 / 12063
5800 / 12063
5900 / 12063
6000 / 12063
6100 / 12063
6200 / 12063
6300 / 12063
6400 / 12063
6500 / 12063
6600 / 12063
6700 / 12063
6800 / 12063
6900 / 12063
7000 / 12063
7100 / 12063
7200 / 12063
7300 / 12063
7400 / 12063
7500 / 12063
7600 / 12063
7700 / 12063
7800 / 12063
7900 / 12063
8000 / 12063
8100 / 12063
8200 / 12063
8300 / 12063
8400 / 12063
8500 / 12063
8600 / 12063
8700 / 12063
8800 / 12063
8900 / 12063
9000 / 12063
9100 / 12063
9200 / 12063
9300 / 12063
9400 / 12063
9500 / 12063
9600 / 12063
9700 / 12063
9800 / 12063
9900 / 12063
10000 / 12063
10100 / 12063
10200 / 12063
10300 / 12063
10400 / 12063
10500 / 12063
10600 / 12063
10700 / 12063
10800 / 12063
10900 / 12063
11000 / 12063
11100 / 12063
11200 / 12063
11300 / 12063
11400 / 12063
11500 / 12063
11600 / 12063
11700 / 12063
11800 / 12063
11900 / 12063
12000 / 12063
In epoch  11  avg loss (or negative reward) is  0.671809924745
In epoch  11  test reward is 0.394538, test accuracy is 0.339387
Time taken in this epoch 884.514311075
Best Reward: 0.399833 (Accuracy: 0.343019) at epoch 10
Best Accuracy: 0.343019 (Reward: 0.399833) at epoch 10
Saving model with header =  model/moduleKwNoMap-b15-ind-2-11

100 / 12063
200 / 12063
300 / 12063
400 / 12063
500 / 12063
600 / 12063
700 / 12063
800 / 12063
900 / 12063
1000 / 12063
1100 / 12063
1200 / 12063
1300 / 12063
1400 / 12063
1500 / 12063
1600 / 12063
1700 / 12063
1800 / 12063
1900 / 12063
2000 / 12063
2100 / 12063
2200 / 12063
2300 / 12063
2400 / 12063
2500 / 12063
2600 / 12063
2700 / 12063
2800 / 12063
2900 / 12063
3000 / 12063
3100 / 12063
3200 / 12063
3300 / 12063
3400 / 12063
3500 / 12063
3600 / 12063
3700 / 12063
3800 / 12063
3900 / 12063
4000 / 12063
4100 / 12063
4200 / 12063
4300 / 12063
4400 / 12063
4500 / 12063
4600 / 12063
4700 / 12063
4800 / 12063
4900 / 12063
5000 / 12063
5100 / 12063
5200 / 12063
5300 / 12063
5400 / 12063
5500 / 12063
5600 / 12063
5700 / 12063
5800 / 12063
5900 / 12063
6000 / 12063
6100 / 12063
6200 / 12063
6300 / 12063
6400 / 12063
6500 / 12063
6600 / 12063
6700 / 12063
6800 / 12063
6900 / 12063
7000 / 12063
7100 / 12063
7200 / 12063
7300 / 12063
7400 / 12063
7500 / 12063
7600 / 12063
7700 / 12063
7800 / 12063
7900 / 12063
8000 / 12063
8100 / 12063
8200 / 12063
8300 / 12063
8400 / 12063
8500 / 12063
8600 / 12063
8700 / 12063
8800 / 12063
8900 / 12063
9000 / 12063
9100 / 12063
9200 / 12063
9300 / 12063
9400 / 12063
9500 / 12063
9600 / 12063
9700 / 12063
9800 / 12063
9900 / 12063
10000 / 12063
10100 / 12063
10200 / 12063
10300 / 12063
10400 / 12063
10500 / 12063
10600 / 12063
10700 / 12063
10800 / 12063
10900 / 12063
11000 / 12063
11100 / 12063
11200 / 12063
11300 / 12063
11400 / 12063
11500 / 12063
11600 / 12063
11700 / 12063
11800 / 12063
11900 / 12063
12000 / 12063
In epoch  12  avg loss (or negative reward) is  0.661793833254
In epoch  12  test reward is 0.385959, test accuracy is 0.329701
Time taken in this epoch 909.257007122
Best Reward: 0.399833 (Accuracy: 0.343019) at epoch 10
Best Accuracy: 0.343019 (Reward: 0.399833) at epoch 10
Saving model with header =  model/moduleKwNoMap-b15-ind-2-12

100 / 12063
200 / 12063
300 / 12063
400 / 12063
500 / 12063
600 / 12063
700 / 12063
800 / 12063
900 / 12063
1000 / 12063
1100 / 12063
1200 / 12063
1300 / 12063
1400 / 12063
1500 / 12063
1600 / 12063
1700 / 12063
1800 / 12063
1900 / 12063
2000 / 12063
2100 / 12063
2200 / 12063
2300 / 12063
2400 / 12063
2500 / 12063
2600 / 12063
2700 / 12063
2800 / 12063
2900 / 12063
3000 / 12063
3100 / 12063
3200 / 12063
3300 / 12063
3400 / 12063
3500 / 12063
3600 / 12063
3700 / 12063
3800 / 12063
3900 / 12063
4000 / 12063
4100 / 12063
4200 / 12063
4300 / 12063
4400 / 12063
4500 / 12063
4600 / 12063
4700 / 12063
4800 / 12063
4900 / 12063
5000 / 12063
5100 / 12063
5200 / 12063
5300 / 12063
5400 / 12063
5500 / 12063
5600 / 12063
5700 / 12063
5800 / 12063
5900 / 12063
6000 / 12063
6100 / 12063
6200 / 12063
6300 / 12063
6400 / 12063
6500 / 12063
6600 / 12063
6700 / 12063
6800 / 12063
6900 / 12063
7000 / 12063
7100 / 12063
7200 / 12063
7300 / 12063
7400 / 12063
7500 / 12063
7600 / 12063
7700 / 12063
7800 / 12063
7900 / 12063
8000 / 12063
8100 / 12063
8200 / 12063
8300 / 12063
8400 / 12063
8500 / 12063
8600 / 12063
8700 / 12063
8800 / 12063
8900 / 12063
9000 / 12063
9100 / 12063
9200 / 12063
9300 / 12063
9400 / 12063
9500 / 12063
9600 / 12063
9700 / 12063
9800 / 12063
9900 / 12063
10000 / 12063
10100 / 12063
10200 / 12063
10300 / 12063
10400 / 12063
10500 / 12063
10600 / 12063
10700 / 12063
10800 / 12063
10900 / 12063
11000 / 12063
11100 / 12063
11200 / 12063
11300 / 12063
11400 / 12063
11500 / 12063
11600 / 12063
11700 / 12063
11800 / 12063
11900 / 12063
12000 / 12063
In epoch  13  avg loss (or negative reward) is  0.652320570779
In epoch  13  test reward is 0.392698, test accuracy is 0.338579
Time taken in this epoch 871.321568966
Best Reward: 0.399833 (Accuracy: 0.343019) at epoch 10
Best Accuracy: 0.343019 (Reward: 0.399833) at epoch 10
Saving model with header =  model/moduleKwNoMap-b15-ind-2-13

100 / 12063
200 / 12063
300 / 12063
400 / 12063
500 / 12063
600 / 12063
700 / 12063
800 / 12063
900 / 12063
1000 / 12063
1100 / 12063
1200 / 12063
1300 / 12063
1400 / 12063
1500 / 12063
1600 / 12063
1700 / 12063
1800 / 12063
1900 / 12063
2000 / 12063
2100 / 12063
2200 / 12063
2300 / 12063
2400 / 12063
2500 / 12063
2600 / 12063
2700 / 12063
2800 / 12063
2900 / 12063
3000 / 12063
3100 / 12063
3200 / 12063
3300 / 12063
3400 / 12063
3500 / 12063
3600 / 12063
3700 / 12063
3800 / 12063
3900 / 12063
4000 / 12063
4100 / 12063
4200 / 12063
4300 / 12063
4400 / 12063
4500 / 12063
4600 / 12063
4700 / 12063
4800 / 12063
4900 / 12063
5000 / 12063
5100 / 12063
5200 / 12063
5300 / 12063
5400 / 12063
5500 / 12063
5600 / 12063
5700 / 12063
5800 / 12063
5900 / 12063
6000 / 12063
6100 / 12063
6200 / 12063
6300 / 12063
6400 / 12063
6500 / 12063
6600 / 12063
6700 / 12063
6800 / 12063
6900 / 12063
7000 / 12063
7100 / 12063
7200 / 12063
7300 / 12063
7400 / 12063
7500 / 12063
7600 / 12063
7700 / 12063
7800 / 12063
7900 / 12063
8000 / 12063
8100 / 12063
8200 / 12063
8300 / 12063
8400 / 12063
8500 / 12063
8600 / 12063
8700 / 12063
8800 / 12063
8900 / 12063
9000 / 12063
9100 / 12063
9200 / 12063
9300 / 12063
9400 / 12063
9500 / 12063
9600 / 12063
9700 / 12063
9800 / 12063
9900 / 12063
10000 / 12063
10100 / 12063
10200 / 12063
10300 / 12063
10400 / 12063
10500 / 12063
10600 / 12063
10700 / 12063
10800 / 12063
10900 / 12063
11000 / 12063
11100 / 12063
11200 / 12063
11300 / 12063
11400 / 12063
11500 / 12063
11600 / 12063
11700 / 12063
11800 / 12063
11900 / 12063
12000 / 12063
In epoch  14  avg loss (or negative reward) is  0.642895998761
In epoch  14  test reward is 0.393501, test accuracy is 0.337772
Time taken in this epoch 813.430346966
Best Reward: 0.399833 (Accuracy: 0.343019) at epoch 10
Best Accuracy: 0.343019 (Reward: 0.399833) at epoch 10
Saving model with header =  model/moduleKwNoMap-b15-ind-2-14

100 / 12063
200 / 12063
300 / 12063
400 / 12063
500 / 12063
600 / 12063
700 / 12063
800 / 12063
900 / 12063
1000 / 12063
1100 / 12063
1200 / 12063
1300 / 12063
1400 / 12063
1500 / 12063
1600 / 12063
1700 / 12063
1800 / 12063
1900 / 12063
2000 / 12063
2100 / 12063
2200 / 12063
2300 / 12063
2400 / 12063
2500 / 12063
2600 / 12063
2700 / 12063
2800 / 12063
2900 / 12063
3000 / 12063
3100 / 12063
3200 / 12063
3300 / 12063
3400 / 12063
3500 / 12063
3600 / 12063
3700 / 12063
3800 / 12063
3900 / 12063
4000 / 12063
4100 / 12063
4200 / 12063
4300 / 12063
4400 / 12063
4500 / 12063
4600 / 12063
4700 / 12063
4800 / 12063
4900 / 12063
5000 / 12063
5100 / 12063
5200 / 12063
5300 / 12063
5400 / 12063
5500 / 12063
5600 / 12063
5700 / 12063
5800 / 12063
5900 / 12063
6000 / 12063
6100 / 12063
6200 / 12063
6300 / 12063
6400 / 12063
6500 / 12063
6600 / 12063
6700 / 12063
6800 / 12063
6900 / 12063
7000 / 12063
7100 / 12063
7200 / 12063
7300 / 12063
7400 / 12063
7500 / 12063
7600 / 12063
7700 / 12063
7800 / 12063
7900 / 12063
8000 / 12063
8100 / 12063
8200 / 12063
8300 / 12063
8400 / 12063
8500 / 12063
8600 / 12063
8700 / 12063
8800 / 12063
8900 / 12063
9000 / 12063
9100 / 12063
9200 / 12063
9300 / 12063
9400 / 12063
9500 / 12063
9600 / 12063
9700 / 12063
9800 / 12063
9900 / 12063
10000 / 12063
10100 / 12063
10200 / 12063
10300 / 12063
10400 / 12063
10500 / 12063
10600 / 12063
10700 / 12063
10800 / 12063
10900 / 12063
11000 / 12063
11100 / 12063
11200 / 12063
11300 / 12063
11400 / 12063
11500 / 12063
11600 / 12063
11700 / 12063
11800 / 12063
11900 / 12063
12000 / 12063
In epoch  15  avg loss (or negative reward) is  0.63660264552
In epoch  15  test reward is 0.391003, test accuracy is 0.334544
Time taken in this epoch 784.254534006
Best Reward: 0.399833 (Accuracy: 0.343019) at epoch 10
Best Accuracy: 0.343019 (Reward: 0.399833) at epoch 10
Saving model with header =  model/moduleKwNoMap-b15-ind-2-15

100 / 12063
200 / 12063
300 / 12063
400 / 12063
500 / 12063
600 / 12063
700 / 12063
800 / 12063
900 / 12063
1000 / 12063
1100 / 12063
1200 / 12063
1300 / 12063
1400 / 12063
1500 / 12063
1600 / 12063
1700 / 12063
1800 / 12063
1900 / 12063
2000 / 12063
2100 / 12063
2200 / 12063
2300 / 12063
2400 / 12063
2500 / 12063
2600 / 12063
2700 / 12063
2800 / 12063
2900 / 12063
3000 / 12063
3100 / 12063
3200 / 12063
3300 / 12063
3400 / 12063
3500 / 12063
3600 / 12063
3700 / 12063
3800 / 12063
3900 / 12063
4000 / 12063
4100 / 12063
4200 / 12063
4300 / 12063
4400 / 12063
4500 / 12063
4600 / 12063
4700 / 12063
4800 / 12063
4900 / 12063
5000 / 12063
5100 / 12063
5200 / 12063
5300 / 12063
5400 / 12063
5500 / 12063
5600 / 12063
5700 / 12063
5800 / 12063
5900 / 12063
6000 / 12063
6100 / 12063
6200 / 12063
6300 / 12063
6400 / 12063
6500 / 12063
6600 / 12063
6700 / 12063
6800 / 12063
6900 / 12063
7000 / 12063
7100 / 12063
7200 / 12063
7300 / 12063
7400 / 12063
7500 / 12063
7600 / 12063
7700 / 12063
7800 / 12063
7900 / 12063
8000 / 12063
8100 / 12063
8200 / 12063
8300 / 12063
8400 / 12063
8500 / 12063
8600 / 12063
8700 / 12063
8800 / 12063
8900 / 12063
9000 / 12063
9100 / 12063
9200 / 12063
9300 / 12063
9400 / 12063
9500 / 12063
9600 / 12063
9700 / 12063
9800 / 12063
9900 / 12063
10000 / 12063
10100 / 12063
10200 / 12063
10300 / 12063
10400 / 12063
10500 / 12063
10600 / 12063
10700 / 12063
10800 / 12063
10900 / 12063
11000 / 12063
11100 / 12063
11200 / 12063
11300 / 12063
11400 / 12063
11500 / 12063
11600 / 12063
11700 / 12063
11800 / 12063
11900 / 12063
12000 / 12063
In epoch  16  avg loss (or negative reward) is  0.628953771563
In epoch  16  test reward is 0.395217, test accuracy is 0.336562
Time taken in this epoch 778.288382053
Best Reward: 0.399833 (Accuracy: 0.343019) at epoch 10
Best Accuracy: 0.343019 (Reward: 0.399833) at epoch 10
Saving model with header =  model/moduleKwNoMap-b15-ind-2-16

100 / 12063
200 / 12063
300 / 12063
400 / 12063
500 / 12063
600 / 12063
700 / 12063
800 / 12063
900 / 12063
1000 / 12063
1100 / 12063
1200 / 12063
1300 / 12063
1400 / 12063
1500 / 12063
1600 / 12063
1700 / 12063
1800 / 12063
1900 / 12063
2000 / 12063
2100 / 12063
2200 / 12063
2300 / 12063
2400 / 12063
2500 / 12063
2600 / 12063
2700 / 12063
2800 / 12063
2900 / 12063
3000 / 12063
3100 / 12063
3200 / 12063
3300 / 12063
3400 / 12063
3500 / 12063
3600 / 12063
3700 / 12063
3800 / 12063
3900 / 12063
4000 / 12063
4100 / 12063
4200 / 12063
4300 / 12063
4400 / 12063
4500 / 12063
4600 / 12063
4700 / 12063
4800 / 12063
4900 / 12063
5000 / 12063
5100 / 12063
5200 / 12063
5300 / 12063
5400 / 12063
5500 / 12063
5600 / 12063
5700 / 12063
5800 / 12063
5900 / 12063
6000 / 12063
6100 / 12063
6200 / 12063
6300 / 12063
6400 / 12063
6500 / 12063
6600 / 12063
6700 / 12063
6800 / 12063
6900 / 12063
7000 / 12063
7100 / 12063
7200 / 12063
7300 / 12063
7400 / 12063
7500 / 12063
7600 / 12063
7700 / 12063
7800 / 12063
7900 / 12063
8000 / 12063
8100 / 12063
8200 / 12063
8300 / 12063
8400 / 12063
8500 / 12063
8600 / 12063
8700 / 12063
8800 / 12063
8900 / 12063
9000 / 12063
9100 / 12063
9200 / 12063
9300 / 12063
9400 / 12063
9500 / 12063
9600 / 12063
9700 / 12063
9800 / 12063
9900 / 12063
10000 / 12063
10100 / 12063
10200 / 12063
10300 / 12063
10400 / 12063
10500 / 12063
10600 / 12063
10700 / 12063
10800 / 12063
10900 / 12063
11000 / 12063
11100 / 12063
11200 / 12063
11300 / 12063
11400 / 12063
11500 / 12063
11600 / 12063
11700 / 12063
11800 / 12063
11900 / 12063
12000 / 12063
In epoch  17  avg loss (or negative reward) is  0.623314431206
In epoch  17  test reward is 0.395458, test accuracy is 0.338983
Time taken in this epoch 775.778386831
Best Reward: 0.399833 (Accuracy: 0.343019) at epoch 10
Best Accuracy: 0.343019 (Reward: 0.399833) at epoch 10
Saving model with header =  model/moduleKwNoMap-b15-ind-2-17

100 / 12063
200 / 12063
300 / 12063
400 / 12063
500 / 12063
600 / 12063
700 / 12063
800 / 12063
900 / 12063
1000 / 12063
1100 / 12063
1200 / 12063
1300 / 12063
1400 / 12063
1500 / 12063
1600 / 12063
1700 / 12063
1800 / 12063
1900 / 12063
2000 / 12063
2100 / 12063
2200 / 12063
2300 / 12063
2400 / 12063
2500 / 12063
2600 / 12063
2700 / 12063
2800 / 12063
2900 / 12063
3000 / 12063
3100 / 12063
3200 / 12063
3300 / 12063
3400 / 12063
3500 / 12063
3600 / 12063
3700 / 12063
3800 / 12063
3900 / 12063
4000 / 12063
4100 / 12063
4200 / 12063
4300 / 12063
4400 / 12063
4500 / 12063
4600 / 12063
4700 / 12063
4800 / 12063
4900 / 12063
5000 / 12063
5100 / 12063
5200 / 12063
5300 / 12063
5400 / 12063
5500 / 12063
5600 / 12063
5700 / 12063
5800 / 12063
5900 / 12063
6000 / 12063
6100 / 12063
6200 / 12063
6300 / 12063
6400 / 12063
6500 / 12063
6600 / 12063
6700 / 12063
6800 / 12063
6900 / 12063
7000 / 12063
7100 / 12063
7200 / 12063
7300 / 12063
7400 / 12063
7500 / 12063
7600 / 12063
7700 / 12063
7800 / 12063
7900 / 12063
8000 / 12063
8100 / 12063
8200 / 12063
8300 / 12063
8400 / 12063
8500 / 12063
8600 / 12063
8700 / 12063
8800 / 12063
8900 / 12063
9000 / 12063
9100 / 12063
9200 / 12063
9300 / 12063
9400 / 12063
9500 / 12063
9600 / 12063
9700 / 12063
9800 / 12063
9900 / 12063
10000 / 12063
10100 / 12063
10200 / 12063
10300 / 12063
10400 / 12063
10500 / 12063
10600 / 12063
10700 / 12063
10800 / 12063
10900 / 12063
11000 / 12063
11100 / 12063
11200 / 12063
11300 / 12063
11400 / 12063
11500 / 12063
11600 / 12063
11700 / 12063
11800 / 12063
11900 / 12063
12000 / 12063
In epoch  18  avg loss (or negative reward) is  0.613171064801
In epoch  18  test reward is 0.393449, test accuracy is 0.338983
Time taken in this epoch 781.726595163
Best Reward: 0.399833 (Accuracy: 0.343019) at epoch 10
Best Accuracy: 0.343019 (Reward: 0.399833) at epoch 10
Saving model with header =  model/moduleKwNoMap-b15-ind-2-18

100 / 12063
200 / 12063
300 / 12063
400 / 12063
500 / 12063
600 / 12063
700 / 12063
800 / 12063
900 / 12063
1000 / 12063
1100 / 12063
1200 / 12063
1300 / 12063
1400 / 12063
1500 / 12063
1600 / 12063
1700 / 12063
1800 / 12063
1900 / 12063
2000 / 12063
2100 / 12063
2200 / 12063
2300 / 12063
2400 / 12063
2500 / 12063
2600 / 12063
2700 / 12063
2800 / 12063
2900 / 12063
3000 / 12063
3100 / 12063
3200 / 12063
3300 / 12063
3400 / 12063
3500 / 12063
3600 / 12063
3700 / 12063
3800 / 12063
3900 / 12063
4000 / 12063
4100 / 12063
4200 / 12063
4300 / 12063
4400 / 12063
4500 / 12063
4600 / 12063
4700 / 12063
4800 / 12063
4900 / 12063
5000 / 12063
5100 / 12063
5200 / 12063
5300 / 12063
5400 / 12063
5500 / 12063
5600 / 12063
5700 / 12063
5800 / 12063
5900 / 12063
6000 / 12063
6100 / 12063
6200 / 12063
6300 / 12063
6400 / 12063
6500 / 12063
6600 / 12063
6700 / 12063
6800 / 12063
6900 / 12063
7000 / 12063
7100 / 12063
7200 / 12063
7300 / 12063
7400 / 12063
7500 / 12063
7600 / 12063
7700 / 12063
7800 / 12063
7900 / 12063
8000 / 12063
8100 / 12063
8200 / 12063
8300 / 12063
8400 / 12063
8500 / 12063
8600 / 12063
8700 / 12063
8800 / 12063
8900 / 12063
9000 / 12063
9100 / 12063
9200 / 12063
9300 / 12063
9400 / 12063
9500 / 12063
9600 / 12063
9700 / 12063
9800 / 12063
9900 / 12063
10000 / 12063
10100 / 12063
10200 / 12063
10300 / 12063
10400 / 12063
10500 / 12063
10600 / 12063
10700 / 12063
10800 / 12063
10900 / 12063
11000 / 12063
11100 / 12063
11200 / 12063
11300 / 12063
11400 / 12063
11500 / 12063
11600 / 12063
11700 / 12063
11800 / 12063
11900 / 12063
12000 / 12063
In epoch  19  avg loss (or negative reward) is  0.60884259923
In epoch  19  test reward is 0.392766, test accuracy is 0.335351
Time taken in this epoch 777.946694851
Best Reward: 0.399833 (Accuracy: 0.343019) at epoch 10
Best Accuracy: 0.343019 (Reward: 0.399833) at epoch 10
Saving model with header =  model/moduleKwNoMap-b15-ind-2-19

100 / 12063
200 / 12063
300 / 12063
400 / 12063
500 / 12063
600 / 12063
700 / 12063
800 / 12063
900 / 12063
1000 / 12063
1100 / 12063
1200 / 12063
1300 / 12063
1400 / 12063
1500 / 12063
1600 / 12063
1700 / 12063
1800 / 12063
1900 / 12063
2000 / 12063
2100 / 12063
2200 / 12063
2300 / 12063
2400 / 12063
2500 / 12063
2600 / 12063
2700 / 12063
2800 / 12063
2900 / 12063
3000 / 12063
3100 / 12063
3200 / 12063
3300 / 12063
3400 / 12063
3500 / 12063
3600 / 12063
3700 / 12063
3800 / 12063
3900 / 12063
4000 / 12063
4100 / 12063
4200 / 12063
4300 / 12063
4400 / 12063
4500 / 12063
4600 / 12063
4700 / 12063
4800 / 12063
4900 / 12063
5000 / 12063
5100 / 12063
5200 / 12063
5300 / 12063
5400 / 12063
5500 / 12063
5600 / 12063
5700 / 12063
5800 / 12063
5900 / 12063
6000 / 12063
6100 / 12063
6200 / 12063
6300 / 12063
6400 / 12063
6500 / 12063
6600 / 12063
6700 / 12063
6800 / 12063
6900 / 12063
7000 / 12063
7100 / 12063
7200 / 12063
7300 / 12063
7400 / 12063
7500 / 12063
7600 / 12063
7700 / 12063
7800 / 12063
7900 / 12063
8000 / 12063
8100 / 12063
8200 / 12063
8300 / 12063
8400 / 12063
8500 / 12063
8600 / 12063
8700 / 12063
8800 / 12063
8900 / 12063
9000 / 12063
9100 / 12063
9200 / 12063
9300 / 12063
9400 / 12063
9500 / 12063
9600 / 12063
9700 / 12063
9800 / 12063
9900 / 12063
10000 / 12063
10100 / 12063
10200 / 12063
10300 / 12063
10400 / 12063
10500 / 12063
10600 / 12063
10700 / 12063
10800 / 12063
10900 / 12063
11000 / 12063
11100 / 12063
11200 / 12063
11300 / 12063
11400 / 12063
11500 / 12063
11600 / 12063
11700 / 12063
11800 / 12063
11900 / 12063
12000 / 12063
In epoch  20  avg loss (or negative reward) is  0.605501872115
In epoch  20  test reward is 0.403633, test accuracy is 0.346247
Time taken in this epoch 778.832844019
Best Reward: 0.403633 (Accuracy: 0.346247) at epoch 20
Best Accuracy: 0.346247 (Reward: 0.403633) at epoch 20
Saving model with header =  model/moduleKwNoMap-b15-ind-2-20

100 / 12063
200 / 12063
300 / 12063
400 / 12063
500 / 12063
600 / 12063
700 / 12063
800 / 12063
900 / 12063
1000 / 12063
1100 / 12063
1200 / 12063
1300 / 12063
1400 / 12063
1500 / 12063
1600 / 12063
1700 / 12063
1800 / 12063
1900 / 12063
2000 / 12063
2100 / 12063
2200 / 12063
2300 / 12063
2400 / 12063
2500 / 12063
2600 / 12063
2700 / 12063
2800 / 12063
2900 / 12063
3000 / 12063
3100 / 12063
3200 / 12063
3300 / 12063
3400 / 12063
3500 / 12063
3600 / 12063
3700 / 12063
3800 / 12063
3900 / 12063
4000 / 12063
4100 / 12063
4200 / 12063
4300 / 12063
4400 / 12063
4500 / 12063
4600 / 12063
4700 / 12063
4800 / 12063
4900 / 12063
5000 / 12063
5100 / 12063
5200 / 12063
5300 / 12063
5400 / 12063
5500 / 12063
5600 / 12063
5700 / 12063
5800 / 12063
5900 / 12063
6000 / 12063
6100 / 12063
6200 / 12063
6300 / 12063
6400 / 12063
6500 / 12063
6600 / 12063
6700 / 12063
6800 / 12063
6900 / 12063
7000 / 12063
7100 / 12063
7200 / 12063
7300 / 12063
7400 / 12063
7500 / 12063
7600 / 12063
7700 / 12063
7800 / 12063
7900 / 12063
8000 / 12063
8100 / 12063
8200 / 12063
8300 / 12063
8400 / 12063
8500 / 12063
8600 / 12063
8700 / 12063
8800 / 12063
8900 / 12063
9000 / 12063
9100 / 12063
9200 / 12063
9300 / 12063
9400 / 12063
9500 / 12063
9600 / 12063
9700 / 12063
9800 / 12063
9900 / 12063
10000 / 12063
10100 / 12063
10200 / 12063
10300 / 12063
10400 / 12063
10500 / 12063
10600 / 12063
10700 / 12063
10800 / 12063
10900 / 12063
11000 / 12063
11100 / 12063
11200 / 12063
11300 / 12063
11400 / 12063
11500 / 12063
11600 / 12063
11700 / 12063
11800 / 12063
11900 / 12063
12000 / 12063
In epoch  21  avg loss (or negative reward) is  0.597100649129
In epoch  21  test reward is 0.398022, test accuracy is 0.340194
Time taken in this epoch 788.972174168
Best Reward: 0.403633 (Accuracy: 0.346247) at epoch 20
Best Accuracy: 0.346247 (Reward: 0.403633) at epoch 20
Saving model with header =  model/moduleKwNoMap-b15-ind-2-21

100 / 12063
200 / 12063
300 / 12063
400 / 12063
500 / 12063
600 / 12063
700 / 12063
800 / 12063
900 / 12063
1000 / 12063
1100 / 12063
1200 / 12063
1300 / 12063
1400 / 12063
1500 / 12063
1600 / 12063
1700 / 12063
1800 / 12063
1900 / 12063
2000 / 12063
2100 / 12063
2200 / 12063
2300 / 12063
2400 / 12063
2500 / 12063
2600 / 12063
2700 / 12063
2800 / 12063
2900 / 12063
3000 / 12063
3100 / 12063
3200 / 12063
3300 / 12063
3400 / 12063
3500 / 12063
3600 / 12063
3700 / 12063
3800 / 12063
3900 / 12063
4000 / 12063
4100 / 12063
4200 / 12063
4300 / 12063
4400 / 12063
4500 / 12063
4600 / 12063
4700 / 12063
4800 / 12063
4900 / 12063
5000 / 12063
5100 / 12063
5200 / 12063
5300 / 12063
5400 / 12063
5500 / 12063
5600 / 12063
5700 / 12063
5800 / 12063
5900 / 12063
6000 / 12063
6100 / 12063
6200 / 12063
6300 / 12063
6400 / 12063
6500 / 12063
6600 / 12063
6700 / 12063
6800 / 12063
6900 / 12063
7000 / 12063
7100 / 12063
7200 / 12063
7300 / 12063
7400 / 12063
7500 / 12063
7600 / 12063
7700 / 12063
7800 / 12063
7900 / 12063
8000 / 12063
8100 / 12063
8200 / 12063
8300 / 12063
8400 / 12063
8500 / 12063
8600 / 12063
8700 / 12063
8800 / 12063
8900 / 12063
9000 / 12063
9100 / 12063
9200 / 12063
9300 / 12063
9400 / 12063
9500 / 12063
9600 / 12063
9700 / 12063
9800 / 12063
9900 / 12063
10000 / 12063
10100 / 12063
10200 / 12063
10300 / 12063
10400 / 12063
10500 / 12063
10600 / 12063
10700 / 12063
10800 / 12063
10900 / 12063
11000 / 12063
11100 / 12063
11200 / 12063
11300 / 12063
11400 / 12063
11500 / 12063
11600 / 12063
11700 / 12063
11800 / 12063
11900 / 12063
12000 / 12063
In epoch  22  avg loss (or negative reward) is  0.590260357966
In epoch  22  test reward is 0.395716, test accuracy is 0.339387
Time taken in this epoch 787.226520777
Best Reward: 0.403633 (Accuracy: 0.346247) at epoch 20
Best Accuracy: 0.346247 (Reward: 0.403633) at epoch 20
Saving model with header =  model/moduleKwNoMap-b15-ind-2-22

100 / 12063
200 / 12063
300 / 12063
400 / 12063
500 / 12063
600 / 12063
700 / 12063
800 / 12063
900 / 12063
1000 / 12063
1100 / 12063
1200 / 12063
1300 / 12063
1400 / 12063
1500 / 12063
1600 / 12063
1700 / 12063
1800 / 12063
1900 / 12063
2000 / 12063
2100 / 12063
2200 / 12063
2300 / 12063
2400 / 12063
2500 / 12063
2600 / 12063
2700 / 12063
2800 / 12063
2900 / 12063
3000 / 12063
3100 / 12063
3200 / 12063
3300 / 12063
3400 / 12063
3500 / 12063
3600 / 12063
3700 / 12063
3800 / 12063
3900 / 12063
4000 / 12063
4100 / 12063
4200 / 12063
4300 / 12063
4400 / 12063
4500 / 12063
4600 / 12063
4700 / 12063
4800 / 12063
4900 / 12063
5000 / 12063
5100 / 12063
5200 / 12063
5300 / 12063
5400 / 12063
5500 / 12063
5600 / 12063
5700 / 12063
5800 / 12063
5900 / 12063
6000 / 12063
6100 / 12063
6200 / 12063
6300 / 12063
6400 / 12063
6500 / 12063
6600 / 12063
6700 / 12063
6800 / 12063
6900 / 12063
7000 / 12063
7100 / 12063
7200 / 12063
7300 / 12063
7400 / 12063
7500 / 12063
7600 / 12063
7700 / 12063
7800 / 12063
7900 / 12063
8000 / 12063
8100 / 12063
8200 / 12063
8300 / 12063
8400 / 12063
8500 / 12063
8600 / 12063
8700 / 12063
8800 / 12063
8900 / 12063
9000 / 12063
9100 / 12063
9200 / 12063
9300 / 12063
9400 / 12063
9500 / 12063
9600 / 12063
9700 / 12063
9800 / 12063
9900 / 12063
10000 / 12063
10100 / 12063
10200 / 12063
10300 / 12063
10400 / 12063
10500 / 12063
10600 / 12063
10700 / 12063
10800 / 12063
10900 / 12063
11000 / 12063
11100 / 12063
11200 / 12063
11300 / 12063
11400 / 12063
11500 / 12063
11600 / 12063
11700 / 12063
11800 / 12063
11900 / 12063
12000 / 12063
In epoch  23  avg loss (or negative reward) is  0.587278238724
In epoch  23  test reward is 0.399652, test accuracy is 0.344633
Time taken in this epoch 790.833935022
Best Reward: 0.403633 (Accuracy: 0.346247) at epoch 20
Best Accuracy: 0.346247 (Reward: 0.403633) at epoch 20
Saving model with header =  model/moduleKwNoMap-b15-ind-2-23

100 / 12063
200 / 12063
300 / 12063
400 / 12063
500 / 12063
600 / 12063
700 / 12063
800 / 12063
900 / 12063
1000 / 12063
1100 / 12063
1200 / 12063
1300 / 12063
1400 / 12063
1500 / 12063
1600 / 12063
1700 / 12063
1800 / 12063
1900 / 12063
2000 / 12063
2100 / 12063
2200 / 12063
2300 / 12063
2400 / 12063
2500 / 12063
2600 / 12063
2700 / 12063
2800 / 12063
2900 / 12063
3000 / 12063
3100 / 12063
3200 / 12063
3300 / 12063
3400 / 12063
3500 / 12063
3600 / 12063
3700 / 12063
3800 / 12063
3900 / 12063
4000 / 12063
4100 / 12063
4200 / 12063
4300 / 12063
4400 / 12063
4500 / 12063
4600 / 12063
4700 / 12063
4800 / 12063
4900 / 12063
5000 / 12063
5100 / 12063
5200 / 12063
5300 / 12063
5400 / 12063
5500 / 12063
5600 / 12063
5700 / 12063
5800 / 12063
5900 / 12063
6000 / 12063
6100 / 12063
6200 / 12063
6300 / 12063
6400 / 12063
6500 / 12063
6600 / 12063
6700 / 12063
6800 / 12063
6900 / 12063
7000 / 12063
7100 / 12063
7200 / 12063
7300 / 12063
7400 / 12063
7500 / 12063
7600 / 12063
7700 / 12063
7800 / 12063
7900 / 12063
8000 / 12063
8100 / 12063
8200 / 12063
8300 / 12063
8400 / 12063
8500 / 12063
8600 / 12063
8700 / 12063
8800 / 12063
8900 / 12063
9000 / 12063
9100 / 12063
9200 / 12063
9300 / 12063
9400 / 12063
9500 / 12063
9600 / 12063
9700 / 12063
9800 / 12063
9900 / 12063
10000 / 12063
10100 / 12063
10200 / 12063
10300 / 12063
10400 / 12063
10500 / 12063
10600 / 12063
10700 / 12063
10800 / 12063
10900 / 12063
11000 / 12063
11100 / 12063
11200 / 12063
11300 / 12063
11400 / 12063
11500 / 12063
11600 / 12063
11700 / 12063
11800 / 12063
11900 / 12063
12000 / 12063
In epoch  24  avg loss (or negative reward) is  0.578148929928
In epoch  24  test reward is 0.405460, test accuracy is 0.348668
Time taken in this epoch 791.870060205
Best Reward: 0.405460 (Accuracy: 0.348668) at epoch 24
Best Accuracy: 0.348668 (Reward: 0.405460) at epoch 24
Saving model with header =  model/moduleKwNoMap-b15-ind-2-24

100 / 12063
200 / 12063
300 / 12063
400 / 12063
500 / 12063
600 / 12063
700 / 12063
800 / 12063
900 / 12063
1000 / 12063
1100 / 12063
1200 / 12063
1300 / 12063
1400 / 12063
1500 / 12063
1600 / 12063
1700 / 12063
1800 / 12063
1900 / 12063
2000 / 12063
2100 / 12063
2200 / 12063
2300 / 12063
2400 / 12063
2500 / 12063
2600 / 12063
2700 / 12063
2800 / 12063
2900 / 12063
3000 / 12063
3100 / 12063
3200 / 12063
3300 / 12063
3400 / 12063
3500 / 12063
3600 / 12063
3700 / 12063
3800 / 12063
3900 / 12063
4000 / 12063
4100 / 12063
4200 / 12063
4300 / 12063
4400 / 12063
4500 / 12063
4600 / 12063
4700 / 12063
4800 / 12063
4900 / 12063
5000 / 12063
5100 / 12063
5200 / 12063
5300 / 12063
5400 / 12063
5500 / 12063
5600 / 12063
5700 / 12063
5800 / 12063
5900 / 12063
6000 / 12063
6100 / 12063
6200 / 12063
6300 / 12063
6400 / 12063
6500 / 12063
6600 / 12063
6700 / 12063
6800 / 12063
6900 / 12063
7000 / 12063
7100 / 12063
7200 / 12063
7300 / 12063
7400 / 12063
7500 / 12063
7600 / 12063
7700 / 12063
7800 / 12063
7900 / 12063
8000 / 12063
8100 / 12063
8200 / 12063
8300 / 12063
8400 / 12063
8500 / 12063
8600 / 12063
8700 / 12063
8800 / 12063
8900 / 12063
9000 / 12063
9100 / 12063
9200 / 12063
9300 / 12063
9400 / 12063
9500 / 12063
9600 / 12063
9700 / 12063
9800 / 12063
9900 / 12063
10000 / 12063
10100 / 12063
10200 / 12063
10300 / 12063
10400 / 12063
10500 / 12063
10600 / 12063
10700 / 12063
10800 / 12063
10900 / 12063
11000 / 12063
11100 / 12063
11200 / 12063
11300 / 12063
11400 / 12063
11500 / 12063
11600 / 12063
11700 / 12063
11800 / 12063
11900 / 12063
12000 / 12063
In epoch  25  avg loss (or negative reward) is  0.575735487109
In epoch  25  test reward is 0.392723, test accuracy is 0.338176
Time taken in this epoch 794.691761971
Best Reward: 0.405460 (Accuracy: 0.348668) at epoch 24
Best Accuracy: 0.348668 (Reward: 0.405460) at epoch 24
Saving model with header =  model/moduleKwNoMap-b15-ind-2-25

100 / 12063
200 / 12063
300 / 12063
400 / 12063
500 / 12063
600 / 12063
700 / 12063
800 / 12063
900 / 12063
1000 / 12063
1100 / 12063
1200 / 12063
1300 / 12063
1400 / 12063
1500 / 12063
1600 / 12063
1700 / 12063
1800 / 12063
1900 / 12063
2000 / 12063
2100 / 12063
2200 / 12063
2300 / 12063
2400 / 12063
2500 / 12063
2600 / 12063
2700 / 12063
2800 / 12063
2900 / 12063
3000 / 12063
3100 / 12063
3200 / 12063
3300 / 12063
3400 / 12063
3500 / 12063
3600 / 12063
3700 / 12063
3800 / 12063
3900 / 12063
4000 / 12063
4100 / 12063
4200 / 12063
4300 / 12063
4400 / 12063
4500 / 12063
4600 / 12063
4700 / 12063
4800 / 12063
4900 / 12063
5000 / 12063
5100 / 12063
5200 / 12063
5300 / 12063
5400 / 12063
5500 / 12063
5600 / 12063
5700 / 12063
5800 / 12063
5900 / 12063
6000 / 12063
6100 / 12063
6200 / 12063
6300 / 12063
6400 / 12063
6500 / 12063
6600 / 12063
6700 / 12063
6800 / 12063
6900 / 12063
7000 / 12063
7100 / 12063
7200 / 12063
7300 / 12063
7400 / 12063
7500 / 12063
7600 / 12063
7700 / 12063
7800 / 12063
7900 / 12063
8000 / 12063
8100 / 12063
8200 / 12063
8300 / 12063
8400 / 12063
8500 / 12063
8600 / 12063
8700 / 12063
8800 / 12063
8900 / 12063
9000 / 12063
9100 / 12063
9200 / 12063
9300 / 12063
9400 / 12063
9500 / 12063
9600 / 12063
9700 / 12063
9800 / 12063
9900 / 12063
10000 / 12063
10100 / 12063
10200 / 12063
10300 / 12063
10400 / 12063
10500 / 12063
10600 / 12063
10700 / 12063
10800 / 12063
10900 / 12063
11000 / 12063
11100 / 12063
11200 / 12063
11300 / 12063
11400 / 12063
11500 / 12063
11600 / 12063
11700 / 12063
11800 / 12063
11900 / 12063
12000 / 12063
In epoch  26  avg loss (or negative reward) is  0.570870379668
In epoch  26  test reward is 0.393413, test accuracy is 0.339387
Time taken in this epoch 793.168454885
Best Reward: 0.405460 (Accuracy: 0.348668) at epoch 24
Best Accuracy: 0.348668 (Reward: 0.405460) at epoch 24
Saving model with header =  model/moduleKwNoMap-b15-ind-2-26

100 / 12063
200 / 12063
300 / 12063
400 / 12063
500 / 12063
600 / 12063
700 / 12063
800 / 12063
900 / 12063
1000 / 12063
1100 / 12063
1200 / 12063
1300 / 12063
1400 / 12063
1500 / 12063
1600 / 12063
1700 / 12063
1800 / 12063
1900 / 12063
2000 / 12063
2100 / 12063
2200 / 12063
2300 / 12063
2400 / 12063
2500 / 12063
2600 / 12063
2700 / 12063
2800 / 12063
2900 / 12063
3000 / 12063
3100 / 12063
3200 / 12063
3300 / 12063
3400 / 12063
3500 / 12063
3600 / 12063
3700 / 12063
3800 / 12063
3900 / 12063
4000 / 12063
4100 / 12063
4200 / 12063
4300 / 12063
4400 / 12063
4500 / 12063
4600 / 12063
4700 / 12063
4800 / 12063
4900 / 12063
5000 / 12063
5100 / 12063
5200 / 12063
5300 / 12063
5400 / 12063
5500 / 12063
5600 / 12063
5700 / 12063
5800 / 12063
5900 / 12063
6000 / 12063
6100 / 12063
6200 / 12063
6300 / 12063
6400 / 12063
6500 / 12063
6600 / 12063
6700 / 12063
6800 / 12063
6900 / 12063
7000 / 12063
7100 / 12063
7200 / 12063
7300 / 12063
7400 / 12063
7500 / 12063
7600 / 12063
7700 / 12063
7800 / 12063
7900 / 12063
8000 / 12063
8100 / 12063
8200 / 12063
8300 / 12063
8400 / 12063
8500 / 12063
8600 / 12063
8700 / 12063
8800 / 12063
8900 / 12063
9000 / 12063
9100 / 12063
9200 / 12063
9300 / 12063
9400 / 12063
9500 / 12063
9600 / 12063
9700 / 12063
9800 / 12063
9900 / 12063
10000 / 12063
10100 / 12063
10200 / 12063
10300 / 12063
10400 / 12063
10500 / 12063
10600 / 12063
10700 / 12063
10800 / 12063
10900 / 12063
11000 / 12063
11100 / 12063
11200 / 12063
11300 / 12063
11400 / 12063
11500 / 12063
11600 / 12063
11700 / 12063
11800 / 12063
11900 / 12063
12000 / 12063
In epoch  27  avg loss (or negative reward) is  0.568680237218
In epoch  27  test reward is 0.397067, test accuracy is 0.341808
Time taken in this epoch 794.788530111
Best Reward: 0.405460 (Accuracy: 0.348668) at epoch 24
Best Accuracy: 0.348668 (Reward: 0.405460) at epoch 24
Saving model with header =  model/moduleKwNoMap-b15-ind-2-27

100 / 12063
200 / 12063
300 / 12063
400 / 12063
500 / 12063
600 / 12063
700 / 12063
800 / 12063
900 / 12063
1000 / 12063
1100 / 12063
1200 / 12063
1300 / 12063
1400 / 12063
1500 / 12063
1600 / 12063
1700 / 12063
1800 / 12063
1900 / 12063
2000 / 12063
2100 / 12063
2200 / 12063
2300 / 12063
2400 / 12063
2500 / 12063
2600 / 12063
2700 / 12063
2800 / 12063
2900 / 12063
3000 / 12063
3100 / 12063
3200 / 12063
3300 / 12063
3400 / 12063
3500 / 12063
3600 / 12063
3700 / 12063
3800 / 12063
3900 / 12063
4000 / 12063
4100 / 12063
4200 / 12063
4300 / 12063
4400 / 12063
4500 / 12063
4600 / 12063
4700 / 12063
4800 / 12063
4900 / 12063
5000 / 12063
5100 / 12063
5200 / 12063
5300 / 12063
5400 / 12063
5500 / 12063
5600 / 12063
5700 / 12063
5800 / 12063
5900 / 12063
6000 / 12063
6100 / 12063
6200 / 12063
6300 / 12063
6400 / 12063
6500 / 12063
6600 / 12063
6700 / 12063
6800 / 12063
6900 / 12063
7000 / 12063
7100 / 12063
7200 / 12063
7300 / 12063
7400 / 12063
7500 / 12063
7600 / 12063
7700 / 12063
7800 / 12063
7900 / 12063
8000 / 12063
8100 / 12063
8200 / 12063
8300 / 12063
8400 / 12063
8500 / 12063
8600 / 12063
8700 / 12063
8800 / 12063
8900 / 12063
9000 / 12063
9100 / 12063
9200 / 12063
9300 / 12063
9400 / 12063
9500 / 12063
9600 / 12063
9700 / 12063
9800 / 12063
9900 / 12063
10000 / 12063
10100 / 12063
10200 / 12063
10300 / 12063
10400 / 12063
10500 / 12063
10600 / 12063
10700 / 12063
10800 / 12063
10900 / 12063
11000 / 12063
11100 / 12063
11200 / 12063
11300 / 12063
11400 / 12063
11500 / 12063
11600 / 12063
11700 / 12063
11800 / 12063
11900 / 12063
12000 / 12063
In epoch  28  avg loss (or negative reward) is  0.562833107943
In epoch  28  test reward is 0.395071, test accuracy is 0.338579
Time taken in this epoch 806.217149973
Best Reward: 0.405460 (Accuracy: 0.348668) at epoch 24
Best Accuracy: 0.348668 (Reward: 0.405460) at epoch 24
Saving model with header =  model/moduleKwNoMap-b15-ind-2-28

100 / 12063
200 / 12063
300 / 12063
400 / 12063
500 / 12063
600 / 12063
700 / 12063
800 / 12063
900 / 12063
1000 / 12063
1100 / 12063
1200 / 12063
1300 / 12063
1400 / 12063
1500 / 12063
1600 / 12063
1700 / 12063
1800 / 12063
1900 / 12063
2000 / 12063
2100 / 12063
2200 / 12063
2300 / 12063
2400 / 12063
2500 / 12063
2600 / 12063
2700 / 12063
2800 / 12063
2900 / 12063
3000 / 12063
3100 / 12063
3200 / 12063
3300 / 12063
3400 / 12063
3500 / 12063
3600 / 12063
3700 / 12063
3800 / 12063
3900 / 12063
4000 / 12063
4100 / 12063
4200 / 12063
4300 / 12063
4400 / 12063
4500 / 12063
4600 / 12063
4700 / 12063
4800 / 12063
4900 / 12063
5000 / 12063
5100 / 12063
5200 / 12063
5300 / 12063
5400 / 12063
5500 / 12063
5600 / 12063
5700 / 12063
5800 / 12063
5900 / 12063
6000 / 12063
6100 / 12063
6200 / 12063
6300 / 12063
6400 / 12063
6500 / 12063
6600 / 12063
6700 / 12063
6800 / 12063
6900 / 12063
7000 / 12063
7100 / 12063
7200 / 12063
7300 / 12063
7400 / 12063
7500 / 12063
7600 / 12063
7700 / 12063
7800 / 12063
7900 / 12063
8000 / 12063
8100 / 12063
8200 / 12063
8300 / 12063
8400 / 12063
8500 / 12063
8600 / 12063
8700 / 12063
8800 / 12063
8900 / 12063
9000 / 12063
9100 / 12063
9200 / 12063
9300 / 12063
9400 / 12063
9500 / 12063
9600 / 12063
9700 / 12063
9800 / 12063
9900 / 12063
10000 / 12063
10100 / 12063
10200 / 12063
10300 / 12063
10400 / 12063
10500 / 12063
10600 / 12063
10700 / 12063
10800 / 12063
10900 / 12063
11000 / 12063
11100 / 12063
11200 / 12063
11300 / 12063
11400 / 12063
11500 / 12063
11600 / 12063
11700 / 12063
11800 / 12063
11900 / 12063
12000 / 12063
In epoch  29  avg loss (or negative reward) is  0.554279143409
In epoch  29  test reward is 0.401160, test accuracy is 0.344633
Time taken in this epoch 790.274909019
Best Reward: 0.405460 (Accuracy: 0.348668) at epoch 24
Best Accuracy: 0.348668 (Reward: 0.405460) at epoch 24
Saving model with header =  model/moduleKwNoMap-b15-ind-2-29

