[dynet] random seed: 1
[dynet] allocating memory: 2000MB
[dynet] memory allocation done.
Random-split-1-train/dev...
================================================================================
Train /home/scottyih/Neural-RL-SP/data/random-split-1-train.tsv
Test /home/scottyih/Neural-RL-SP/data/random-split-1-dev.tsv
{u'partial_reward': True, u'USE_PRETRAIN_WORD_EMBEDDING': True, u'AnnotatedTableDir': u'/home/scottyih/Neural-RL-SP/Arvind_data/annotated', u'updateEMB': 0, u'DropOut': True, u'ReduceRowCond': False, u'record_path': u'./cache//glove.6b.100d.trie', u'NUM_ITER': 30, u'guessLogPass': False, u'beam_size': 15, u'recordtriesep': u'|', u'recordtriestructure': u'<ffffffffffffffffffffffffffffffffffffffffffffffffffffffffffffffffffffffffffffffffffffffffffffffffffff', u'WORD_EMBEDDING_DIM': 100, u'DIST_BIAS_DIM': 100, u'dirTable': u'file:///D:/ScottYih/Source/Repos/Neural-RL-SP/data', u'LSTM_HIDDEN_DIM': 50, u'embeddingtrie': <marisa_trie.RecordTrie object at 0x7f6c5bf45d70>, u'verbose-dump': False}
>>>>>>>> begin experiments
Warning: /home/scottyih/Neural-RL-SP/Arvind_data/annotated/203-annotated/855.annotated is not complete!
Warning: /home/scottyih/Neural-RL-SP/Arvind_data/annotated/203-annotated/855.annotated is not complete!
Warning: /home/scottyih/Neural-RL-SP/Arvind_data/annotated/203-annotated/855.annotated is not complete!
Warning: /home/scottyih/Neural-RL-SP/Arvind_data/annotated/203-annotated/855.annotated is not complete!
Warning: /home/scottyih/Neural-RL-SP/Arvind_data/annotated/203-annotated/855.annotated is not complete!
Warning: /home/scottyih/Neural-RL-SP/Arvind_data/annotated/203-annotated/855.annotated is not complete!
Warning: /home/scottyih/Neural-RL-SP/Arvind_data/annotated/203-annotated/855.annotated is not complete!
Warning: /home/scottyih/Neural-RL-SP/Arvind_data/annotated/203-annotated/855.annotated is not complete!
Warning: /home/scottyih/Neural-RL-SP/Arvind_data/annotated/204-annotated/546.annotated is not complete!
Warning: /home/scottyih/Neural-RL-SP/Arvind_data/annotated/204-annotated/546.annotated is not complete!
Warning: /home/scottyih/Neural-RL-SP/Arvind_data/annotated/204-annotated/546.annotated is not complete!
Warning: /home/scottyih/Neural-RL-SP/Arvind_data/annotated/204-annotated/546.annotated is not complete!
Warning: /home/scottyih/Neural-RL-SP/Arvind_data/annotated/204-annotated/546.annotated is not complete!
Warning: /home/scottyih/Neural-RL-SP/Arvind_data/annotated/204-annotated/546.annotated is not complete!
Warning: /home/scottyih/Neural-RL-SP/Arvind_data/annotated/204-annotated/546.annotated is not complete!
Warning: /home/scottyih/Neural-RL-SP/Arvind_data/annotated/204-annotated/546.annotated is not complete!
Warning: /home/scottyih/Neural-RL-SP/Arvind_data/annotated/204-annotated/546.annotated is not complete!
Warning: /home/scottyih/Neural-RL-SP/Arvind_data/annotated/204-annotated/546.annotated is not complete!
Warning: /home/scottyih/Neural-RL-SP/Arvind_data/annotated/204-annotated/309.annotated is not complete!
Warning: /home/scottyih/Neural-RL-SP/Arvind_data/annotated/204-annotated/309.annotated is not complete!
Warning: /home/scottyih/Neural-RL-SP/Arvind_data/annotated/204-annotated/309.annotated is not complete!
Warning: /home/scottyih/Neural-RL-SP/Arvind_data/annotated/204-annotated/309.annotated is not complete!
Warning: /home/scottyih/Neural-RL-SP/Arvind_data/annotated/204-annotated/309.annotated is not complete!
Warning: /home/scottyih/Neural-RL-SP/Arvind_data/annotated/204-annotated/309.annotated is not complete!
Warning: /home/scottyih/Neural-RL-SP/Arvind_data/annotated/204-annotated/309.annotated is not complete!
Warning: /home/scottyih/Neural-RL-SP/Arvind_data/annotated/203-annotated/803.annotated is not complete!
Warning: /home/scottyih/Neural-RL-SP/Arvind_data/annotated/203-annotated/803.annotated is not complete!
Warning: /home/scottyih/Neural-RL-SP/Arvind_data/annotated/203-annotated/803.annotated is not complete!
Warning: /home/scottyih/Neural-RL-SP/Arvind_data/annotated/203-annotated/803.annotated is not complete!
Warning: /home/scottyih/Neural-RL-SP/Arvind_data/annotated/203-annotated/803.annotated is not complete!
Warning: /home/scottyih/Neural-RL-SP/Arvind_data/annotated/203-annotated/803.annotated is not complete!
Warning: /home/scottyih/Neural-RL-SP/Arvind_data/annotated/203-annotated/803.annotated is not complete!
Warning: /home/scottyih/Neural-RL-SP/Arvind_data/annotated/203-annotated/803.annotated is not complete!
Warning: /home/scottyih/Neural-RL-SP/Arvind_data/annotated/204-annotated/309.annotated is not complete!
Warning: /home/scottyih/Neural-RL-SP/Arvind_data/annotated/204-annotated/309.annotated is not complete!
Warning: /home/scottyih/Neural-RL-SP/Arvind_data/annotated/204-annotated/309.annotated is not complete!
Warning: /home/scottyih/Neural-RL-SP/Arvind_data/annotated/204-annotated/309.annotated is not complete!
Warning: /home/scottyih/Neural-RL-SP/Arvind_data/annotated/204-annotated/309.annotated is not complete!
Warning: /home/scottyih/Neural-RL-SP/Arvind_data/annotated/204-annotated/309.annotated is not complete!
Warning: /home/scottyih/Neural-RL-SP/Arvind_data/annotated/204-annotated/309.annotated is not complete!
Warning: /home/scottyih/Neural-RL-SP/Arvind_data/annotated/204-annotated/309.annotated is not complete!
Warning: /home/scottyih/Neural-RL-SP/Arvind_data/annotated/204-annotated/309.annotated is not complete!
Warning: /home/scottyih/Neural-RL-SP/Arvind_data/annotated/204-annotated/309.annotated is not complete!
Warning: /home/scottyih/Neural-RL-SP/Arvind_data/annotated/203-annotated/803.annotated is not complete!
Warning: /home/scottyih/Neural-RL-SP/Arvind_data/annotated/203-annotated/803.annotated is not complete!
Warning: /home/scottyih/Neural-RL-SP/Arvind_data/annotated/203-annotated/803.annotated is not complete!
Warning: /home/scottyih/Neural-RL-SP/Arvind_data/annotated/203-annotated/803.annotated is not complete!
Warning: /home/scottyih/Neural-RL-SP/Arvind_data/annotated/203-annotated/803.annotated is not complete!
Warning: /home/scottyih/Neural-RL-SP/Arvind_data/annotated/203-annotated/803.annotated is not complete!
Warning: /home/scottyih/Neural-RL-SP/Arvind_data/annotated/203-annotated/803.annotated is not complete!
Warning: /home/scottyih/Neural-RL-SP/Arvind_data/annotated/203-annotated/803.annotated is not complete!
Warning: /home/scottyih/Neural-RL-SP/Arvind_data/annotated/203-annotated/803.annotated is not complete!
Warning: /home/scottyih/Neural-RL-SP/Arvind_data/annotated/203-annotated/803.annotated is not complete!
Warning: /home/scottyih/Neural-RL-SP/Arvind_data/annotated/203-annotated/803.annotated is not complete!
Warning: /home/scottyih/Neural-RL-SP/Arvind_data/annotated/204-annotated/309.annotated is not complete!
Warning: /home/scottyih/Neural-RL-SP/Arvind_data/annotated/204-annotated/309.annotated is not complete!
Warning: /home/scottyih/Neural-RL-SP/Arvind_data/annotated/204-annotated/309.annotated is not complete!
Warning: /home/scottyih/Neural-RL-SP/Arvind_data/annotated/204-annotated/309.annotated is not complete!
Warning: /home/scottyih/Neural-RL-SP/Arvind_data/annotated/204-annotated/309.annotated is not complete!
Warning: /home/scottyih/Neural-RL-SP/Arvind_data/annotated/204-annotated/309.annotated is not complete!
Warning: /home/scottyih/Neural-RL-SP/Arvind_data/annotated/204-annotated/309.annotated is not complete!
Warning: /home/scottyih/Neural-RL-SP/Arvind_data/annotated/204-annotated/309.annotated is not complete!
Warning: /home/scottyih/Neural-RL-SP/Arvind_data/annotated/204-annotated/309.annotated is not complete!
Warning: /home/scottyih/Neural-RL-SP/Arvind_data/annotated/204-annotated/309.annotated is not complete!
Warning: /home/scottyih/Neural-RL-SP/Arvind_data/annotated/204-annotated/309.annotated is not complete!
Warning: /home/scottyih/Neural-RL-SP/Arvind_data/annotated/204-annotated/309.annotated is not complete!
Warning: /home/scottyih/Neural-RL-SP/Arvind_data/annotated/204-annotated/309.annotated is not complete!
Warning: /home/scottyih/Neural-RL-SP/Arvind_data/annotated/204-annotated/309.annotated is not complete!
Warning: /home/scottyih/Neural-RL-SP/Arvind_data/annotated/204-annotated/309.annotated is not complete!
Warning: /home/scottyih/Neural-RL-SP/Arvind_data/annotated/204-annotated/51.annotated is not complete!
Warning: /home/scottyih/Neural-RL-SP/Arvind_data/annotated/204-annotated/51.annotated is not complete!
Warning: /home/scottyih/Neural-RL-SP/Arvind_data/annotated/204-annotated/51.annotated is not complete!
Warning: /home/scottyih/Neural-RL-SP/Arvind_data/annotated/204-annotated/51.annotated is not complete!
Warning: /home/scottyih/Neural-RL-SP/Arvind_data/annotated/204-annotated/51.annotated is not complete!
Warning: /home/scottyih/Neural-RL-SP/Arvind_data/annotated/204-annotated/51.annotated is not complete!
Warning: /home/scottyih/Neural-RL-SP/Arvind_data/annotated/204-annotated/51.annotated is not complete!
Warning: /home/scottyih/Neural-RL-SP/Arvind_data/annotated/204-annotated/51.annotated is not complete!
Warning: /home/scottyih/Neural-RL-SP/Arvind_data/annotated/204-annotated/51.annotated is not complete!
Warning: /home/scottyih/Neural-RL-SP/Arvind_data/annotated/204-annotated/51.annotated is not complete!
Warning: /home/scottyih/Neural-RL-SP/Arvind_data/annotated/203-annotated/803.annotated is not complete!
Warning: /home/scottyih/Neural-RL-SP/Arvind_data/annotated/203-annotated/803.annotated is not complete!
Warning: /home/scottyih/Neural-RL-SP/Arvind_data/annotated/203-annotated/803.annotated is not complete!
Warning: /home/scottyih/Neural-RL-SP/Arvind_data/annotated/203-annotated/803.annotated is not complete!
Warning: /home/scottyih/Neural-RL-SP/Arvind_data/annotated/203-annotated/803.annotated is not complete!
Warning: /home/scottyih/Neural-RL-SP/Arvind_data/annotated/203-annotated/803.annotated is not complete!
Warning: /home/scottyih/Neural-RL-SP/Arvind_data/annotated/203-annotated/803.annotated is not complete!
Warning: /home/scottyih/Neural-RL-SP/Arvind_data/annotated/203-annotated/803.annotated is not complete!
Warning: /home/scottyih/Neural-RL-SP/Arvind_data/annotated/203-annotated/803.annotated is not complete!
Warning: /home/scottyih/Neural-RL-SP/Arvind_data/annotated/203-annotated/803.annotated is not complete!
Warning: /home/scottyih/Neural-RL-SP/Arvind_data/annotated/203-annotated/325.annotated is not complete!
Warning: /home/scottyih/Neural-RL-SP/Arvind_data/annotated/203-annotated/325.annotated is not complete!
Warning: /home/scottyih/Neural-RL-SP/Arvind_data/annotated/203-annotated/325.annotated is not complete!
Warning: /home/scottyih/Neural-RL-SP/Arvind_data/annotated/203-annotated/325.annotated is not complete!
Warning: /home/scottyih/Neural-RL-SP/Arvind_data/annotated/203-annotated/325.annotated is not complete!
Warning: /home/scottyih/Neural-RL-SP/Arvind_data/annotated/203-annotated/325.annotated is not complete!
Warning: /home/scottyih/Neural-RL-SP/Arvind_data/annotated/203-annotated/190.annotated is not complete!
Warning: /home/scottyih/Neural-RL-SP/Arvind_data/annotated/203-annotated/190.annotated is not complete!
Warning: /home/scottyih/Neural-RL-SP/Arvind_data/annotated/203-annotated/190.annotated is not complete!
Warning: /home/scottyih/Neural-RL-SP/Arvind_data/annotated/203-annotated/190.annotated is not complete!
Warning: /home/scottyih/Neural-RL-SP/Arvind_data/annotated/203-annotated/190.annotated is not complete!
Warning: /home/scottyih/Neural-RL-SP/Arvind_data/annotated/203-annotated/190.annotated is not complete!
Warning: /home/scottyih/Neural-RL-SP/Arvind_data/annotated/203-annotated/190.annotated is not complete!
Warning: /home/scottyih/Neural-RL-SP/Arvind_data/annotated/203-annotated/190.annotated is not complete!
Warning: /home/scottyih/Neural-RL-SP/Arvind_data/annotated/204-annotated/74.annotated is not complete!
Warning: /home/scottyih/Neural-RL-SP/Arvind_data/annotated/204-annotated/74.annotated is not complete!
Warning: /home/scottyih/Neural-RL-SP/Arvind_data/annotated/204-annotated/74.annotated is not complete!
Warning: /home/scottyih/Neural-RL-SP/Arvind_data/annotated/204-annotated/74.annotated is not complete!
Warning: /home/scottyih/Neural-RL-SP/Arvind_data/annotated/204-annotated/74.annotated is not complete!
Warning: /home/scottyih/Neural-RL-SP/Arvind_data/annotated/204-annotated/74.annotated is not complete!
Warning: /home/scottyih/Neural-RL-SP/Arvind_data/annotated/204-annotated/74.annotated is not complete!
Warning: /home/scottyih/Neural-RL-SP/Arvind_data/annotated/204-annotated/74.annotated is not complete!
Warning: /home/scottyih/Neural-RL-SP/Arvind_data/annotated/204-annotated/74.annotated is not complete!
Warning: /home/scottyih/Neural-RL-SP/Arvind_data/annotated/204-annotated/74.annotated is not complete!
Warning: /home/scottyih/Neural-RL-SP/Arvind_data/annotated/204-annotated/74.annotated is not complete!
init vw = 32357 words
beginning to load embeddings....
the number of words that are in pretrain 22467.0 32357 0.694347436413
loading complete!
100 / 12276
200 / 12276
300 / 12276
400 / 12276
500 / 12276
600 / 12276
700 / 12276
800 / 12276
900 / 12276
1000 / 12276
1100 / 12276
1200 / 12276
1300 / 12276
1400 / 12276
1500 / 12276
1600 / 12276
1700 / 12276
1800 / 12276
1900 / 12276
2000 / 12276
2100 / 12276
2200 / 12276
2300 / 12276
2400 / 12276
2500 / 12276
2600 / 12276
2700 / 12276
2800 / 12276
2900 / 12276
3000 / 12276
3100 / 12276
3200 / 12276
3300 / 12276
3400 / 12276
3500 / 12276
3600 / 12276
3700 / 12276
3800 / 12276
3900 / 12276
4000 / 12276
4100 / 12276
4200 / 12276
4300 / 12276
4400 / 12276
4500 / 12276
4600 / 12276
4700 / 12276
4800 / 12276
4900 / 12276
5000 / 12276
5100 / 12276
5200 / 12276
5300 / 12276
5400 / 12276
5500 / 12276
5600 / 12276
5700 / 12276
5800 / 12276
5900 / 12276
6000 / 12276
6100 / 12276
6200 / 12276
6300 / 12276
6400 / 12276
6500 / 12276
6600 / 12276
6700 / 12276
6800 / 12276
6900 / 12276
7000 / 12276
7100 / 12276
7200 / 12276
7300 / 12276
7400 / 12276
7500 / 12276
7600 / 12276
7700 / 12276
7800 / 12276
7900 / 12276
8000 / 12276
8100 / 12276
8200 / 12276
8300 / 12276
8400 / 12276
8500 / 12276
8600 / 12276
8700 / 12276
8800 / 12276
8900 / 12276
9000 / 12276
9100 / 12276
9200 / 12276
9300 / 12276
9400 / 12276
9500 / 12276
9600 / 12276
9700 / 12276
9800 / 12276
9900 / 12276
10000 / 12276
10100 / 12276
10200 / 12276
10300 / 12276
10400 / 12276
10500 / 12276
10600 / 12276
10700 / 12276
10800 / 12276
10900 / 12276
11000 / 12276
11100 / 12276
11200 / 12276
11300 / 12276
11400 / 12276
11500 / 12276
11600 / 12276
11700 / 12276
11800 / 12276
11900 / 12276
12000 / 12276
12100 / 12276
12200 / 12276
In epoch  0  avg loss (or negative reward) is  0.928460345436
In epoch  0  test reward is 0.333703, test accuracy is 0.269757
Time taken in this epoch 806.342784166
Best Reward: 0.333703 (Accuracy: 0.269757) at epoch 0
Best Accuracy: 0.269757 (Reward: 0.333703) at epoch 0
Saving model with header =  model/moduleKwNoMap-b15-ind-1-0

100 / 12276
200 / 12276
300 / 12276
400 / 12276
500 / 12276
600 / 12276
700 / 12276
800 / 12276
900 / 12276
1000 / 12276
1100 / 12276
1200 / 12276
1300 / 12276
1400 / 12276
1500 / 12276
1600 / 12276
1700 / 12276
1800 / 12276
1900 / 12276
2000 / 12276
2100 / 12276
2200 / 12276
2300 / 12276
2400 / 12276
2500 / 12276
2600 / 12276
2700 / 12276
2800 / 12276
2900 / 12276
3000 / 12276
3100 / 12276
3200 / 12276
3300 / 12276
3400 / 12276
3500 / 12276
3600 / 12276
3700 / 12276
3800 / 12276
3900 / 12276
4000 / 12276
4100 / 12276
4200 / 12276
4300 / 12276
4400 / 12276
4500 / 12276
4600 / 12276
4700 / 12276
4800 / 12276
4900 / 12276
5000 / 12276
5100 / 12276
5200 / 12276
5300 / 12276
5400 / 12276
5500 / 12276
5600 / 12276
5700 / 12276
5800 / 12276
5900 / 12276
6000 / 12276
6100 / 12276
6200 / 12276
6300 / 12276
6400 / 12276
6500 / 12276
6600 / 12276
6700 / 12276
6800 / 12276
6900 / 12276
7000 / 12276
7100 / 12276
7200 / 12276
7300 / 12276
7400 / 12276
7500 / 12276
7600 / 12276
7700 / 12276
7800 / 12276
7900 / 12276
8000 / 12276
8100 / 12276
8200 / 12276
8300 / 12276
8400 / 12276
8500 / 12276
8600 / 12276
8700 / 12276
8800 / 12276
8900 / 12276
9000 / 12276
9100 / 12276
9200 / 12276
9300 / 12276
9400 / 12276
9500 / 12276
9600 / 12276
9700 / 12276
9800 / 12276
9900 / 12276
10000 / 12276
10100 / 12276
10200 / 12276
10300 / 12276
10400 / 12276
10500 / 12276
10600 / 12276
10700 / 12276
10800 / 12276
10900 / 12276
11000 / 12276
11100 / 12276
11200 / 12276
11300 / 12276
11400 / 12276
11500 / 12276
11600 / 12276
11700 / 12276
11800 / 12276
11900 / 12276
12000 / 12276
12100 / 12276
12200 / 12276
In epoch  1  avg loss (or negative reward) is  0.873281889721
In epoch  1  test reward is 0.358297, test accuracy is 0.293598
Time taken in this epoch 785.679490805
Best Reward: 0.358297 (Accuracy: 0.293598) at epoch 1
Best Accuracy: 0.293598 (Reward: 0.358297) at epoch 1
Saving model with header =  model/moduleKwNoMap-b15-ind-1-1

100 / 12276
200 / 12276
300 / 12276
400 / 12276
500 / 12276
600 / 12276
700 / 12276
800 / 12276
900 / 12276
1000 / 12276
1100 / 12276
1200 / 12276
1300 / 12276
1400 / 12276
1500 / 12276
1600 / 12276
1700 / 12276
1800 / 12276
1900 / 12276
2000 / 12276
2100 / 12276
2200 / 12276
2300 / 12276
2400 / 12276
2500 / 12276
2600 / 12276
2700 / 12276
2800 / 12276
2900 / 12276
3000 / 12276
3100 / 12276
3200 / 12276
3300 / 12276
3400 / 12276
3500 / 12276
3600 / 12276
3700 / 12276
3800 / 12276
3900 / 12276
4000 / 12276
4100 / 12276
4200 / 12276
4300 / 12276
4400 / 12276
4500 / 12276
4600 / 12276
4700 / 12276
4800 / 12276
4900 / 12276
5000 / 12276
5100 / 12276
5200 / 12276
5300 / 12276
5400 / 12276
5500 / 12276
5600 / 12276
5700 / 12276
5800 / 12276
5900 / 12276
6000 / 12276
6100 / 12276
6200 / 12276
6300 / 12276
6400 / 12276
6500 / 12276
6600 / 12276
6700 / 12276
6800 / 12276
6900 / 12276
7000 / 12276
7100 / 12276
7200 / 12276
7300 / 12276
7400 / 12276
7500 / 12276
7600 / 12276
7700 / 12276
7800 / 12276
7900 / 12276
8000 / 12276
8100 / 12276
8200 / 12276
8300 / 12276
8400 / 12276
8500 / 12276
8600 / 12276
8700 / 12276
8800 / 12276
8900 / 12276
9000 / 12276
9100 / 12276
9200 / 12276
9300 / 12276
9400 / 12276
9500 / 12276
9600 / 12276
9700 / 12276
9800 / 12276
9900 / 12276
10000 / 12276
10100 / 12276
10200 / 12276
10300 / 12276
10400 / 12276
10500 / 12276
10600 / 12276
10700 / 12276
10800 / 12276
10900 / 12276
11000 / 12276
11100 / 12276
11200 / 12276
11300 / 12276
11400 / 12276
11500 / 12276
11600 / 12276
11700 / 12276
11800 / 12276
11900 / 12276
12000 / 12276
12100 / 12276
12200 / 12276
In epoch  2  avg loss (or negative reward) is  0.829269579767
In epoch  2  test reward is 0.370978, test accuracy is 0.310375
Time taken in this epoch 830.08505106
Best Reward: 0.370978 (Accuracy: 0.310375) at epoch 2
Best Accuracy: 0.310375 (Reward: 0.370978) at epoch 2
Saving model with header =  model/moduleKwNoMap-b15-ind-1-2

100 / 12276
200 / 12276
300 / 12276
400 / 12276
500 / 12276
600 / 12276
700 / 12276
800 / 12276
900 / 12276
1000 / 12276
1100 / 12276
1200 / 12276
1300 / 12276
1400 / 12276
1500 / 12276
1600 / 12276
1700 / 12276
1800 / 12276
1900 / 12276
2000 / 12276
2100 / 12276
2200 / 12276
2300 / 12276
2400 / 12276
2500 / 12276
2600 / 12276
2700 / 12276
2800 / 12276
2900 / 12276
3000 / 12276
3100 / 12276
3200 / 12276
3300 / 12276
3400 / 12276
3500 / 12276
3600 / 12276
3700 / 12276
3800 / 12276
3900 / 12276
4000 / 12276
4100 / 12276
4200 / 12276
4300 / 12276
4400 / 12276
4500 / 12276
4600 / 12276
4700 / 12276
4800 / 12276
4900 / 12276
5000 / 12276
5100 / 12276
5200 / 12276
5300 / 12276
5400 / 12276
5500 / 12276
5600 / 12276
5700 / 12276
5800 / 12276
5900 / 12276
6000 / 12276
6100 / 12276
6200 / 12276
6300 / 12276
6400 / 12276
6500 / 12276
6600 / 12276
6700 / 12276
6800 / 12276
6900 / 12276
7000 / 12276
7100 / 12276
7200 / 12276
7300 / 12276
7400 / 12276
7500 / 12276
7600 / 12276
7700 / 12276
7800 / 12276
7900 / 12276
8000 / 12276
8100 / 12276
8200 / 12276
8300 / 12276
8400 / 12276
8500 / 12276
8600 / 12276
8700 / 12276
8800 / 12276
8900 / 12276
9000 / 12276
9100 / 12276
9200 / 12276
9300 / 12276
9400 / 12276
9500 / 12276
9600 / 12276
9700 / 12276
9800 / 12276
9900 / 12276
10000 / 12276
10100 / 12276
10200 / 12276
10300 / 12276
10400 / 12276
10500 / 12276
10600 / 12276
10700 / 12276
10800 / 12276
10900 / 12276
11000 / 12276
11100 / 12276
11200 / 12276
11300 / 12276
11400 / 12276
11500 / 12276
11600 / 12276
11700 / 12276
11800 / 12276
11900 / 12276
12000 / 12276
12100 / 12276
12200 / 12276
In epoch  3  avg loss (or negative reward) is  0.797326400174
In epoch  3  test reward is 0.389084, test accuracy is 0.332450
Time taken in this epoch 812.674791098
Best Reward: 0.389084 (Accuracy: 0.332450) at epoch 3
Best Accuracy: 0.332450 (Reward: 0.389084) at epoch 3
Saving model with header =  model/moduleKwNoMap-b15-ind-1-3

100 / 12276
200 / 12276
300 / 12276
400 / 12276
500 / 12276
600 / 12276
700 / 12276
800 / 12276
900 / 12276
1000 / 12276
1100 / 12276
1200 / 12276
1300 / 12276
1400 / 12276
1500 / 12276
1600 / 12276
1700 / 12276
1800 / 12276
1900 / 12276
2000 / 12276
2100 / 12276
2200 / 12276
2300 / 12276
2400 / 12276
2500 / 12276
2600 / 12276
2700 / 12276
2800 / 12276
2900 / 12276
3000 / 12276
3100 / 12276
3200 / 12276
3300 / 12276
3400 / 12276
3500 / 12276
3600 / 12276
3700 / 12276
3800 / 12276
3900 / 12276
4000 / 12276
4100 / 12276
4200 / 12276
4300 / 12276
4400 / 12276
4500 / 12276
4600 / 12276
4700 / 12276
4800 / 12276
4900 / 12276
5000 / 12276
5100 / 12276
5200 / 12276
5300 / 12276
5400 / 12276
5500 / 12276
5600 / 12276
5700 / 12276
5800 / 12276
5900 / 12276
6000 / 12276
6100 / 12276
6200 / 12276
6300 / 12276
6400 / 12276
6500 / 12276
6600 / 12276
6700 / 12276
6800 / 12276
6900 / 12276
7000 / 12276
7100 / 12276
7200 / 12276
7300 / 12276
7400 / 12276
7500 / 12276
7600 / 12276
7700 / 12276
7800 / 12276
7900 / 12276
8000 / 12276
8100 / 12276
8200 / 12276
8300 / 12276
8400 / 12276
8500 / 12276
8600 / 12276
8700 / 12276
8800 / 12276
8900 / 12276
9000 / 12276
9100 / 12276
9200 / 12276
9300 / 12276
9400 / 12276
9500 / 12276
9600 / 12276
9700 / 12276
9800 / 12276
9900 / 12276
10000 / 12276
10100 / 12276
10200 / 12276
10300 / 12276
10400 / 12276
10500 / 12276
10600 / 12276
10700 / 12276
10800 / 12276
10900 / 12276
11000 / 12276
11100 / 12276
11200 / 12276
11300 / 12276
11400 / 12276
11500 / 12276
11600 / 12276
11700 / 12276
11800 / 12276
11900 / 12276
12000 / 12276
12100 / 12276
12200 / 12276
In epoch  4  avg loss (or negative reward) is  0.771891980552
In epoch  4  test reward is 0.394420, test accuracy is 0.339073
Time taken in this epoch 835.180367947
Best Reward: 0.394420 (Accuracy: 0.339073) at epoch 4
Best Accuracy: 0.339073 (Reward: 0.394420) at epoch 4
Saving model with header =  model/moduleKwNoMap-b15-ind-1-4

100 / 12276
200 / 12276
300 / 12276
400 / 12276
500 / 12276
600 / 12276
700 / 12276
800 / 12276
900 / 12276
1000 / 12276
1100 / 12276
1200 / 12276
1300 / 12276
1400 / 12276
1500 / 12276
1600 / 12276
1700 / 12276
1800 / 12276
1900 / 12276
2000 / 12276
2100 / 12276
2200 / 12276
2300 / 12276
2400 / 12276
2500 / 12276
2600 / 12276
2700 / 12276
2800 / 12276
2900 / 12276
3000 / 12276
3100 / 12276
3200 / 12276
3300 / 12276
3400 / 12276
3500 / 12276
3600 / 12276
3700 / 12276
3800 / 12276
3900 / 12276
4000 / 12276
4100 / 12276
4200 / 12276
4300 / 12276
4400 / 12276
4500 / 12276
4600 / 12276
4700 / 12276
4800 / 12276
4900 / 12276
5000 / 12276
5100 / 12276
5200 / 12276
5300 / 12276
5400 / 12276
5500 / 12276
5600 / 12276
5700 / 12276
5800 / 12276
5900 / 12276
6000 / 12276
6100 / 12276
6200 / 12276
6300 / 12276
6400 / 12276
6500 / 12276
6600 / 12276
6700 / 12276
6800 / 12276
6900 / 12276
7000 / 12276
7100 / 12276
7200 / 12276
7300 / 12276
7400 / 12276
7500 / 12276
7600 / 12276
7700 / 12276
7800 / 12276
7900 / 12276
8000 / 12276
8100 / 12276
8200 / 12276
8300 / 12276
8400 / 12276
8500 / 12276
8600 / 12276
8700 / 12276
8800 / 12276
8900 / 12276
9000 / 12276
9100 / 12276
9200 / 12276
9300 / 12276
9400 / 12276
9500 / 12276
9600 / 12276
9700 / 12276
9800 / 12276
9900 / 12276
10000 / 12276
10100 / 12276
10200 / 12276
10300 / 12276
10400 / 12276
10500 / 12276
10600 / 12276
10700 / 12276
10800 / 12276
10900 / 12276
11000 / 12276
11100 / 12276
11200 / 12276
11300 / 12276
11400 / 12276
11500 / 12276
11600 / 12276
11700 / 12276
11800 / 12276
11900 / 12276
12000 / 12276
12100 / 12276
12200 / 12276
In epoch  5  avg loss (or negative reward) is  0.750098916315
In epoch  5  test reward is 0.394396, test accuracy is 0.338190
Time taken in this epoch 852.250253916
Best Reward: 0.394420 (Accuracy: 0.339073) at epoch 4
Best Accuracy: 0.339073 (Reward: 0.394420) at epoch 4
Saving model with header =  model/moduleKwNoMap-b15-ind-1-5

100 / 12276
200 / 12276
300 / 12276
400 / 12276
500 / 12276
600 / 12276
700 / 12276
800 / 12276
900 / 12276
1000 / 12276
1100 / 12276
1200 / 12276
1300 / 12276
1400 / 12276
1500 / 12276
1600 / 12276
1700 / 12276
1800 / 12276
1900 / 12276
2000 / 12276
2100 / 12276
2200 / 12276
2300 / 12276
2400 / 12276
2500 / 12276
2600 / 12276
2700 / 12276
2800 / 12276
2900 / 12276
3000 / 12276
3100 / 12276
3200 / 12276
3300 / 12276
3400 / 12276
3500 / 12276
3600 / 12276
3700 / 12276
3800 / 12276
3900 / 12276
4000 / 12276
4100 / 12276
4200 / 12276
4300 / 12276
4400 / 12276
4500 / 12276
4600 / 12276
4700 / 12276
4800 / 12276
4900 / 12276
5000 / 12276
5100 / 12276
5200 / 12276
5300 / 12276
5400 / 12276
5500 / 12276
5600 / 12276
5700 / 12276
5800 / 12276
5900 / 12276
6000 / 12276
6100 / 12276
6200 / 12276
6300 / 12276
6400 / 12276
6500 / 12276
6600 / 12276
6700 / 12276
6800 / 12276
6900 / 12276
7000 / 12276
7100 / 12276
7200 / 12276
7300 / 12276
7400 / 12276
7500 / 12276
7600 / 12276
7700 / 12276
7800 / 12276
7900 / 12276
8000 / 12276
8100 / 12276
8200 / 12276
8300 / 12276
8400 / 12276
8500 / 12276
8600 / 12276
8700 / 12276
8800 / 12276
8900 / 12276
9000 / 12276
9100 / 12276
9200 / 12276
9300 / 12276
9400 / 12276
9500 / 12276
9600 / 12276
9700 / 12276
9800 / 12276
9900 / 12276
10000 / 12276
10100 / 12276
10200 / 12276
10300 / 12276
10400 / 12276
10500 / 12276
10600 / 12276
10700 / 12276
10800 / 12276
10900 / 12276
11000 / 12276
11100 / 12276
11200 / 12276
11300 / 12276
11400 / 12276
11500 / 12276
11600 / 12276
11700 / 12276
11800 / 12276
11900 / 12276
12000 / 12276
12100 / 12276
12200 / 12276
In epoch  6  avg loss (or negative reward) is  0.733108803695
In epoch  6  test reward is 0.402471, test accuracy is 0.346137
Time taken in this epoch 863.931751013
Best Reward: 0.402471 (Accuracy: 0.346137) at epoch 6
Best Accuracy: 0.346137 (Reward: 0.402471) at epoch 6
Saving model with header =  model/moduleKwNoMap-b15-ind-1-6

100 / 12276
200 / 12276
300 / 12276
400 / 12276
500 / 12276
600 / 12276
700 / 12276
800 / 12276
900 / 12276
1000 / 12276
1100 / 12276
1200 / 12276
1300 / 12276
1400 / 12276
1500 / 12276
1600 / 12276
1700 / 12276
1800 / 12276
1900 / 12276
2000 / 12276
2100 / 12276
2200 / 12276
2300 / 12276
2400 / 12276
2500 / 12276
2600 / 12276
2700 / 12276
2800 / 12276
2900 / 12276
3000 / 12276
3100 / 12276
3200 / 12276
3300 / 12276
3400 / 12276
3500 / 12276
3600 / 12276
3700 / 12276
3800 / 12276
3900 / 12276
4000 / 12276
4100 / 12276
4200 / 12276
4300 / 12276
4400 / 12276
4500 / 12276
4600 / 12276
4700 / 12276
4800 / 12276
4900 / 12276
5000 / 12276
5100 / 12276
5200 / 12276
5300 / 12276
5400 / 12276
5500 / 12276
5600 / 12276
5700 / 12276
5800 / 12276
5900 / 12276
6000 / 12276
6100 / 12276
6200 / 12276
6300 / 12276
6400 / 12276
6500 / 12276
6600 / 12276
6700 / 12276
6800 / 12276
6900 / 12276
7000 / 12276
7100 / 12276
7200 / 12276
7300 / 12276
7400 / 12276
7500 / 12276
7600 / 12276
7700 / 12276
7800 / 12276
7900 / 12276
8000 / 12276
8100 / 12276
8200 / 12276
8300 / 12276
8400 / 12276
8500 / 12276
8600 / 12276
8700 / 12276
8800 / 12276
8900 / 12276
9000 / 12276
9100 / 12276
9200 / 12276
9300 / 12276
9400 / 12276
9500 / 12276
9600 / 12276
9700 / 12276
9800 / 12276
9900 / 12276
10000 / 12276
10100 / 12276
10200 / 12276
10300 / 12276
10400 / 12276
10500 / 12276
10600 / 12276
10700 / 12276
10800 / 12276
10900 / 12276
11000 / 12276
11100 / 12276
11200 / 12276
11300 / 12276
11400 / 12276
11500 / 12276
11600 / 12276
11700 / 12276
11800 / 12276
11900 / 12276
12000 / 12276
12100 / 12276
12200 / 12276
In epoch  7  avg loss (or negative reward) is  0.717007690324
In epoch  7  test reward is 0.410470, test accuracy is 0.356733
Time taken in this epoch 856.414407969
Best Reward: 0.410470 (Accuracy: 0.356733) at epoch 7
Best Accuracy: 0.356733 (Reward: 0.410470) at epoch 7
Saving model with header =  model/moduleKwNoMap-b15-ind-1-7

100 / 12276
200 / 12276
300 / 12276
400 / 12276
500 / 12276
600 / 12276
700 / 12276
800 / 12276
900 / 12276
1000 / 12276
1100 / 12276
1200 / 12276
1300 / 12276
1400 / 12276
1500 / 12276
1600 / 12276
1700 / 12276
1800 / 12276
1900 / 12276
2000 / 12276
2100 / 12276
2200 / 12276
2300 / 12276
2400 / 12276
2500 / 12276
2600 / 12276
2700 / 12276
2800 / 12276
2900 / 12276
3000 / 12276
3100 / 12276
3200 / 12276
3300 / 12276
3400 / 12276
3500 / 12276
3600 / 12276
3700 / 12276
3800 / 12276
3900 / 12276
4000 / 12276
4100 / 12276
4200 / 12276
4300 / 12276
4400 / 12276
4500 / 12276
4600 / 12276
4700 / 12276
4800 / 12276
4900 / 12276
5000 / 12276
5100 / 12276
5200 / 12276
5300 / 12276
5400 / 12276
5500 / 12276
5600 / 12276
5700 / 12276
5800 / 12276
5900 / 12276
6000 / 12276
6100 / 12276
6200 / 12276
6300 / 12276
6400 / 12276
6500 / 12276
6600 / 12276
6700 / 12276
6800 / 12276
6900 / 12276
7000 / 12276
7100 / 12276
7200 / 12276
7300 / 12276
7400 / 12276
7500 / 12276
7600 / 12276
7700 / 12276
7800 / 12276
7900 / 12276
8000 / 12276
8100 / 12276
8200 / 12276
8300 / 12276
8400 / 12276
8500 / 12276
8600 / 12276
8700 / 12276
8800 / 12276
8900 / 12276
9000 / 12276
9100 / 12276
9200 / 12276
9300 / 12276
9400 / 12276
9500 / 12276
9600 / 12276
9700 / 12276
9800 / 12276
9900 / 12276
10000 / 12276
10100 / 12276
10200 / 12276
10300 / 12276
10400 / 12276
10500 / 12276
10600 / 12276
10700 / 12276
10800 / 12276
10900 / 12276
11000 / 12276
11100 / 12276
11200 / 12276
11300 / 12276
11400 / 12276
11500 / 12276
11600 / 12276
11700 / 12276
11800 / 12276
11900 / 12276
12000 / 12276
12100 / 12276
12200 / 12276
In epoch  8  avg loss (or negative reward) is  0.705449101886
In epoch  8  test reward is 0.406516, test accuracy is 0.348344
Time taken in this epoch 826.042134047
Best Reward: 0.410470 (Accuracy: 0.356733) at epoch 7
Best Accuracy: 0.356733 (Reward: 0.410470) at epoch 7
Saving model with header =  model/moduleKwNoMap-b15-ind-1-8

100 / 12276
200 / 12276
300 / 12276
400 / 12276
500 / 12276
600 / 12276
700 / 12276
800 / 12276
900 / 12276
1000 / 12276
1100 / 12276
1200 / 12276
1300 / 12276
1400 / 12276
1500 / 12276
1600 / 12276
1700 / 12276
1800 / 12276
1900 / 12276
2000 / 12276
2100 / 12276
2200 / 12276
2300 / 12276
2400 / 12276
2500 / 12276
2600 / 12276
2700 / 12276
2800 / 12276
2900 / 12276
3000 / 12276
3100 / 12276
3200 / 12276
3300 / 12276
3400 / 12276
3500 / 12276
3600 / 12276
3700 / 12276
3800 / 12276
3900 / 12276
4000 / 12276
4100 / 12276
4200 / 12276
4300 / 12276
4400 / 12276
4500 / 12276
4600 / 12276
4700 / 12276
4800 / 12276
4900 / 12276
5000 / 12276
5100 / 12276
5200 / 12276
5300 / 12276
5400 / 12276
5500 / 12276
5600 / 12276
5700 / 12276
5800 / 12276
5900 / 12276
6000 / 12276
6100 / 12276
6200 / 12276
6300 / 12276
6400 / 12276
6500 / 12276
6600 / 12276
6700 / 12276
6800 / 12276
6900 / 12276
7000 / 12276
7100 / 12276
7200 / 12276
7300 / 12276
7400 / 12276
7500 / 12276
7600 / 12276
7700 / 12276
7800 / 12276
7900 / 12276
8000 / 12276
8100 / 12276
8200 / 12276
8300 / 12276
8400 / 12276
8500 / 12276
8600 / 12276
8700 / 12276
8800 / 12276
8900 / 12276
9000 / 12276
9100 / 12276
9200 / 12276
9300 / 12276
9400 / 12276
9500 / 12276
9600 / 12276
9700 / 12276
9800 / 12276
9900 / 12276
10000 / 12276
10100 / 12276
10200 / 12276
10300 / 12276
10400 / 12276
10500 / 12276
10600 / 12276
10700 / 12276
10800 / 12276
10900 / 12276
11000 / 12276
11100 / 12276
11200 / 12276
11300 / 12276
11400 / 12276
11500 / 12276
11600 / 12276
11700 / 12276
11800 / 12276
11900 / 12276
12000 / 12276
12100 / 12276
12200 / 12276
In epoch  9  avg loss (or negative reward) is  0.691684461389
In epoch  9  test reward is 0.422415, test accuracy is 0.365563
Time taken in this epoch 778.668765068
Best Reward: 0.422415 (Accuracy: 0.365563) at epoch 9
Best Accuracy: 0.365563 (Reward: 0.422415) at epoch 9
Saving model with header =  model/moduleKwNoMap-b15-ind-1-9

100 / 12276
200 / 12276
300 / 12276
400 / 12276
500 / 12276
600 / 12276
700 / 12276
800 / 12276
900 / 12276
1000 / 12276
1100 / 12276
1200 / 12276
1300 / 12276
1400 / 12276
1500 / 12276
1600 / 12276
1700 / 12276
1800 / 12276
1900 / 12276
2000 / 12276
2100 / 12276
2200 / 12276
2300 / 12276
2400 / 12276
2500 / 12276
2600 / 12276
2700 / 12276
2800 / 12276
2900 / 12276
3000 / 12276
3100 / 12276
3200 / 12276
3300 / 12276
3400 / 12276
3500 / 12276
3600 / 12276
3700 / 12276
3800 / 12276
3900 / 12276
4000 / 12276
4100 / 12276
4200 / 12276
4300 / 12276
4400 / 12276
4500 / 12276
4600 / 12276
4700 / 12276
4800 / 12276
4900 / 12276
5000 / 12276
5100 / 12276
5200 / 12276
5300 / 12276
5400 / 12276
5500 / 12276
5600 / 12276
5700 / 12276
5800 / 12276
5900 / 12276
6000 / 12276
6100 / 12276
6200 / 12276
6300 / 12276
6400 / 12276
6500 / 12276
6600 / 12276
6700 / 12276
6800 / 12276
6900 / 12276
7000 / 12276
7100 / 12276
7200 / 12276
7300 / 12276
7400 / 12276
7500 / 12276
7600 / 12276
7700 / 12276
7800 / 12276
7900 / 12276
8000 / 12276
8100 / 12276
8200 / 12276
8300 / 12276
8400 / 12276
8500 / 12276
8600 / 12276
8700 / 12276
8800 / 12276
8900 / 12276
9000 / 12276
9100 / 12276
9200 / 12276
9300 / 12276
9400 / 12276
9500 / 12276
9600 / 12276
9700 / 12276
9800 / 12276
9900 / 12276
10000 / 12276
10100 / 12276
10200 / 12276
10300 / 12276
10400 / 12276
10500 / 12276
10600 / 12276
10700 / 12276
10800 / 12276
10900 / 12276
11000 / 12276
11100 / 12276
11200 / 12276
11300 / 12276
11400 / 12276
11500 / 12276
11600 / 12276
11700 / 12276
11800 / 12276
11900 / 12276
12000 / 12276
12100 / 12276
12200 / 12276
In epoch  10  avg loss (or negative reward) is  0.682538818036
In epoch  10  test reward is 0.423323, test accuracy is 0.369095
Time taken in this epoch 779.572459936
Best Reward: 0.423323 (Accuracy: 0.369095) at epoch 10
Best Accuracy: 0.369095 (Reward: 0.423323) at epoch 10
Saving model with header =  model/moduleKwNoMap-b15-ind-1-10

100 / 12276
200 / 12276
300 / 12276
400 / 12276
500 / 12276
600 / 12276
700 / 12276
800 / 12276
900 / 12276
1000 / 12276
1100 / 12276
1200 / 12276
1300 / 12276
1400 / 12276
1500 / 12276
1600 / 12276
1700 / 12276
1800 / 12276
1900 / 12276
2000 / 12276
2100 / 12276
2200 / 12276
2300 / 12276
2400 / 12276
2500 / 12276
2600 / 12276
2700 / 12276
2800 / 12276
2900 / 12276
3000 / 12276
3100 / 12276
3200 / 12276
3300 / 12276
3400 / 12276
3500 / 12276
3600 / 12276
3700 / 12276
3800 / 12276
3900 / 12276
4000 / 12276
4100 / 12276
4200 / 12276
4300 / 12276
4400 / 12276
4500 / 12276
4600 / 12276
4700 / 12276
4800 / 12276
4900 / 12276
5000 / 12276
5100 / 12276
5200 / 12276
5300 / 12276
5400 / 12276
5500 / 12276
5600 / 12276
5700 / 12276
5800 / 12276
5900 / 12276
6000 / 12276
6100 / 12276
6200 / 12276
6300 / 12276
6400 / 12276
6500 / 12276
6600 / 12276
6700 / 12276
6800 / 12276
6900 / 12276
7000 / 12276
7100 / 12276
7200 / 12276
7300 / 12276
7400 / 12276
7500 / 12276
7600 / 12276
7700 / 12276
7800 / 12276
7900 / 12276
8000 / 12276
8100 / 12276
8200 / 12276
8300 / 12276
8400 / 12276
8500 / 12276
8600 / 12276
8700 / 12276
8800 / 12276
8900 / 12276
9000 / 12276
9100 / 12276
9200 / 12276
9300 / 12276
9400 / 12276
9500 / 12276
9600 / 12276
9700 / 12276
9800 / 12276
9900 / 12276
10000 / 12276
10100 / 12276
10200 / 12276
10300 / 12276
10400 / 12276
10500 / 12276
10600 / 12276
10700 / 12276
10800 / 12276
10900 / 12276
11000 / 12276
11100 / 12276
11200 / 12276
11300 / 12276
11400 / 12276
11500 / 12276
11600 / 12276
11700 / 12276
11800 / 12276
11900 / 12276
12000 / 12276
12100 / 12276
12200 / 12276
In epoch  11  avg loss (or negative reward) is  0.673161892922
In epoch  11  test reward is 0.410902, test accuracy is 0.354525
Time taken in this epoch 779.386232138
Best Reward: 0.423323 (Accuracy: 0.369095) at epoch 10
Best Accuracy: 0.369095 (Reward: 0.423323) at epoch 10
Saving model with header =  model/moduleKwNoMap-b15-ind-1-11

100 / 12276
200 / 12276
300 / 12276
400 / 12276
500 / 12276
600 / 12276
700 / 12276
800 / 12276
900 / 12276
1000 / 12276
1100 / 12276
1200 / 12276
1300 / 12276
1400 / 12276
1500 / 12276
1600 / 12276
1700 / 12276
1800 / 12276
1900 / 12276
2000 / 12276
2100 / 12276
2200 / 12276
2300 / 12276
2400 / 12276
2500 / 12276
2600 / 12276
2700 / 12276
2800 / 12276
2900 / 12276
3000 / 12276
3100 / 12276
3200 / 12276
3300 / 12276
3400 / 12276
3500 / 12276
3600 / 12276
3700 / 12276
3800 / 12276
3900 / 12276
4000 / 12276
4100 / 12276
4200 / 12276
4300 / 12276
4400 / 12276
4500 / 12276
4600 / 12276
4700 / 12276
4800 / 12276
4900 / 12276
5000 / 12276
5100 / 12276
5200 / 12276
5300 / 12276
5400 / 12276
5500 / 12276
5600 / 12276
5700 / 12276
5800 / 12276
5900 / 12276
6000 / 12276
6100 / 12276
6200 / 12276
6300 / 12276
6400 / 12276
6500 / 12276
6600 / 12276
6700 / 12276
6800 / 12276
6900 / 12276
7000 / 12276
7100 / 12276
7200 / 12276
7300 / 12276
7400 / 12276
7500 / 12276
7600 / 12276
7700 / 12276
7800 / 12276
7900 / 12276
8000 / 12276
8100 / 12276
8200 / 12276
8300 / 12276
8400 / 12276
8500 / 12276
8600 / 12276
8700 / 12276
8800 / 12276
8900 / 12276
9000 / 12276
9100 / 12276
9200 / 12276
9300 / 12276
9400 / 12276
9500 / 12276
9600 / 12276
9700 / 12276
9800 / 12276
9900 / 12276
10000 / 12276
10100 / 12276
10200 / 12276
10300 / 12276
10400 / 12276
10500 / 12276
10600 / 12276
10700 / 12276
10800 / 12276
10900 / 12276
11000 / 12276
11100 / 12276
11200 / 12276
11300 / 12276
11400 / 12276
11500 / 12276
11600 / 12276
11700 / 12276
11800 / 12276
11900 / 12276
12000 / 12276
12100 / 12276
12200 / 12276
In epoch  12  avg loss (or negative reward) is  0.662138470026
In epoch  12  test reward is 0.409938, test accuracy is 0.354967
Time taken in this epoch 781.824090004
Best Reward: 0.423323 (Accuracy: 0.369095) at epoch 10
Best Accuracy: 0.369095 (Reward: 0.423323) at epoch 10
Saving model with header =  model/moduleKwNoMap-b15-ind-1-12

100 / 12276
200 / 12276
300 / 12276
400 / 12276
500 / 12276
600 / 12276
700 / 12276
800 / 12276
900 / 12276
1000 / 12276
1100 / 12276
1200 / 12276
1300 / 12276
1400 / 12276
1500 / 12276
1600 / 12276
1700 / 12276
1800 / 12276
1900 / 12276
2000 / 12276
2100 / 12276
2200 / 12276
2300 / 12276
2400 / 12276
2500 / 12276
2600 / 12276
2700 / 12276
2800 / 12276
2900 / 12276
3000 / 12276
3100 / 12276
3200 / 12276
3300 / 12276
3400 / 12276
3500 / 12276
3600 / 12276
3700 / 12276
3800 / 12276
3900 / 12276
4000 / 12276
4100 / 12276
4200 / 12276
4300 / 12276
4400 / 12276
4500 / 12276
4600 / 12276
4700 / 12276
4800 / 12276
4900 / 12276
5000 / 12276
5100 / 12276
5200 / 12276
5300 / 12276
5400 / 12276
5500 / 12276
5600 / 12276
5700 / 12276
5800 / 12276
5900 / 12276
6000 / 12276
6100 / 12276
6200 / 12276
6300 / 12276
6400 / 12276
6500 / 12276
6600 / 12276
6700 / 12276
6800 / 12276
6900 / 12276
7000 / 12276
7100 / 12276
7200 / 12276
7300 / 12276
7400 / 12276
7500 / 12276
7600 / 12276
7700 / 12276
7800 / 12276
7900 / 12276
8000 / 12276
8100 / 12276
8200 / 12276
8300 / 12276
8400 / 12276
8500 / 12276
8600 / 12276
8700 / 12276
8800 / 12276
8900 / 12276
9000 / 12276
9100 / 12276
9200 / 12276
9300 / 12276
9400 / 12276
9500 / 12276
9600 / 12276
9700 / 12276
9800 / 12276
9900 / 12276
10000 / 12276
10100 / 12276
10200 / 12276
10300 / 12276
10400 / 12276
10500 / 12276
10600 / 12276
10700 / 12276
10800 / 12276
10900 / 12276
11000 / 12276
11100 / 12276
11200 / 12276
11300 / 12276
11400 / 12276
11500 / 12276
11600 / 12276
11700 / 12276
11800 / 12276
11900 / 12276
12000 / 12276
12100 / 12276
12200 / 12276
In epoch  13  avg loss (or negative reward) is  0.651541727201
In epoch  13  test reward is 0.413800, test accuracy is 0.356733
Time taken in this epoch 787.871550798
Best Reward: 0.423323 (Accuracy: 0.369095) at epoch 10
Best Accuracy: 0.369095 (Reward: 0.423323) at epoch 10
Saving model with header =  model/moduleKwNoMap-b15-ind-1-13

100 / 12276
200 / 12276
300 / 12276
400 / 12276
500 / 12276
600 / 12276
700 / 12276
800 / 12276
900 / 12276
1000 / 12276
1100 / 12276
1200 / 12276
1300 / 12276
1400 / 12276
1500 / 12276
1600 / 12276
1700 / 12276
1800 / 12276
1900 / 12276
2000 / 12276
2100 / 12276
2200 / 12276
2300 / 12276
2400 / 12276
2500 / 12276
2600 / 12276
2700 / 12276
2800 / 12276
2900 / 12276
3000 / 12276
3100 / 12276
3200 / 12276
3300 / 12276
3400 / 12276
3500 / 12276
3600 / 12276
3700 / 12276
3800 / 12276
3900 / 12276
4000 / 12276
4100 / 12276
4200 / 12276
4300 / 12276
4400 / 12276
4500 / 12276
4600 / 12276
4700 / 12276
4800 / 12276
4900 / 12276
5000 / 12276
5100 / 12276
5200 / 12276
5300 / 12276
5400 / 12276
5500 / 12276
5600 / 12276
5700 / 12276
5800 / 12276
5900 / 12276
6000 / 12276
6100 / 12276
6200 / 12276
6300 / 12276
6400 / 12276
6500 / 12276
6600 / 12276
6700 / 12276
6800 / 12276
6900 / 12276
7000 / 12276
7100 / 12276
7200 / 12276
7300 / 12276
7400 / 12276
7500 / 12276
7600 / 12276
7700 / 12276
7800 / 12276
7900 / 12276
8000 / 12276
8100 / 12276
8200 / 12276
8300 / 12276
8400 / 12276
8500 / 12276
8600 / 12276
8700 / 12276
8800 / 12276
8900 / 12276
9000 / 12276
9100 / 12276
9200 / 12276
9300 / 12276
9400 / 12276
9500 / 12276
9600 / 12276
9700 / 12276
9800 / 12276
9900 / 12276
10000 / 12276
10100 / 12276
10200 / 12276
10300 / 12276
10400 / 12276
10500 / 12276
10600 / 12276
10700 / 12276
10800 / 12276
10900 / 12276
11000 / 12276
11100 / 12276
11200 / 12276
11300 / 12276
11400 / 12276
11500 / 12276
11600 / 12276
11700 / 12276
11800 / 12276
11900 / 12276
12000 / 12276
12100 / 12276
12200 / 12276
In epoch  14  avg loss (or negative reward) is  0.64525648663
In epoch  14  test reward is 0.416038, test accuracy is 0.358940
Time taken in this epoch 790.088482141
Best Reward: 0.423323 (Accuracy: 0.369095) at epoch 10
Best Accuracy: 0.369095 (Reward: 0.423323) at epoch 10
Saving model with header =  model/moduleKwNoMap-b15-ind-1-14

100 / 12276
200 / 12276
300 / 12276
400 / 12276
500 / 12276
600 / 12276
700 / 12276
800 / 12276
900 / 12276
1000 / 12276
1100 / 12276
1200 / 12276
1300 / 12276
1400 / 12276
1500 / 12276
1600 / 12276
1700 / 12276
1800 / 12276
1900 / 12276
2000 / 12276
2100 / 12276
2200 / 12276
2300 / 12276
2400 / 12276
2500 / 12276
2600 / 12276
2700 / 12276
2800 / 12276
2900 / 12276
3000 / 12276
3100 / 12276
3200 / 12276
3300 / 12276
3400 / 12276
3500 / 12276
3600 / 12276
3700 / 12276
3800 / 12276
3900 / 12276
4000 / 12276
4100 / 12276
4200 / 12276
4300 / 12276
4400 / 12276
4500 / 12276
4600 / 12276
4700 / 12276
4800 / 12276
4900 / 12276
5000 / 12276
5100 / 12276
5200 / 12276
5300 / 12276
5400 / 12276
5500 / 12276
5600 / 12276
5700 / 12276
5800 / 12276
5900 / 12276
6000 / 12276
6100 / 12276
6200 / 12276
6300 / 12276
6400 / 12276
6500 / 12276
6600 / 12276
6700 / 12276
6800 / 12276
6900 / 12276
7000 / 12276
7100 / 12276
7200 / 12276
7300 / 12276
7400 / 12276
7500 / 12276
7600 / 12276
7700 / 12276
7800 / 12276
7900 / 12276
8000 / 12276
8100 / 12276
8200 / 12276
8300 / 12276
8400 / 12276
8500 / 12276
8600 / 12276
8700 / 12276
8800 / 12276
8900 / 12276
9000 / 12276
9100 / 12276
9200 / 12276
9300 / 12276
9400 / 12276
9500 / 12276
9600 / 12276
9700 / 12276
9800 / 12276
9900 / 12276
10000 / 12276
10100 / 12276
10200 / 12276
10300 / 12276
10400 / 12276
10500 / 12276
10600 / 12276
10700 / 12276
10800 / 12276
10900 / 12276
11000 / 12276
11100 / 12276
11200 / 12276
11300 / 12276
11400 / 12276
11500 / 12276
11600 / 12276
11700 / 12276
11800 / 12276
11900 / 12276
12000 / 12276
12100 / 12276
12200 / 12276
In epoch  15  avg loss (or negative reward) is  0.636812079417
In epoch  15  test reward is 0.416504, test accuracy is 0.358940
Time taken in this epoch 793.605720043
Best Reward: 0.423323 (Accuracy: 0.369095) at epoch 10
Best Accuracy: 0.369095 (Reward: 0.423323) at epoch 10
Saving model with header =  model/moduleKwNoMap-b15-ind-1-15

100 / 12276
200 / 12276
300 / 12276
400 / 12276
500 / 12276
600 / 12276
700 / 12276
800 / 12276
900 / 12276
1000 / 12276
1100 / 12276
1200 / 12276
1300 / 12276
1400 / 12276
1500 / 12276
1600 / 12276
1700 / 12276
1800 / 12276
1900 / 12276
2000 / 12276
2100 / 12276
2200 / 12276
2300 / 12276
2400 / 12276
2500 / 12276
2600 / 12276
2700 / 12276
2800 / 12276
2900 / 12276
3000 / 12276
3100 / 12276
3200 / 12276
3300 / 12276
3400 / 12276
3500 / 12276
3600 / 12276
3700 / 12276
3800 / 12276
3900 / 12276
4000 / 12276
4100 / 12276
4200 / 12276
4300 / 12276
4400 / 12276
4500 / 12276
4600 / 12276
4700 / 12276
4800 / 12276
4900 / 12276
5000 / 12276
5100 / 12276
5200 / 12276
5300 / 12276
5400 / 12276
5500 / 12276
5600 / 12276
5700 / 12276
5800 / 12276
5900 / 12276
6000 / 12276
6100 / 12276
6200 / 12276
6300 / 12276
6400 / 12276
6500 / 12276
6600 / 12276
6700 / 12276
6800 / 12276
6900 / 12276
7000 / 12276
7100 / 12276
7200 / 12276
7300 / 12276
7400 / 12276
7500 / 12276
7600 / 12276
7700 / 12276
7800 / 12276
7900 / 12276
8000 / 12276
8100 / 12276
8200 / 12276
8300 / 12276
8400 / 12276
8500 / 12276
8600 / 12276
8700 / 12276
8800 / 12276
8900 / 12276
9000 / 12276
9100 / 12276
9200 / 12276
9300 / 12276
9400 / 12276
9500 / 12276
9600 / 12276
9700 / 12276
9800 / 12276
9900 / 12276
10000 / 12276
10100 / 12276
10200 / 12276
10300 / 12276
10400 / 12276
10500 / 12276
10600 / 12276
10700 / 12276
10800 / 12276
10900 / 12276
11000 / 12276
11100 / 12276
11200 / 12276
11300 / 12276
11400 / 12276
11500 / 12276
11600 / 12276
11700 / 12276
11800 / 12276
11900 / 12276
12000 / 12276
12100 / 12276
12200 / 12276
In epoch  16  avg loss (or negative reward) is  0.629028508271
In epoch  16  test reward is 0.411542, test accuracy is 0.354967
Time taken in this epoch 797.631833792
Best Reward: 0.423323 (Accuracy: 0.369095) at epoch 10
Best Accuracy: 0.369095 (Reward: 0.423323) at epoch 10
Saving model with header =  model/moduleKwNoMap-b15-ind-1-16

100 / 12276
200 / 12276
300 / 12276
400 / 12276
500 / 12276
600 / 12276
700 / 12276
800 / 12276
900 / 12276
1000 / 12276
1100 / 12276
1200 / 12276
1300 / 12276
1400 / 12276
1500 / 12276
1600 / 12276
1700 / 12276
1800 / 12276
1900 / 12276
2000 / 12276
2100 / 12276
2200 / 12276
2300 / 12276
2400 / 12276
2500 / 12276
2600 / 12276
2700 / 12276
2800 / 12276
2900 / 12276
3000 / 12276
3100 / 12276
3200 / 12276
3300 / 12276
3400 / 12276
3500 / 12276
3600 / 12276
3700 / 12276
3800 / 12276
3900 / 12276
4000 / 12276
4100 / 12276
4200 / 12276
4300 / 12276
4400 / 12276
4500 / 12276
4600 / 12276
4700 / 12276
4800 / 12276
4900 / 12276
5000 / 12276
5100 / 12276
5200 / 12276
5300 / 12276
5400 / 12276
5500 / 12276
5600 / 12276
5700 / 12276
5800 / 12276
5900 / 12276
6000 / 12276
6100 / 12276
6200 / 12276
6300 / 12276
6400 / 12276
6500 / 12276
6600 / 12276
6700 / 12276
6800 / 12276
6900 / 12276
7000 / 12276
7100 / 12276
7200 / 12276
7300 / 12276
7400 / 12276
7500 / 12276
7600 / 12276
7700 / 12276
7800 / 12276
7900 / 12276
8000 / 12276
8100 / 12276
8200 / 12276
8300 / 12276
8400 / 12276
8500 / 12276
8600 / 12276
8700 / 12276
8800 / 12276
8900 / 12276
9000 / 12276
9100 / 12276
9200 / 12276
9300 / 12276
9400 / 12276
9500 / 12276
9600 / 12276
9700 / 12276
9800 / 12276
9900 / 12276
10000 / 12276
10100 / 12276
10200 / 12276
10300 / 12276
10400 / 12276
10500 / 12276
10600 / 12276
10700 / 12276
10800 / 12276
10900 / 12276
11000 / 12276
11100 / 12276
11200 / 12276
11300 / 12276
11400 / 12276
11500 / 12276
11600 / 12276
11700 / 12276
11800 / 12276
11900 / 12276
12000 / 12276
12100 / 12276
12200 / 12276
In epoch  17  avg loss (or negative reward) is  0.625042570069
In epoch  17  test reward is 0.419863, test accuracy is 0.362472
Time taken in this epoch 798.590400219
Best Reward: 0.423323 (Accuracy: 0.369095) at epoch 10
Best Accuracy: 0.369095 (Reward: 0.423323) at epoch 10
Saving model with header =  model/moduleKwNoMap-b15-ind-1-17

100 / 12276
200 / 12276
300 / 12276
400 / 12276
500 / 12276
600 / 12276
700 / 12276
800 / 12276
900 / 12276
1000 / 12276
1100 / 12276
1200 / 12276
1300 / 12276
1400 / 12276
1500 / 12276
1600 / 12276
1700 / 12276
1800 / 12276
1900 / 12276
2000 / 12276
2100 / 12276
2200 / 12276
2300 / 12276
2400 / 12276
2500 / 12276
2600 / 12276
2700 / 12276
2800 / 12276
2900 / 12276
3000 / 12276
3100 / 12276
3200 / 12276
3300 / 12276
3400 / 12276
3500 / 12276
3600 / 12276
3700 / 12276
3800 / 12276
3900 / 12276
4000 / 12276
4100 / 12276
4200 / 12276
4300 / 12276
4400 / 12276
4500 / 12276
4600 / 12276
4700 / 12276
4800 / 12276
4900 / 12276
5000 / 12276
5100 / 12276
5200 / 12276
5300 / 12276
5400 / 12276
5500 / 12276
5600 / 12276
5700 / 12276
5800 / 12276
5900 / 12276
6000 / 12276
6100 / 12276
6200 / 12276
6300 / 12276
6400 / 12276
6500 / 12276
6600 / 12276
6700 / 12276
6800 / 12276
6900 / 12276
7000 / 12276
7100 / 12276
7200 / 12276
7300 / 12276
7400 / 12276
7500 / 12276
7600 / 12276
7700 / 12276
7800 / 12276
7900 / 12276
8000 / 12276
8100 / 12276
8200 / 12276
8300 / 12276
8400 / 12276
8500 / 12276
8600 / 12276
8700 / 12276
8800 / 12276
8900 / 12276
9000 / 12276
9100 / 12276
9200 / 12276
9300 / 12276
9400 / 12276
9500 / 12276
9600 / 12276
9700 / 12276
9800 / 12276
9900 / 12276
10000 / 12276
10100 / 12276
10200 / 12276
10300 / 12276
10400 / 12276
10500 / 12276
10600 / 12276
10700 / 12276
10800 / 12276
10900 / 12276
11000 / 12276
11100 / 12276
11200 / 12276
11300 / 12276
11400 / 12276
11500 / 12276
11600 / 12276
11700 / 12276
11800 / 12276
11900 / 12276
12000 / 12276
12100 / 12276
12200 / 12276
In epoch  18  avg loss (or negative reward) is  0.618688158193
In epoch  18  test reward is 0.413325, test accuracy is 0.354084
Time taken in this epoch 799.497400999
Best Reward: 0.423323 (Accuracy: 0.369095) at epoch 10
Best Accuracy: 0.369095 (Reward: 0.423323) at epoch 10
Saving model with header =  model/moduleKwNoMap-b15-ind-1-18

100 / 12276
200 / 12276
300 / 12276
400 / 12276
500 / 12276
600 / 12276
700 / 12276
800 / 12276
900 / 12276
1000 / 12276
1100 / 12276
1200 / 12276
1300 / 12276
1400 / 12276
1500 / 12276
1600 / 12276
1700 / 12276
1800 / 12276
1900 / 12276
2000 / 12276
2100 / 12276
2200 / 12276
2300 / 12276
2400 / 12276
2500 / 12276
2600 / 12276
2700 / 12276
2800 / 12276
2900 / 12276
3000 / 12276
3100 / 12276
3200 / 12276
3300 / 12276
3400 / 12276
3500 / 12276
3600 / 12276
3700 / 12276
3800 / 12276
3900 / 12276
4000 / 12276
4100 / 12276
4200 / 12276
4300 / 12276
4400 / 12276
4500 / 12276
4600 / 12276
4700 / 12276
4800 / 12276
4900 / 12276
5000 / 12276
5100 / 12276
5200 / 12276
5300 / 12276
5400 / 12276
5500 / 12276
5600 / 12276
5700 / 12276
5800 / 12276
5900 / 12276
6000 / 12276
6100 / 12276
6200 / 12276
6300 / 12276
6400 / 12276
6500 / 12276
6600 / 12276
6700 / 12276
6800 / 12276
6900 / 12276
7000 / 12276
7100 / 12276
7200 / 12276
7300 / 12276
7400 / 12276
7500 / 12276
7600 / 12276
7700 / 12276
7800 / 12276
7900 / 12276
8000 / 12276
8100 / 12276
8200 / 12276
8300 / 12276
8400 / 12276
8500 / 12276
8600 / 12276
8700 / 12276
8800 / 12276
8900 / 12276
9000 / 12276
9100 / 12276
9200 / 12276
9300 / 12276
9400 / 12276
9500 / 12276
9600 / 12276
9700 / 12276
9800 / 12276
9900 / 12276
10000 / 12276
10100 / 12276
10200 / 12276
10300 / 12276
10400 / 12276
10500 / 12276
10600 / 12276
10700 / 12276
10800 / 12276
10900 / 12276
11000 / 12276
11100 / 12276
11200 / 12276
11300 / 12276
11400 / 12276
11500 / 12276
11600 / 12276
11700 / 12276
11800 / 12276
11900 / 12276
12000 / 12276
12100 / 12276
12200 / 12276
In epoch  19  avg loss (or negative reward) is  0.609721860472
In epoch  19  test reward is 0.419282, test accuracy is 0.362031
Time taken in this epoch 793.091945887
Best Reward: 0.423323 (Accuracy: 0.369095) at epoch 10
Best Accuracy: 0.369095 (Reward: 0.423323) at epoch 10
Saving model with header =  model/moduleKwNoMap-b15-ind-1-19

100 / 12276
200 / 12276
300 / 12276
400 / 12276
500 / 12276
600 / 12276
700 / 12276
800 / 12276
900 / 12276
1000 / 12276
1100 / 12276
1200 / 12276
1300 / 12276
1400 / 12276
1500 / 12276
1600 / 12276
1700 / 12276
1800 / 12276
1900 / 12276
2000 / 12276
2100 / 12276
2200 / 12276
2300 / 12276
2400 / 12276
2500 / 12276
2600 / 12276
2700 / 12276
2800 / 12276
2900 / 12276
3000 / 12276
3100 / 12276
3200 / 12276
3300 / 12276
3400 / 12276
3500 / 12276
3600 / 12276
3700 / 12276
3800 / 12276
3900 / 12276
4000 / 12276
4100 / 12276
4200 / 12276
4300 / 12276
4400 / 12276
4500 / 12276
4600 / 12276
4700 / 12276
4800 / 12276
4900 / 12276
5000 / 12276
5100 / 12276
5200 / 12276
5300 / 12276
5400 / 12276
5500 / 12276
5600 / 12276
5700 / 12276
5800 / 12276
5900 / 12276
6000 / 12276
6100 / 12276
6200 / 12276
6300 / 12276
6400 / 12276
6500 / 12276
6600 / 12276
6700 / 12276
6800 / 12276
6900 / 12276
7000 / 12276
7100 / 12276
7200 / 12276
7300 / 12276
7400 / 12276
7500 / 12276
7600 / 12276
7700 / 12276
7800 / 12276
7900 / 12276
8000 / 12276
8100 / 12276
8200 / 12276
8300 / 12276
8400 / 12276
8500 / 12276
8600 / 12276
8700 / 12276
8800 / 12276
8900 / 12276
9000 / 12276
9100 / 12276
9200 / 12276
9300 / 12276
9400 / 12276
9500 / 12276
9600 / 12276
9700 / 12276
9800 / 12276
9900 / 12276
10000 / 12276
10100 / 12276
10200 / 12276
10300 / 12276
10400 / 12276
10500 / 12276
10600 / 12276
10700 / 12276
10800 / 12276
10900 / 12276
11000 / 12276
11100 / 12276
11200 / 12276
11300 / 12276
11400 / 12276
11500 / 12276
11600 / 12276
11700 / 12276
11800 / 12276
11900 / 12276
12000 / 12276
12100 / 12276
12200 / 12276
In epoch  20  avg loss (or negative reward) is  0.605790557739
In epoch  20  test reward is 0.417277, test accuracy is 0.360706
Time taken in this epoch 803.173974037
Best Reward: 0.423323 (Accuracy: 0.369095) at epoch 10
Best Accuracy: 0.369095 (Reward: 0.423323) at epoch 10
Saving model with header =  model/moduleKwNoMap-b15-ind-1-20

100 / 12276
200 / 12276
300 / 12276
400 / 12276
500 / 12276
600 / 12276
700 / 12276
800 / 12276
900 / 12276
1000 / 12276
1100 / 12276
1200 / 12276
1300 / 12276
1400 / 12276
1500 / 12276
1600 / 12276
1700 / 12276
1800 / 12276
1900 / 12276
2000 / 12276
2100 / 12276
2200 / 12276
2300 / 12276
2400 / 12276
2500 / 12276
2600 / 12276
2700 / 12276
2800 / 12276
2900 / 12276
3000 / 12276
3100 / 12276
3200 / 12276
3300 / 12276
3400 / 12276
3500 / 12276
3600 / 12276
3700 / 12276
3800 / 12276
3900 / 12276
4000 / 12276
4100 / 12276
4200 / 12276
4300 / 12276
4400 / 12276
4500 / 12276
4600 / 12276
4700 / 12276
4800 / 12276
4900 / 12276
5000 / 12276
5100 / 12276
5200 / 12276
5300 / 12276
5400 / 12276
5500 / 12276
5600 / 12276
5700 / 12276
5800 / 12276
5900 / 12276
6000 / 12276
6100 / 12276
6200 / 12276
6300 / 12276
6400 / 12276
6500 / 12276
6600 / 12276
6700 / 12276
6800 / 12276
6900 / 12276
7000 / 12276
7100 / 12276
7200 / 12276
7300 / 12276
7400 / 12276
7500 / 12276
7600 / 12276
7700 / 12276
7800 / 12276
7900 / 12276
8000 / 12276
8100 / 12276
8200 / 12276
8300 / 12276
8400 / 12276
8500 / 12276
8600 / 12276
8700 / 12276
8800 / 12276
8900 / 12276
9000 / 12276
9100 / 12276
9200 / 12276
9300 / 12276
9400 / 12276
9500 / 12276
9600 / 12276
9700 / 12276
9800 / 12276
9900 / 12276
10000 / 12276
10100 / 12276
10200 / 12276
10300 / 12276
10400 / 12276
10500 / 12276
10600 / 12276
10700 / 12276
10800 / 12276
10900 / 12276
11000 / 12276
11100 / 12276
11200 / 12276
11300 / 12276
11400 / 12276
11500 / 12276
11600 / 12276
11700 / 12276
11800 / 12276
11900 / 12276
12000 / 12276
12100 / 12276
12200 / 12276
In epoch  21  avg loss (or negative reward) is  0.597629399938
In epoch  21  test reward is 0.414714, test accuracy is 0.354084
Time taken in this epoch 807.443444967
Best Reward: 0.423323 (Accuracy: 0.369095) at epoch 10
Best Accuracy: 0.369095 (Reward: 0.423323) at epoch 10
Saving model with header =  model/moduleKwNoMap-b15-ind-1-21

100 / 12276
200 / 12276
300 / 12276
400 / 12276
500 / 12276
600 / 12276
700 / 12276
800 / 12276
900 / 12276
1000 / 12276
1100 / 12276
1200 / 12276
1300 / 12276
1400 / 12276
1500 / 12276
1600 / 12276
1700 / 12276
1800 / 12276
1900 / 12276
2000 / 12276
2100 / 12276
2200 / 12276
2300 / 12276
2400 / 12276
2500 / 12276
2600 / 12276
2700 / 12276
2800 / 12276
2900 / 12276
3000 / 12276
3100 / 12276
3200 / 12276
3300 / 12276
3400 / 12276
3500 / 12276
3600 / 12276
3700 / 12276
3800 / 12276
3900 / 12276
4000 / 12276
4100 / 12276
4200 / 12276
4300 / 12276
4400 / 12276
4500 / 12276
4600 / 12276
4700 / 12276
4800 / 12276
4900 / 12276
5000 / 12276
5100 / 12276
5200 / 12276
5300 / 12276
5400 / 12276
5500 / 12276
5600 / 12276
5700 / 12276
5800 / 12276
5900 / 12276
6000 / 12276
6100 / 12276
6200 / 12276
6300 / 12276
6400 / 12276
6500 / 12276
6600 / 12276
6700 / 12276
6800 / 12276
6900 / 12276
7000 / 12276
7100 / 12276
7200 / 12276
7300 / 12276
7400 / 12276
7500 / 12276
7600 / 12276
7700 / 12276
7800 / 12276
7900 / 12276
8000 / 12276
8100 / 12276
8200 / 12276
8300 / 12276
8400 / 12276
8500 / 12276
8600 / 12276
8700 / 12276
8800 / 12276
8900 / 12276
9000 / 12276
9100 / 12276
9200 / 12276
9300 / 12276
9400 / 12276
9500 / 12276
9600 / 12276
9700 / 12276
9800 / 12276
9900 / 12276
10000 / 12276
10100 / 12276
10200 / 12276
10300 / 12276
10400 / 12276
10500 / 12276
10600 / 12276
10700 / 12276
10800 / 12276
10900 / 12276
11000 / 12276
11100 / 12276
11200 / 12276
11300 / 12276
11400 / 12276
11500 / 12276
11600 / 12276
11700 / 12276
11800 / 12276
11900 / 12276
12000 / 12276
12100 / 12276
12200 / 12276
In epoch  22  avg loss (or negative reward) is  0.593940912867
In epoch  22  test reward is 0.421618, test accuracy is 0.366446
Time taken in this epoch 799.258549929
Best Reward: 0.423323 (Accuracy: 0.369095) at epoch 10
Best Accuracy: 0.369095 (Reward: 0.423323) at epoch 10
Saving model with header =  model/moduleKwNoMap-b15-ind-1-22

100 / 12276
200 / 12276
300 / 12276
400 / 12276
500 / 12276
600 / 12276
700 / 12276
800 / 12276
900 / 12276
1000 / 12276
1100 / 12276
1200 / 12276
1300 / 12276
1400 / 12276
1500 / 12276
1600 / 12276
1700 / 12276
1800 / 12276
1900 / 12276
2000 / 12276
2100 / 12276
2200 / 12276
2300 / 12276
2400 / 12276
2500 / 12276
2600 / 12276
2700 / 12276
2800 / 12276
2900 / 12276
3000 / 12276
3100 / 12276
3200 / 12276
3300 / 12276
3400 / 12276
3500 / 12276
3600 / 12276
3700 / 12276
3800 / 12276
3900 / 12276
4000 / 12276
4100 / 12276
4200 / 12276
4300 / 12276
4400 / 12276
4500 / 12276
4600 / 12276
4700 / 12276
4800 / 12276
4900 / 12276
5000 / 12276
5100 / 12276
5200 / 12276
5300 / 12276
5400 / 12276
5500 / 12276
5600 / 12276
5700 / 12276
5800 / 12276
5900 / 12276
6000 / 12276
6100 / 12276
6200 / 12276
6300 / 12276
6400 / 12276
6500 / 12276
6600 / 12276
6700 / 12276
6800 / 12276
6900 / 12276
7000 / 12276
7100 / 12276
7200 / 12276
7300 / 12276
7400 / 12276
7500 / 12276
7600 / 12276
7700 / 12276
7800 / 12276
7900 / 12276
8000 / 12276
8100 / 12276
8200 / 12276
8300 / 12276
8400 / 12276
8500 / 12276
8600 / 12276
8700 / 12276
8800 / 12276
8900 / 12276
9000 / 12276
9100 / 12276
9200 / 12276
9300 / 12276
9400 / 12276
9500 / 12276
9600 / 12276
9700 / 12276
9800 / 12276
9900 / 12276
10000 / 12276
10100 / 12276
10200 / 12276
10300 / 12276
10400 / 12276
10500 / 12276
10600 / 12276
10700 / 12276
10800 / 12276
10900 / 12276
11000 / 12276
11100 / 12276
11200 / 12276
11300 / 12276
11400 / 12276
11500 / 12276
11600 / 12276
11700 / 12276
11800 / 12276
11900 / 12276
12000 / 12276
12100 / 12276
12200 / 12276
In epoch  23  avg loss (or negative reward) is  0.589296255444
In epoch  23  test reward is 0.414903, test accuracy is 0.357174
Time taken in this epoch 794.52975297
Best Reward: 0.423323 (Accuracy: 0.369095) at epoch 10
Best Accuracy: 0.369095 (Reward: 0.423323) at epoch 10
Saving model with header =  model/moduleKwNoMap-b15-ind-1-23

100 / 12276
200 / 12276
300 / 12276
400 / 12276
500 / 12276
600 / 12276
700 / 12276
800 / 12276
900 / 12276
1000 / 12276
1100 / 12276
1200 / 12276
1300 / 12276
1400 / 12276
1500 / 12276
1600 / 12276
1700 / 12276
1800 / 12276
1900 / 12276
2000 / 12276
2100 / 12276
2200 / 12276
2300 / 12276
2400 / 12276
2500 / 12276
2600 / 12276
2700 / 12276
2800 / 12276
2900 / 12276
3000 / 12276
3100 / 12276
3200 / 12276
3300 / 12276
3400 / 12276
3500 / 12276
3600 / 12276
3700 / 12276
3800 / 12276
3900 / 12276
4000 / 12276
4100 / 12276
4200 / 12276
4300 / 12276
4400 / 12276
4500 / 12276
4600 / 12276
4700 / 12276
4800 / 12276
4900 / 12276
5000 / 12276
5100 / 12276
5200 / 12276
5300 / 12276
5400 / 12276
5500 / 12276
5600 / 12276
5700 / 12276
5800 / 12276
5900 / 12276
6000 / 12276
6100 / 12276
6200 / 12276
6300 / 12276
6400 / 12276
6500 / 12276
6600 / 12276
6700 / 12276
6800 / 12276
6900 / 12276
7000 / 12276
7100 / 12276
7200 / 12276
7300 / 12276
7400 / 12276
7500 / 12276
7600 / 12276
7700 / 12276
7800 / 12276
7900 / 12276
8000 / 12276
8100 / 12276
8200 / 12276
8300 / 12276
8400 / 12276
8500 / 12276
8600 / 12276
8700 / 12276
8800 / 12276
8900 / 12276
9000 / 12276
9100 / 12276
9200 / 12276
9300 / 12276
9400 / 12276
9500 / 12276
9600 / 12276
9700 / 12276
9800 / 12276
9900 / 12276
10000 / 12276
10100 / 12276
10200 / 12276
10300 / 12276
10400 / 12276
10500 / 12276
10600 / 12276
10700 / 12276
10800 / 12276
10900 / 12276
11000 / 12276
11100 / 12276
11200 / 12276
11300 / 12276
11400 / 12276
11500 / 12276
11600 / 12276
11700 / 12276
11800 / 12276
11900 / 12276
12000 / 12276
12100 / 12276
12200 / 12276
In epoch  24  avg loss (or negative reward) is  0.585456745591
In epoch  24  test reward is 0.411269, test accuracy is 0.354967
Time taken in this epoch 792.763001204
Best Reward: 0.423323 (Accuracy: 0.369095) at epoch 10
Best Accuracy: 0.369095 (Reward: 0.423323) at epoch 10
Saving model with header =  model/moduleKwNoMap-b15-ind-1-24

100 / 12276
200 / 12276
300 / 12276
400 / 12276
500 / 12276
600 / 12276
700 / 12276
800 / 12276
900 / 12276
1000 / 12276
1100 / 12276
1200 / 12276
1300 / 12276
1400 / 12276
1500 / 12276
1600 / 12276
1700 / 12276
1800 / 12276
1900 / 12276
2000 / 12276
2100 / 12276
2200 / 12276
2300 / 12276
2400 / 12276
2500 / 12276
2600 / 12276
2700 / 12276
2800 / 12276
2900 / 12276
3000 / 12276
3100 / 12276
3200 / 12276
3300 / 12276
3400 / 12276
3500 / 12276
3600 / 12276
3700 / 12276
3800 / 12276
3900 / 12276
4000 / 12276
4100 / 12276
4200 / 12276
4300 / 12276
4400 / 12276
4500 / 12276
4600 / 12276
4700 / 12276
4800 / 12276
4900 / 12276
5000 / 12276
5100 / 12276
5200 / 12276
5300 / 12276
5400 / 12276
5500 / 12276
5600 / 12276
5700 / 12276
5800 / 12276
5900 / 12276
6000 / 12276
6100 / 12276
6200 / 12276
6300 / 12276
6400 / 12276
6500 / 12276
6600 / 12276
6700 / 12276
6800 / 12276
6900 / 12276
7000 / 12276
7100 / 12276
7200 / 12276
7300 / 12276
7400 / 12276
7500 / 12276
7600 / 12276
7700 / 12276
7800 / 12276
7900 / 12276
8000 / 12276
8100 / 12276
8200 / 12276
8300 / 12276
8400 / 12276
8500 / 12276
8600 / 12276
8700 / 12276
8800 / 12276
8900 / 12276
9000 / 12276
9100 / 12276
9200 / 12276
9300 / 12276
9400 / 12276
9500 / 12276
9600 / 12276
9700 / 12276
9800 / 12276
9900 / 12276
10000 / 12276
10100 / 12276
10200 / 12276
10300 / 12276
10400 / 12276
10500 / 12276
10600 / 12276
10700 / 12276
10800 / 12276
10900 / 12276
11000 / 12276
11100 / 12276
11200 / 12276
11300 / 12276
11400 / 12276
11500 / 12276
11600 / 12276
11700 / 12276
11800 / 12276
11900 / 12276
12000 / 12276
12100 / 12276
12200 / 12276
In epoch  25  avg loss (or negative reward) is  0.577878665991
In epoch  25  test reward is 0.415859, test accuracy is 0.356291
Time taken in this epoch 795.979157925
Best Reward: 0.423323 (Accuracy: 0.369095) at epoch 10
Best Accuracy: 0.369095 (Reward: 0.423323) at epoch 10
Saving model with header =  model/moduleKwNoMap-b15-ind-1-25

100 / 12276
200 / 12276
300 / 12276
400 / 12276
500 / 12276
600 / 12276
700 / 12276
800 / 12276
900 / 12276
1000 / 12276
1100 / 12276
1200 / 12276
1300 / 12276
1400 / 12276
1500 / 12276
1600 / 12276
1700 / 12276
1800 / 12276
1900 / 12276
2000 / 12276
2100 / 12276
2200 / 12276
2300 / 12276
2400 / 12276
2500 / 12276
2600 / 12276
2700 / 12276
2800 / 12276
2900 / 12276
3000 / 12276
3100 / 12276
3200 / 12276
3300 / 12276
3400 / 12276
3500 / 12276
3600 / 12276
3700 / 12276
3800 / 12276
3900 / 12276
4000 / 12276
4100 / 12276
4200 / 12276
4300 / 12276
4400 / 12276
4500 / 12276
4600 / 12276
4700 / 12276
4800 / 12276
4900 / 12276
5000 / 12276
5100 / 12276
5200 / 12276
5300 / 12276
5400 / 12276
5500 / 12276
5600 / 12276
5700 / 12276
5800 / 12276
5900 / 12276
6000 / 12276
6100 / 12276
6200 / 12276
6300 / 12276
6400 / 12276
6500 / 12276
6600 / 12276
6700 / 12276
6800 / 12276
6900 / 12276
7000 / 12276
7100 / 12276
7200 / 12276
7300 / 12276
7400 / 12276
7500 / 12276
7600 / 12276
7700 / 12276
7800 / 12276
7900 / 12276
8000 / 12276
8100 / 12276
8200 / 12276
8300 / 12276
8400 / 12276
8500 / 12276
8600 / 12276
8700 / 12276
8800 / 12276
8900 / 12276
9000 / 12276
9100 / 12276
9200 / 12276
9300 / 12276
9400 / 12276
9500 / 12276
9600 / 12276
9700 / 12276
9800 / 12276
9900 / 12276
10000 / 12276
10100 / 12276
10200 / 12276
10300 / 12276
10400 / 12276
10500 / 12276
10600 / 12276
10700 / 12276
10800 / 12276
10900 / 12276
11000 / 12276
11100 / 12276
11200 / 12276
11300 / 12276
11400 / 12276
11500 / 12276
11600 / 12276
11700 / 12276
11800 / 12276
11900 / 12276
12000 / 12276
12100 / 12276
12200 / 12276
In epoch  26  avg loss (or negative reward) is  0.576596481051
In epoch  26  test reward is 0.415577, test accuracy is 0.354967
Time taken in this epoch 796.717489958
Best Reward: 0.423323 (Accuracy: 0.369095) at epoch 10
Best Accuracy: 0.369095 (Reward: 0.423323) at epoch 10
Saving model with header =  model/moduleKwNoMap-b15-ind-1-26

100 / 12276
200 / 12276
300 / 12276
400 / 12276
500 / 12276
600 / 12276
700 / 12276
800 / 12276
900 / 12276
1000 / 12276
1100 / 12276
1200 / 12276
1300 / 12276
1400 / 12276
1500 / 12276
1600 / 12276
1700 / 12276
1800 / 12276
1900 / 12276
2000 / 12276
2100 / 12276
2200 / 12276
2300 / 12276
2400 / 12276
2500 / 12276
2600 / 12276
2700 / 12276
2800 / 12276
2900 / 12276
3000 / 12276
3100 / 12276
3200 / 12276
3300 / 12276
3400 / 12276
3500 / 12276
3600 / 12276
3700 / 12276
3800 / 12276
3900 / 12276
4000 / 12276
4100 / 12276
4200 / 12276
4300 / 12276
4400 / 12276
4500 / 12276
4600 / 12276
4700 / 12276
4800 / 12276
4900 / 12276
5000 / 12276
5100 / 12276
5200 / 12276
5300 / 12276
5400 / 12276
5500 / 12276
5600 / 12276
5700 / 12276
5800 / 12276
5900 / 12276
6000 / 12276
6100 / 12276
6200 / 12276
6300 / 12276
6400 / 12276
6500 / 12276
6600 / 12276
6700 / 12276
6800 / 12276
6900 / 12276
7000 / 12276
7100 / 12276
7200 / 12276
7300 / 12276
7400 / 12276
7500 / 12276
7600 / 12276
7700 / 12276
7800 / 12276
7900 / 12276
8000 / 12276
8100 / 12276
8200 / 12276
8300 / 12276
8400 / 12276
8500 / 12276
8600 / 12276
8700 / 12276
8800 / 12276
8900 / 12276
9000 / 12276
9100 / 12276
9200 / 12276
9300 / 12276
9400 / 12276
9500 / 12276
9600 / 12276
9700 / 12276
9800 / 12276
9900 / 12276
10000 / 12276
10100 / 12276
10200 / 12276
10300 / 12276
10400 / 12276
10500 / 12276
10600 / 12276
10700 / 12276
10800 / 12276
10900 / 12276
11000 / 12276
11100 / 12276
11200 / 12276
11300 / 12276
11400 / 12276
11500 / 12276
11600 / 12276
11700 / 12276
11800 / 12276
11900 / 12276
12000 / 12276
12100 / 12276
12200 / 12276
In epoch  27  avg loss (or negative reward) is  0.567502129181
In epoch  27  test reward is 0.413068, test accuracy is 0.354084
Time taken in this epoch 799.800682068
Best Reward: 0.423323 (Accuracy: 0.369095) at epoch 10
Best Accuracy: 0.369095 (Reward: 0.423323) at epoch 10
Saving model with header =  model/moduleKwNoMap-b15-ind-1-27

100 / 12276
200 / 12276
300 / 12276
400 / 12276
500 / 12276
600 / 12276
700 / 12276
800 / 12276
900 / 12276
1000 / 12276
1100 / 12276
1200 / 12276
1300 / 12276
1400 / 12276
1500 / 12276
1600 / 12276
1700 / 12276
1800 / 12276
1900 / 12276
2000 / 12276
2100 / 12276
2200 / 12276
2300 / 12276
2400 / 12276
2500 / 12276
2600 / 12276
2700 / 12276
2800 / 12276
2900 / 12276
3000 / 12276
3100 / 12276
3200 / 12276
3300 / 12276
3400 / 12276
3500 / 12276
3600 / 12276
3700 / 12276
3800 / 12276
3900 / 12276
4000 / 12276
4100 / 12276
4200 / 12276
4300 / 12276
4400 / 12276
4500 / 12276
4600 / 12276
4700 / 12276
4800 / 12276
4900 / 12276
5000 / 12276
5100 / 12276
5200 / 12276
5300 / 12276
5400 / 12276
5500 / 12276
5600 / 12276
5700 / 12276
5800 / 12276
5900 / 12276
6000 / 12276
6100 / 12276
6200 / 12276
6300 / 12276
6400 / 12276
6500 / 12276
6600 / 12276
6700 / 12276
6800 / 12276
6900 / 12276
7000 / 12276
7100 / 12276
7200 / 12276
7300 / 12276
7400 / 12276
7500 / 12276
7600 / 12276
7700 / 12276
7800 / 12276
7900 / 12276
8000 / 12276
8100 / 12276
8200 / 12276
8300 / 12276
8400 / 12276
8500 / 12276
8600 / 12276
8700 / 12276
8800 / 12276
8900 / 12276
9000 / 12276
9100 / 12276
9200 / 12276
9300 / 12276
9400 / 12276
9500 / 12276
9600 / 12276
9700 / 12276
9800 / 12276
9900 / 12276
10000 / 12276
10100 / 12276
10200 / 12276
10300 / 12276
10400 / 12276
10500 / 12276
10600 / 12276
10700 / 12276
10800 / 12276
10900 / 12276
11000 / 12276
11100 / 12276
11200 / 12276
11300 / 12276
11400 / 12276
11500 / 12276
11600 / 12276
11700 / 12276
11800 / 12276
11900 / 12276
12000 / 12276
12100 / 12276
12200 / 12276
In epoch  28  avg loss (or negative reward) is  0.564511689513
In epoch  28  test reward is 0.417174, test accuracy is 0.357616
Time taken in this epoch 801.799685001
Best Reward: 0.423323 (Accuracy: 0.369095) at epoch 10
Best Accuracy: 0.369095 (Reward: 0.423323) at epoch 10
Saving model with header =  model/moduleKwNoMap-b15-ind-1-28

100 / 12276
200 / 12276
300 / 12276
400 / 12276
500 / 12276
600 / 12276
700 / 12276
800 / 12276
900 / 12276
1000 / 12276
1100 / 12276
1200 / 12276
1300 / 12276
1400 / 12276
1500 / 12276
1600 / 12276
1700 / 12276
1800 / 12276
1900 / 12276
2000 / 12276
2100 / 12276
2200 / 12276
2300 / 12276
2400 / 12276
2500 / 12276
2600 / 12276
2700 / 12276
2800 / 12276
2900 / 12276
3000 / 12276
3100 / 12276
3200 / 12276
3300 / 12276
3400 / 12276
3500 / 12276
3600 / 12276
3700 / 12276
3800 / 12276
3900 / 12276
4000 / 12276
4100 / 12276
4200 / 12276
4300 / 12276
4400 / 12276
4500 / 12276
4600 / 12276
4700 / 12276
4800 / 12276
4900 / 12276
5000 / 12276
5100 / 12276
5200 / 12276
5300 / 12276
5400 / 12276
5500 / 12276
5600 / 12276
5700 / 12276
5800 / 12276
5900 / 12276
6000 / 12276
6100 / 12276
6200 / 12276
6300 / 12276
6400 / 12276
6500 / 12276
6600 / 12276
6700 / 12276
6800 / 12276
6900 / 12276
7000 / 12276
7100 / 12276
7200 / 12276
7300 / 12276
7400 / 12276
7500 / 12276
7600 / 12276
7700 / 12276
7800 / 12276
7900 / 12276
8000 / 12276
8100 / 12276
8200 / 12276
8300 / 12276
8400 / 12276
8500 / 12276
8600 / 12276
8700 / 12276
8800 / 12276
8900 / 12276
9000 / 12276
9100 / 12276
9200 / 12276
9300 / 12276
9400 / 12276
9500 / 12276
9600 / 12276
9700 / 12276
9800 / 12276
9900 / 12276
10000 / 12276
10100 / 12276
10200 / 12276
10300 / 12276
10400 / 12276
10500 / 12276
10600 / 12276
10700 / 12276
10800 / 12276
10900 / 12276
11000 / 12276
11100 / 12276
11200 / 12276
11300 / 12276
11400 / 12276
11500 / 12276
11600 / 12276
11700 / 12276
11800 / 12276
11900 / 12276
12000 / 12276
12100 / 12276
12200 / 12276
In epoch  29  avg loss (or negative reward) is  0.558922991092
In epoch  29  test reward is 0.405393, test accuracy is 0.345254
Time taken in this epoch 800.806807995
Best Reward: 0.423323 (Accuracy: 0.369095) at epoch 10
Best Accuracy: 0.369095 (Reward: 0.423323) at epoch 10
Saving model with header =  model/moduleKwNoMap-b15-ind-1-29

