[dynet] random seed: 1
[dynet] allocating memory: 2000MB
[dynet] memory allocation done.
Random-split-1-train/dev...
================================================================================
Train /home/scottyih/Neural-RL-SP/data/random-split-1-train.tsv
Test /home/scottyih/Neural-RL-SP/data/random-split-1-dev.tsv
{u'partial_reward': True, u'USE_PRETRAIN_WORD_EMBEDDING': True, u'AnnotatedTableDir': u'/home/scottyih/Neural-RL-SP/Arvind_data/annotated', u'updateEMB': 0, u'DropOut': True, u'ReduceRowCond': False, u'record_path': u'./cache//glove.6b.100d.trie', u'NUM_ITER': 30, u'guessLogPass': False, u'beam_size': 15, u'recordtriesep': u'|', u'recordtriestructure': u'<ffffffffffffffffffffffffffffffffffffffffffffffffffffffffffffffffffffffffffffffffffffffffffffffffffff', u'WORD_EMBEDDING_DIM': 100, u'DIST_BIAS_DIM': 100, u'dirTable': u'file:///D:/ScottYih/Source/Repos/Neural-RL-SP/data', u'LSTM_HIDDEN_DIM': 50, u'embeddingtrie': <marisa_trie.RecordTrie object at 0x7fc9471c0d70>, u'verbose-dump': False}
>>>>>>>> begin experiments
Warning: /home/scottyih/Neural-RL-SP/Arvind_data/annotated/203-annotated/855.annotated is not complete!
Warning: /home/scottyih/Neural-RL-SP/Arvind_data/annotated/203-annotated/855.annotated is not complete!
Warning: /home/scottyih/Neural-RL-SP/Arvind_data/annotated/203-annotated/855.annotated is not complete!
Warning: /home/scottyih/Neural-RL-SP/Arvind_data/annotated/203-annotated/855.annotated is not complete!
Warning: /home/scottyih/Neural-RL-SP/Arvind_data/annotated/203-annotated/855.annotated is not complete!
Warning: /home/scottyih/Neural-RL-SP/Arvind_data/annotated/203-annotated/855.annotated is not complete!
Warning: /home/scottyih/Neural-RL-SP/Arvind_data/annotated/203-annotated/855.annotated is not complete!
Warning: /home/scottyih/Neural-RL-SP/Arvind_data/annotated/203-annotated/855.annotated is not complete!
Warning: /home/scottyih/Neural-RL-SP/Arvind_data/annotated/204-annotated/546.annotated is not complete!
Warning: /home/scottyih/Neural-RL-SP/Arvind_data/annotated/204-annotated/546.annotated is not complete!
Warning: /home/scottyih/Neural-RL-SP/Arvind_data/annotated/204-annotated/546.annotated is not complete!
Warning: /home/scottyih/Neural-RL-SP/Arvind_data/annotated/204-annotated/546.annotated is not complete!
Warning: /home/scottyih/Neural-RL-SP/Arvind_data/annotated/204-annotated/546.annotated is not complete!
Warning: /home/scottyih/Neural-RL-SP/Arvind_data/annotated/204-annotated/546.annotated is not complete!
Warning: /home/scottyih/Neural-RL-SP/Arvind_data/annotated/204-annotated/546.annotated is not complete!
Warning: /home/scottyih/Neural-RL-SP/Arvind_data/annotated/204-annotated/546.annotated is not complete!
Warning: /home/scottyih/Neural-RL-SP/Arvind_data/annotated/204-annotated/546.annotated is not complete!
Warning: /home/scottyih/Neural-RL-SP/Arvind_data/annotated/204-annotated/546.annotated is not complete!
Warning: /home/scottyih/Neural-RL-SP/Arvind_data/annotated/204-annotated/309.annotated is not complete!
Warning: /home/scottyih/Neural-RL-SP/Arvind_data/annotated/204-annotated/309.annotated is not complete!
Warning: /home/scottyih/Neural-RL-SP/Arvind_data/annotated/204-annotated/309.annotated is not complete!
Warning: /home/scottyih/Neural-RL-SP/Arvind_data/annotated/204-annotated/309.annotated is not complete!
Warning: /home/scottyih/Neural-RL-SP/Arvind_data/annotated/204-annotated/309.annotated is not complete!
Warning: /home/scottyih/Neural-RL-SP/Arvind_data/annotated/204-annotated/309.annotated is not complete!
Warning: /home/scottyih/Neural-RL-SP/Arvind_data/annotated/204-annotated/309.annotated is not complete!
Warning: /home/scottyih/Neural-RL-SP/Arvind_data/annotated/203-annotated/803.annotated is not complete!
Warning: /home/scottyih/Neural-RL-SP/Arvind_data/annotated/203-annotated/803.annotated is not complete!
Warning: /home/scottyih/Neural-RL-SP/Arvind_data/annotated/203-annotated/803.annotated is not complete!
Warning: /home/scottyih/Neural-RL-SP/Arvind_data/annotated/203-annotated/803.annotated is not complete!
Warning: /home/scottyih/Neural-RL-SP/Arvind_data/annotated/203-annotated/803.annotated is not complete!
Warning: /home/scottyih/Neural-RL-SP/Arvind_data/annotated/203-annotated/803.annotated is not complete!
Warning: /home/scottyih/Neural-RL-SP/Arvind_data/annotated/203-annotated/803.annotated is not complete!
Warning: /home/scottyih/Neural-RL-SP/Arvind_data/annotated/203-annotated/803.annotated is not complete!
Warning: /home/scottyih/Neural-RL-SP/Arvind_data/annotated/204-annotated/309.annotated is not complete!
Warning: /home/scottyih/Neural-RL-SP/Arvind_data/annotated/204-annotated/309.annotated is not complete!
Warning: /home/scottyih/Neural-RL-SP/Arvind_data/annotated/204-annotated/309.annotated is not complete!
Warning: /home/scottyih/Neural-RL-SP/Arvind_data/annotated/204-annotated/309.annotated is not complete!
Warning: /home/scottyih/Neural-RL-SP/Arvind_data/annotated/204-annotated/309.annotated is not complete!
Warning: /home/scottyih/Neural-RL-SP/Arvind_data/annotated/204-annotated/309.annotated is not complete!
Warning: /home/scottyih/Neural-RL-SP/Arvind_data/annotated/204-annotated/309.annotated is not complete!
Warning: /home/scottyih/Neural-RL-SP/Arvind_data/annotated/204-annotated/309.annotated is not complete!
Warning: /home/scottyih/Neural-RL-SP/Arvind_data/annotated/204-annotated/309.annotated is not complete!
Warning: /home/scottyih/Neural-RL-SP/Arvind_data/annotated/204-annotated/309.annotated is not complete!
Warning: /home/scottyih/Neural-RL-SP/Arvind_data/annotated/203-annotated/803.annotated is not complete!
Warning: /home/scottyih/Neural-RL-SP/Arvind_data/annotated/203-annotated/803.annotated is not complete!
Warning: /home/scottyih/Neural-RL-SP/Arvind_data/annotated/203-annotated/803.annotated is not complete!
Warning: /home/scottyih/Neural-RL-SP/Arvind_data/annotated/203-annotated/803.annotated is not complete!
Warning: /home/scottyih/Neural-RL-SP/Arvind_data/annotated/203-annotated/803.annotated is not complete!
Warning: /home/scottyih/Neural-RL-SP/Arvind_data/annotated/203-annotated/803.annotated is not complete!
Warning: /home/scottyih/Neural-RL-SP/Arvind_data/annotated/203-annotated/803.annotated is not complete!
Warning: /home/scottyih/Neural-RL-SP/Arvind_data/annotated/203-annotated/803.annotated is not complete!
Warning: /home/scottyih/Neural-RL-SP/Arvind_data/annotated/203-annotated/803.annotated is not complete!
Warning: /home/scottyih/Neural-RL-SP/Arvind_data/annotated/203-annotated/803.annotated is not complete!
Warning: /home/scottyih/Neural-RL-SP/Arvind_data/annotated/203-annotated/803.annotated is not complete!
Warning: /home/scottyih/Neural-RL-SP/Arvind_data/annotated/204-annotated/309.annotated is not complete!
Warning: /home/scottyih/Neural-RL-SP/Arvind_data/annotated/204-annotated/309.annotated is not complete!
Warning: /home/scottyih/Neural-RL-SP/Arvind_data/annotated/204-annotated/309.annotated is not complete!
Warning: /home/scottyih/Neural-RL-SP/Arvind_data/annotated/204-annotated/309.annotated is not complete!
Warning: /home/scottyih/Neural-RL-SP/Arvind_data/annotated/204-annotated/309.annotated is not complete!
Warning: /home/scottyih/Neural-RL-SP/Arvind_data/annotated/204-annotated/309.annotated is not complete!
Warning: /home/scottyih/Neural-RL-SP/Arvind_data/annotated/204-annotated/309.annotated is not complete!
Warning: /home/scottyih/Neural-RL-SP/Arvind_data/annotated/204-annotated/309.annotated is not complete!
Warning: /home/scottyih/Neural-RL-SP/Arvind_data/annotated/204-annotated/309.annotated is not complete!
Warning: /home/scottyih/Neural-RL-SP/Arvind_data/annotated/204-annotated/309.annotated is not complete!
Warning: /home/scottyih/Neural-RL-SP/Arvind_data/annotated/204-annotated/309.annotated is not complete!
Warning: /home/scottyih/Neural-RL-SP/Arvind_data/annotated/204-annotated/309.annotated is not complete!
Warning: /home/scottyih/Neural-RL-SP/Arvind_data/annotated/204-annotated/309.annotated is not complete!
Warning: /home/scottyih/Neural-RL-SP/Arvind_data/annotated/204-annotated/309.annotated is not complete!
Warning: /home/scottyih/Neural-RL-SP/Arvind_data/annotated/204-annotated/309.annotated is not complete!
Warning: /home/scottyih/Neural-RL-SP/Arvind_data/annotated/204-annotated/51.annotated is not complete!
Warning: /home/scottyih/Neural-RL-SP/Arvind_data/annotated/204-annotated/51.annotated is not complete!
Warning: /home/scottyih/Neural-RL-SP/Arvind_data/annotated/204-annotated/51.annotated is not complete!
Warning: /home/scottyih/Neural-RL-SP/Arvind_data/annotated/204-annotated/51.annotated is not complete!
Warning: /home/scottyih/Neural-RL-SP/Arvind_data/annotated/204-annotated/51.annotated is not complete!
Warning: /home/scottyih/Neural-RL-SP/Arvind_data/annotated/204-annotated/51.annotated is not complete!
Warning: /home/scottyih/Neural-RL-SP/Arvind_data/annotated/204-annotated/51.annotated is not complete!
Warning: /home/scottyih/Neural-RL-SP/Arvind_data/annotated/204-annotated/51.annotated is not complete!
Warning: /home/scottyih/Neural-RL-SP/Arvind_data/annotated/204-annotated/51.annotated is not complete!
Warning: /home/scottyih/Neural-RL-SP/Arvind_data/annotated/204-annotated/51.annotated is not complete!
Warning: /home/scottyih/Neural-RL-SP/Arvind_data/annotated/203-annotated/803.annotated is not complete!
Warning: /home/scottyih/Neural-RL-SP/Arvind_data/annotated/203-annotated/803.annotated is not complete!
Warning: /home/scottyih/Neural-RL-SP/Arvind_data/annotated/203-annotated/803.annotated is not complete!
Warning: /home/scottyih/Neural-RL-SP/Arvind_data/annotated/203-annotated/803.annotated is not complete!
Warning: /home/scottyih/Neural-RL-SP/Arvind_data/annotated/203-annotated/803.annotated is not complete!
Warning: /home/scottyih/Neural-RL-SP/Arvind_data/annotated/203-annotated/803.annotated is not complete!
Warning: /home/scottyih/Neural-RL-SP/Arvind_data/annotated/203-annotated/803.annotated is not complete!
Warning: /home/scottyih/Neural-RL-SP/Arvind_data/annotated/203-annotated/803.annotated is not complete!
Warning: /home/scottyih/Neural-RL-SP/Arvind_data/annotated/203-annotated/803.annotated is not complete!
Warning: /home/scottyih/Neural-RL-SP/Arvind_data/annotated/203-annotated/803.annotated is not complete!
Warning: /home/scottyih/Neural-RL-SP/Arvind_data/annotated/203-annotated/325.annotated is not complete!
Warning: /home/scottyih/Neural-RL-SP/Arvind_data/annotated/203-annotated/325.annotated is not complete!
Warning: /home/scottyih/Neural-RL-SP/Arvind_data/annotated/203-annotated/325.annotated is not complete!
Warning: /home/scottyih/Neural-RL-SP/Arvind_data/annotated/203-annotated/325.annotated is not complete!
Warning: /home/scottyih/Neural-RL-SP/Arvind_data/annotated/203-annotated/325.annotated is not complete!
Warning: /home/scottyih/Neural-RL-SP/Arvind_data/annotated/203-annotated/325.annotated is not complete!
Warning: /home/scottyih/Neural-RL-SP/Arvind_data/annotated/203-annotated/190.annotated is not complete!
Warning: /home/scottyih/Neural-RL-SP/Arvind_data/annotated/203-annotated/190.annotated is not complete!
Warning: /home/scottyih/Neural-RL-SP/Arvind_data/annotated/203-annotated/190.annotated is not complete!
Warning: /home/scottyih/Neural-RL-SP/Arvind_data/annotated/203-annotated/190.annotated is not complete!
Warning: /home/scottyih/Neural-RL-SP/Arvind_data/annotated/203-annotated/190.annotated is not complete!
Warning: /home/scottyih/Neural-RL-SP/Arvind_data/annotated/203-annotated/190.annotated is not complete!
Warning: /home/scottyih/Neural-RL-SP/Arvind_data/annotated/203-annotated/190.annotated is not complete!
Warning: /home/scottyih/Neural-RL-SP/Arvind_data/annotated/203-annotated/190.annotated is not complete!
Warning: /home/scottyih/Neural-RL-SP/Arvind_data/annotated/204-annotated/74.annotated is not complete!
Warning: /home/scottyih/Neural-RL-SP/Arvind_data/annotated/204-annotated/74.annotated is not complete!
Warning: /home/scottyih/Neural-RL-SP/Arvind_data/annotated/204-annotated/74.annotated is not complete!
Warning: /home/scottyih/Neural-RL-SP/Arvind_data/annotated/204-annotated/74.annotated is not complete!
Warning: /home/scottyih/Neural-RL-SP/Arvind_data/annotated/204-annotated/74.annotated is not complete!
Warning: /home/scottyih/Neural-RL-SP/Arvind_data/annotated/204-annotated/74.annotated is not complete!
Warning: /home/scottyih/Neural-RL-SP/Arvind_data/annotated/204-annotated/74.annotated is not complete!
Warning: /home/scottyih/Neural-RL-SP/Arvind_data/annotated/204-annotated/74.annotated is not complete!
Warning: /home/scottyih/Neural-RL-SP/Arvind_data/annotated/204-annotated/74.annotated is not complete!
Warning: /home/scottyih/Neural-RL-SP/Arvind_data/annotated/204-annotated/74.annotated is not complete!
Warning: /home/scottyih/Neural-RL-SP/Arvind_data/annotated/204-annotated/74.annotated is not complete!
init vw = 32357 words
beginning to load embeddings....
the number of words that are in pretrain 22467.0 32357 0.694347436413
loading complete!
100 / 12276
200 / 12276
300 / 12276
400 / 12276
500 / 12276
600 / 12276
700 / 12276
800 / 12276
900 / 12276
1000 / 12276
1100 / 12276
1200 / 12276
1300 / 12276
1400 / 12276
1500 / 12276
1600 / 12276
1700 / 12276
1800 / 12276
1900 / 12276
2000 / 12276
2100 / 12276
2200 / 12276
2300 / 12276
2400 / 12276
2500 / 12276
2600 / 12276
2700 / 12276
2800 / 12276
2900 / 12276
3000 / 12276
3100 / 12276
3200 / 12276
3300 / 12276
3400 / 12276
3500 / 12276
3600 / 12276
3700 / 12276
3800 / 12276
3900 / 12276
4000 / 12276
4100 / 12276
4200 / 12276
4300 / 12276
4400 / 12276
4500 / 12276
4600 / 12276
4700 / 12276
4800 / 12276
4900 / 12276
5000 / 12276
5100 / 12276
5200 / 12276
5300 / 12276
5400 / 12276
5500 / 12276
5600 / 12276
5700 / 12276
5800 / 12276
5900 / 12276
6000 / 12276
6100 / 12276
6200 / 12276
6300 / 12276
6400 / 12276
6500 / 12276
6600 / 12276
6700 / 12276
6800 / 12276
6900 / 12276
7000 / 12276
7100 / 12276
7200 / 12276
7300 / 12276
7400 / 12276
7500 / 12276
7600 / 12276
7700 / 12276
7800 / 12276
7900 / 12276
8000 / 12276
8100 / 12276
8200 / 12276
8300 / 12276
8400 / 12276
8500 / 12276
8600 / 12276
8700 / 12276
8800 / 12276
8900 / 12276
9000 / 12276
9100 / 12276
9200 / 12276
9300 / 12276
9400 / 12276
9500 / 12276
9600 / 12276
9700 / 12276
9800 / 12276
9900 / 12276
10000 / 12276
10100 / 12276
10200 / 12276
10300 / 12276
10400 / 12276
10500 / 12276
10600 / 12276
10700 / 12276
10800 / 12276
10900 / 12276
11000 / 12276
11100 / 12276
11200 / 12276
11300 / 12276
11400 / 12276
11500 / 12276
11600 / 12276
11700 / 12276
11800 / 12276
11900 / 12276
12000 / 12276
12100 / 12276
12200 / 12276
In epoch  0  avg loss (or negative reward) is  0.996936358009
In epoch  0  test reward is 0.327027, test accuracy is 0.252980
Time taken in this epoch 1629.67177296
Best Reward: 0.327027 (Accuracy: 0.252980) at epoch 0
Best Accuracy: 0.252980 (Reward: 0.327027) at epoch 0
Saving model with header =  model/moduleKwNoMap-b15-1-0

100 / 12276
200 / 12276
300 / 12276
400 / 12276
500 / 12276
600 / 12276
700 / 12276
800 / 12276
900 / 12276
1000 / 12276
1100 / 12276
1200 / 12276
1300 / 12276
1400 / 12276
1500 / 12276
1600 / 12276
1700 / 12276
1800 / 12276
1900 / 12276
2000 / 12276
2100 / 12276
2200 / 12276
2300 / 12276
2400 / 12276
2500 / 12276
2600 / 12276
2700 / 12276
2800 / 12276
2900 / 12276
3000 / 12276
3100 / 12276
3200 / 12276
3300 / 12276
3400 / 12276
3500 / 12276
3600 / 12276
3700 / 12276
3800 / 12276
3900 / 12276
4000 / 12276
4100 / 12276
4200 / 12276
4300 / 12276
4400 / 12276
4500 / 12276
4600 / 12276
4700 / 12276
4800 / 12276
4900 / 12276
5000 / 12276
5100 / 12276
5200 / 12276
5300 / 12276
5400 / 12276
5500 / 12276
5600 / 12276
5700 / 12276
5800 / 12276
5900 / 12276
6000 / 12276
6100 / 12276
6200 / 12276
6300 / 12276
6400 / 12276
6500 / 12276
6600 / 12276
6700 / 12276
6800 / 12276
6900 / 12276
7000 / 12276
7100 / 12276
7200 / 12276
7300 / 12276
7400 / 12276
7500 / 12276
7600 / 12276
7700 / 12276
7800 / 12276
7900 / 12276
8000 / 12276
8100 / 12276
8200 / 12276
8300 / 12276
8400 / 12276
8500 / 12276
8600 / 12276
8700 / 12276
8800 / 12276
8900 / 12276
9000 / 12276
9100 / 12276
9200 / 12276
9300 / 12276
9400 / 12276
9500 / 12276
9600 / 12276
9700 / 12276
9800 / 12276
9900 / 12276
10000 / 12276
10100 / 12276
10200 / 12276
list index out of range
Exception in running!
10300 / 12276
10400 / 12276
10500 / 12276
10600 / 12276
10700 / 12276
10800 / 12276
10900 / 12276
11000 / 12276
11100 / 12276
11200 / 12276
11300 / 12276
11400 / 12276
11500 / 12276
11600 / 12276
11700 / 12276
11800 / 12276
11900 / 12276
12000 / 12276
12100 / 12276
12200 / 12276
In epoch  1  avg loss (or negative reward) is  0.944898190686
In epoch  1  test reward is 0.368237, test accuracy is 0.300221
Time taken in this epoch 1664.57077408
Best Reward: 0.368237 (Accuracy: 0.300221) at epoch 1
Best Accuracy: 0.300221 (Reward: 0.368237) at epoch 1
Saving model with header =  model/moduleKwNoMap-b15-1-1

100 / 12276
200 / 12276
300 / 12276
400 / 12276
500 / 12276
600 / 12276
700 / 12276
800 / 12276
900 / 12276
1000 / 12276
1100 / 12276
1200 / 12276
1300 / 12276
1400 / 12276
1500 / 12276
1600 / 12276
1700 / 12276
1800 / 12276
1900 / 12276
2000 / 12276
2100 / 12276
2200 / 12276
2300 / 12276
2400 / 12276
2500 / 12276
2600 / 12276
2700 / 12276
2800 / 12276
2900 / 12276
3000 / 12276
3100 / 12276
3200 / 12276
3300 / 12276
3400 / 12276
3500 / 12276
3600 / 12276
3700 / 12276
3800 / 12276
3900 / 12276
4000 / 12276
4100 / 12276
4200 / 12276
4300 / 12276
4400 / 12276
4500 / 12276
4600 / 12276
4700 / 12276
4800 / 12276
4900 / 12276
5000 / 12276
5100 / 12276
5200 / 12276
5300 / 12276
5400 / 12276
5500 / 12276
5600 / 12276
5700 / 12276
5800 / 12276
5900 / 12276
6000 / 12276
6100 / 12276
6200 / 12276
list index out of range
Exception in running!
list index out of range
Exception in running!
6300 / 12276
6400 / 12276
6500 / 12276
6600 / 12276
6700 / 12276
6800 / 12276
6900 / 12276
7000 / 12276
7100 / 12276
7200 / 12276
7300 / 12276
7400 / 12276
7500 / 12276
7600 / 12276
7700 / 12276
7800 / 12276
7900 / 12276
8000 / 12276
8100 / 12276
8200 / 12276
8300 / 12276
8400 / 12276
8500 / 12276
8600 / 12276
8700 / 12276
8800 / 12276
8900 / 12276
9000 / 12276
9100 / 12276
9200 / 12276
9300 / 12276
9400 / 12276
9500 / 12276
9600 / 12276
9700 / 12276
9800 / 12276
9900 / 12276
10000 / 12276
10100 / 12276
10200 / 12276
10300 / 12276
10400 / 12276
10500 / 12276
10600 / 12276
10700 / 12276
10800 / 12276
10900 / 12276
11000 / 12276
11100 / 12276
11200 / 12276
11300 / 12276
11400 / 12276
11500 / 12276
11600 / 12276
11700 / 12276
11800 / 12276
11900 / 12276
12000 / 12276
12100 / 12276
12200 / 12276
In epoch  2  avg loss (or negative reward) is  0.903824807026
In epoch  2  test reward is 0.381923, test accuracy is 0.317439
Time taken in this epoch 1682.48866796
Best Reward: 0.381923 (Accuracy: 0.317439) at epoch 2
Best Accuracy: 0.317439 (Reward: 0.381923) at epoch 2
Saving model with header =  model/moduleKwNoMap-b15-1-2

100 / 12276
200 / 12276
300 / 12276
400 / 12276
500 / 12276
600 / 12276
700 / 12276
800 / 12276
900 / 12276
1000 / 12276
1100 / 12276
1200 / 12276
1300 / 12276
1400 / 12276
1500 / 12276
1600 / 12276
1700 / 12276
1800 / 12276
1900 / 12276
2000 / 12276
2100 / 12276
2200 / 12276
2300 / 12276
2400 / 12276
2500 / 12276
2600 / 12276
2700 / 12276
2800 / 12276
2900 / 12276
3000 / 12276
3100 / 12276
3200 / 12276
3300 / 12276
3400 / 12276
3500 / 12276
3600 / 12276
3700 / 12276
3800 / 12276
3900 / 12276
4000 / 12276
4100 / 12276
4200 / 12276
4300 / 12276
4400 / 12276
4500 / 12276
4600 / 12276
4700 / 12276
4800 / 12276
4900 / 12276
5000 / 12276
5100 / 12276
5200 / 12276
5300 / 12276
5400 / 12276
5500 / 12276
5600 / 12276
5700 / 12276
5800 / 12276
5900 / 12276
6000 / 12276
6100 / 12276
6200 / 12276
list index out of range
Exception in running!
list index out of range
Exception in running!
6300 / 12276
6400 / 12276
6500 / 12276
6600 / 12276
6700 / 12276
6800 / 12276
6900 / 12276
7000 / 12276
7100 / 12276
7200 / 12276
7300 / 12276
7400 / 12276
7500 / 12276
7600 / 12276
7700 / 12276
7800 / 12276
7900 / 12276
8000 / 12276
8100 / 12276
8200 / 12276
8300 / 12276
8400 / 12276
8500 / 12276
8600 / 12276
8700 / 12276
8800 / 12276
8900 / 12276
9000 / 12276
9100 / 12276
9200 / 12276
9300 / 12276
9400 / 12276
9500 / 12276
9600 / 12276
9700 / 12276
9800 / 12276
9900 / 12276
10000 / 12276
10100 / 12276
10200 / 12276
10300 / 12276
10400 / 12276
10500 / 12276
10600 / 12276
10700 / 12276
10800 / 12276
10900 / 12276
11000 / 12276
11100 / 12276
11200 / 12276
11300 / 12276
11400 / 12276
11500 / 12276
11600 / 12276
11700 / 12276
11800 / 12276
11900 / 12276
12000 / 12276
12100 / 12276
12200 / 12276
In epoch  3  avg loss (or negative reward) is  0.870414377684
In epoch  3  test reward is 0.401372, test accuracy is 0.340397
Time taken in this epoch 1704.58534002
Best Reward: 0.401372 (Accuracy: 0.340397) at epoch 3
Best Accuracy: 0.340397 (Reward: 0.401372) at epoch 3
Saving model with header =  model/moduleKwNoMap-b15-1-3

100 / 12276
200 / 12276
300 / 12276
400 / 12276
500 / 12276
600 / 12276
700 / 12276
800 / 12276
900 / 12276
1000 / 12276
1100 / 12276
1200 / 12276
1300 / 12276
1400 / 12276
1500 / 12276
1600 / 12276
1700 / 12276
1800 / 12276
1900 / 12276
2000 / 12276
2100 / 12276
2200 / 12276
2300 / 12276
2400 / 12276
2500 / 12276
2600 / 12276
2700 / 12276
2800 / 12276
2900 / 12276
3000 / 12276
3100 / 12276
3200 / 12276
3300 / 12276
3400 / 12276
3500 / 12276
3600 / 12276
3700 / 12276
3800 / 12276
3900 / 12276
4000 / 12276
4100 / 12276
4200 / 12276
4300 / 12276
4400 / 12276
4500 / 12276
4600 / 12276
4700 / 12276
4800 / 12276
4900 / 12276
5000 / 12276
5100 / 12276
5200 / 12276
5300 / 12276
5400 / 12276
5500 / 12276
5600 / 12276
5700 / 12276
5800 / 12276
5900 / 12276
6000 / 12276
6100 / 12276
6200 / 12276
6300 / 12276
6400 / 12276
6500 / 12276
6600 / 12276
6700 / 12276
6800 / 12276
6900 / 12276
7000 / 12276
7100 / 12276
7200 / 12276
7300 / 12276
7400 / 12276
7500 / 12276
7600 / 12276
7700 / 12276
7800 / 12276
7900 / 12276
8000 / 12276
8100 / 12276
8200 / 12276
8300 / 12276
8400 / 12276
8500 / 12276
8600 / 12276
8700 / 12276
8800 / 12276
8900 / 12276
9000 / 12276
9100 / 12276
9200 / 12276
9300 / 12276
9400 / 12276
9500 / 12276
9600 / 12276
9700 / 12276
9800 / 12276
9900 / 12276
10000 / 12276
10100 / 12276
10200 / 12276
10300 / 12276
10400 / 12276
10500 / 12276
10600 / 12276
10700 / 12276
10800 / 12276
10900 / 12276
11000 / 12276
11100 / 12276
11200 / 12276
11300 / 12276
11400 / 12276
11500 / 12276
11600 / 12276
11700 / 12276
11800 / 12276
11900 / 12276
12000 / 12276
12100 / 12276
12200 / 12276
In epoch  4  avg loss (or negative reward) is  0.843400521054
In epoch  4  test reward is 0.408383, test accuracy is 0.345695
Time taken in this epoch 1719.67560601
Best Reward: 0.408383 (Accuracy: 0.345695) at epoch 4
Best Accuracy: 0.345695 (Reward: 0.408383) at epoch 4
Saving model with header =  model/moduleKwNoMap-b15-1-4

100 / 12276
200 / 12276
300 / 12276
400 / 12276
500 / 12276
600 / 12276
700 / 12276
800 / 12276
900 / 12276
1000 / 12276
1100 / 12276
1200 / 12276
1300 / 12276
1400 / 12276
1500 / 12276
1600 / 12276
1700 / 12276
1800 / 12276
1900 / 12276
2000 / 12276
2100 / 12276
2200 / 12276
2300 / 12276
2400 / 12276
2500 / 12276
2600 / 12276
2700 / 12276
2800 / 12276
2900 / 12276
3000 / 12276
3100 / 12276
3200 / 12276
3300 / 12276
3400 / 12276
3500 / 12276
3600 / 12276
3700 / 12276
3800 / 12276
3900 / 12276
4000 / 12276
4100 / 12276
4200 / 12276
4300 / 12276
4400 / 12276
4500 / 12276
4600 / 12276
4700 / 12276
4800 / 12276
4900 / 12276
5000 / 12276
5100 / 12276
5200 / 12276
5300 / 12276
5400 / 12276
5500 / 12276
5600 / 12276
5700 / 12276
5800 / 12276
5900 / 12276
6000 / 12276
6100 / 12276
6200 / 12276
list index out of range
Exception in running!
list index out of range
Exception in running!
6300 / 12276
6400 / 12276
6500 / 12276
6600 / 12276
6700 / 12276
6800 / 12276
6900 / 12276
7000 / 12276
7100 / 12276
7200 / 12276
7300 / 12276
7400 / 12276
7500 / 12276
7600 / 12276
7700 / 12276
7800 / 12276
7900 / 12276
8000 / 12276
8100 / 12276
8200 / 12276
8300 / 12276
8400 / 12276
8500 / 12276
8600 / 12276
8700 / 12276
8800 / 12276
8900 / 12276
9000 / 12276
9100 / 12276
9200 / 12276
9300 / 12276
9400 / 12276
9500 / 12276
9600 / 12276
9700 / 12276
9800 / 12276
9900 / 12276
10000 / 12276
10100 / 12276
10200 / 12276
10300 / 12276
10400 / 12276
10500 / 12276
10600 / 12276
10700 / 12276
10800 / 12276
10900 / 12276
11000 / 12276
11100 / 12276
11200 / 12276
11300 / 12276
11400 / 12276
11500 / 12276
11600 / 12276
11700 / 12276
11800 / 12276
11900 / 12276
12000 / 12276
12100 / 12276
list index out of range
Exception in running!
12200 / 12276
In epoch  5  avg loss (or negative reward) is  0.822760775472
In epoch  5  test reward is 0.418576, test accuracy is 0.358499
Time taken in this epoch 1726.52858186
Best Reward: 0.418576 (Accuracy: 0.358499) at epoch 5
Best Accuracy: 0.358499 (Reward: 0.418576) at epoch 5
Saving model with header =  model/moduleKwNoMap-b15-1-5

100 / 12276
200 / 12276
300 / 12276
400 / 12276
500 / 12276
600 / 12276
700 / 12276
800 / 12276
900 / 12276
('debug: qinfo', 'ns-2484_0_2', 'table_csv/204_764.csv')
('debug: cond_row, self.cond_col = ', 0, 4)
('debug: subtab_rows', [0, 1, 2, 3, 4, 5, 6, 7, 8, 9, 10, 11])
('debug: entries', [['2001', '?', '?-?', '?', '?', '?', '?'], ['2005', '?', '?-?', '?', '?', '?', '?'], ['2006', '?', '?-?', '?', '?', '?', '?'], ['2007', 'SGD 1,600', '?-?', 'SGD 800', 'SGD 3,600', 'SGD 1,600', 'SGD 800'], ['2008', 'SGD 1,600', '?-?', 'SGD 800', 'SGD 3,600', 'SGD 1,600', 'SGD 800'], ['2009', 'SGD 1,000', '?-?', 'SGD 500', 'SGD 2,400', 'SGD 1,000', 'SGD 500'], ['2010', 'SGD 1,000', '?-?', 'SGD 500', '?', 'SGD 1,000', 'SGD 500']])
local variable 'ret' referenced before assignment
Exception in running!
1000 / 12276
1100 / 12276
1200 / 12276
1300 / 12276
1400 / 12276
1500 / 12276
1600 / 12276
1700 / 12276
1800 / 12276
1900 / 12276
2000 / 12276
2100 / 12276
2200 / 12276
2300 / 12276
2400 / 12276
2500 / 12276
2600 / 12276
2700 / 12276
2800 / 12276
2900 / 12276
3000 / 12276
3100 / 12276
3200 / 12276
3300 / 12276
3400 / 12276
3500 / 12276
3600 / 12276
3700 / 12276
3800 / 12276
3900 / 12276
4000 / 12276
4100 / 12276
4200 / 12276
4300 / 12276
4400 / 12276
4500 / 12276
4600 / 12276
4700 / 12276
4800 / 12276
4900 / 12276
5000 / 12276
5100 / 12276
5200 / 12276
5300 / 12276
5400 / 12276
5500 / 12276
5600 / 12276
5700 / 12276
5800 / 12276
5900 / 12276
6000 / 12276
6100 / 12276
6200 / 12276
6300 / 12276
6400 / 12276
6500 / 12276
6600 / 12276
6700 / 12276
6800 / 12276
6900 / 12276
7000 / 12276
7100 / 12276
7200 / 12276
7300 / 12276
7400 / 12276
7500 / 12276
7600 / 12276
7700 / 12276
7800 / 12276
7900 / 12276
8000 / 12276
8100 / 12276
8200 / 12276
8300 / 12276
8400 / 12276
8500 / 12276
8600 / 12276
8700 / 12276
8800 / 12276
8900 / 12276
9000 / 12276
9100 / 12276
9200 / 12276
9300 / 12276
9400 / 12276
9500 / 12276
9600 / 12276
9700 / 12276
9800 / 12276
9900 / 12276
10000 / 12276
10100 / 12276
10200 / 12276
10300 / 12276
10400 / 12276
10500 / 12276
10600 / 12276
10700 / 12276
10800 / 12276
10900 / 12276
11000 / 12276
11100 / 12276
11200 / 12276
11300 / 12276
11400 / 12276
11500 / 12276
11600 / 12276
11700 / 12276
11800 / 12276
11900 / 12276
12000 / 12276
12100 / 12276
12200 / 12276
In epoch  6  avg loss (or negative reward) is  0.809624172336
In epoch  6  test reward is 0.425127, test accuracy is 0.364680
Time taken in this epoch 1741.69170809
Best Reward: 0.425127 (Accuracy: 0.364680) at epoch 6
Best Accuracy: 0.364680 (Reward: 0.425127) at epoch 6
Saving model with header =  model/moduleKwNoMap-b15-1-6

100 / 12276
200 / 12276
300 / 12276
400 / 12276
500 / 12276
600 / 12276
700 / 12276
800 / 12276
900 / 12276
('debug: qinfo', 'ns-2484_0_2', 'table_csv/204_764.csv')
('debug: cond_row, self.cond_col = ', 0, 3)
('debug: subtab_rows', [0, 1, 2, 3, 4, 5, 6, 7, 8, 9, 10, 11])
('debug: entries', [['2001', '?', '?-?', '?', '?', '?', '?'], ['2005', '?', '?-?', '?', '?', '?', '?'], ['2006', '?', '?-?', '?', '?', '?', '?'], ['2007', 'SGD 1,600', '?-?', 'SGD 800', 'SGD 3,600', 'SGD 1,600', 'SGD 800'], ['2008', 'SGD 1,600', '?-?', 'SGD 800', 'SGD 3,600', 'SGD 1,600', 'SGD 800'], ['2009', 'SGD 1,000', '?-?', 'SGD 500', 'SGD 2,400', 'SGD 1,000', 'SGD 500'], ['2010', 'SGD 1,000', '?-?', 'SGD 500', '?', 'SGD 1,000', 'SGD 500']])
local variable 'ret' referenced before assignment
Exception in running!
1000 / 12276
1100 / 12276
1200 / 12276
1300 / 12276
1400 / 12276
1500 / 12276
1600 / 12276
1700 / 12276
1800 / 12276
1900 / 12276
2000 / 12276
2100 / 12276
2200 / 12276
2300 / 12276
2400 / 12276
2500 / 12276
2600 / 12276
2700 / 12276
2800 / 12276
2900 / 12276
3000 / 12276
3100 / 12276
3200 / 12276
3300 / 12276
3400 / 12276
3500 / 12276
3600 / 12276
3700 / 12276
3800 / 12276
3900 / 12276
4000 / 12276
4100 / 12276
4200 / 12276
4300 / 12276
4400 / 12276
4500 / 12276
4600 / 12276
4700 / 12276
4800 / 12276
4900 / 12276
5000 / 12276
5100 / 12276
5200 / 12276
5300 / 12276
5400 / 12276
5500 / 12276
5600 / 12276
5700 / 12276
5800 / 12276
5900 / 12276
6000 / 12276
6100 / 12276
6200 / 12276
list index out of range
Exception in running!
list index out of range
Exception in running!
6300 / 12276
6400 / 12276
6500 / 12276
6600 / 12276
6700 / 12276
6800 / 12276
6900 / 12276
7000 / 12276
7100 / 12276
7200 / 12276
7300 / 12276
7400 / 12276
7500 / 12276
7600 / 12276
7700 / 12276
7800 / 12276
7900 / 12276
8000 / 12276
8100 / 12276
8200 / 12276
list index out of range
Exception in running!
list index out of range
Exception in running!
8300 / 12276
8400 / 12276
8500 / 12276
8600 / 12276
8700 / 12276
8800 / 12276
8900 / 12276
9000 / 12276
9100 / 12276
9200 / 12276
9300 / 12276
9400 / 12276
9500 / 12276
9600 / 12276
9700 / 12276
9800 / 12276
9900 / 12276
10000 / 12276
10100 / 12276
10200 / 12276
10300 / 12276
10400 / 12276
10500 / 12276
10600 / 12276
10700 / 12276
10800 / 12276
10900 / 12276
11000 / 12276
11100 / 12276
11200 / 12276
11300 / 12276
11400 / 12276
11500 / 12276
11600 / 12276
11700 / 12276
11800 / 12276
11900 / 12276
12000 / 12276
12100 / 12276
12200 / 12276
In epoch  7  avg loss (or negative reward) is  0.795575283785
In epoch  7  test reward is 0.428809, test accuracy is 0.366887
Time taken in this epoch 1763.26974893
Best Reward: 0.428809 (Accuracy: 0.366887) at epoch 7
Best Accuracy: 0.366887 (Reward: 0.428809) at epoch 7
Saving model with header =  model/moduleKwNoMap-b15-1-7

100 / 12276
200 / 12276
300 / 12276
400 / 12276
500 / 12276
600 / 12276
700 / 12276
800 / 12276
900 / 12276
1000 / 12276
1100 / 12276
1200 / 12276
1300 / 12276
1400 / 12276
1500 / 12276
1600 / 12276
1700 / 12276
1800 / 12276
1900 / 12276
2000 / 12276
2100 / 12276
2200 / 12276
2300 / 12276
2400 / 12276
2500 / 12276
2600 / 12276
2700 / 12276
2800 / 12276
2900 / 12276
3000 / 12276
3100 / 12276
3200 / 12276
3300 / 12276
3400 / 12276
3500 / 12276
3600 / 12276
3700 / 12276
3800 / 12276
3900 / 12276
4000 / 12276
4100 / 12276
4200 / 12276
4300 / 12276
4400 / 12276
4500 / 12276
4600 / 12276
4700 / 12276
4800 / 12276
4900 / 12276
5000 / 12276
5100 / 12276
5200 / 12276
5300 / 12276
5400 / 12276
5500 / 12276
5600 / 12276
5700 / 12276
5800 / 12276
5900 / 12276
6000 / 12276
6100 / 12276
6200 / 12276
6300 / 12276
6400 / 12276
6500 / 12276
6600 / 12276
6700 / 12276
6800 / 12276
6900 / 12276
7000 / 12276
7100 / 12276
7200 / 12276
7300 / 12276
7400 / 12276
7500 / 12276
7600 / 12276
7700 / 12276
7800 / 12276
7900 / 12276
8000 / 12276
8100 / 12276
8200 / 12276
8300 / 12276
8400 / 12276
8500 / 12276
8600 / 12276
8700 / 12276
8800 / 12276
8900 / 12276
9000 / 12276
9100 / 12276
9200 / 12276
9300 / 12276
9400 / 12276
9500 / 12276
9600 / 12276
9700 / 12276
9800 / 12276
9900 / 12276
10000 / 12276
10100 / 12276
10200 / 12276
10300 / 12276
10400 / 12276
10500 / 12276
10600 / 12276
10700 / 12276
10800 / 12276
10900 / 12276
11000 / 12276
11100 / 12276
11200 / 12276
11300 / 12276
11400 / 12276
11500 / 12276
11600 / 12276
11700 / 12276
11800 / 12276
11900 / 12276
12000 / 12276
12100 / 12276
12200 / 12276
In epoch  8  avg loss (or negative reward) is  0.78269154611
In epoch  8  test reward is 0.419011, test accuracy is 0.358940
Time taken in this epoch 1753.10318708
Best Reward: 0.428809 (Accuracy: 0.366887) at epoch 7
Best Accuracy: 0.366887 (Reward: 0.428809) at epoch 7
Saving model with header =  model/moduleKwNoMap-b15-1-8

100 / 12276
200 / 12276
300 / 12276
400 / 12276
500 / 12276
600 / 12276
700 / 12276
800 / 12276
900 / 12276
1000 / 12276
1100 / 12276
('debug: qinfo', 'nt-391_0_2', 'table_csv/203_77.csv')
('debug: cond_row, self.cond_col = ', 0, 0)
('debug: subtab_rows', [0, 1, 2, 3, 4, 5, 6, 7, 8, 9, 10, 11, 12, 13, 14, 15])
('debug: entries', [['Distant Plastic Trees', 'LP', '1991', 'Red Flame', '--'], ['The Wayward Bus', 'LP', '1992', 'PoPuP', '--'], ['The House of Tomorrow', 'EP', '1992', 'Feel Good All Over', '--'], ['The Charm of the Highway Strip', 'LP', '1994', 'Merge Records', '--'], ['Holiday', 'LP', '1994', 'Feel Good All Over', '--'], ['Get Lost', 'LP', '1995', 'Merge Records', '--'], ['69 Love Songs', 'LP', '1999', 'Merge Records', '--'], ['i', 'LP', '2004', 'Nonesuch Records', '#152 (Billboard 200)'], ['Distortion', 'LP', '2008', 'Nonesuch Records', '#77 (Billboard 200)'], ['Realism', 'LP', '2010', 'Nonesuch Records', '#110 (Billboard 200)'], ['Love at the Bottom of the Sea', 'LP', '2012', 'Merge Records', '#89 (Billboard 200)']])
local variable 'ret' referenced before assignment
Exception in running!
1200 / 12276
1300 / 12276
1400 / 12276
1500 / 12276
1600 / 12276
1700 / 12276
1800 / 12276
1900 / 12276
2000 / 12276
2100 / 12276
2200 / 12276
2300 / 12276
2400 / 12276
2500 / 12276
2600 / 12276
2700 / 12276
2800 / 12276
2900 / 12276
3000 / 12276
3100 / 12276
3200 / 12276
3300 / 12276
3400 / 12276
3500 / 12276
3600 / 12276
3700 / 12276
3800 / 12276
3900 / 12276
4000 / 12276
4100 / 12276
4200 / 12276
4300 / 12276
4400 / 12276
4500 / 12276
4600 / 12276
4700 / 12276
4800 / 12276
4900 / 12276
5000 / 12276
5100 / 12276
5200 / 12276
5300 / 12276
5400 / 12276
5500 / 12276
5600 / 12276
5700 / 12276
5800 / 12276
5900 / 12276
6000 / 12276
6100 / 12276
6200 / 12276
6300 / 12276
6400 / 12276
6500 / 12276
6600 / 12276
6700 / 12276
6800 / 12276
6900 / 12276
7000 / 12276
7100 / 12276
7200 / 12276
7300 / 12276
7400 / 12276
7500 / 12276
7600 / 12276
7700 / 12276
7800 / 12276
7900 / 12276
8000 / 12276
8100 / 12276
8200 / 12276
8300 / 12276
8400 / 12276
8500 / 12276
8600 / 12276
8700 / 12276
8800 / 12276
8900 / 12276
9000 / 12276
9100 / 12276
9200 / 12276
9300 / 12276
9400 / 12276
9500 / 12276
9600 / 12276
9700 / 12276
9800 / 12276
9900 / 12276
10000 / 12276
10100 / 12276
10200 / 12276
list index out of range
Exception in running!
10300 / 12276
10400 / 12276
10500 / 12276
10600 / 12276
10700 / 12276
10800 / 12276
10900 / 12276
11000 / 12276
11100 / 12276
11200 / 12276
11300 / 12276
11400 / 12276
11500 / 12276
11600 / 12276
11700 / 12276
11800 / 12276
11900 / 12276
12000 / 12276
12100 / 12276
12200 / 12276
In epoch  9  avg loss (or negative reward) is  0.770067141473
In epoch  9  test reward is 0.426940, test accuracy is 0.366004
Time taken in this epoch 1746.29603291
Best Reward: 0.428809 (Accuracy: 0.366887) at epoch 7
Best Accuracy: 0.366887 (Reward: 0.428809) at epoch 7
Saving model with header =  model/moduleKwNoMap-b15-1-9

100 / 12276
200 / 12276
300 / 12276
400 / 12276
500 / 12276
600 / 12276
700 / 12276
800 / 12276
900 / 12276
1000 / 12276
1100 / 12276
1200 / 12276
1300 / 12276
1400 / 12276
1500 / 12276
1600 / 12276
1700 / 12276
1800 / 12276
1900 / 12276
2000 / 12276
2100 / 12276
2200 / 12276
2300 / 12276
2400 / 12276
2500 / 12276
2600 / 12276
2700 / 12276
2800 / 12276
2900 / 12276
3000 / 12276
3100 / 12276
3200 / 12276
3300 / 12276
3400 / 12276
3500 / 12276
3600 / 12276
3700 / 12276
3800 / 12276
3900 / 12276
4000 / 12276
4100 / 12276
4200 / 12276
4300 / 12276
4400 / 12276
4500 / 12276
4600 / 12276
4700 / 12276
4800 / 12276
4900 / 12276
5000 / 12276
5100 / 12276
5200 / 12276
5300 / 12276
5400 / 12276
5500 / 12276
5600 / 12276
5700 / 12276
5800 / 12276
5900 / 12276
6000 / 12276
6100 / 12276
6200 / 12276
6300 / 12276
6400 / 12276
6500 / 12276
6600 / 12276
6700 / 12276
6800 / 12276
6900 / 12276
7000 / 12276
7100 / 12276
7200 / 12276
7300 / 12276
7400 / 12276
7500 / 12276
7600 / 12276
7700 / 12276
7800 / 12276
7900 / 12276
8000 / 12276
8100 / 12276
8200 / 12276
('debug: qinfo', 'nt-4595_0_3', 'table_csv/203_755.csv')
('debug: cond_row, self.cond_col = ', 0, 1)
('debug: subtab_rows', [0, 1, 2, 3, 4, 5, 6, 7, 8, 9, 10, 11, 12, 13, 14, 15])
('debug: entries', [['1', 'Das tut unheimlich weh', 'It hurts so much', 'Jeanette Biedermann', '12.2%', '4'], ['2', 'Lover boy', '-', 'Carol Bee', 'Unknown', '7'], ['3', 'Ein bisschen Sonne, ein bisschen Regen', 'A little sun, a little rain', 'Patrick Lindner', 'Unknown', '6'], ['4', 'Ich habe meine Tage', "I've got my period", 'Megasuss', 'Unknown', '8'], ['5', "Reise nach Jerusalem - Kudus'e Seyahat", 'Journey to Jerusalem', 'Surpriz', '16.2%', '2'], ['6', 'Heaven', '-', 'Elvin', 'Unknown', '9'], ['7', 'Hor den Kindern einfach zu', 'Just listen to the children', 'Corinna May', '32.6%', '1 (DQ)'], ['8', 'Itsy Bitsy Spider', '-', 'Naima', 'Unknown', '11'], ['9', 'Bye bye bar', '-', 'Michael von der Heide', 'Unknown', '5'], ['10', 'Lost in love', '-', 'Wind', 'Unknown', '10'], ['11', "Together we're strong", '-', 'Cathrin', '15.9%', '3']])
local variable 'ret' referenced before assignment
Exception in running!
('debug: qinfo', 'nt-4595_0_4', 'table_csv/203_755.csv')
('debug: cond_row, self.cond_col = ', 0, 1)
('debug: subtab_rows', [0, 1, 2, 3, 4, 5, 6, 7, 8, 9, 10, 11, 12, 13, 14, 15])
('debug: entries', [['1', 'Das tut unheimlich weh', 'It hurts so much', 'Jeanette Biedermann', '12.2%', '4'], ['2', 'Lover boy', '-', 'Carol Bee', 'Unknown', '7'], ['3', 'Ein bisschen Sonne, ein bisschen Regen', 'A little sun, a little rain', 'Patrick Lindner', 'Unknown', '6'], ['4', 'Ich habe meine Tage', "I've got my period", 'Megasuss', 'Unknown', '8'], ['5', "Reise nach Jerusalem - Kudus'e Seyahat", 'Journey to Jerusalem', 'Surpriz', '16.2%', '2'], ['6', 'Heaven', '-', 'Elvin', 'Unknown', '9'], ['7', 'Hor den Kindern einfach zu', 'Just listen to the children', 'Corinna May', '32.6%', '1 (DQ)'], ['8', 'Itsy Bitsy Spider', '-', 'Naima', 'Unknown', '11'], ['9', 'Bye bye bar', '-', 'Michael von der Heide', 'Unknown', '5'], ['10', 'Lost in love', '-', 'Wind', 'Unknown', '10'], ['11', "Together we're strong", '-', 'Cathrin', '15.9%', '3']])
local variable 'ret' referenced before assignment
Exception in running!
8300 / 12276
8400 / 12276
8500 / 12276
8600 / 12276
8700 / 12276
8800 / 12276
8900 / 12276
9000 / 12276
9100 / 12276
9200 / 12276
9300 / 12276
9400 / 12276
9500 / 12276
9600 / 12276
9700 / 12276
9800 / 12276
9900 / 12276
10000 / 12276
10100 / 12276
10200 / 12276
10300 / 12276
10400 / 12276
10500 / 12276
10600 / 12276
10700 / 12276
10800 / 12276
10900 / 12276
11000 / 12276
11100 / 12276
11200 / 12276
11300 / 12276
11400 / 12276
11500 / 12276
11600 / 12276
11700 / 12276
11800 / 12276
11900 / 12276
12000 / 12276
12100 / 12276
list index out of range
Exception in running!
12200 / 12276
In epoch  10  avg loss (or negative reward) is  0.760139139796
In epoch  10  test reward is 0.422716, test accuracy is 0.362472
Time taken in this epoch 1709.80802894
Best Reward: 0.428809 (Accuracy: 0.366887) at epoch 7
Best Accuracy: 0.366887 (Reward: 0.428809) at epoch 7
Saving model with header =  model/moduleKwNoMap-b15-1-10

100 / 12276
200 / 12276
300 / 12276
400 / 12276
500 / 12276
600 / 12276
700 / 12276
800 / 12276
900 / 12276
1000 / 12276
1100 / 12276
1200 / 12276
1300 / 12276
1400 / 12276
1500 / 12276
1600 / 12276
1700 / 12276
1800 / 12276
1900 / 12276
2000 / 12276
2100 / 12276
2200 / 12276
2300 / 12276
2400 / 12276
2500 / 12276
2600 / 12276
2700 / 12276
2800 / 12276
2900 / 12276
3000 / 12276
3100 / 12276
3200 / 12276
3300 / 12276
3400 / 12276
3500 / 12276
3600 / 12276
3700 / 12276
3800 / 12276
3900 / 12276
4000 / 12276
4100 / 12276
4200 / 12276
4300 / 12276
4400 / 12276
4500 / 12276
4600 / 12276
4700 / 12276
4800 / 12276
4900 / 12276
5000 / 12276
5100 / 12276
5200 / 12276
5300 / 12276
5400 / 12276
5500 / 12276
5600 / 12276
5700 / 12276
5800 / 12276
5900 / 12276
6000 / 12276
6100 / 12276
6200 / 12276
list index out of range
Exception in running!
list index out of range
Exception in running!
6300 / 12276
6400 / 12276
6500 / 12276
6600 / 12276
6700 / 12276
6800 / 12276
6900 / 12276
7000 / 12276
7100 / 12276
7200 / 12276
7300 / 12276
7400 / 12276
7500 / 12276
7600 / 12276
7700 / 12276
7800 / 12276
7900 / 12276
8000 / 12276
8100 / 12276
8200 / 12276
8300 / 12276
8400 / 12276
8500 / 12276
8600 / 12276
8700 / 12276
8800 / 12276
('debug: qinfo', 'nt-11193_1_3', 'table_csv/204_374.csv')
('debug: cond_row, self.cond_col = ', 3, 2)
('debug: subtab_rows', [3, 5, 12, 14, 15])
('debug: entries', [['1976 Winter Paralympics', '10', '1', '1', '12', '2nd'], ['1984 Winter Paralympics', '4', '2', '3', '9', '5th'], ['1988 Winter Paralympics', '5', '16', '16', '37', '7th'], ['1992 Winter Paralympics', '3', '8', '4', '15', '8th'], ['1994 Winter Paralympics', '2', '9', '5', '16', '11th'], ['1998 Winter Paralympics', '10', '5', '8', '23', '6th'], ['2002 Winter Paralympics', '6', '4', '2', '12', '7th'], ['2006 Winter Paralympics', '0', '1', '1', '2', '13th'], ['2010 Winter Paralympics', '1', '2', '0', '3', '13th']])
local variable 'ret' referenced before assignment
Exception in running!
8900 / 12276
9000 / 12276
9100 / 12276
9200 / 12276
9300 / 12276
9400 / 12276
9500 / 12276
9600 / 12276
9700 / 12276
9800 / 12276
9900 / 12276
10000 / 12276
10100 / 12276
10200 / 12276
10300 / 12276
10400 / 12276
10500 / 12276
10600 / 12276
10700 / 12276
10800 / 12276
10900 / 12276
11000 / 12276
11100 / 12276
11200 / 12276
11300 / 12276
11400 / 12276
11500 / 12276
11600 / 12276
11700 / 12276
11800 / 12276
11900 / 12276
12000 / 12276
12100 / 12276
12200 / 12276
In epoch  11  avg loss (or negative reward) is  0.752519637591
In epoch  11  test reward is 0.436606, test accuracy is 0.373068
Time taken in this epoch 1772.36905313
Best Reward: 0.436606 (Accuracy: 0.373068) at epoch 11
Best Accuracy: 0.373068 (Reward: 0.436606) at epoch 11
Saving model with header =  model/moduleKwNoMap-b15-1-11

100 / 12276
200 / 12276
300 / 12276
400 / 12276
500 / 12276
600 / 12276
700 / 12276
800 / 12276
900 / 12276
1000 / 12276
1100 / 12276
1200 / 12276
1300 / 12276
1400 / 12276
1500 / 12276
1600 / 12276
1700 / 12276
1800 / 12276
1900 / 12276
2000 / 12276
2100 / 12276
2200 / 12276
2300 / 12276
2400 / 12276
2500 / 12276
2600 / 12276
2700 / 12276
2800 / 12276
2900 / 12276
3000 / 12276
3100 / 12276
3200 / 12276
3300 / 12276
3400 / 12276
3500 / 12276
3600 / 12276
3700 / 12276
3800 / 12276
3900 / 12276
4000 / 12276
4100 / 12276
4200 / 12276
4300 / 12276
4400 / 12276
4500 / 12276
4600 / 12276
4700 / 12276
4800 / 12276
4900 / 12276
5000 / 12276
5100 / 12276
5200 / 12276
5300 / 12276
5400 / 12276
5500 / 12276
5600 / 12276
5700 / 12276
5800 / 12276
5900 / 12276
6000 / 12276
6100 / 12276
6200 / 12276
6300 / 12276
6400 / 12276
6500 / 12276
6600 / 12276
6700 / 12276
6800 / 12276
6900 / 12276
7000 / 12276
7100 / 12276
7200 / 12276
7300 / 12276
7400 / 12276
7500 / 12276
7600 / 12276
7700 / 12276
7800 / 12276
7900 / 12276
8000 / 12276
8100 / 12276
8200 / 12276
list index out of range
Exception in running!
list index out of range
Exception in running!
8300 / 12276
8400 / 12276
8500 / 12276
8600 / 12276
8700 / 12276
8800 / 12276
8900 / 12276
9000 / 12276
9100 / 12276
9200 / 12276
9300 / 12276
9400 / 12276
9500 / 12276
9600 / 12276
9700 / 12276
9800 / 12276
9900 / 12276
10000 / 12276
10100 / 12276
10200 / 12276
10300 / 12276
10400 / 12276
10500 / 12276
10600 / 12276
10700 / 12276
10800 / 12276
10900 / 12276
11000 / 12276
11100 / 12276
11200 / 12276
11300 / 12276
11400 / 12276
11500 / 12276
11600 / 12276
11700 / 12276
11800 / 12276
11900 / 12276
12000 / 12276
12100 / 12276
list index out of range
Exception in running!
12200 / 12276
In epoch  12  avg loss (or negative reward) is  0.737845862989
In epoch  12  test reward is 0.439837, test accuracy is 0.379691
Time taken in this epoch 1790.21838593
Best Reward: 0.439837 (Accuracy: 0.379691) at epoch 12
Best Accuracy: 0.379691 (Reward: 0.439837) at epoch 12
Saving model with header =  model/moduleKwNoMap-b15-1-12

100 / 12276
200 / 12276
300 / 12276
400 / 12276
500 / 12276
600 / 12276
700 / 12276
800 / 12276
900 / 12276
1000 / 12276
1100 / 12276
1200 / 12276
1300 / 12276
1400 / 12276
1500 / 12276
1600 / 12276
1700 / 12276
('debug: qinfo', 'nt-11930_2_2', 'table_csv/203_598.csv')
('debug: cond_row, self.cond_col = ', 0, 6)
('debug: subtab_rows', [0, 1, 2, 3, 4, 5, 6, 7, 8, 9, 10, 11, 12, 13, 14, 15, 16, 17, 18, 19, 20, 21, 22, 23])
('debug: entries', [['September 5', '2:30 p.m.', 'Jackson State*', 'Davis Wade Stadium * Starkville, MS', 'ESPNU', 'W 45-7', '54,232'], ['September 12', '6:00 p.m.', 'at Auburn', 'Jordan-Hare Stadium * Auburn, AL', 'SECRN', 'L 24-49', '85,269'], ['September 19', '6:00 p.m.', 'at Vanderbilt', 'Vanderbilt Stadium * Nashville, TN', 'SECRN', 'W 15-3', '31,840'], ['September 26', '11:21 a.m.', '#7 LSU', 'Davis Wade Stadium * Starkville, MS', 'SECN', 'L 26-30', '53,612'], ['October 3', '6:30 p.m.', '#25 Georgia Tech*', 'Davis Wade Stadium * Starkville, MS', 'CSS', 'L 31-42', '50,035'], ['October 10', '11:30 a.m.', 'Houston*', 'Davis Wade Stadium * Starkville, MS', 'ESPNU', 'L 24-31', '48,019'], ['October 17', '11:30 a.m.', 'at Middle Tennessee*', 'Johnny Red Floyd Stadium * Murfreesboro', 'TN', 'ESPNU', 'W 27-6'], ['October 24', '6:30 p.m.', '#1 Florida', 'Davis Wade Stadium * Starkville, MS', 'ESPN', 'L 19-29', '57,178'], ['October 31', '6:00 p.m.', 'at Kentucky', 'Commonwealth Stadium * Lexington, KY', 'SECRN', 'W 31-24', '67,953'], ['November 14', '6:00 p.m.', '#2 Alabama', 'Davis Wade Stadium * Starkville, MS (Rivalry)', 'ESPN', 'L 3-31', '58,103'], ['November 21', '11:21 a.m.', 'at Arkansas', 'War Memorial Stadium * Little Rock, AR', 'SECN', 'L 21-42', '55,634'], ['November 28', '11:21 a.m.', '#25 Ole Miss', 'Davis Wade Stadium * Starkville, MS (Egg Bowl)', 'SECN', 'W 41-27', '55,365']])
local variable 'ret' referenced before assignment
Exception in running!
1800 / 12276
1900 / 12276
2000 / 12276
2100 / 12276
2200 / 12276
2300 / 12276
2400 / 12276
2500 / 12276
2600 / 12276
2700 / 12276
2800 / 12276
2900 / 12276
3000 / 12276
3100 / 12276
3200 / 12276
3300 / 12276
3400 / 12276
3500 / 12276
3600 / 12276
3700 / 12276
3800 / 12276
3900 / 12276
4000 / 12276
4100 / 12276
4200 / 12276
4300 / 12276
4400 / 12276
4500 / 12276
4600 / 12276
4700 / 12276
4800 / 12276
4900 / 12276
5000 / 12276
5100 / 12276
5200 / 12276
5300 / 12276
5400 / 12276
5500 / 12276
5600 / 12276
5700 / 12276
5800 / 12276
5900 / 12276
6000 / 12276
6100 / 12276
6200 / 12276
list index out of range
Exception in running!
list index out of range
Exception in running!
6300 / 12276
6400 / 12276
6500 / 12276
6600 / 12276
6700 / 12276
6800 / 12276
6900 / 12276
7000 / 12276
7100 / 12276
7200 / 12276
7300 / 12276
7400 / 12276
7500 / 12276
7600 / 12276
7700 / 12276
7800 / 12276
7900 / 12276
8000 / 12276
8100 / 12276
8200 / 12276
8300 / 12276
8400 / 12276
8500 / 12276
8600 / 12276
8700 / 12276
8800 / 12276
8900 / 12276
9000 / 12276
9100 / 12276
9200 / 12276
9300 / 12276
9400 / 12276
9500 / 12276
9600 / 12276
9700 / 12276
9800 / 12276
9900 / 12276
10000 / 12276
10100 / 12276
10200 / 12276
10300 / 12276
10400 / 12276
10500 / 12276
10600 / 12276
10700 / 12276
10800 / 12276
10900 / 12276
11000 / 12276
11100 / 12276
11200 / 12276
11300 / 12276
11400 / 12276
11500 / 12276
11600 / 12276
11700 / 12276
11800 / 12276
11900 / 12276
12000 / 12276
12100 / 12276
list index out of range
Exception in running!
12200 / 12276
In epoch  13  avg loss (or negative reward) is  0.729368219585
In epoch  13  test reward is 0.441894, test accuracy is 0.378808
Time taken in this epoch 1801.34983611
Best Reward: 0.441894 (Accuracy: 0.378808) at epoch 13
Best Accuracy: 0.379691 (Reward: 0.439837) at epoch 12
Saving model with header =  model/moduleKwNoMap-b15-1-13

100 / 12276
200 / 12276
300 / 12276
400 / 12276
500 / 12276
600 / 12276
700 / 12276
800 / 12276
900 / 12276
1000 / 12276
1100 / 12276
1200 / 12276
1300 / 12276
1400 / 12276
1500 / 12276
1600 / 12276
1700 / 12276
1800 / 12276
1900 / 12276
2000 / 12276
2100 / 12276
2200 / 12276
2300 / 12276
2400 / 12276
2500 / 12276
2600 / 12276
2700 / 12276
2800 / 12276
2900 / 12276
3000 / 12276
3100 / 12276
3200 / 12276
3300 / 12276
3400 / 12276
3500 / 12276
3600 / 12276
3700 / 12276
3800 / 12276
3900 / 12276
4000 / 12276
4100 / 12276
4200 / 12276
4300 / 12276
4400 / 12276
4500 / 12276
4600 / 12276
4700 / 12276
4800 / 12276
4900 / 12276
5000 / 12276
5100 / 12276
5200 / 12276
5300 / 12276
5400 / 12276
5500 / 12276
5600 / 12276
5700 / 12276
5800 / 12276
5900 / 12276
6000 / 12276
6100 / 12276
6200 / 12276
6300 / 12276
6400 / 12276
6500 / 12276
6600 / 12276
6700 / 12276
6800 / 12276
6900 / 12276
7000 / 12276
7100 / 12276
('debug: qinfo', 'nt-11477_0_2', 'table_csv/204_195.csv')
('debug: cond_row, self.cond_col = ', 0, 3)
('debug: subtab_rows', [0, 1, 2, 3, 4, 5, 6, 7, 8, 9, 10, 11, 12, 13])
('debug: entries', [['Barak Netanya', 'Netanya', 'Yeshurun', '1,000', '9th'], ['Bnei HaSharon/Herzliya', 'Herzliya', 'HaYovel Herzliya', '1,750', '10th'], ['Hapoel Gilboa Galil', 'Gilboa Regional Council', 'Gan Ner Sports Hall', '2,400', '2nd'], ['Hapoel Holon', 'Holon', 'Holon City Arena', '2,850', '5th'], ['Hapoel Jerusalem', 'Jerusalem', 'Malha Arena', '3,000', '4th'], ['Ironi Ashkelon', 'Ashkelon', 'Ashkelon Sports Arena', '3,000', '6th'], ['Maccabi Ashdod', 'Ashdod', 'HaKiriya Arena', '1,260', '7th'], ['Hapoel Eilat B.C.', 'Eilat', 'Begin Arena', '1,100', "8th (as Habik'a B.C.)"], ['Maccabi Haifa', 'Haifa', 'Romema Arena', '5,000', '11th'], ['Maccabi Rishon LeZion', 'Rishon LeZion', 'Beit Maccabi Rishon', '2,500', '3rd'], ['Maccabi Tel Aviv', 'Tel Aviv', 'Nokia Arena', '11,700', '1st'], ['Hapoel Tel Aviv', 'Tel Aviv', 'Beit Maccabi Rishon', '2,500', '1st (Liga Leumit)']])
local variable 'ret' referenced before assignment
Exception in running!
7200 / 12276
7300 / 12276
7400 / 12276
7500 / 12276
7600 / 12276
7700 / 12276
7800 / 12276
7900 / 12276
8000 / 12276
8100 / 12276
8200 / 12276
8300 / 12276
8400 / 12276
8500 / 12276
8600 / 12276
8700 / 12276
8800 / 12276
8900 / 12276
9000 / 12276
9100 / 12276
9200 / 12276
9300 / 12276
9400 / 12276
9500 / 12276
9600 / 12276
9700 / 12276
9800 / 12276
9900 / 12276
10000 / 12276
10100 / 12276
10200 / 12276
list index out of range
Exception in running!
10300 / 12276
10400 / 12276
10500 / 12276
10600 / 12276
10700 / 12276
10800 / 12276
10900 / 12276
11000 / 12276
11100 / 12276
11200 / 12276
11300 / 12276
11400 / 12276
11500 / 12276
11600 / 12276
11700 / 12276
11800 / 12276
11900 / 12276
12000 / 12276
12100 / 12276
12200 / 12276
In epoch  14  avg loss (or negative reward) is  0.724017631283
In epoch  14  test reward is 0.435092, test accuracy is 0.373951
Time taken in this epoch 1803.17543602
Best Reward: 0.441894 (Accuracy: 0.378808) at epoch 13
Best Accuracy: 0.379691 (Reward: 0.439837) at epoch 12
Saving model with header =  model/moduleKwNoMap-b15-1-14

100 / 12276
200 / 12276
300 / 12276
400 / 12276
500 / 12276
600 / 12276
700 / 12276
800 / 12276
900 / 12276
1000 / 12276
1100 / 12276
1200 / 12276
1300 / 12276
1400 / 12276
1500 / 12276
1600 / 12276
1700 / 12276
1800 / 12276
1900 / 12276
2000 / 12276
2100 / 12276
2200 / 12276
2300 / 12276
2400 / 12276
2500 / 12276
2600 / 12276
2700 / 12276
2800 / 12276
2900 / 12276
3000 / 12276
3100 / 12276
3200 / 12276
3300 / 12276
3400 / 12276
3500 / 12276
3600 / 12276
3700 / 12276
3800 / 12276
3900 / 12276
4000 / 12276
4100 / 12276
4200 / 12276
4300 / 12276
4400 / 12276
4500 / 12276
4600 / 12276
4700 / 12276
4800 / 12276
4900 / 12276
5000 / 12276
5100 / 12276
5200 / 12276
5300 / 12276
5400 / 12276
5500 / 12276
5600 / 12276
5700 / 12276
5800 / 12276
5900 / 12276
6000 / 12276
6100 / 12276
6200 / 12276
('debug: qinfo', 'ns-2086_0_2', 'table_csv/203_809.csv')
('debug: cond_row, self.cond_col = ', 0, 7)
('debug: subtab_rows', [0, 1, 2, 3, 4, 5, 6, 7, 8, 9, 10, 11, 12, 13, 14, 15, 16, 17, 18])
('debug: entries', [['September 2', '12:30 p.m.', 'WKU*', '#15', 'Sanford Stadium * Athens, GA', 'LFS', 'W 48-12', '92,746'], ['September 9', '7:45 p.m.', 'at South Carolina', '#12', 'Williams-Brice Stadium * Columbia, SC', 'ESPN', 'W 18-0', '82,513'], ['September 16', '1:00 p.m.', 'UAB*', '#10', 'Sanford Stadium * Athens, GA', 'CSS', 'W 34-0', '92,746'], ['September 23', '12:30 p.m.', 'Colorado*', '#9', 'Sanford Stadium * Athens, GA', 'LFS', 'W 14-13', '92,746'], ['September 30', '9:00 p.m.', 'at Ole Miss', '#10', 'Vaught-Hemingway Stadium * Oxford, MS', 'ESPN2', 'W 14-9', '57,184'], ['October 7', '7:45 p.m.', '#13 Tennessee', '#10', 'Sanford Stadium * Athens, GA', 'ESPN', 'L 33-51', '92,746'], ['October 14', '12:30 p.m.', 'Vanderbilt', '#16', 'Sanford Stadium * Athens, GA', 'LFS', 'L 22-24', '92,746'], ['October 21', '1:00 p.m.', 'Mississippi State', '_EMPTY_', 'Sanford Stadium * Athens, GA', '_EMPTY_', 'W 27-24', '92,746'], ['October 28', '3:30 p.m.', 'vs. #9 Florida', '_EMPTY_', 'Alltel Stadium * Jacksonville, FL (Florida-Georgia game)', 'CBS', 'L 14-21', '84,572'], ['November 4', '1:00 p.m.', 'at Kentucky', '_EMPTY_', 'Commonwealth Stadium * Lexington, KY', '_EMPTY_', 'L 20-24', '62,120'], ['November 11', '12:30 p.m.', 'at #5 Auburn', '_EMPTY_', "Jordan-Hare Stadium * Auburn, AL (Deep South's Oldest Rivalry)", 'LFS', 'W 37-15', '87,451'], ['November 25', '3:30 p.m.', '#16 Georgia Tech*', '_EMPTY_', 'Sanford Stadium * Athens, GA (Clean, Old-Fashioned Hate)', 'CBS', 'W 15-12', '92,746'], ['December 30', '8:00 p.m.', 'vs. #14 Virginia Tech*', '_EMPTY_', 'Georgia Dome * Atlanta, GA (Chick-fil-A Bowl)', 'ESPN', 'W 31-24', '75,406']])
local variable 'ret' referenced before assignment
Exception in running!
('debug: qinfo', 'ns-2086_0_3', 'table_csv/203_809.csv')
('debug: cond_row, self.cond_col = ', 0, 0)
('debug: subtab_rows', [0, 1, 2, 3, 4, 5, 6, 7, 8, 9, 10, 11, 12, 13, 14, 15, 16, 17, 18])
('debug: entries', [['September 2', '12:30 p.m.', 'WKU*', '#15', 'Sanford Stadium * Athens, GA', 'LFS', 'W 48-12', '92,746'], ['September 9', '7:45 p.m.', 'at South Carolina', '#12', 'Williams-Brice Stadium * Columbia, SC', 'ESPN', 'W 18-0', '82,513'], ['September 16', '1:00 p.m.', 'UAB*', '#10', 'Sanford Stadium * Athens, GA', 'CSS', 'W 34-0', '92,746'], ['September 23', '12:30 p.m.', 'Colorado*', '#9', 'Sanford Stadium * Athens, GA', 'LFS', 'W 14-13', '92,746'], ['September 30', '9:00 p.m.', 'at Ole Miss', '#10', 'Vaught-Hemingway Stadium * Oxford, MS', 'ESPN2', 'W 14-9', '57,184'], ['October 7', '7:45 p.m.', '#13 Tennessee', '#10', 'Sanford Stadium * Athens, GA', 'ESPN', 'L 33-51', '92,746'], ['October 14', '12:30 p.m.', 'Vanderbilt', '#16', 'Sanford Stadium * Athens, GA', 'LFS', 'L 22-24', '92,746'], ['October 21', '1:00 p.m.', 'Mississippi State', '_EMPTY_', 'Sanford Stadium * Athens, GA', '_EMPTY_', 'W 27-24', '92,746'], ['October 28', '3:30 p.m.', 'vs. #9 Florida', '_EMPTY_', 'Alltel Stadium * Jacksonville, FL (Florida-Georgia game)', 'CBS', 'L 14-21', '84,572'], ['November 4', '1:00 p.m.', 'at Kentucky', '_EMPTY_', 'Commonwealth Stadium * Lexington, KY', '_EMPTY_', 'L 20-24', '62,120'], ['November 11', '12:30 p.m.', 'at #5 Auburn', '_EMPTY_', "Jordan-Hare Stadium * Auburn, AL (Deep South's Oldest Rivalry)", 'LFS', 'W 37-15', '87,451'], ['November 25', '3:30 p.m.', '#16 Georgia Tech*', '_EMPTY_', 'Sanford Stadium * Athens, GA (Clean, Old-Fashioned Hate)', 'CBS', 'W 15-12', '92,746'], ['December 30', '8:00 p.m.', 'vs. #14 Virginia Tech*', '_EMPTY_', 'Georgia Dome * Atlanta, GA (Chick-fil-A Bowl)', 'ESPN', 'W 31-24', '75,406']])
local variable 'ret' referenced before assignment
Exception in running!
6300 / 12276
6400 / 12276
6500 / 12276
6600 / 12276
6700 / 12276
6800 / 12276
6900 / 12276
7000 / 12276
7100 / 12276
7200 / 12276
7300 / 12276
7400 / 12276
7500 / 12276
7600 / 12276
7700 / 12276
7800 / 12276
7900 / 12276
8000 / 12276
8100 / 12276
8200 / 12276
8300 / 12276
8400 / 12276
8500 / 12276
8600 / 12276
8700 / 12276
8800 / 12276
8900 / 12276
9000 / 12276
9100 / 12276
9200 / 12276
9300 / 12276
9400 / 12276
9500 / 12276
9600 / 12276
9700 / 12276
9800 / 12276
9900 / 12276
10000 / 12276
10100 / 12276
10200 / 12276
10300 / 12276
10400 / 12276
10500 / 12276
10600 / 12276
10700 / 12276
10800 / 12276
10900 / 12276
11000 / 12276
11100 / 12276
11200 / 12276
11300 / 12276
11400 / 12276
11500 / 12276
11600 / 12276
11700 / 12276
11800 / 12276
11900 / 12276
12000 / 12276
12100 / 12276
12200 / 12276
In epoch  15  avg loss (or negative reward) is  0.717938518367
In epoch  15  test reward is 0.434826, test accuracy is 0.370861
Time taken in this epoch 1809.03677392
Best Reward: 0.441894 (Accuracy: 0.378808) at epoch 13
Best Accuracy: 0.379691 (Reward: 0.439837) at epoch 12
Saving model with header =  model/moduleKwNoMap-b15-1-15

100 / 12276
200 / 12276
300 / 12276
400 / 12276
500 / 12276
600 / 12276
700 / 12276
800 / 12276
900 / 12276
1000 / 12276
1100 / 12276
1200 / 12276
1300 / 12276
1400 / 12276
1500 / 12276
1600 / 12276
1700 / 12276
1800 / 12276
1900 / 12276
2000 / 12276
2100 / 12276
2200 / 12276
2300 / 12276
2400 / 12276
2500 / 12276
2600 / 12276
2700 / 12276
2800 / 12276
2900 / 12276
3000 / 12276
3100 / 12276
3200 / 12276
3300 / 12276
3400 / 12276
3500 / 12276
3600 / 12276
3700 / 12276
3800 / 12276
3900 / 12276
4000 / 12276
4100 / 12276
4200 / 12276
4300 / 12276
4400 / 12276
4500 / 12276
4600 / 12276
4700 / 12276
4800 / 12276
4900 / 12276
5000 / 12276
5100 / 12276
5200 / 12276
5300 / 12276
5400 / 12276
5500 / 12276
5600 / 12276
5700 / 12276
5800 / 12276
5900 / 12276
6000 / 12276
6100 / 12276
6200 / 12276
6300 / 12276
6400 / 12276
6500 / 12276
6600 / 12276
6700 / 12276
6800 / 12276
6900 / 12276
7000 / 12276
7100 / 12276
7200 / 12276
7300 / 12276
7400 / 12276
7500 / 12276
7600 / 12276
7700 / 12276
7800 / 12276
7900 / 12276
8000 / 12276
8100 / 12276
8200 / 12276
8300 / 12276
8400 / 12276
8500 / 12276
8600 / 12276
8700 / 12276
list index out of range
Exception in running!
8800 / 12276
8900 / 12276
9000 / 12276
9100 / 12276
9200 / 12276
9300 / 12276
9400 / 12276
9500 / 12276
9600 / 12276
9700 / 12276
9800 / 12276
9900 / 12276
10000 / 12276
10100 / 12276
10200 / 12276
10300 / 12276
10400 / 12276
10500 / 12276
10600 / 12276
10700 / 12276
10800 / 12276
10900 / 12276
11000 / 12276
11100 / 12276
11200 / 12276
11300 / 12276
11400 / 12276
11500 / 12276
11600 / 12276
11700 / 12276
11800 / 12276
11900 / 12276
12000 / 12276
12100 / 12276
12200 / 12276
In epoch  16  avg loss (or negative reward) is  0.709412222771
In epoch  16  test reward is 0.436558, test accuracy is 0.371302
Time taken in this epoch 1821.72885609
Best Reward: 0.441894 (Accuracy: 0.378808) at epoch 13
Best Accuracy: 0.379691 (Reward: 0.439837) at epoch 12
Saving model with header =  model/moduleKwNoMap-b15-1-16

100 / 12276
('debug: qinfo', 'nt-11738_0_2', 'table_csv/204_249.csv')
('debug: cond_row, self.cond_col = ', 0, 2)
('debug: subtab_rows', [0, 1, 2, 3, 4, 5, 6, 7, 8, 9, 10, 11, 12, 13, 14, 15])
('debug: entries', [['0', 'Canada-United States border', 'Canada-United States border', 'ND 18 - Cavalier, Larimore', 'PTH 30 begins'], ['3', 'R.M. of Rhineland', 'Gretna', 'PR 243 east - Emerson', 'begin PR 243 west concurrence'], ['5', 'R.M. of Rhineland', '_EMPTY_', 'PR 243 west - Blumenfeld', 'end PR 243 west concurrence'], ['10', 'R.M. of Rhineland', '_EMPTY_', 'PR 421 east - Sommerfeld', '_EMPTY_'], ['14', 'R.M. of Rhineland', 'Altona', 'PR 201 west - Brown, Windygates, Snowflake', 'begin PR 201 east concurrence'], ['18', 'R.M. of Rhineland', '_EMPTY_', 'PR 201 east - Letellier, Dominion City, Stuartburn', 'end PR 201 east concurrence'], ['25', 'R.M. of Rhineland', 'Rosenfeld', 'PTH 14 - Morden, Winkler, Plum Coulee, Morris  PR 332 north - Lowe Farm, Brunkild, Starbuck', 'PTH 30 ends highway continues as PR 332']])
local variable 'ret' referenced before assignment
Exception in running!
200 / 12276
300 / 12276
400 / 12276
500 / 12276
600 / 12276
700 / 12276
800 / 12276
900 / 12276
1000 / 12276
1100 / 12276
1200 / 12276
1300 / 12276
1400 / 12276
1500 / 12276
1600 / 12276
1700 / 12276
1800 / 12276
1900 / 12276
2000 / 12276
2100 / 12276
2200 / 12276
2300 / 12276
2400 / 12276
2500 / 12276
2600 / 12276
2700 / 12276
2800 / 12276
2900 / 12276
3000 / 12276
3100 / 12276
3200 / 12276
3300 / 12276
3400 / 12276
3500 / 12276
3600 / 12276
3700 / 12276
3800 / 12276
3900 / 12276
4000 / 12276
4100 / 12276
4200 / 12276
4300 / 12276
4400 / 12276
4500 / 12276
4600 / 12276
4700 / 12276
4800 / 12276
4900 / 12276
5000 / 12276
5100 / 12276
5200 / 12276
5300 / 12276
5400 / 12276
5500 / 12276
5600 / 12276
5700 / 12276
5800 / 12276
5900 / 12276
6000 / 12276
6100 / 12276
6200 / 12276
6300 / 12276
6400 / 12276
6500 / 12276
6600 / 12276
6700 / 12276
6800 / 12276
6900 / 12276
7000 / 12276
7100 / 12276
7200 / 12276
7300 / 12276
7400 / 12276
7500 / 12276
7600 / 12276
7700 / 12276
7800 / 12276
7900 / 12276
8000 / 12276
8100 / 12276
8200 / 12276
8300 / 12276
8400 / 12276
8500 / 12276
8600 / 12276
8700 / 12276
8800 / 12276
8900 / 12276
9000 / 12276
9100 / 12276
9200 / 12276
9300 / 12276
9400 / 12276
9500 / 12276
9600 / 12276
9700 / 12276
9800 / 12276
9900 / 12276
10000 / 12276
10100 / 12276
10200 / 12276
10300 / 12276
10400 / 12276
10500 / 12276
10600 / 12276
10700 / 12276
10800 / 12276
10900 / 12276
11000 / 12276
11100 / 12276
11200 / 12276
11300 / 12276
11400 / 12276
11500 / 12276
11600 / 12276
11700 / 12276
11800 / 12276
11900 / 12276
12000 / 12276
12100 / 12276
list index out of range
Exception in running!
12200 / 12276
In epoch  17  avg loss (or negative reward) is  0.701377407965
In epoch  17  test reward is 0.434258, test accuracy is 0.372185
Time taken in this epoch 1831.9829669
Best Reward: 0.441894 (Accuracy: 0.378808) at epoch 13
Best Accuracy: 0.379691 (Reward: 0.439837) at epoch 12
Saving model with header =  model/moduleKwNoMap-b15-1-17

100 / 12276
200 / 12276
300 / 12276
400 / 12276
500 / 12276
600 / 12276
700 / 12276
800 / 12276
900 / 12276
1000 / 12276
1100 / 12276
1200 / 12276
1300 / 12276
1400 / 12276
1500 / 12276
1600 / 12276
1700 / 12276
1800 / 12276
1900 / 12276
2000 / 12276
2100 / 12276
2200 / 12276
2300 / 12276
2400 / 12276
2500 / 12276
2600 / 12276
2700 / 12276
2800 / 12276
2900 / 12276
3000 / 12276
3100 / 12276
3200 / 12276
3300 / 12276
3400 / 12276
3500 / 12276
3600 / 12276
3700 / 12276
3800 / 12276
3900 / 12276
4000 / 12276
4100 / 12276
4200 / 12276
4300 / 12276
4400 / 12276
4500 / 12276
4600 / 12276
4700 / 12276
4800 / 12276
4900 / 12276
5000 / 12276
5100 / 12276
5200 / 12276
5300 / 12276
5400 / 12276
5500 / 12276
5600 / 12276
5700 / 12276
5800 / 12276
5900 / 12276
6000 / 12276
6100 / 12276
6200 / 12276
6300 / 12276
6400 / 12276
6500 / 12276
6600 / 12276
6700 / 12276
6800 / 12276
6900 / 12276
7000 / 12276
7100 / 12276
7200 / 12276
7300 / 12276
7400 / 12276
7500 / 12276
7600 / 12276
7700 / 12276
7800 / 12276
7900 / 12276
8000 / 12276
8100 / 12276
8200 / 12276
8300 / 12276
8400 / 12276
8500 / 12276
8600 / 12276
8700 / 12276
8800 / 12276
8900 / 12276
9000 / 12276
9100 / 12276
9200 / 12276
9300 / 12276
9400 / 12276
9500 / 12276
9600 / 12276
9700 / 12276
9800 / 12276
9900 / 12276
10000 / 12276
10100 / 12276
10200 / 12276
list index out of range
Exception in running!
10300 / 12276
10400 / 12276
10500 / 12276
10600 / 12276
10700 / 12276
10800 / 12276
10900 / 12276
11000 / 12276
11100 / 12276
11200 / 12276
11300 / 12276
11400 / 12276
11500 / 12276
11600 / 12276
11700 / 12276
11800 / 12276
11900 / 12276
12000 / 12276
12100 / 12276
12200 / 12276
In epoch  18  avg loss (or negative reward) is  0.694332864739
In epoch  18  test reward is 0.440282, test accuracy is 0.376600
Time taken in this epoch 1825.96793699
Best Reward: 0.441894 (Accuracy: 0.378808) at epoch 13
Best Accuracy: 0.379691 (Reward: 0.439837) at epoch 12
Saving model with header =  model/moduleKwNoMap-b15-1-18

100 / 12276
200 / 12276
300 / 12276
400 / 12276
500 / 12276
600 / 12276
700 / 12276
800 / 12276
900 / 12276
1000 / 12276
1100 / 12276
1200 / 12276
1300 / 12276
1400 / 12276
1500 / 12276
1600 / 12276
1700 / 12276
1800 / 12276
1900 / 12276
2000 / 12276
2100 / 12276
2200 / 12276
2300 / 12276
2400 / 12276
2500 / 12276
2600 / 12276
2700 / 12276
2800 / 12276
2900 / 12276
3000 / 12276
3100 / 12276
3200 / 12276
3300 / 12276
3400 / 12276
3500 / 12276
3600 / 12276
3700 / 12276
3800 / 12276
3900 / 12276
4000 / 12276
4100 / 12276
4200 / 12276
4300 / 12276
4400 / 12276
4500 / 12276
4600 / 12276
4700 / 12276
4800 / 12276
list index out of range
Exception in running!
4900 / 12276
5000 / 12276
5100 / 12276
5200 / 12276
5300 / 12276
5400 / 12276
5500 / 12276
5600 / 12276
5700 / 12276
5800 / 12276
5900 / 12276
6000 / 12276
6100 / 12276
6200 / 12276
6300 / 12276
6400 / 12276
6500 / 12276
6600 / 12276
6700 / 12276
6800 / 12276
6900 / 12276
7000 / 12276
7100 / 12276
7200 / 12276
7300 / 12276
7400 / 12276
7500 / 12276
7600 / 12276
7700 / 12276
7800 / 12276
7900 / 12276
8000 / 12276
8100 / 12276
8200 / 12276
8300 / 12276
8400 / 12276
8500 / 12276
8600 / 12276
8700 / 12276
8800 / 12276
8900 / 12276
9000 / 12276
9100 / 12276
9200 / 12276
9300 / 12276
9400 / 12276
9500 / 12276
9600 / 12276
9700 / 12276
9800 / 12276
9900 / 12276
10000 / 12276
10100 / 12276
10200 / 12276
list index out of range
Exception in running!
10300 / 12276
10400 / 12276
10500 / 12276
10600 / 12276
10700 / 12276
10800 / 12276
10900 / 12276
11000 / 12276
11100 / 12276
11200 / 12276
11300 / 12276
11400 / 12276
11500 / 12276
11600 / 12276
11700 / 12276
11800 / 12276
11900 / 12276
12000 / 12276
12100 / 12276
12200 / 12276
In epoch  19  avg loss (or negative reward) is  0.68581483341
In epoch  19  test reward is 0.438180, test accuracy is 0.375276
Time taken in this epoch 1827.98727894
Best Reward: 0.441894 (Accuracy: 0.378808) at epoch 13
Best Accuracy: 0.379691 (Reward: 0.439837) at epoch 12
Saving model with header =  model/moduleKwNoMap-b15-1-19

100 / 12276
200 / 12276
300 / 12276
400 / 12276
500 / 12276
600 / 12276
700 / 12276
800 / 12276
900 / 12276
1000 / 12276
1100 / 12276
1200 / 12276
1300 / 12276
1400 / 12276
1500 / 12276
1600 / 12276
1700 / 12276
1800 / 12276
1900 / 12276
2000 / 12276
2100 / 12276
2200 / 12276
2300 / 12276
2400 / 12276
2500 / 12276
2600 / 12276
2700 / 12276
2800 / 12276
2900 / 12276
3000 / 12276
3100 / 12276
3200 / 12276
3300 / 12276
3400 / 12276
3500 / 12276
3600 / 12276
3700 / 12276
3800 / 12276
3900 / 12276
4000 / 12276
4100 / 12276
4200 / 12276
4300 / 12276
4400 / 12276
4500 / 12276
4600 / 12276
4700 / 12276
4800 / 12276
4900 / 12276
5000 / 12276
5100 / 12276
5200 / 12276
5300 / 12276
5400 / 12276
5500 / 12276
5600 / 12276
5700 / 12276
5800 / 12276
5900 / 12276
6000 / 12276
6100 / 12276
6200 / 12276
6300 / 12276
6400 / 12276
6500 / 12276
6600 / 12276
6700 / 12276
6800 / 12276
6900 / 12276
7000 / 12276
7100 / 12276
7200 / 12276
7300 / 12276
7400 / 12276
7500 / 12276
7600 / 12276
7700 / 12276
7800 / 12276
7900 / 12276
8000 / 12276
8100 / 12276
8200 / 12276
8300 / 12276
8400 / 12276
8500 / 12276
8600 / 12276
8700 / 12276
8800 / 12276
8900 / 12276
9000 / 12276
9100 / 12276
9200 / 12276
9300 / 12276
9400 / 12276
9500 / 12276
9600 / 12276
9700 / 12276
9800 / 12276
9900 / 12276
10000 / 12276
10100 / 12276
10200 / 12276
list index out of range
Exception in running!
10300 / 12276
10400 / 12276
10500 / 12276
10600 / 12276
10700 / 12276
10800 / 12276
10900 / 12276
11000 / 12276
11100 / 12276
11200 / 12276
11300 / 12276
11400 / 12276
11500 / 12276
11600 / 12276
11700 / 12276
11800 / 12276
11900 / 12276
12000 / 12276
12100 / 12276
12200 / 12276
In epoch  20  avg loss (or negative reward) is  0.682378605377
In epoch  20  test reward is 0.438447, test accuracy is 0.374393
Time taken in this epoch 1832.84775519
Best Reward: 0.441894 (Accuracy: 0.378808) at epoch 13
Best Accuracy: 0.379691 (Reward: 0.439837) at epoch 12
Saving model with header =  model/moduleKwNoMap-b15-1-20

100 / 12276
200 / 12276
300 / 12276
400 / 12276
500 / 12276
600 / 12276
700 / 12276
800 / 12276
900 / 12276
1000 / 12276
1100 / 12276
1200 / 12276
1300 / 12276
1400 / 12276
1500 / 12276
1600 / 12276
1700 / 12276
1800 / 12276
1900 / 12276
2000 / 12276
2100 / 12276
2200 / 12276
2300 / 12276
2400 / 12276
2500 / 12276
2600 / 12276
2700 / 12276
2800 / 12276
2900 / 12276
3000 / 12276
3100 / 12276
3200 / 12276
3300 / 12276
3400 / 12276
3500 / 12276
3600 / 12276
3700 / 12276
3800 / 12276
3900 / 12276
4000 / 12276
4100 / 12276
4200 / 12276
4300 / 12276
4400 / 12276
4500 / 12276
4600 / 12276
4700 / 12276
4800 / 12276
4900 / 12276
5000 / 12276
5100 / 12276
5200 / 12276
5300 / 12276
5400 / 12276
5500 / 12276
5600 / 12276
5700 / 12276
5800 / 12276
5900 / 12276
6000 / 12276
6100 / 12276
6200 / 12276
6300 / 12276
6400 / 12276
6500 / 12276
6600 / 12276
6700 / 12276
6800 / 12276
6900 / 12276
7000 / 12276
7100 / 12276
7200 / 12276
7300 / 12276
7400 / 12276
7500 / 12276
7600 / 12276
7700 / 12276
7800 / 12276
7900 / 12276
8000 / 12276
8100 / 12276
8200 / 12276
('debug: qinfo', 'nt-4595_0_3', 'table_csv/203_755.csv')
('debug: cond_row, self.cond_col = ', 0, 1)
('debug: subtab_rows', [0, 1, 2, 3, 4, 5, 6, 7, 8, 9, 10, 11, 12, 13, 14, 15])
('debug: entries', [['1', 'Das tut unheimlich weh', 'It hurts so much', 'Jeanette Biedermann', '12.2%', '4'], ['2', 'Lover boy', '-', 'Carol Bee', 'Unknown', '7'], ['3', 'Ein bisschen Sonne, ein bisschen Regen', 'A little sun, a little rain', 'Patrick Lindner', 'Unknown', '6'], ['4', 'Ich habe meine Tage', "I've got my period", 'Megasuss', 'Unknown', '8'], ['5', "Reise nach Jerusalem - Kudus'e Seyahat", 'Journey to Jerusalem', 'Surpriz', '16.2%', '2'], ['6', 'Heaven', '-', 'Elvin', 'Unknown', '9'], ['7', 'Hor den Kindern einfach zu', 'Just listen to the children', 'Corinna May', '32.6%', '1 (DQ)'], ['8', 'Itsy Bitsy Spider', '-', 'Naima', 'Unknown', '11'], ['9', 'Bye bye bar', '-', 'Michael von der Heide', 'Unknown', '5'], ['10', 'Lost in love', '-', 'Wind', 'Unknown', '10'], ['11', "Together we're strong", '-', 'Cathrin', '15.9%', '3']])
local variable 'ret' referenced before assignment
Exception in running!
('debug: qinfo', 'nt-4595_0_4', 'table_csv/203_755.csv')
('debug: cond_row, self.cond_col = ', 0, 1)
('debug: subtab_rows', [0, 1, 2, 3, 4, 5, 6, 7, 8, 9, 10, 11, 12, 13, 14, 15])
('debug: entries', [['1', 'Das tut unheimlich weh', 'It hurts so much', 'Jeanette Biedermann', '12.2%', '4'], ['2', 'Lover boy', '-', 'Carol Bee', 'Unknown', '7'], ['3', 'Ein bisschen Sonne, ein bisschen Regen', 'A little sun, a little rain', 'Patrick Lindner', 'Unknown', '6'], ['4', 'Ich habe meine Tage', "I've got my period", 'Megasuss', 'Unknown', '8'], ['5', "Reise nach Jerusalem - Kudus'e Seyahat", 'Journey to Jerusalem', 'Surpriz', '16.2%', '2'], ['6', 'Heaven', '-', 'Elvin', 'Unknown', '9'], ['7', 'Hor den Kindern einfach zu', 'Just listen to the children', 'Corinna May', '32.6%', '1 (DQ)'], ['8', 'Itsy Bitsy Spider', '-', 'Naima', 'Unknown', '11'], ['9', 'Bye bye bar', '-', 'Michael von der Heide', 'Unknown', '5'], ['10', 'Lost in love', '-', 'Wind', 'Unknown', '10'], ['11', "Together we're strong", '-', 'Cathrin', '15.9%', '3']])
local variable 'ret' referenced before assignment
Exception in running!
8300 / 12276
8400 / 12276
8500 / 12276
8600 / 12276
8700 / 12276
8800 / 12276
list index out of range
Exception in running!
list index out of range
Exception in running!
8900 / 12276
9000 / 12276
9100 / 12276
9200 / 12276
9300 / 12276
9400 / 12276
9500 / 12276
9600 / 12276
9700 / 12276
9800 / 12276
9900 / 12276
10000 / 12276
10100 / 12276
10200 / 12276
10300 / 12276
10400 / 12276
10500 / 12276
10600 / 12276
10700 / 12276
10800 / 12276
10900 / 12276
11000 / 12276
11100 / 12276
11200 / 12276
11300 / 12276
11400 / 12276
11500 / 12276
11600 / 12276
11700 / 12276
11800 / 12276
11900 / 12276
12000 / 12276
12100 / 12276
12200 / 12276
In epoch  21  avg loss (or negative reward) is  0.673798499104
In epoch  21  test reward is 0.434617, test accuracy is 0.369978
Time taken in this epoch 1835.89993691
Best Reward: 0.441894 (Accuracy: 0.378808) at epoch 13
Best Accuracy: 0.379691 (Reward: 0.439837) at epoch 12
Saving model with header =  model/moduleKwNoMap-b15-1-21

100 / 12276
200 / 12276
300 / 12276
400 / 12276
500 / 12276
600 / 12276
700 / 12276
800 / 12276
900 / 12276
1000 / 12276
1100 / 12276
1200 / 12276
1300 / 12276
1400 / 12276
1500 / 12276
1600 / 12276
1700 / 12276
1800 / 12276
1900 / 12276
2000 / 12276
2100 / 12276
2200 / 12276
2300 / 12276
2400 / 12276
2500 / 12276
2600 / 12276
2700 / 12276
2800 / 12276
2900 / 12276
3000 / 12276
3100 / 12276
3200 / 12276
3300 / 12276
3400 / 12276
3500 / 12276
3600 / 12276
3700 / 12276
3800 / 12276
3900 / 12276
4000 / 12276
4100 / 12276
4200 / 12276
4300 / 12276
4400 / 12276
4500 / 12276
4600 / 12276
4700 / 12276
4800 / 12276
4900 / 12276
5000 / 12276
5100 / 12276
5200 / 12276
5300 / 12276
5400 / 12276
5500 / 12276
5600 / 12276
5700 / 12276
5800 / 12276
5900 / 12276
6000 / 12276
6100 / 12276
6200 / 12276
6300 / 12276
6400 / 12276
6500 / 12276
6600 / 12276
6700 / 12276
6800 / 12276
6900 / 12276
7000 / 12276
7100 / 12276
7200 / 12276
7300 / 12276
7400 / 12276
7500 / 12276
7600 / 12276
7700 / 12276
7800 / 12276
7900 / 12276
8000 / 12276
8100 / 12276
8200 / 12276
8300 / 12276
8400 / 12276
8500 / 12276
8600 / 12276
8700 / 12276
8800 / 12276
8900 / 12276
9000 / 12276
9100 / 12276
9200 / 12276
9300 / 12276
9400 / 12276
9500 / 12276
9600 / 12276
9700 / 12276
9800 / 12276
9900 / 12276
10000 / 12276
10100 / 12276
10200 / 12276
10300 / 12276
10400 / 12276
10500 / 12276
10600 / 12276
10700 / 12276
10800 / 12276
10900 / 12276
11000 / 12276
11100 / 12276
11200 / 12276
11300 / 12276
11400 / 12276
11500 / 12276
11600 / 12276
11700 / 12276
11800 / 12276
11900 / 12276
12000 / 12276
12100 / 12276
12200 / 12276
In epoch  22  avg loss (or negative reward) is  0.672280842294
In epoch  22  test reward is 0.434672, test accuracy is 0.369978
Time taken in this epoch 1842.63698602
Best Reward: 0.441894 (Accuracy: 0.378808) at epoch 13
Best Accuracy: 0.379691 (Reward: 0.439837) at epoch 12
Saving model with header =  model/moduleKwNoMap-b15-1-22

100 / 12276
200 / 12276
300 / 12276
400 / 12276
500 / 12276
600 / 12276
700 / 12276
800 / 12276
900 / 12276
1000 / 12276
1100 / 12276
1200 / 12276
1300 / 12276
1400 / 12276
1500 / 12276
1600 / 12276
1700 / 12276
1800 / 12276
1900 / 12276
2000 / 12276
2100 / 12276
2200 / 12276
2300 / 12276
2400 / 12276
2500 / 12276
('debug: qinfo', 'nt-5767_1_2', 'table_csv/203_24.csv')
('debug: cond_row, self.cond_col = ', 0, 2)
('debug: subtab_rows', [0, 1, 2, 3, 4, 5, 6, 7, 8, 9, 10, 11, 12, 13, 14, 15, 16, 17])
('debug: entries', [['17 December 2007', 'Foolad', '4-4', 'Esteghlal Ahvaz', 'Foolad progress 8-7 on penalties'], ['21 December 2007', 'Rah Ahan', '2-2', 'Steel Azin', 'Rah Ahan progress 5-2 on penalties'], ['21 December 2007', 'Zob Ahan', '1-1', 'Esteghlal', 'Esteghlal progress 3-1 on penalties'], ['21 December 2007', 'Bargh Shiraz', '1-0', 'Paykan Tehran', '_EMPTY_'], ['21 December 2007', 'Shahin Bushehr', '2-2', 'Saba Battery', 'Shahin Bushehr progress 6-5 on penalties'], ['24 December 2007', 'Pas Hamedan', '3-0', 'Persepolis', '_EMPTY_'], ['26 February 2008', 'Moghavemat Sepasi', '1-2', 'Sepahan', '_EMPTY_'], ['4 March 2008', 'Sanaye Arak', '0-1', 'Pegah Gilan', '_EMPTY_']])
local variable 'ret' referenced before assignment
Exception in running!
2600 / 12276
2700 / 12276
2800 / 12276
2900 / 12276
3000 / 12276
3100 / 12276
3200 / 12276
3300 / 12276
3400 / 12276
3500 / 12276
3600 / 12276
3700 / 12276
3800 / 12276
3900 / 12276
4000 / 12276
4100 / 12276
4200 / 12276
4300 / 12276
4400 / 12276
4500 / 12276
4600 / 12276
4700 / 12276
4800 / 12276
4900 / 12276
5000 / 12276
5100 / 12276
5200 / 12276
5300 / 12276
5400 / 12276
5500 / 12276
5600 / 12276
5700 / 12276
5800 / 12276
5900 / 12276
6000 / 12276
6100 / 12276
6200 / 12276
6300 / 12276
6400 / 12276
6500 / 12276
6600 / 12276
6700 / 12276
6800 / 12276
6900 / 12276
7000 / 12276
7100 / 12276
7200 / 12276
7300 / 12276
7400 / 12276
7500 / 12276
7600 / 12276
7700 / 12276
7800 / 12276
7900 / 12276
8000 / 12276
8100 / 12276
8200 / 12276
8300 / 12276
8400 / 12276
8500 / 12276
8600 / 12276
8700 / 12276
8800 / 12276
8900 / 12276
9000 / 12276
9100 / 12276
9200 / 12276
9300 / 12276
9400 / 12276
9500 / 12276
9600 / 12276
9700 / 12276
9800 / 12276
9900 / 12276
10000 / 12276
10100 / 12276
10200 / 12276
list index out of range
Exception in running!
10300 / 12276
10400 / 12276
10500 / 12276
10600 / 12276
10700 / 12276
10800 / 12276
10900 / 12276
11000 / 12276
11100 / 12276
11200 / 12276
11300 / 12276
11400 / 12276
11500 / 12276
11600 / 12276
11700 / 12276
11800 / 12276
11900 / 12276
12000 / 12276
12100 / 12276
12200 / 12276
In epoch  23  avg loss (or negative reward) is  0.66355299591
In epoch  23  test reward is 0.429777, test accuracy is 0.366887
Time taken in this epoch 1840.43045807
Best Reward: 0.441894 (Accuracy: 0.378808) at epoch 13
Best Accuracy: 0.379691 (Reward: 0.439837) at epoch 12
Saving model with header =  model/moduleKwNoMap-b15-1-23

100 / 12276
('debug: qinfo', 'nt-11738_0_2', 'table_csv/204_249.csv')
('debug: cond_row, self.cond_col = ', 0, 2)
('debug: subtab_rows', [0, 1, 2, 3, 4, 5, 6, 7, 8, 9, 10, 11, 12, 13, 14, 15])
('debug: entries', [['0', 'Canada-United States border', 'Canada-United States border', 'ND 18 - Cavalier, Larimore', 'PTH 30 begins'], ['3', 'R.M. of Rhineland', 'Gretna', 'PR 243 east - Emerson', 'begin PR 243 west concurrence'], ['5', 'R.M. of Rhineland', '_EMPTY_', 'PR 243 west - Blumenfeld', 'end PR 243 west concurrence'], ['10', 'R.M. of Rhineland', '_EMPTY_', 'PR 421 east - Sommerfeld', '_EMPTY_'], ['14', 'R.M. of Rhineland', 'Altona', 'PR 201 west - Brown, Windygates, Snowflake', 'begin PR 201 east concurrence'], ['18', 'R.M. of Rhineland', '_EMPTY_', 'PR 201 east - Letellier, Dominion City, Stuartburn', 'end PR 201 east concurrence'], ['25', 'R.M. of Rhineland', 'Rosenfeld', 'PTH 14 - Morden, Winkler, Plum Coulee, Morris  PR 332 north - Lowe Farm, Brunkild, Starbuck', 'PTH 30 ends highway continues as PR 332']])
local variable 'ret' referenced before assignment
Exception in running!
200 / 12276
300 / 12276
400 / 12276
500 / 12276
600 / 12276
700 / 12276
800 / 12276
900 / 12276
1000 / 12276
1100 / 12276
1200 / 12276
1300 / 12276
1400 / 12276
1500 / 12276
1600 / 12276
1700 / 12276
1800 / 12276
1900 / 12276
2000 / 12276
2100 / 12276
2200 / 12276
2300 / 12276
2400 / 12276
2500 / 12276
2600 / 12276
2700 / 12276
2800 / 12276
2900 / 12276
3000 / 12276
3100 / 12276
3200 / 12276
3300 / 12276
3400 / 12276
3500 / 12276
3600 / 12276
3700 / 12276
3800 / 12276
3900 / 12276
4000 / 12276
4100 / 12276
4200 / 12276
4300 / 12276
4400 / 12276
4500 / 12276
4600 / 12276
4700 / 12276
4800 / 12276
4900 / 12276
5000 / 12276
5100 / 12276
5200 / 12276
5300 / 12276
5400 / 12276
5500 / 12276
5600 / 12276
5700 / 12276
5800 / 12276
5900 / 12276
6000 / 12276
6100 / 12276
6200 / 12276
6300 / 12276
6400 / 12276
6500 / 12276
6600 / 12276
6700 / 12276
6800 / 12276
6900 / 12276
7000 / 12276
7100 / 12276
7200 / 12276
7300 / 12276
7400 / 12276
7500 / 12276
7600 / 12276
7700 / 12276
7800 / 12276
7900 / 12276
8000 / 12276
8100 / 12276
8200 / 12276
8300 / 12276
8400 / 12276
8500 / 12276
8600 / 12276
8700 / 12276
8800 / 12276
8900 / 12276
9000 / 12276
9100 / 12276
9200 / 12276
9300 / 12276
9400 / 12276
9500 / 12276
9600 / 12276
9700 / 12276
9800 / 12276
9900 / 12276
10000 / 12276
10100 / 12276
10200 / 12276
10300 / 12276
10400 / 12276
10500 / 12276
10600 / 12276
10700 / 12276
10800 / 12276
10900 / 12276
11000 / 12276
11100 / 12276
11200 / 12276
11300 / 12276
11400 / 12276
11500 / 12276
11600 / 12276
11700 / 12276
11800 / 12276
11900 / 12276
12000 / 12276
12100 / 12276
12200 / 12276
In epoch  24  avg loss (or negative reward) is  0.65738144592
In epoch  24  test reward is 0.429658, test accuracy is 0.364680
Time taken in this epoch 1876.765836
Best Reward: 0.441894 (Accuracy: 0.378808) at epoch 13
Best Accuracy: 0.379691 (Reward: 0.439837) at epoch 12
Saving model with header =  model/moduleKwNoMap-b15-1-24

100 / 12276
('debug: qinfo', 'nt-11738_0_2', 'table_csv/204_249.csv')
('debug: cond_row, self.cond_col = ', 0, 2)
('debug: subtab_rows', [0, 1, 2, 3, 4, 5, 6, 7, 8, 9, 10, 11, 12, 13, 14, 15])
('debug: entries', [['0', 'Canada-United States border', 'Canada-United States border', 'ND 18 - Cavalier, Larimore', 'PTH 30 begins'], ['3', 'R.M. of Rhineland', 'Gretna', 'PR 243 east - Emerson', 'begin PR 243 west concurrence'], ['5', 'R.M. of Rhineland', '_EMPTY_', 'PR 243 west - Blumenfeld', 'end PR 243 west concurrence'], ['10', 'R.M. of Rhineland', '_EMPTY_', 'PR 421 east - Sommerfeld', '_EMPTY_'], ['14', 'R.M. of Rhineland', 'Altona', 'PR 201 west - Brown, Windygates, Snowflake', 'begin PR 201 east concurrence'], ['18', 'R.M. of Rhineland', '_EMPTY_', 'PR 201 east - Letellier, Dominion City, Stuartburn', 'end PR 201 east concurrence'], ['25', 'R.M. of Rhineland', 'Rosenfeld', 'PTH 14 - Morden, Winkler, Plum Coulee, Morris  PR 332 north - Lowe Farm, Brunkild, Starbuck', 'PTH 30 ends highway continues as PR 332']])
local variable 'ret' referenced before assignment
Exception in running!
200 / 12276
300 / 12276
400 / 12276
500 / 12276
600 / 12276
700 / 12276
800 / 12276
900 / 12276
1000 / 12276
1100 / 12276
1200 / 12276
1300 / 12276
1400 / 12276
1500 / 12276
1600 / 12276
1700 / 12276
1800 / 12276
1900 / 12276
2000 / 12276
2100 / 12276
2200 / 12276
2300 / 12276
2400 / 12276
2500 / 12276
2600 / 12276
2700 / 12276
2800 / 12276
2900 / 12276
3000 / 12276
3100 / 12276
3200 / 12276
3300 / 12276
3400 / 12276
3500 / 12276
3600 / 12276
3700 / 12276
3800 / 12276
3900 / 12276
4000 / 12276
4100 / 12276
4200 / 12276
4300 / 12276
4400 / 12276
4500 / 12276
4600 / 12276
4700 / 12276
4800 / 12276
4900 / 12276
5000 / 12276
5100 / 12276
5200 / 12276
5300 / 12276
5400 / 12276
5500 / 12276
5600 / 12276
5700 / 12276
5800 / 12276
5900 / 12276
6000 / 12276
6100 / 12276
6200 / 12276
6300 / 12276
6400 / 12276
6500 / 12276
6600 / 12276
6700 / 12276
6800 / 12276
6900 / 12276
7000 / 12276
7100 / 12276
7200 / 12276
7300 / 12276
7400 / 12276
7500 / 12276
7600 / 12276
7700 / 12276
7800 / 12276
7900 / 12276
8000 / 12276
8100 / 12276
8200 / 12276
8300 / 12276
8400 / 12276
8500 / 12276
8600 / 12276
8700 / 12276
8800 / 12276
8900 / 12276
9000 / 12276
9100 / 12276
9200 / 12276
9300 / 12276
9400 / 12276
9500 / 12276
9600 / 12276
9700 / 12276
9800 / 12276
9900 / 12276
10000 / 12276
10100 / 12276
10200 / 12276
10300 / 12276
10400 / 12276
10500 / 12276
10600 / 12276
10700 / 12276
10800 / 12276
10900 / 12276
11000 / 12276
11100 / 12276
11200 / 12276
11300 / 12276
11400 / 12276
11500 / 12276
11600 / 12276
11700 / 12276
11800 / 12276
11900 / 12276
12000 / 12276
12100 / 12276
12200 / 12276
In epoch  25  avg loss (or negative reward) is  0.652271158045
In epoch  25  test reward is 0.434441, test accuracy is 0.368212
Time taken in this epoch 1817.280509
Best Reward: 0.441894 (Accuracy: 0.378808) at epoch 13
Best Accuracy: 0.379691 (Reward: 0.439837) at epoch 12
Saving model with header =  model/moduleKwNoMap-b15-1-25

100 / 12276
200 / 12276
300 / 12276
400 / 12276
500 / 12276
600 / 12276
700 / 12276
800 / 12276
900 / 12276
1000 / 12276
1100 / 12276
1200 / 12276
1300 / 12276
1400 / 12276
1500 / 12276
1600 / 12276
1700 / 12276
1800 / 12276
1900 / 12276
2000 / 12276
2100 / 12276
2200 / 12276
2300 / 12276
2400 / 12276
2500 / 12276
2600 / 12276
2700 / 12276
2800 / 12276
2900 / 12276
3000 / 12276
3100 / 12276
3200 / 12276
3300 / 12276
3400 / 12276
3500 / 12276
3600 / 12276
3700 / 12276
3800 / 12276
3900 / 12276
4000 / 12276
4100 / 12276
4200 / 12276
4300 / 12276
4400 / 12276
4500 / 12276
4600 / 12276
4700 / 12276
4800 / 12276
4900 / 12276
5000 / 12276
5100 / 12276
5200 / 12276
5300 / 12276
5400 / 12276
5500 / 12276
5600 / 12276
5700 / 12276
5800 / 12276
5900 / 12276
6000 / 12276
6100 / 12276
6200 / 12276
list index out of range
Exception in running!
list index out of range
Exception in running!
6300 / 12276
6400 / 12276
6500 / 12276
6600 / 12276
6700 / 12276
6800 / 12276
6900 / 12276
7000 / 12276
7100 / 12276
7200 / 12276
7300 / 12276
7400 / 12276
7500 / 12276
7600 / 12276
7700 / 12276
7800 / 12276
7900 / 12276
8000 / 12276
8100 / 12276
8200 / 12276
8300 / 12276
8400 / 12276
8500 / 12276
8600 / 12276
8700 / 12276
8800 / 12276
8900 / 12276
9000 / 12276
9100 / 12276
9200 / 12276
9300 / 12276
9400 / 12276
9500 / 12276
9600 / 12276
9700 / 12276
9800 / 12276
9900 / 12276
10000 / 12276
10100 / 12276
10200 / 12276
list index out of range
Exception in running!
10300 / 12276
10400 / 12276
10500 / 12276
10600 / 12276
10700 / 12276
10800 / 12276
10900 / 12276
11000 / 12276
11100 / 12276
11200 / 12276
11300 / 12276
11400 / 12276
11500 / 12276
11600 / 12276
11700 / 12276
11800 / 12276
11900 / 12276
12000 / 12276
12100 / 12276
12200 / 12276
In epoch  26  avg loss (or negative reward) is  0.647899592402
In epoch  26  test reward is 0.434289, test accuracy is 0.366887
Time taken in this epoch 1792.76471591
Best Reward: 0.441894 (Accuracy: 0.378808) at epoch 13
Best Accuracy: 0.379691 (Reward: 0.439837) at epoch 12
Saving model with header =  model/moduleKwNoMap-b15-1-26

100 / 12276
200 / 12276
300 / 12276
400 / 12276
500 / 12276
600 / 12276
700 / 12276
800 / 12276
900 / 12276
1000 / 12276
1100 / 12276
1200 / 12276
1300 / 12276
1400 / 12276
1500 / 12276
1600 / 12276
1700 / 12276
1800 / 12276
1900 / 12276
2000 / 12276
2100 / 12276
2200 / 12276
2300 / 12276
2400 / 12276
2500 / 12276
2600 / 12276
2700 / 12276
2800 / 12276
2900 / 12276
3000 / 12276
3100 / 12276
3200 / 12276
3300 / 12276
3400 / 12276
3500 / 12276
3600 / 12276
3700 / 12276
3800 / 12276
3900 / 12276
4000 / 12276
4100 / 12276
4200 / 12276
4300 / 12276
4400 / 12276
4500 / 12276
4600 / 12276
4700 / 12276
4800 / 12276
4900 / 12276
5000 / 12276
5100 / 12276
5200 / 12276
('debug: qinfo', 'nt-9620_0_3', 'table_csv/204_333.csv')
('debug: cond_row, self.cond_col = ', 0, 1)
('debug: subtab_rows', [0, 1, 2, 3, 4, 5, 6, 7, 8, 9, 10, 11, 12, 13, 14, 15, 16, 17, 18, 19, 20, 21])
('debug: entries', [['1', '3 January 2014', 'Timber', 'Avicii', 'True', 'Avicii'], ['2', '10 January 2014', 'Timber', 'Avicii', 'True', 'Avicii'], ['3', '17 January 2014', 'I See Fire', 'Bruce Springsteen', 'High Hopes', 'Bruce Springsteen'], ['4', '24 January 2014', 'I See Fire', 'Bruce Springsteen', 'High Hopes', 'Bruce Springsteen'], ['5', '31 January 2014', 'I See Fire', 'Avicii', 'True', 'Avicii'], ['6', '7 February 2014', 'I See Fire', 'Christer Sjogren', 'Sjunger Sinatra', 'Christer Sjogren'], ['7', '14 February 2014', 'I See Fire', 'Christer Sjogren', 'Sjunger Sinatra', 'Christer Sjogren'], ['8', '21 February 2014', 'I See Fire', 'Avicii', 'True', 'Avicii'], ['9', '28 February 2014', 'I See Fire', 'Avicii', 'True', 'Avicii'], ['10', '7 March 2014', "Busy Doin' Nothin'", 'Avicii', 'True', 'Avicii'], ['11', '14 March 2014', "Busy Doin' Nothin'", 'Avicii', 'True', 'Avicii'], ['12', '21 March 2014', "Busy Doin' Nothin'", 'Takida', 'All Turns Red', 'Takida'], ['13', '28 March 2014', "Busy Doin' Nothin'", 'Yohio', 'Together We Stand Alone', 'Yohio']])
local variable 'ret' referenced before assignment
Exception in running!
5300 / 12276
5400 / 12276
5500 / 12276
5600 / 12276
5700 / 12276
5800 / 12276
5900 / 12276
6000 / 12276
6100 / 12276
6200 / 12276
list index out of range
Exception in running!
list index out of range
Exception in running!
6300 / 12276
6400 / 12276
6500 / 12276
6600 / 12276
6700 / 12276
6800 / 12276
6900 / 12276
7000 / 12276
7100 / 12276
7200 / 12276
7300 / 12276
7400 / 12276
7500 / 12276
7600 / 12276
7700 / 12276
7800 / 12276
7900 / 12276
8000 / 12276
8100 / 12276
8200 / 12276
8300 / 12276
8400 / 12276
8500 / 12276
8600 / 12276
8700 / 12276
8800 / 12276
8900 / 12276
9000 / 12276
9100 / 12276
9200 / 12276
9300 / 12276
9400 / 12276
9500 / 12276
9600 / 12276
9700 / 12276
9800 / 12276
9900 / 12276
10000 / 12276
10100 / 12276
10200 / 12276
10300 / 12276
10400 / 12276
10500 / 12276
10600 / 12276
10700 / 12276
10800 / 12276
10900 / 12276
11000 / 12276
11100 / 12276
11200 / 12276
11300 / 12276
11400 / 12276
11500 / 12276
11600 / 12276
11700 / 12276
11800 / 12276
11900 / 12276
12000 / 12276
12100 / 12276
12200 / 12276
In epoch  27  avg loss (or negative reward) is  0.640515237421
In epoch  27  test reward is 0.440639, test accuracy is 0.371744
Time taken in this epoch 1725.77486897
Best Reward: 0.441894 (Accuracy: 0.378808) at epoch 13
Best Accuracy: 0.379691 (Reward: 0.439837) at epoch 12
Saving model with header =  model/moduleKwNoMap-b15-1-27

100 / 12276
200 / 12276
300 / 12276
400 / 12276
500 / 12276
600 / 12276
700 / 12276
800 / 12276
900 / 12276
1000 / 12276
1100 / 12276
1200 / 12276
1300 / 12276
1400 / 12276
1500 / 12276
1600 / 12276
1700 / 12276
1800 / 12276
1900 / 12276
2000 / 12276
2100 / 12276
2200 / 12276
2300 / 12276
2400 / 12276
2500 / 12276
2600 / 12276
2700 / 12276
2800 / 12276
2900 / 12276
3000 / 12276
3100 / 12276
3200 / 12276
3300 / 12276
3400 / 12276
3500 / 12276
3600 / 12276
3700 / 12276
3800 / 12276
3900 / 12276
4000 / 12276
4100 / 12276
4200 / 12276
4300 / 12276
4400 / 12276
4500 / 12276
4600 / 12276
4700 / 12276
4800 / 12276
4900 / 12276
5000 / 12276
5100 / 12276
5200 / 12276
5300 / 12276
5400 / 12276
5500 / 12276
5600 / 12276
5700 / 12276
5800 / 12276
5900 / 12276
6000 / 12276
6100 / 12276
6200 / 12276
6300 / 12276
6400 / 12276
6500 / 12276
6600 / 12276
6700 / 12276
6800 / 12276
6900 / 12276
7000 / 12276
7100 / 12276
7200 / 12276
7300 / 12276
7400 / 12276
7500 / 12276
7600 / 12276
7700 / 12276
7800 / 12276
7900 / 12276
8000 / 12276
8100 / 12276
8200 / 12276
8300 / 12276
8400 / 12276
8500 / 12276
8600 / 12276
8700 / 12276
8800 / 12276
8900 / 12276
9000 / 12276
9100 / 12276
9200 / 12276
9300 / 12276
9400 / 12276
9500 / 12276
9600 / 12276
9700 / 12276
9800 / 12276
9900 / 12276
10000 / 12276
10100 / 12276
10200 / 12276
10300 / 12276
10400 / 12276
10500 / 12276
10600 / 12276
10700 / 12276
10800 / 12276
10900 / 12276
11000 / 12276
11100 / 12276
11200 / 12276
11300 / 12276
11400 / 12276
11500 / 12276
11600 / 12276
11700 / 12276
11800 / 12276
11900 / 12276
12000 / 12276
12100 / 12276
12200 / 12276
In epoch  28  avg loss (or negative reward) is  0.635602305369
In epoch  28  test reward is 0.436472, test accuracy is 0.372627
Time taken in this epoch 1650.28268099
Best Reward: 0.441894 (Accuracy: 0.378808) at epoch 13
Best Accuracy: 0.379691 (Reward: 0.439837) at epoch 12
Saving model with header =  model/moduleKwNoMap-b15-1-28

100 / 12276
200 / 12276
300 / 12276
400 / 12276
500 / 12276
600 / 12276
700 / 12276
800 / 12276
900 / 12276
1000 / 12276
1100 / 12276
1200 / 12276
1300 / 12276
1400 / 12276
1500 / 12276
1600 / 12276
1700 / 12276
1800 / 12276
1900 / 12276
2000 / 12276
2100 / 12276
2200 / 12276
2300 / 12276
2400 / 12276
2500 / 12276
2600 / 12276
2700 / 12276
2800 / 12276
2900 / 12276
3000 / 12276
3100 / 12276
3200 / 12276
3300 / 12276
3400 / 12276
3500 / 12276
3600 / 12276
3700 / 12276
3800 / 12276
3900 / 12276
4000 / 12276
4100 / 12276
4200 / 12276
4300 / 12276
4400 / 12276
4500 / 12276
4600 / 12276
4700 / 12276
4800 / 12276
4900 / 12276
5000 / 12276
5100 / 12276
5200 / 12276
5300 / 12276
5400 / 12276
5500 / 12276
5600 / 12276
5700 / 12276
5800 / 12276
5900 / 12276
6000 / 12276
6100 / 12276
6200 / 12276
('debug: qinfo', 'ns-2086_0_2', 'table_csv/203_809.csv')
('debug: cond_row, self.cond_col = ', 1, 7)
('debug: subtab_rows', [1, 4, 18])
('debug: entries', [['September 2', '12:30 p.m.', 'WKU*', '#15', 'Sanford Stadium * Athens, GA', 'LFS', 'W 48-12', '92,746'], ['September 9', '7:45 p.m.', 'at South Carolina', '#12', 'Williams-Brice Stadium * Columbia, SC', 'ESPN', 'W 18-0', '82,513'], ['September 16', '1:00 p.m.', 'UAB*', '#10', 'Sanford Stadium * Athens, GA', 'CSS', 'W 34-0', '92,746'], ['September 23', '12:30 p.m.', 'Colorado*', '#9', 'Sanford Stadium * Athens, GA', 'LFS', 'W 14-13', '92,746'], ['September 30', '9:00 p.m.', 'at Ole Miss', '#10', 'Vaught-Hemingway Stadium * Oxford, MS', 'ESPN2', 'W 14-9', '57,184'], ['October 7', '7:45 p.m.', '#13 Tennessee', '#10', 'Sanford Stadium * Athens, GA', 'ESPN', 'L 33-51', '92,746'], ['October 14', '12:30 p.m.', 'Vanderbilt', '#16', 'Sanford Stadium * Athens, GA', 'LFS', 'L 22-24', '92,746'], ['October 21', '1:00 p.m.', 'Mississippi State', '_EMPTY_', 'Sanford Stadium * Athens, GA', '_EMPTY_', 'W 27-24', '92,746'], ['October 28', '3:30 p.m.', 'vs. #9 Florida', '_EMPTY_', 'Alltel Stadium * Jacksonville, FL (Florida-Georgia game)', 'CBS', 'L 14-21', '84,572'], ['November 4', '1:00 p.m.', 'at Kentucky', '_EMPTY_', 'Commonwealth Stadium * Lexington, KY', '_EMPTY_', 'L 20-24', '62,120'], ['November 11', '12:30 p.m.', 'at #5 Auburn', '_EMPTY_', "Jordan-Hare Stadium * Auburn, AL (Deep South's Oldest Rivalry)", 'LFS', 'W 37-15', '87,451'], ['November 25', '3:30 p.m.', '#16 Georgia Tech*', '_EMPTY_', 'Sanford Stadium * Athens, GA (Clean, Old-Fashioned Hate)', 'CBS', 'W 15-12', '92,746'], ['December 30', '8:00 p.m.', 'vs. #14 Virginia Tech*', '_EMPTY_', 'Georgia Dome * Atlanta, GA (Chick-fil-A Bowl)', 'ESPN', 'W 31-24', '75,406']])
local variable 'ret' referenced before assignment
Exception in running!
('debug: qinfo', 'ns-2086_0_3', 'table_csv/203_809.csv')
('debug: cond_row, self.cond_col = ', 1, 0)
('debug: subtab_rows', [1, 4, 18])
('debug: entries', [['September 2', '12:30 p.m.', 'WKU*', '#15', 'Sanford Stadium * Athens, GA', 'LFS', 'W 48-12', '92,746'], ['September 9', '7:45 p.m.', 'at South Carolina', '#12', 'Williams-Brice Stadium * Columbia, SC', 'ESPN', 'W 18-0', '82,513'], ['September 16', '1:00 p.m.', 'UAB*', '#10', 'Sanford Stadium * Athens, GA', 'CSS', 'W 34-0', '92,746'], ['September 23', '12:30 p.m.', 'Colorado*', '#9', 'Sanford Stadium * Athens, GA', 'LFS', 'W 14-13', '92,746'], ['September 30', '9:00 p.m.', 'at Ole Miss', '#10', 'Vaught-Hemingway Stadium * Oxford, MS', 'ESPN2', 'W 14-9', '57,184'], ['October 7', '7:45 p.m.', '#13 Tennessee', '#10', 'Sanford Stadium * Athens, GA', 'ESPN', 'L 33-51', '92,746'], ['October 14', '12:30 p.m.', 'Vanderbilt', '#16', 'Sanford Stadium * Athens, GA', 'LFS', 'L 22-24', '92,746'], ['October 21', '1:00 p.m.', 'Mississippi State', '_EMPTY_', 'Sanford Stadium * Athens, GA', '_EMPTY_', 'W 27-24', '92,746'], ['October 28', '3:30 p.m.', 'vs. #9 Florida', '_EMPTY_', 'Alltel Stadium * Jacksonville, FL (Florida-Georgia game)', 'CBS', 'L 14-21', '84,572'], ['November 4', '1:00 p.m.', 'at Kentucky', '_EMPTY_', 'Commonwealth Stadium * Lexington, KY', '_EMPTY_', 'L 20-24', '62,120'], ['November 11', '12:30 p.m.', 'at #5 Auburn', '_EMPTY_', "Jordan-Hare Stadium * Auburn, AL (Deep South's Oldest Rivalry)", 'LFS', 'W 37-15', '87,451'], ['November 25', '3:30 p.m.', '#16 Georgia Tech*', '_EMPTY_', 'Sanford Stadium * Athens, GA (Clean, Old-Fashioned Hate)', 'CBS', 'W 15-12', '92,746'], ['December 30', '8:00 p.m.', 'vs. #14 Virginia Tech*', '_EMPTY_', 'Georgia Dome * Atlanta, GA (Chick-fil-A Bowl)', 'ESPN', 'W 31-24', '75,406']])
local variable 'ret' referenced before assignment
Exception in running!
6300 / 12276
6400 / 12276
6500 / 12276
6600 / 12276
6700 / 12276
6800 / 12276
6900 / 12276
7000 / 12276
7100 / 12276
7200 / 12276
7300 / 12276
7400 / 12276
7500 / 12276
7600 / 12276
7700 / 12276
7800 / 12276
7900 / 12276
8000 / 12276
8100 / 12276
8200 / 12276
8300 / 12276
8400 / 12276
8500 / 12276
8600 / 12276
8700 / 12276
8800 / 12276
8900 / 12276
9000 / 12276
9100 / 12276
9200 / 12276
9300 / 12276
9400 / 12276
9500 / 12276
9600 / 12276
9700 / 12276
9800 / 12276
9900 / 12276
10000 / 12276
10100 / 12276
10200 / 12276
10300 / 12276
10400 / 12276
10500 / 12276
10600 / 12276
10700 / 12276
10800 / 12276
10900 / 12276
11000 / 12276
11100 / 12276
11200 / 12276
11300 / 12276
11400 / 12276
11500 / 12276
11600 / 12276
11700 / 12276
11800 / 12276
11900 / 12276
12000 / 12276
12100 / 12276
list index out of range
Exception in running!
12200 / 12276
In epoch  29  avg loss (or negative reward) is  0.62851334141
In epoch  29  test reward is 0.430844, test accuracy is 0.363355
Time taken in this epoch 1731.95906997
Best Reward: 0.441894 (Accuracy: 0.378808) at epoch 13
Best Accuracy: 0.379691 (Reward: 0.439837) at epoch 12
Saving model with header =  model/moduleKwNoMap-b15-1-29

