[dynet] random seed: 1
[dynet] allocating memory: 2000MB
[dynet] memory allocation done.
Random-split-4-train/dev...
================================================================================
Train /home/scottyih/Neural-RL-SP/data/random-split-4-train.tsv
Test /home/scottyih/Neural-RL-SP/data/random-split-4-dev.tsv
{u'partial_reward': True, u'USE_PRETRAIN_WORD_EMBEDDING': True, u'AnnotatedTableDir': u'/home/scottyih/Neural-RL-SP/Arvind_data/annotated', u'updateEMB': 0, u'DropOut': True, u'ReduceRowCond': False, u'record_path': u'./cache//glove.6b.100d.trie', u'NUM_ITER': 30, u'guessLogPass': False, u'beam_size': 15, u'recordtriesep': u'|', u'recordtriestructure': u'<ffffffffffffffffffffffffffffffffffffffffffffffffffffffffffffffffffffffffffffffffffffffffffffffffffff', u'WORD_EMBEDDING_DIM': 100, u'DIST_BIAS_DIM': 100, u'dirTable': u'file:///D:/ScottYih/Source/Repos/Neural-RL-SP/data', u'LSTM_HIDDEN_DIM': 50, u'embeddingtrie': <marisa_trie.RecordTrie object at 0x7fc34da5bd70>, u'verbose-dump': False}
>>>>>>>> begin experiments
Warning: /home/scottyih/Neural-RL-SP/Arvind_data/annotated/203-annotated/855.annotated is not complete!
Warning: /home/scottyih/Neural-RL-SP/Arvind_data/annotated/203-annotated/855.annotated is not complete!
Warning: /home/scottyih/Neural-RL-SP/Arvind_data/annotated/203-annotated/855.annotated is not complete!
Warning: /home/scottyih/Neural-RL-SP/Arvind_data/annotated/203-annotated/855.annotated is not complete!
Warning: /home/scottyih/Neural-RL-SP/Arvind_data/annotated/203-annotated/855.annotated is not complete!
Warning: /home/scottyih/Neural-RL-SP/Arvind_data/annotated/203-annotated/855.annotated is not complete!
Warning: /home/scottyih/Neural-RL-SP/Arvind_data/annotated/203-annotated/855.annotated is not complete!
Warning: /home/scottyih/Neural-RL-SP/Arvind_data/annotated/203-annotated/855.annotated is not complete!
Warning: /home/scottyih/Neural-RL-SP/Arvind_data/annotated/204-annotated/74.annotated is not complete!
Warning: /home/scottyih/Neural-RL-SP/Arvind_data/annotated/204-annotated/74.annotated is not complete!
Warning: /home/scottyih/Neural-RL-SP/Arvind_data/annotated/204-annotated/74.annotated is not complete!
Warning: /home/scottyih/Neural-RL-SP/Arvind_data/annotated/204-annotated/74.annotated is not complete!
Warning: /home/scottyih/Neural-RL-SP/Arvind_data/annotated/204-annotated/74.annotated is not complete!
Warning: /home/scottyih/Neural-RL-SP/Arvind_data/annotated/204-annotated/74.annotated is not complete!
Warning: /home/scottyih/Neural-RL-SP/Arvind_data/annotated/204-annotated/74.annotated is not complete!
Warning: /home/scottyih/Neural-RL-SP/Arvind_data/annotated/204-annotated/74.annotated is not complete!
Warning: /home/scottyih/Neural-RL-SP/Arvind_data/annotated/204-annotated/74.annotated is not complete!
Warning: /home/scottyih/Neural-RL-SP/Arvind_data/annotated/204-annotated/74.annotated is not complete!
Warning: /home/scottyih/Neural-RL-SP/Arvind_data/annotated/204-annotated/74.annotated is not complete!
Warning: /home/scottyih/Neural-RL-SP/Arvind_data/annotated/204-annotated/546.annotated is not complete!
Warning: /home/scottyih/Neural-RL-SP/Arvind_data/annotated/204-annotated/546.annotated is not complete!
Warning: /home/scottyih/Neural-RL-SP/Arvind_data/annotated/204-annotated/546.annotated is not complete!
Warning: /home/scottyih/Neural-RL-SP/Arvind_data/annotated/204-annotated/546.annotated is not complete!
Warning: /home/scottyih/Neural-RL-SP/Arvind_data/annotated/204-annotated/546.annotated is not complete!
Warning: /home/scottyih/Neural-RL-SP/Arvind_data/annotated/204-annotated/546.annotated is not complete!
Warning: /home/scottyih/Neural-RL-SP/Arvind_data/annotated/204-annotated/546.annotated is not complete!
Warning: /home/scottyih/Neural-RL-SP/Arvind_data/annotated/204-annotated/546.annotated is not complete!
Warning: /home/scottyih/Neural-RL-SP/Arvind_data/annotated/204-annotated/546.annotated is not complete!
Warning: /home/scottyih/Neural-RL-SP/Arvind_data/annotated/204-annotated/546.annotated is not complete!
Warning: /home/scottyih/Neural-RL-SP/Arvind_data/annotated/203-annotated/803.annotated is not complete!
Warning: /home/scottyih/Neural-RL-SP/Arvind_data/annotated/203-annotated/803.annotated is not complete!
Warning: /home/scottyih/Neural-RL-SP/Arvind_data/annotated/203-annotated/803.annotated is not complete!
Warning: /home/scottyih/Neural-RL-SP/Arvind_data/annotated/203-annotated/803.annotated is not complete!
Warning: /home/scottyih/Neural-RL-SP/Arvind_data/annotated/203-annotated/803.annotated is not complete!
Warning: /home/scottyih/Neural-RL-SP/Arvind_data/annotated/203-annotated/803.annotated is not complete!
Warning: /home/scottyih/Neural-RL-SP/Arvind_data/annotated/203-annotated/803.annotated is not complete!
Warning: /home/scottyih/Neural-RL-SP/Arvind_data/annotated/203-annotated/803.annotated is not complete!
Warning: /home/scottyih/Neural-RL-SP/Arvind_data/annotated/203-annotated/803.annotated is not complete!
Warning: /home/scottyih/Neural-RL-SP/Arvind_data/annotated/203-annotated/803.annotated is not complete!
Warning: /home/scottyih/Neural-RL-SP/Arvind_data/annotated/203-annotated/803.annotated is not complete!
Warning: /home/scottyih/Neural-RL-SP/Arvind_data/annotated/203-annotated/803.annotated is not complete!
Warning: /home/scottyih/Neural-RL-SP/Arvind_data/annotated/203-annotated/803.annotated is not complete!
Warning: /home/scottyih/Neural-RL-SP/Arvind_data/annotated/203-annotated/803.annotated is not complete!
Warning: /home/scottyih/Neural-RL-SP/Arvind_data/annotated/203-annotated/803.annotated is not complete!
Warning: /home/scottyih/Neural-RL-SP/Arvind_data/annotated/203-annotated/803.annotated is not complete!
Warning: /home/scottyih/Neural-RL-SP/Arvind_data/annotated/203-annotated/803.annotated is not complete!
Warning: /home/scottyih/Neural-RL-SP/Arvind_data/annotated/203-annotated/803.annotated is not complete!
Warning: /home/scottyih/Neural-RL-SP/Arvind_data/annotated/203-annotated/803.annotated is not complete!
Warning: /home/scottyih/Neural-RL-SP/Arvind_data/annotated/204-annotated/309.annotated is not complete!
Warning: /home/scottyih/Neural-RL-SP/Arvind_data/annotated/204-annotated/309.annotated is not complete!
Warning: /home/scottyih/Neural-RL-SP/Arvind_data/annotated/204-annotated/309.annotated is not complete!
Warning: /home/scottyih/Neural-RL-SP/Arvind_data/annotated/204-annotated/309.annotated is not complete!
Warning: /home/scottyih/Neural-RL-SP/Arvind_data/annotated/204-annotated/309.annotated is not complete!
Warning: /home/scottyih/Neural-RL-SP/Arvind_data/annotated/204-annotated/309.annotated is not complete!
Warning: /home/scottyih/Neural-RL-SP/Arvind_data/annotated/204-annotated/309.annotated is not complete!
Warning: /home/scottyih/Neural-RL-SP/Arvind_data/annotated/203-annotated/803.annotated is not complete!
Warning: /home/scottyih/Neural-RL-SP/Arvind_data/annotated/203-annotated/803.annotated is not complete!
Warning: /home/scottyih/Neural-RL-SP/Arvind_data/annotated/203-annotated/803.annotated is not complete!
Warning: /home/scottyih/Neural-RL-SP/Arvind_data/annotated/203-annotated/803.annotated is not complete!
Warning: /home/scottyih/Neural-RL-SP/Arvind_data/annotated/203-annotated/803.annotated is not complete!
Warning: /home/scottyih/Neural-RL-SP/Arvind_data/annotated/203-annotated/803.annotated is not complete!
Warning: /home/scottyih/Neural-RL-SP/Arvind_data/annotated/203-annotated/803.annotated is not complete!
Warning: /home/scottyih/Neural-RL-SP/Arvind_data/annotated/203-annotated/803.annotated is not complete!
Warning: /home/scottyih/Neural-RL-SP/Arvind_data/annotated/203-annotated/803.annotated is not complete!
Warning: /home/scottyih/Neural-RL-SP/Arvind_data/annotated/203-annotated/803.annotated is not complete!
Warning: /home/scottyih/Neural-RL-SP/Arvind_data/annotated/203-annotated/325.annotated is not complete!
Warning: /home/scottyih/Neural-RL-SP/Arvind_data/annotated/203-annotated/325.annotated is not complete!
Warning: /home/scottyih/Neural-RL-SP/Arvind_data/annotated/203-annotated/325.annotated is not complete!
Warning: /home/scottyih/Neural-RL-SP/Arvind_data/annotated/203-annotated/325.annotated is not complete!
Warning: /home/scottyih/Neural-RL-SP/Arvind_data/annotated/203-annotated/325.annotated is not complete!
Warning: /home/scottyih/Neural-RL-SP/Arvind_data/annotated/203-annotated/325.annotated is not complete!
Warning: /home/scottyih/Neural-RL-SP/Arvind_data/annotated/203-annotated/190.annotated is not complete!
Warning: /home/scottyih/Neural-RL-SP/Arvind_data/annotated/203-annotated/190.annotated is not complete!
Warning: /home/scottyih/Neural-RL-SP/Arvind_data/annotated/203-annotated/190.annotated is not complete!
Warning: /home/scottyih/Neural-RL-SP/Arvind_data/annotated/203-annotated/190.annotated is not complete!
Warning: /home/scottyih/Neural-RL-SP/Arvind_data/annotated/203-annotated/190.annotated is not complete!
Warning: /home/scottyih/Neural-RL-SP/Arvind_data/annotated/203-annotated/190.annotated is not complete!
Warning: /home/scottyih/Neural-RL-SP/Arvind_data/annotated/203-annotated/190.annotated is not complete!
Warning: /home/scottyih/Neural-RL-SP/Arvind_data/annotated/203-annotated/190.annotated is not complete!
Warning: /home/scottyih/Neural-RL-SP/Arvind_data/annotated/204-annotated/309.annotated is not complete!
Warning: /home/scottyih/Neural-RL-SP/Arvind_data/annotated/204-annotated/309.annotated is not complete!
Warning: /home/scottyih/Neural-RL-SP/Arvind_data/annotated/204-annotated/309.annotated is not complete!
Warning: /home/scottyih/Neural-RL-SP/Arvind_data/annotated/204-annotated/309.annotated is not complete!
Warning: /home/scottyih/Neural-RL-SP/Arvind_data/annotated/204-annotated/309.annotated is not complete!
Warning: /home/scottyih/Neural-RL-SP/Arvind_data/annotated/204-annotated/309.annotated is not complete!
Warning: /home/scottyih/Neural-RL-SP/Arvind_data/annotated/204-annotated/309.annotated is not complete!
Warning: /home/scottyih/Neural-RL-SP/Arvind_data/annotated/204-annotated/309.annotated is not complete!
Warning: /home/scottyih/Neural-RL-SP/Arvind_data/annotated/204-annotated/309.annotated is not complete!
Warning: /home/scottyih/Neural-RL-SP/Arvind_data/annotated/204-annotated/309.annotated is not complete!
Warning: /home/scottyih/Neural-RL-SP/Arvind_data/annotated/204-annotated/309.annotated is not complete!
Warning: /home/scottyih/Neural-RL-SP/Arvind_data/annotated/204-annotated/309.annotated is not complete!
Warning: /home/scottyih/Neural-RL-SP/Arvind_data/annotated/204-annotated/309.annotated is not complete!
Warning: /home/scottyih/Neural-RL-SP/Arvind_data/annotated/204-annotated/309.annotated is not complete!
Warning: /home/scottyih/Neural-RL-SP/Arvind_data/annotated/204-annotated/309.annotated is not complete!
Warning: /home/scottyih/Neural-RL-SP/Arvind_data/annotated/204-annotated/309.annotated is not complete!
Warning: /home/scottyih/Neural-RL-SP/Arvind_data/annotated/204-annotated/309.annotated is not complete!
Warning: /home/scottyih/Neural-RL-SP/Arvind_data/annotated/204-annotated/309.annotated is not complete!
Warning: /home/scottyih/Neural-RL-SP/Arvind_data/annotated/204-annotated/309.annotated is not complete!
Warning: /home/scottyih/Neural-RL-SP/Arvind_data/annotated/204-annotated/309.annotated is not complete!
Warning: /home/scottyih/Neural-RL-SP/Arvind_data/annotated/204-annotated/309.annotated is not complete!
Warning: /home/scottyih/Neural-RL-SP/Arvind_data/annotated/204-annotated/309.annotated is not complete!
Warning: /home/scottyih/Neural-RL-SP/Arvind_data/annotated/204-annotated/309.annotated is not complete!
Warning: /home/scottyih/Neural-RL-SP/Arvind_data/annotated/204-annotated/309.annotated is not complete!
Warning: /home/scottyih/Neural-RL-SP/Arvind_data/annotated/204-annotated/309.annotated is not complete!
Warning: /home/scottyih/Neural-RL-SP/Arvind_data/annotated/204-annotated/51.annotated is not complete!
Warning: /home/scottyih/Neural-RL-SP/Arvind_data/annotated/204-annotated/51.annotated is not complete!
Warning: /home/scottyih/Neural-RL-SP/Arvind_data/annotated/204-annotated/51.annotated is not complete!
Warning: /home/scottyih/Neural-RL-SP/Arvind_data/annotated/204-annotated/51.annotated is not complete!
Warning: /home/scottyih/Neural-RL-SP/Arvind_data/annotated/204-annotated/51.annotated is not complete!
Warning: /home/scottyih/Neural-RL-SP/Arvind_data/annotated/204-annotated/51.annotated is not complete!
Warning: /home/scottyih/Neural-RL-SP/Arvind_data/annotated/204-annotated/51.annotated is not complete!
Warning: /home/scottyih/Neural-RL-SP/Arvind_data/annotated/204-annotated/51.annotated is not complete!
Warning: /home/scottyih/Neural-RL-SP/Arvind_data/annotated/204-annotated/51.annotated is not complete!
Warning: /home/scottyih/Neural-RL-SP/Arvind_data/annotated/204-annotated/51.annotated is not complete!
init vw = 32357 words
beginning to load embeddings....
the number of words that are in pretrain 22467.0 32357 0.694347436413
loading complete!
100 / 12495
200 / 12495
300 / 12495
400 / 12495
500 / 12495
600 / 12495
700 / 12495
800 / 12495
900 / 12495
1000 / 12495
1100 / 12495
1200 / 12495
1300 / 12495
1400 / 12495
1500 / 12495
1600 / 12495
1700 / 12495
1800 / 12495
1900 / 12495
2000 / 12495
2100 / 12495
2200 / 12495
2300 / 12495
2400 / 12495
2500 / 12495
2600 / 12495
2700 / 12495
2800 / 12495
2900 / 12495
3000 / 12495
3100 / 12495
3200 / 12495
3300 / 12495
3400 / 12495
3500 / 12495
3600 / 12495
3700 / 12495
3800 / 12495
3900 / 12495
4000 / 12495
4100 / 12495
4200 / 12495
4300 / 12495
4400 / 12495
4500 / 12495
4600 / 12495
4700 / 12495
4800 / 12495
4900 / 12495
5000 / 12495
5100 / 12495
5200 / 12495
5300 / 12495
5400 / 12495
5500 / 12495
5600 / 12495
5700 / 12495
5800 / 12495
5900 / 12495
6000 / 12495
6100 / 12495
6200 / 12495
6300 / 12495
6400 / 12495
6500 / 12495
6600 / 12495
6700 / 12495
6800 / 12495
6900 / 12495
7000 / 12495
7100 / 12495
7200 / 12495
7300 / 12495
7400 / 12495
7500 / 12495
7600 / 12495
7700 / 12495
7800 / 12495
7900 / 12495
8000 / 12495
8100 / 12495
8200 / 12495
8300 / 12495
8400 / 12495
8500 / 12495
8600 / 12495
8700 / 12495
8800 / 12495
8900 / 12495
9000 / 12495
9100 / 12495
9200 / 12495
9300 / 12495
9400 / 12495
9500 / 12495
9600 / 12495
9700 / 12495
9800 / 12495
9900 / 12495
10000 / 12495
10100 / 12495
10200 / 12495
10300 / 12495
10400 / 12495
10500 / 12495
10600 / 12495
10700 / 12495
10800 / 12495
10900 / 12495
11000 / 12495
11100 / 12495
11200 / 12495
11300 / 12495
11400 / 12495
11500 / 12495
11600 / 12495
11700 / 12495
11800 / 12495
11900 / 12495
12000 / 12495
12100 / 12495
12200 / 12495
12300 / 12495
12400 / 12495
In epoch  0  avg loss (or negative reward) is  0.929850324946
In epoch  0  test reward is 0.311344, test accuracy is 0.242424
Time taken in this epoch 796.245120049
Best Reward: 0.311344 (Accuracy: 0.242424) at epoch 0
Best Accuracy: 0.242424 (Reward: 0.311344) at epoch 0
Saving model with header =  model/moduleKwNoMap-b15-ind-4-0

100 / 12495
200 / 12495
300 / 12495
400 / 12495
500 / 12495
600 / 12495
700 / 12495
800 / 12495
900 / 12495
1000 / 12495
1100 / 12495
1200 / 12495
1300 / 12495
1400 / 12495
1500 / 12495
1600 / 12495
1700 / 12495
1800 / 12495
1900 / 12495
2000 / 12495
2100 / 12495
2200 / 12495
2300 / 12495
2400 / 12495
2500 / 12495
2600 / 12495
2700 / 12495
2800 / 12495
2900 / 12495
3000 / 12495
3100 / 12495
3200 / 12495
3300 / 12495
3400 / 12495
3500 / 12495
3600 / 12495
3700 / 12495
3800 / 12495
3900 / 12495
4000 / 12495
4100 / 12495
4200 / 12495
4300 / 12495
4400 / 12495
4500 / 12495
4600 / 12495
4700 / 12495
4800 / 12495
4900 / 12495
5000 / 12495
5100 / 12495
5200 / 12495
5300 / 12495
5400 / 12495
5500 / 12495
5600 / 12495
5700 / 12495
5800 / 12495
5900 / 12495
6000 / 12495
6100 / 12495
6200 / 12495
6300 / 12495
6400 / 12495
6500 / 12495
6600 / 12495
6700 / 12495
6800 / 12495
6900 / 12495
7000 / 12495
7100 / 12495
7200 / 12495
7300 / 12495
7400 / 12495
7500 / 12495
7600 / 12495
7700 / 12495
7800 / 12495
7900 / 12495
8000 / 12495
8100 / 12495
8200 / 12495
8300 / 12495
8400 / 12495
8500 / 12495
8600 / 12495
8700 / 12495
8800 / 12495
8900 / 12495
9000 / 12495
9100 / 12495
9200 / 12495
9300 / 12495
9400 / 12495
9500 / 12495
9600 / 12495
9700 / 12495
9800 / 12495
9900 / 12495
10000 / 12495
10100 / 12495
10200 / 12495
10300 / 12495
10400 / 12495
10500 / 12495
10600 / 12495
10700 / 12495
10800 / 12495
10900 / 12495
11000 / 12495
11100 / 12495
11200 / 12495
11300 / 12495
11400 / 12495
11500 / 12495
11600 / 12495
11700 / 12495
11800 / 12495
11900 / 12495
12000 / 12495
12100 / 12495
12200 / 12495
12300 / 12495
12400 / 12495
In epoch  1  avg loss (or negative reward) is  0.875723605367
In epoch  1  test reward is 0.346290, test accuracy is 0.276637
Time taken in this epoch 788.171618938
Best Reward: 0.346290 (Accuracy: 0.276637) at epoch 1
Best Accuracy: 0.276637 (Reward: 0.346290) at epoch 1
Saving model with header =  model/moduleKwNoMap-b15-ind-4-1

100 / 12495
200 / 12495
300 / 12495
400 / 12495
500 / 12495
600 / 12495
700 / 12495
800 / 12495
900 / 12495
1000 / 12495
1100 / 12495
1200 / 12495
1300 / 12495
1400 / 12495
1500 / 12495
1600 / 12495
1700 / 12495
1800 / 12495
1900 / 12495
2000 / 12495
2100 / 12495
2200 / 12495
2300 / 12495
2400 / 12495
2500 / 12495
2600 / 12495
2700 / 12495
2800 / 12495
2900 / 12495
3000 / 12495
3100 / 12495
3200 / 12495
3300 / 12495
3400 / 12495
3500 / 12495
3600 / 12495
3700 / 12495
3800 / 12495
3900 / 12495
4000 / 12495
4100 / 12495
4200 / 12495
4300 / 12495
4400 / 12495
4500 / 12495
4600 / 12495
4700 / 12495
4800 / 12495
4900 / 12495
5000 / 12495
5100 / 12495
5200 / 12495
5300 / 12495
5400 / 12495
5500 / 12495
5600 / 12495
5700 / 12495
5800 / 12495
5900 / 12495
6000 / 12495
6100 / 12495
6200 / 12495
6300 / 12495
6400 / 12495
6500 / 12495
6600 / 12495
6700 / 12495
6800 / 12495
6900 / 12495
7000 / 12495
7100 / 12495
7200 / 12495
7300 / 12495
7400 / 12495
7500 / 12495
7600 / 12495
7700 / 12495
7800 / 12495
7900 / 12495
8000 / 12495
8100 / 12495
8200 / 12495
8300 / 12495
8400 / 12495
8500 / 12495
8600 / 12495
8700 / 12495
8800 / 12495
8900 / 12495
9000 / 12495
9100 / 12495
9200 / 12495
9300 / 12495
9400 / 12495
9500 / 12495
9600 / 12495
9700 / 12495
9800 / 12495
9900 / 12495
10000 / 12495
10100 / 12495
10200 / 12495
10300 / 12495
10400 / 12495
10500 / 12495
10600 / 12495
10700 / 12495
10800 / 12495
10900 / 12495
11000 / 12495
11100 / 12495
11200 / 12495
11300 / 12495
11400 / 12495
11500 / 12495
11600 / 12495
11700 / 12495
11800 / 12495
11900 / 12495
12000 / 12495
12100 / 12495
12200 / 12495
12300 / 12495
12400 / 12495
In epoch  2  avg loss (or negative reward) is  0.829847089029
In epoch  2  test reward is 0.368193, test accuracy is 0.301564
Time taken in this epoch 821.850095987
Best Reward: 0.368193 (Accuracy: 0.301564) at epoch 2
Best Accuracy: 0.301564 (Reward: 0.368193) at epoch 2
Saving model with header =  model/moduleKwNoMap-b15-ind-4-2

100 / 12495
200 / 12495
300 / 12495
400 / 12495
500 / 12495
600 / 12495
700 / 12495
800 / 12495
900 / 12495
1000 / 12495
1100 / 12495
1200 / 12495
1300 / 12495
1400 / 12495
1500 / 12495
1600 / 12495
1700 / 12495
1800 / 12495
1900 / 12495
2000 / 12495
2100 / 12495
2200 / 12495
2300 / 12495
2400 / 12495
2500 / 12495
2600 / 12495
2700 / 12495
2800 / 12495
2900 / 12495
3000 / 12495
3100 / 12495
3200 / 12495
3300 / 12495
3400 / 12495
3500 / 12495
3600 / 12495
3700 / 12495
3800 / 12495
3900 / 12495
4000 / 12495
4100 / 12495
4200 / 12495
4300 / 12495
4400 / 12495
4500 / 12495
4600 / 12495
4700 / 12495
4800 / 12495
4900 / 12495
5000 / 12495
5100 / 12495
5200 / 12495
5300 / 12495
5400 / 12495
5500 / 12495
5600 / 12495
5700 / 12495
5800 / 12495
5900 / 12495
6000 / 12495
6100 / 12495
6200 / 12495
6300 / 12495
6400 / 12495
6500 / 12495
6600 / 12495
6700 / 12495
6800 / 12495
6900 / 12495
7000 / 12495
7100 / 12495
7200 / 12495
7300 / 12495
7400 / 12495
7500 / 12495
7600 / 12495
7700 / 12495
7800 / 12495
7900 / 12495
8000 / 12495
8100 / 12495
8200 / 12495
8300 / 12495
8400 / 12495
8500 / 12495
8600 / 12495
8700 / 12495
8800 / 12495
8900 / 12495
9000 / 12495
9100 / 12495
9200 / 12495
9300 / 12495
9400 / 12495
9500 / 12495
9600 / 12495
9700 / 12495
9800 / 12495
9900 / 12495
10000 / 12495
10100 / 12495
10200 / 12495
10300 / 12495
10400 / 12495
10500 / 12495
10600 / 12495
10700 / 12495
10800 / 12495
10900 / 12495
11000 / 12495
11100 / 12495
11200 / 12495
11300 / 12495
11400 / 12495
11500 / 12495
11600 / 12495
11700 / 12495
11800 / 12495
11900 / 12495
12000 / 12495
12100 / 12495
12200 / 12495
12300 / 12495
12400 / 12495
In epoch  3  avg loss (or negative reward) is  0.800128860481
In epoch  3  test reward is 0.377964, test accuracy is 0.312317
Time taken in this epoch 800.792600155
Best Reward: 0.377964 (Accuracy: 0.312317) at epoch 3
Best Accuracy: 0.312317 (Reward: 0.377964) at epoch 3
Saving model with header =  model/moduleKwNoMap-b15-ind-4-3

100 / 12495
200 / 12495
300 / 12495
400 / 12495
500 / 12495
600 / 12495
700 / 12495
800 / 12495
900 / 12495
1000 / 12495
1100 / 12495
1200 / 12495
1300 / 12495
1400 / 12495
1500 / 12495
1600 / 12495
1700 / 12495
1800 / 12495
1900 / 12495
2000 / 12495
2100 / 12495
2200 / 12495
2300 / 12495
2400 / 12495
2500 / 12495
2600 / 12495
2700 / 12495
2800 / 12495
2900 / 12495
3000 / 12495
3100 / 12495
3200 / 12495
3300 / 12495
3400 / 12495
3500 / 12495
3600 / 12495
3700 / 12495
3800 / 12495
3900 / 12495
4000 / 12495
4100 / 12495
4200 / 12495
4300 / 12495
4400 / 12495
4500 / 12495
4600 / 12495
4700 / 12495
4800 / 12495
4900 / 12495
5000 / 12495
5100 / 12495
5200 / 12495
5300 / 12495
5400 / 12495
5500 / 12495
5600 / 12495
5700 / 12495
5800 / 12495
5900 / 12495
6000 / 12495
6100 / 12495
6200 / 12495
6300 / 12495
6400 / 12495
6500 / 12495
6600 / 12495
6700 / 12495
6800 / 12495
6900 / 12495
7000 / 12495
7100 / 12495
7200 / 12495
7300 / 12495
7400 / 12495
7500 / 12495
7600 / 12495
7700 / 12495
7800 / 12495
7900 / 12495
8000 / 12495
8100 / 12495
8200 / 12495
8300 / 12495
8400 / 12495
8500 / 12495
8600 / 12495
8700 / 12495
8800 / 12495
8900 / 12495
9000 / 12495
9100 / 12495
9200 / 12495
9300 / 12495
9400 / 12495
9500 / 12495
9600 / 12495
9700 / 12495
9800 / 12495
9900 / 12495
10000 / 12495
10100 / 12495
10200 / 12495
10300 / 12495
10400 / 12495
10500 / 12495
10600 / 12495
10700 / 12495
10800 / 12495
10900 / 12495
11000 / 12495
11100 / 12495
11200 / 12495
11300 / 12495
11400 / 12495
11500 / 12495
11600 / 12495
11700 / 12495
11800 / 12495
11900 / 12495
12000 / 12495
12100 / 12495
12200 / 12495
12300 / 12495
12400 / 12495
In epoch  4  avg loss (or negative reward) is  0.773630873476
In epoch  4  test reward is 0.371557, test accuracy is 0.304497
Time taken in this epoch 822.252887011
Best Reward: 0.377964 (Accuracy: 0.312317) at epoch 3
Best Accuracy: 0.312317 (Reward: 0.377964) at epoch 3
Saving model with header =  model/moduleKwNoMap-b15-ind-4-4

100 / 12495
200 / 12495
300 / 12495
400 / 12495
500 / 12495
600 / 12495
700 / 12495
800 / 12495
900 / 12495
1000 / 12495
1100 / 12495
1200 / 12495
1300 / 12495
1400 / 12495
1500 / 12495
1600 / 12495
1700 / 12495
1800 / 12495
1900 / 12495
2000 / 12495
2100 / 12495
2200 / 12495
2300 / 12495
2400 / 12495
2500 / 12495
2600 / 12495
2700 / 12495
2800 / 12495
2900 / 12495
3000 / 12495
3100 / 12495
3200 / 12495
3300 / 12495
3400 / 12495
3500 / 12495
3600 / 12495
3700 / 12495
3800 / 12495
3900 / 12495
4000 / 12495
4100 / 12495
4200 / 12495
4300 / 12495
4400 / 12495
4500 / 12495
4600 / 12495
4700 / 12495
4800 / 12495
4900 / 12495
5000 / 12495
5100 / 12495
5200 / 12495
5300 / 12495
5400 / 12495
5500 / 12495
5600 / 12495
5700 / 12495
5800 / 12495
5900 / 12495
6000 / 12495
6100 / 12495
6200 / 12495
6300 / 12495
6400 / 12495
6500 / 12495
6600 / 12495
6700 / 12495
6800 / 12495
6900 / 12495
7000 / 12495
7100 / 12495
7200 / 12495
7300 / 12495
7400 / 12495
7500 / 12495
7600 / 12495
7700 / 12495
7800 / 12495
7900 / 12495
8000 / 12495
8100 / 12495
8200 / 12495
8300 / 12495
8400 / 12495
8500 / 12495
8600 / 12495
8700 / 12495
8800 / 12495
8900 / 12495
9000 / 12495
9100 / 12495
9200 / 12495
9300 / 12495
9400 / 12495
9500 / 12495
9600 / 12495
9700 / 12495
9800 / 12495
9900 / 12495
10000 / 12495
10100 / 12495
10200 / 12495
10300 / 12495
10400 / 12495
10500 / 12495
10600 / 12495
10700 / 12495
10800 / 12495
10900 / 12495
11000 / 12495
11100 / 12495
11200 / 12495
11300 / 12495
11400 / 12495
11500 / 12495
11600 / 12495
11700 / 12495
11800 / 12495
11900 / 12495
12000 / 12495
12100 / 12495
12200 / 12495
12300 / 12495
12400 / 12495
In epoch  5  avg loss (or negative reward) is  0.751479921963
In epoch  5  test reward is 0.379106, test accuracy is 0.310850
Time taken in this epoch 836.099895954
Best Reward: 0.379106 (Accuracy: 0.310850) at epoch 5
Best Accuracy: 0.312317 (Reward: 0.377964) at epoch 3
Saving model with header =  model/moduleKwNoMap-b15-ind-4-5

100 / 12495
200 / 12495
300 / 12495
400 / 12495
500 / 12495
600 / 12495
700 / 12495
800 / 12495
900 / 12495
1000 / 12495
1100 / 12495
1200 / 12495
1300 / 12495
1400 / 12495
1500 / 12495
1600 / 12495
1700 / 12495
1800 / 12495
1900 / 12495
2000 / 12495
2100 / 12495
2200 / 12495
2300 / 12495
2400 / 12495
2500 / 12495
2600 / 12495
2700 / 12495
2800 / 12495
2900 / 12495
3000 / 12495
3100 / 12495
3200 / 12495
3300 / 12495
3400 / 12495
3500 / 12495
3600 / 12495
3700 / 12495
3800 / 12495
3900 / 12495
4000 / 12495
4100 / 12495
4200 / 12495
4300 / 12495
4400 / 12495
4500 / 12495
4600 / 12495
4700 / 12495
4800 / 12495
4900 / 12495
5000 / 12495
5100 / 12495
5200 / 12495
5300 / 12495
5400 / 12495
5500 / 12495
5600 / 12495
5700 / 12495
5800 / 12495
5900 / 12495
6000 / 12495
6100 / 12495
6200 / 12495
6300 / 12495
6400 / 12495
6500 / 12495
6600 / 12495
6700 / 12495
6800 / 12495
6900 / 12495
7000 / 12495
7100 / 12495
7200 / 12495
7300 / 12495
7400 / 12495
7500 / 12495
7600 / 12495
7700 / 12495
7800 / 12495
7900 / 12495
8000 / 12495
8100 / 12495
8200 / 12495
8300 / 12495
8400 / 12495
8500 / 12495
8600 / 12495
8700 / 12495
8800 / 12495
8900 / 12495
9000 / 12495
9100 / 12495
9200 / 12495
9300 / 12495
9400 / 12495
9500 / 12495
9600 / 12495
9700 / 12495
9800 / 12495
9900 / 12495
10000 / 12495
10100 / 12495
10200 / 12495
10300 / 12495
10400 / 12495
10500 / 12495
10600 / 12495
10700 / 12495
10800 / 12495
10900 / 12495
11000 / 12495
11100 / 12495
11200 / 12495
11300 / 12495
11400 / 12495
11500 / 12495
11600 / 12495
11700 / 12495
11800 / 12495
11900 / 12495
12000 / 12495
12100 / 12495
12200 / 12495
12300 / 12495
12400 / 12495
In epoch  6  avg loss (or negative reward) is  0.734117439901
In epoch  6  test reward is 0.382979, test accuracy is 0.316227
Time taken in this epoch 843.48781085
Best Reward: 0.382979 (Accuracy: 0.316227) at epoch 6
Best Accuracy: 0.316227 (Reward: 0.382979) at epoch 6
Saving model with header =  model/moduleKwNoMap-b15-ind-4-6

100 / 12495
200 / 12495
300 / 12495
400 / 12495
500 / 12495
600 / 12495
700 / 12495
800 / 12495
900 / 12495
1000 / 12495
1100 / 12495
1200 / 12495
1300 / 12495
1400 / 12495
1500 / 12495
1600 / 12495
1700 / 12495
1800 / 12495
1900 / 12495
2000 / 12495
2100 / 12495
2200 / 12495
2300 / 12495
2400 / 12495
2500 / 12495
2600 / 12495
2700 / 12495
2800 / 12495
2900 / 12495
3000 / 12495
3100 / 12495
3200 / 12495
3300 / 12495
3400 / 12495
3500 / 12495
3600 / 12495
3700 / 12495
3800 / 12495
3900 / 12495
4000 / 12495
4100 / 12495
4200 / 12495
4300 / 12495
4400 / 12495
4500 / 12495
4600 / 12495
4700 / 12495
4800 / 12495
4900 / 12495
5000 / 12495
5100 / 12495
5200 / 12495
5300 / 12495
5400 / 12495
5500 / 12495
5600 / 12495
5700 / 12495
5800 / 12495
5900 / 12495
6000 / 12495
6100 / 12495
6200 / 12495
6300 / 12495
6400 / 12495
6500 / 12495
6600 / 12495
6700 / 12495
6800 / 12495
6900 / 12495
7000 / 12495
7100 / 12495
7200 / 12495
7300 / 12495
7400 / 12495
7500 / 12495
7600 / 12495
7700 / 12495
7800 / 12495
7900 / 12495
8000 / 12495
8100 / 12495
8200 / 12495
8300 / 12495
8400 / 12495
8500 / 12495
8600 / 12495
8700 / 12495
8800 / 12495
8900 / 12495
9000 / 12495
9100 / 12495
9200 / 12495
9300 / 12495
9400 / 12495
9500 / 12495
9600 / 12495
9700 / 12495
9800 / 12495
9900 / 12495
10000 / 12495
10100 / 12495
10200 / 12495
10300 / 12495
10400 / 12495
10500 / 12495
10600 / 12495
10700 / 12495
10800 / 12495
10900 / 12495
11000 / 12495
11100 / 12495
11200 / 12495
11300 / 12495
11400 / 12495
11500 / 12495
11600 / 12495
11700 / 12495
11800 / 12495
11900 / 12495
12000 / 12495
12100 / 12495
12200 / 12495
12300 / 12495
12400 / 12495
In epoch  7  avg loss (or negative reward) is  0.716415545354
In epoch  7  test reward is 0.394741, test accuracy is 0.326979
Time taken in this epoch 863.871033192
Best Reward: 0.394741 (Accuracy: 0.326979) at epoch 7
Best Accuracy: 0.326979 (Reward: 0.394741) at epoch 7
Saving model with header =  model/moduleKwNoMap-b15-ind-4-7

100 / 12495
200 / 12495
300 / 12495
400 / 12495
500 / 12495
600 / 12495
700 / 12495
800 / 12495
900 / 12495
1000 / 12495
1100 / 12495
1200 / 12495
1300 / 12495
1400 / 12495
1500 / 12495
1600 / 12495
1700 / 12495
1800 / 12495
1900 / 12495
2000 / 12495
2100 / 12495
2200 / 12495
2300 / 12495
2400 / 12495
2500 / 12495
2600 / 12495
2700 / 12495
2800 / 12495
2900 / 12495
3000 / 12495
3100 / 12495
3200 / 12495
3300 / 12495
3400 / 12495
3500 / 12495
3600 / 12495
3700 / 12495
3800 / 12495
3900 / 12495
4000 / 12495
4100 / 12495
4200 / 12495
4300 / 12495
4400 / 12495
4500 / 12495
4600 / 12495
4700 / 12495
4800 / 12495
4900 / 12495
5000 / 12495
5100 / 12495
5200 / 12495
5300 / 12495
5400 / 12495
5500 / 12495
5600 / 12495
5700 / 12495
5800 / 12495
5900 / 12495
6000 / 12495
6100 / 12495
6200 / 12495
6300 / 12495
6400 / 12495
6500 / 12495
6600 / 12495
6700 / 12495
6800 / 12495
6900 / 12495
7000 / 12495
7100 / 12495
7200 / 12495
7300 / 12495
7400 / 12495
7500 / 12495
7600 / 12495
7700 / 12495
7800 / 12495
7900 / 12495
8000 / 12495
8100 / 12495
8200 / 12495
8300 / 12495
8400 / 12495
8500 / 12495
8600 / 12495
8700 / 12495
8800 / 12495
8900 / 12495
9000 / 12495
9100 / 12495
9200 / 12495
9300 / 12495
9400 / 12495
9500 / 12495
9600 / 12495
9700 / 12495
9800 / 12495
9900 / 12495
10000 / 12495
10100 / 12495
10200 / 12495
10300 / 12495
10400 / 12495
10500 / 12495
10600 / 12495
10700 / 12495
10800 / 12495
10900 / 12495
11000 / 12495
11100 / 12495
11200 / 12495
11300 / 12495
11400 / 12495
11500 / 12495
11600 / 12495
11700 / 12495
11800 / 12495
11900 / 12495
12000 / 12495
12100 / 12495
12200 / 12495
12300 / 12495
12400 / 12495
In epoch  8  avg loss (or negative reward) is  0.705724733144
In epoch  8  test reward is 0.390259, test accuracy is 0.320626
Time taken in this epoch 870.093037844
Best Reward: 0.394741 (Accuracy: 0.326979) at epoch 7
Best Accuracy: 0.326979 (Reward: 0.394741) at epoch 7
Saving model with header =  model/moduleKwNoMap-b15-ind-4-8

100 / 12495
200 / 12495
300 / 12495
400 / 12495
500 / 12495
600 / 12495
700 / 12495
800 / 12495
900 / 12495
1000 / 12495
1100 / 12495
1200 / 12495
1300 / 12495
1400 / 12495
1500 / 12495
1600 / 12495
1700 / 12495
1800 / 12495
1900 / 12495
2000 / 12495
2100 / 12495
2200 / 12495
2300 / 12495
2400 / 12495
2500 / 12495
2600 / 12495
2700 / 12495
2800 / 12495
2900 / 12495
3000 / 12495
3100 / 12495
3200 / 12495
3300 / 12495
3400 / 12495
3500 / 12495
3600 / 12495
3700 / 12495
3800 / 12495
3900 / 12495
4000 / 12495
4100 / 12495
4200 / 12495
4300 / 12495
4400 / 12495
4500 / 12495
4600 / 12495
4700 / 12495
4800 / 12495
4900 / 12495
5000 / 12495
5100 / 12495
5200 / 12495
5300 / 12495
5400 / 12495
5500 / 12495
5600 / 12495
5700 / 12495
5800 / 12495
5900 / 12495
6000 / 12495
6100 / 12495
6200 / 12495
6300 / 12495
6400 / 12495
6500 / 12495
6600 / 12495
6700 / 12495
6800 / 12495
6900 / 12495
7000 / 12495
7100 / 12495
7200 / 12495
7300 / 12495
7400 / 12495
7500 / 12495
7600 / 12495
7700 / 12495
7800 / 12495
7900 / 12495
8000 / 12495
8100 / 12495
8200 / 12495
8300 / 12495
8400 / 12495
8500 / 12495
8600 / 12495
8700 / 12495
8800 / 12495
8900 / 12495
9000 / 12495
9100 / 12495
9200 / 12495
9300 / 12495
9400 / 12495
9500 / 12495
9600 / 12495
9700 / 12495
9800 / 12495
9900 / 12495
10000 / 12495
10100 / 12495
10200 / 12495
10300 / 12495
10400 / 12495
10500 / 12495
10600 / 12495
10700 / 12495
10800 / 12495
10900 / 12495
11000 / 12495
11100 / 12495
11200 / 12495
11300 / 12495
11400 / 12495
11500 / 12495
11600 / 12495
11700 / 12495
11800 / 12495
11900 / 12495
12000 / 12495
12100 / 12495
12200 / 12495
12300 / 12495
12400 / 12495
In epoch  9  avg loss (or negative reward) is  0.693502700043
In epoch  9  test reward is 0.389363, test accuracy is 0.322581
Time taken in this epoch 859.680021048
Best Reward: 0.394741 (Accuracy: 0.326979) at epoch 7
Best Accuracy: 0.326979 (Reward: 0.394741) at epoch 7
Saving model with header =  model/moduleKwNoMap-b15-ind-4-9

100 / 12495
200 / 12495
300 / 12495
400 / 12495
500 / 12495
600 / 12495
700 / 12495
800 / 12495
900 / 12495
1000 / 12495
1100 / 12495
1200 / 12495
1300 / 12495
1400 / 12495
1500 / 12495
1600 / 12495
1700 / 12495
1800 / 12495
1900 / 12495
2000 / 12495
2100 / 12495
2200 / 12495
2300 / 12495
2400 / 12495
2500 / 12495
2600 / 12495
2700 / 12495
2800 / 12495
2900 / 12495
3000 / 12495
3100 / 12495
3200 / 12495
3300 / 12495
3400 / 12495
3500 / 12495
3600 / 12495
3700 / 12495
3800 / 12495
3900 / 12495
4000 / 12495
4100 / 12495
4200 / 12495
4300 / 12495
4400 / 12495
4500 / 12495
4600 / 12495
4700 / 12495
4800 / 12495
4900 / 12495
5000 / 12495
5100 / 12495
5200 / 12495
5300 / 12495
5400 / 12495
5500 / 12495
5600 / 12495
5700 / 12495
5800 / 12495
5900 / 12495
6000 / 12495
6100 / 12495
6200 / 12495
6300 / 12495
6400 / 12495
6500 / 12495
6600 / 12495
6700 / 12495
6800 / 12495
6900 / 12495
7000 / 12495
7100 / 12495
7200 / 12495
7300 / 12495
7400 / 12495
7500 / 12495
7600 / 12495
7700 / 12495
7800 / 12495
7900 / 12495
8000 / 12495
8100 / 12495
8200 / 12495
8300 / 12495
8400 / 12495
8500 / 12495
8600 / 12495
8700 / 12495
8800 / 12495
8900 / 12495
9000 / 12495
9100 / 12495
9200 / 12495
9300 / 12495
9400 / 12495
9500 / 12495
9600 / 12495
9700 / 12495
9800 / 12495
9900 / 12495
10000 / 12495
10100 / 12495
10200 / 12495
10300 / 12495
10400 / 12495
10500 / 12495
10600 / 12495
10700 / 12495
10800 / 12495
10900 / 12495
11000 / 12495
11100 / 12495
11200 / 12495
11300 / 12495
11400 / 12495
11500 / 12495
11600 / 12495
11700 / 12495
11800 / 12495
11900 / 12495
12000 / 12495
12100 / 12495
12200 / 12495
12300 / 12495
12400 / 12495
In epoch  10  avg loss (or negative reward) is  0.683211959294
In epoch  10  test reward is 0.390491, test accuracy is 0.326002
Time taken in this epoch 867.141556978
Best Reward: 0.394741 (Accuracy: 0.326979) at epoch 7
Best Accuracy: 0.326979 (Reward: 0.394741) at epoch 7
Saving model with header =  model/moduleKwNoMap-b15-ind-4-10

100 / 12495
200 / 12495
300 / 12495
400 / 12495
500 / 12495
600 / 12495
700 / 12495
800 / 12495
900 / 12495
1000 / 12495
1100 / 12495
1200 / 12495
1300 / 12495
1400 / 12495
1500 / 12495
1600 / 12495
1700 / 12495
1800 / 12495
1900 / 12495
2000 / 12495
2100 / 12495
2200 / 12495
2300 / 12495
2400 / 12495
2500 / 12495
2600 / 12495
2700 / 12495
2800 / 12495
2900 / 12495
3000 / 12495
3100 / 12495
3200 / 12495
3300 / 12495
3400 / 12495
3500 / 12495
3600 / 12495
3700 / 12495
3800 / 12495
3900 / 12495
4000 / 12495
4100 / 12495
4200 / 12495
4300 / 12495
4400 / 12495
4500 / 12495
4600 / 12495
4700 / 12495
4800 / 12495
4900 / 12495
5000 / 12495
5100 / 12495
5200 / 12495
5300 / 12495
5400 / 12495
5500 / 12495
5600 / 12495
5700 / 12495
5800 / 12495
5900 / 12495
6000 / 12495
6100 / 12495
6200 / 12495
6300 / 12495
6400 / 12495
6500 / 12495
6600 / 12495
6700 / 12495
6800 / 12495
6900 / 12495
7000 / 12495
7100 / 12495
7200 / 12495
7300 / 12495
7400 / 12495
7500 / 12495
7600 / 12495
7700 / 12495
7800 / 12495
7900 / 12495
8000 / 12495
8100 / 12495
8200 / 12495
8300 / 12495
8400 / 12495
8500 / 12495
8600 / 12495
8700 / 12495
8800 / 12495
8900 / 12495
9000 / 12495
9100 / 12495
9200 / 12495
9300 / 12495
9400 / 12495
9500 / 12495
9600 / 12495
9700 / 12495
9800 / 12495
9900 / 12495
10000 / 12495
10100 / 12495
10200 / 12495
10300 / 12495
10400 / 12495
10500 / 12495
10600 / 12495
10700 / 12495
10800 / 12495
10900 / 12495
11000 / 12495
11100 / 12495
11200 / 12495
11300 / 12495
11400 / 12495
11500 / 12495
11600 / 12495
11700 / 12495
11800 / 12495
11900 / 12495
12000 / 12495
12100 / 12495
12200 / 12495
12300 / 12495
12400 / 12495
In epoch  11  avg loss (or negative reward) is  0.672595711423
In epoch  11  test reward is 0.394535, test accuracy is 0.327468
Time taken in this epoch 878.820868015
Best Reward: 0.394741 (Accuracy: 0.326979) at epoch 7
Best Accuracy: 0.327468 (Reward: 0.394535) at epoch 11
Saving model with header =  model/moduleKwNoMap-b15-ind-4-11

100 / 12495
200 / 12495
300 / 12495
400 / 12495
500 / 12495
600 / 12495
700 / 12495
800 / 12495
900 / 12495
1000 / 12495
1100 / 12495
1200 / 12495
1300 / 12495
1400 / 12495
1500 / 12495
1600 / 12495
1700 / 12495
1800 / 12495
1900 / 12495
2000 / 12495
2100 / 12495
2200 / 12495
2300 / 12495
2400 / 12495
2500 / 12495
2600 / 12495
2700 / 12495
2800 / 12495
2900 / 12495
3000 / 12495
3100 / 12495
3200 / 12495
3300 / 12495
3400 / 12495
3500 / 12495
3600 / 12495
3700 / 12495
3800 / 12495
3900 / 12495
4000 / 12495
4100 / 12495
4200 / 12495
4300 / 12495
4400 / 12495
4500 / 12495
4600 / 12495
4700 / 12495
4800 / 12495
4900 / 12495
5000 / 12495
5100 / 12495
5200 / 12495
5300 / 12495
5400 / 12495
5500 / 12495
5600 / 12495
5700 / 12495
5800 / 12495
5900 / 12495
6000 / 12495
6100 / 12495
6200 / 12495
6300 / 12495
6400 / 12495
6500 / 12495
6600 / 12495
6700 / 12495
6800 / 12495
6900 / 12495
7000 / 12495
7100 / 12495
7200 / 12495
7300 / 12495
7400 / 12495
7500 / 12495
7600 / 12495
7700 / 12495
7800 / 12495
7900 / 12495
8000 / 12495
8100 / 12495
8200 / 12495
8300 / 12495
8400 / 12495
8500 / 12495
8600 / 12495
8700 / 12495
8800 / 12495
8900 / 12495
9000 / 12495
9100 / 12495
9200 / 12495
9300 / 12495
9400 / 12495
9500 / 12495
9600 / 12495
9700 / 12495
9800 / 12495
9900 / 12495
10000 / 12495
10100 / 12495
10200 / 12495
10300 / 12495
10400 / 12495
10500 / 12495
10600 / 12495
10700 / 12495
10800 / 12495
10900 / 12495
11000 / 12495
11100 / 12495
11200 / 12495
11300 / 12495
11400 / 12495
11500 / 12495
11600 / 12495
11700 / 12495
11800 / 12495
11900 / 12495
12000 / 12495
12100 / 12495
12200 / 12495
12300 / 12495
12400 / 12495
In epoch  12  avg loss (or negative reward) is  0.663114992101
In epoch  12  test reward is 0.399718, test accuracy is 0.330401
Time taken in this epoch 881.49434495
Best Reward: 0.399718 (Accuracy: 0.330401) at epoch 12
Best Accuracy: 0.330401 (Reward: 0.399718) at epoch 12
Saving model with header =  model/moduleKwNoMap-b15-ind-4-12

100 / 12495
200 / 12495
300 / 12495
400 / 12495
500 / 12495
600 / 12495
700 / 12495
800 / 12495
900 / 12495
1000 / 12495
1100 / 12495
1200 / 12495
1300 / 12495
1400 / 12495
1500 / 12495
1600 / 12495
1700 / 12495
1800 / 12495
1900 / 12495
2000 / 12495
2100 / 12495
2200 / 12495
2300 / 12495
2400 / 12495
2500 / 12495
2600 / 12495
2700 / 12495
2800 / 12495
2900 / 12495
3000 / 12495
3100 / 12495
3200 / 12495
3300 / 12495
3400 / 12495
3500 / 12495
3600 / 12495
3700 / 12495
3800 / 12495
3900 / 12495
4000 / 12495
4100 / 12495
4200 / 12495
4300 / 12495
4400 / 12495
4500 / 12495
4600 / 12495
4700 / 12495
4800 / 12495
4900 / 12495
5000 / 12495
5100 / 12495
5200 / 12495
5300 / 12495
5400 / 12495
5500 / 12495
5600 / 12495
5700 / 12495
5800 / 12495
5900 / 12495
6000 / 12495
6100 / 12495
6200 / 12495
6300 / 12495
6400 / 12495
6500 / 12495
6600 / 12495
6700 / 12495
6800 / 12495
6900 / 12495
7000 / 12495
7100 / 12495
7200 / 12495
7300 / 12495
7400 / 12495
7500 / 12495
7600 / 12495
7700 / 12495
7800 / 12495
7900 / 12495
8000 / 12495
8100 / 12495
8200 / 12495
8300 / 12495
8400 / 12495
8500 / 12495
8600 / 12495
8700 / 12495
8800 / 12495
8900 / 12495
9000 / 12495
9100 / 12495
9200 / 12495
9300 / 12495
9400 / 12495
9500 / 12495
9600 / 12495
9700 / 12495
9800 / 12495
9900 / 12495
10000 / 12495
10100 / 12495
10200 / 12495
10300 / 12495
10400 / 12495
10500 / 12495
10600 / 12495
10700 / 12495
10800 / 12495
10900 / 12495
11000 / 12495
11100 / 12495
11200 / 12495
11300 / 12495
11400 / 12495
11500 / 12495
11600 / 12495
11700 / 12495
11800 / 12495
11900 / 12495
12000 / 12495
12100 / 12495
12200 / 12495
12300 / 12495
12400 / 12495
In epoch  13  avg loss (or negative reward) is  0.654067267822
In epoch  13  test reward is 0.399770, test accuracy is 0.330890
Time taken in this epoch 903.442100048
Best Reward: 0.399770 (Accuracy: 0.330890) at epoch 13
Best Accuracy: 0.330890 (Reward: 0.399770) at epoch 13
Saving model with header =  model/moduleKwNoMap-b15-ind-4-13

100 / 12495
200 / 12495
300 / 12495
400 / 12495
500 / 12495
600 / 12495
700 / 12495
800 / 12495
900 / 12495
1000 / 12495
1100 / 12495
1200 / 12495
1300 / 12495
1400 / 12495
1500 / 12495
1600 / 12495
1700 / 12495
1800 / 12495
1900 / 12495
2000 / 12495
2100 / 12495
2200 / 12495
2300 / 12495
2400 / 12495
2500 / 12495
2600 / 12495
2700 / 12495
2800 / 12495
2900 / 12495
3000 / 12495
3100 / 12495
3200 / 12495
3300 / 12495
3400 / 12495
3500 / 12495
3600 / 12495
3700 / 12495
3800 / 12495
3900 / 12495
4000 / 12495
4100 / 12495
4200 / 12495
4300 / 12495
4400 / 12495
4500 / 12495
4600 / 12495
4700 / 12495
4800 / 12495
4900 / 12495
5000 / 12495
5100 / 12495
5200 / 12495
5300 / 12495
5400 / 12495
5500 / 12495
5600 / 12495
5700 / 12495
5800 / 12495
5900 / 12495
6000 / 12495
6100 / 12495
6200 / 12495
6300 / 12495
6400 / 12495
6500 / 12495
6600 / 12495
6700 / 12495
6800 / 12495
6900 / 12495
7000 / 12495
7100 / 12495
7200 / 12495
7300 / 12495
7400 / 12495
7500 / 12495
7600 / 12495
7700 / 12495
7800 / 12495
7900 / 12495
8000 / 12495
8100 / 12495
8200 / 12495
8300 / 12495
8400 / 12495
8500 / 12495
8600 / 12495
8700 / 12495
8800 / 12495
8900 / 12495
9000 / 12495
9100 / 12495
9200 / 12495
9300 / 12495
9400 / 12495
9500 / 12495
9600 / 12495
9700 / 12495
9800 / 12495
9900 / 12495
10000 / 12495
10100 / 12495
10200 / 12495
10300 / 12495
10400 / 12495
10500 / 12495
10600 / 12495
10700 / 12495
10800 / 12495
10900 / 12495
11000 / 12495
11100 / 12495
11200 / 12495
11300 / 12495
11400 / 12495
11500 / 12495
11600 / 12495
11700 / 12495
11800 / 12495
11900 / 12495
12000 / 12495
12100 / 12495
12200 / 12495
12300 / 12495
12400 / 12495
In epoch  14  avg loss (or negative reward) is  0.645050119257
In epoch  14  test reward is 0.396664, test accuracy is 0.332356
Time taken in this epoch 891.861911058
Best Reward: 0.399770 (Accuracy: 0.330890) at epoch 13
Best Accuracy: 0.332356 (Reward: 0.396664) at epoch 14
Saving model with header =  model/moduleKwNoMap-b15-ind-4-14

100 / 12495
200 / 12495
300 / 12495
400 / 12495
500 / 12495
600 / 12495
700 / 12495
800 / 12495
900 / 12495
1000 / 12495
1100 / 12495
1200 / 12495
1300 / 12495
1400 / 12495
1500 / 12495
1600 / 12495
1700 / 12495
1800 / 12495
1900 / 12495
2000 / 12495
2100 / 12495
2200 / 12495
2300 / 12495
2400 / 12495
2500 / 12495
2600 / 12495
2700 / 12495
2800 / 12495
2900 / 12495
3000 / 12495
3100 / 12495
3200 / 12495
3300 / 12495
3400 / 12495
3500 / 12495
3600 / 12495
3700 / 12495
3800 / 12495
3900 / 12495
4000 / 12495
4100 / 12495
4200 / 12495
4300 / 12495
4400 / 12495
4500 / 12495
4600 / 12495
4700 / 12495
4800 / 12495
4900 / 12495
5000 / 12495
5100 / 12495
5200 / 12495
5300 / 12495
5400 / 12495
5500 / 12495
5600 / 12495
5700 / 12495
5800 / 12495
5900 / 12495
6000 / 12495
6100 / 12495
6200 / 12495
6300 / 12495
6400 / 12495
6500 / 12495
6600 / 12495
6700 / 12495
6800 / 12495
6900 / 12495
7000 / 12495
7100 / 12495
7200 / 12495
7300 / 12495
7400 / 12495
7500 / 12495
7600 / 12495
7700 / 12495
7800 / 12495
7900 / 12495
8000 / 12495
8100 / 12495
8200 / 12495
8300 / 12495
8400 / 12495
8500 / 12495
8600 / 12495
8700 / 12495
8800 / 12495
8900 / 12495
9000 / 12495
9100 / 12495
9200 / 12495
9300 / 12495
9400 / 12495
9500 / 12495
9600 / 12495
9700 / 12495
9800 / 12495
9900 / 12495
10000 / 12495
10100 / 12495
10200 / 12495
10300 / 12495
10400 / 12495
10500 / 12495
10600 / 12495
10700 / 12495
10800 / 12495
10900 / 12495
11000 / 12495
11100 / 12495
11200 / 12495
11300 / 12495
11400 / 12495
11500 / 12495
11600 / 12495
11700 / 12495
11800 / 12495
11900 / 12495
12000 / 12495
12100 / 12495
12200 / 12495
12300 / 12495
12400 / 12495
In epoch  15  avg loss (or negative reward) is  0.637006127376
In epoch  15  test reward is 0.402428, test accuracy is 0.337243
Time taken in this epoch 899.609714031
Best Reward: 0.402428 (Accuracy: 0.337243) at epoch 15
Best Accuracy: 0.337243 (Reward: 0.402428) at epoch 15
Saving model with header =  model/moduleKwNoMap-b15-ind-4-15

100 / 12495
200 / 12495
300 / 12495
400 / 12495
500 / 12495
600 / 12495
700 / 12495
800 / 12495
900 / 12495
1000 / 12495
1100 / 12495
1200 / 12495
1300 / 12495
1400 / 12495
1500 / 12495
1600 / 12495
1700 / 12495
1800 / 12495
1900 / 12495
2000 / 12495
2100 / 12495
2200 / 12495
2300 / 12495
2400 / 12495
2500 / 12495
2600 / 12495
2700 / 12495
2800 / 12495
2900 / 12495
3000 / 12495
3100 / 12495
3200 / 12495
3300 / 12495
3400 / 12495
3500 / 12495
3600 / 12495
3700 / 12495
3800 / 12495
3900 / 12495
4000 / 12495
4100 / 12495
4200 / 12495
4300 / 12495
4400 / 12495
4500 / 12495
4600 / 12495
4700 / 12495
4800 / 12495
4900 / 12495
5000 / 12495
5100 / 12495
5200 / 12495
5300 / 12495
5400 / 12495
5500 / 12495
5600 / 12495
5700 / 12495
5800 / 12495
5900 / 12495
6000 / 12495
6100 / 12495
6200 / 12495
6300 / 12495
6400 / 12495
6500 / 12495
6600 / 12495
6700 / 12495
6800 / 12495
6900 / 12495
7000 / 12495
7100 / 12495
7200 / 12495
7300 / 12495
7400 / 12495
7500 / 12495
7600 / 12495
7700 / 12495
7800 / 12495
7900 / 12495
8000 / 12495
8100 / 12495
8200 / 12495
8300 / 12495
8400 / 12495
8500 / 12495
8600 / 12495
8700 / 12495
8800 / 12495
8900 / 12495
9000 / 12495
9100 / 12495
9200 / 12495
9300 / 12495
9400 / 12495
9500 / 12495
9600 / 12495
9700 / 12495
9800 / 12495
9900 / 12495
10000 / 12495
10100 / 12495
10200 / 12495
10300 / 12495
10400 / 12495
10500 / 12495
10600 / 12495
10700 / 12495
10800 / 12495
10900 / 12495
11000 / 12495
11100 / 12495
11200 / 12495
11300 / 12495
11400 / 12495
11500 / 12495
11600 / 12495
11700 / 12495
11800 / 12495
11900 / 12495
12000 / 12495
12100 / 12495
12200 / 12495
12300 / 12495
12400 / 12495
In epoch  16  avg loss (or negative reward) is  0.631892005596
In epoch  16  test reward is 0.402076, test accuracy is 0.334800
Time taken in this epoch 897.369762897
Best Reward: 0.402428 (Accuracy: 0.337243) at epoch 15
Best Accuracy: 0.337243 (Reward: 0.402428) at epoch 15
Saving model with header =  model/moduleKwNoMap-b15-ind-4-16

100 / 12495
200 / 12495
300 / 12495
400 / 12495
500 / 12495
600 / 12495
700 / 12495
800 / 12495
900 / 12495
1000 / 12495
1100 / 12495
1200 / 12495
1300 / 12495
1400 / 12495
1500 / 12495
1600 / 12495
1700 / 12495
1800 / 12495
1900 / 12495
2000 / 12495
2100 / 12495
2200 / 12495
2300 / 12495
2400 / 12495
2500 / 12495
2600 / 12495
2700 / 12495
2800 / 12495
2900 / 12495
3000 / 12495
3100 / 12495
3200 / 12495
3300 / 12495
3400 / 12495
3500 / 12495
3600 / 12495
3700 / 12495
3800 / 12495
3900 / 12495
4000 / 12495
4100 / 12495
4200 / 12495
4300 / 12495
4400 / 12495
4500 / 12495
4600 / 12495
4700 / 12495
4800 / 12495
4900 / 12495
5000 / 12495
5100 / 12495
5200 / 12495
5300 / 12495
5400 / 12495
5500 / 12495
5600 / 12495
5700 / 12495
5800 / 12495
5900 / 12495
6000 / 12495
6100 / 12495
6200 / 12495
6300 / 12495
6400 / 12495
6500 / 12495
6600 / 12495
6700 / 12495
6800 / 12495
6900 / 12495
7000 / 12495
7100 / 12495
7200 / 12495
7300 / 12495
7400 / 12495
7500 / 12495
7600 / 12495
7700 / 12495
7800 / 12495
7900 / 12495
8000 / 12495
8100 / 12495
8200 / 12495
8300 / 12495
8400 / 12495
8500 / 12495
8600 / 12495
8700 / 12495
8800 / 12495
8900 / 12495
9000 / 12495
9100 / 12495
9200 / 12495
9300 / 12495
9400 / 12495
9500 / 12495
9600 / 12495
9700 / 12495
9800 / 12495
9900 / 12495
10000 / 12495
10100 / 12495
10200 / 12495
10300 / 12495
10400 / 12495
10500 / 12495
10600 / 12495
10700 / 12495
10800 / 12495
10900 / 12495
11000 / 12495
11100 / 12495
11200 / 12495
11300 / 12495
11400 / 12495
11500 / 12495
11600 / 12495
11700 / 12495
11800 / 12495
11900 / 12495
12000 / 12495
12100 / 12495
12200 / 12495
12300 / 12495
12400 / 12495
In epoch  17  avg loss (or negative reward) is  0.625950443699
In epoch  17  test reward is 0.406502, test accuracy is 0.341153
Time taken in this epoch 908.998397112
Best Reward: 0.406502 (Accuracy: 0.341153) at epoch 17
Best Accuracy: 0.341153 (Reward: 0.406502) at epoch 17
Saving model with header =  model/moduleKwNoMap-b15-ind-4-17

100 / 12495
200 / 12495
300 / 12495
400 / 12495
500 / 12495
600 / 12495
700 / 12495
800 / 12495
900 / 12495
1000 / 12495
1100 / 12495
1200 / 12495
1300 / 12495
1400 / 12495
1500 / 12495
1600 / 12495
1700 / 12495
1800 / 12495
1900 / 12495
2000 / 12495
2100 / 12495
2200 / 12495
2300 / 12495
2400 / 12495
2500 / 12495
2600 / 12495
2700 / 12495
2800 / 12495
2900 / 12495
3000 / 12495
3100 / 12495
3200 / 12495
3300 / 12495
3400 / 12495
3500 / 12495
3600 / 12495
3700 / 12495
3800 / 12495
3900 / 12495
4000 / 12495
4100 / 12495
4200 / 12495
4300 / 12495
4400 / 12495
4500 / 12495
4600 / 12495
4700 / 12495
4800 / 12495
4900 / 12495
5000 / 12495
5100 / 12495
5200 / 12495
5300 / 12495
5400 / 12495
5500 / 12495
5600 / 12495
5700 / 12495
5800 / 12495
5900 / 12495
6000 / 12495
6100 / 12495
6200 / 12495
6300 / 12495
6400 / 12495
6500 / 12495
6600 / 12495
6700 / 12495
6800 / 12495
6900 / 12495
7000 / 12495
7100 / 12495
7200 / 12495
7300 / 12495
7400 / 12495
7500 / 12495
7600 / 12495
7700 / 12495
7800 / 12495
7900 / 12495
8000 / 12495
8100 / 12495
8200 / 12495
8300 / 12495
8400 / 12495
8500 / 12495
8600 / 12495
8700 / 12495
8800 / 12495
8900 / 12495
9000 / 12495
9100 / 12495
9200 / 12495
9300 / 12495
9400 / 12495
9500 / 12495
9600 / 12495
9700 / 12495
9800 / 12495
9900 / 12495
10000 / 12495
10100 / 12495
10200 / 12495
10300 / 12495
10400 / 12495
10500 / 12495
10600 / 12495
10700 / 12495
10800 / 12495
10900 / 12495
11000 / 12495
11100 / 12495
11200 / 12495
11300 / 12495
11400 / 12495
11500 / 12495
11600 / 12495
11700 / 12495
11800 / 12495
11900 / 12495
12000 / 12495
12100 / 12495
12200 / 12495
12300 / 12495
12400 / 12495
In epoch  18  avg loss (or negative reward) is  0.619277362597
In epoch  18  test reward is 0.414112, test accuracy is 0.347996
Time taken in this epoch 907.821472883
Best Reward: 0.414112 (Accuracy: 0.347996) at epoch 18
Best Accuracy: 0.347996 (Reward: 0.414112) at epoch 18
Saving model with header =  model/moduleKwNoMap-b15-ind-4-18

100 / 12495
200 / 12495
300 / 12495
400 / 12495
500 / 12495
600 / 12495
700 / 12495
800 / 12495
900 / 12495
1000 / 12495
1100 / 12495
1200 / 12495
1300 / 12495
1400 / 12495
1500 / 12495
1600 / 12495
1700 / 12495
1800 / 12495
1900 / 12495
2000 / 12495
2100 / 12495
2200 / 12495
2300 / 12495
2400 / 12495
2500 / 12495
2600 / 12495
2700 / 12495
2800 / 12495
2900 / 12495
3000 / 12495
3100 / 12495
3200 / 12495
3300 / 12495
3400 / 12495
3500 / 12495
3600 / 12495
3700 / 12495
3800 / 12495
3900 / 12495
4000 / 12495
4100 / 12495
4200 / 12495
4300 / 12495
4400 / 12495
4500 / 12495
4600 / 12495
4700 / 12495
4800 / 12495
4900 / 12495
5000 / 12495
5100 / 12495
5200 / 12495
5300 / 12495
5400 / 12495
5500 / 12495
5600 / 12495
5700 / 12495
5800 / 12495
5900 / 12495
6000 / 12495
6100 / 12495
6200 / 12495
6300 / 12495
6400 / 12495
6500 / 12495
6600 / 12495
6700 / 12495
6800 / 12495
6900 / 12495
7000 / 12495
7100 / 12495
7200 / 12495
7300 / 12495
7400 / 12495
7500 / 12495
7600 / 12495
7700 / 12495
7800 / 12495
7900 / 12495
8000 / 12495
8100 / 12495
8200 / 12495
8300 / 12495
8400 / 12495
8500 / 12495
8600 / 12495
8700 / 12495
8800 / 12495
8900 / 12495
9000 / 12495
9100 / 12495
9200 / 12495
9300 / 12495
9400 / 12495
9500 / 12495
9600 / 12495
9700 / 12495
9800 / 12495
9900 / 12495
10000 / 12495
10100 / 12495
10200 / 12495
10300 / 12495
10400 / 12495
10500 / 12495
10600 / 12495
10700 / 12495
10800 / 12495
10900 / 12495
11000 / 12495
11100 / 12495
11200 / 12495
11300 / 12495
11400 / 12495
11500 / 12495
11600 / 12495
11700 / 12495
11800 / 12495
11900 / 12495
12000 / 12495
12100 / 12495
12200 / 12495
12300 / 12495
12400 / 12495
In epoch  19  avg loss (or negative reward) is  0.61261298558
In epoch  19  test reward is 0.412751, test accuracy is 0.346530
Time taken in this epoch 901.041315079
Best Reward: 0.414112 (Accuracy: 0.347996) at epoch 18
Best Accuracy: 0.347996 (Reward: 0.414112) at epoch 18
Saving model with header =  model/moduleKwNoMap-b15-ind-4-19

100 / 12495
200 / 12495
300 / 12495
400 / 12495
500 / 12495
600 / 12495
700 / 12495
800 / 12495
900 / 12495
1000 / 12495
1100 / 12495
1200 / 12495
1300 / 12495
1400 / 12495
1500 / 12495
1600 / 12495
1700 / 12495
1800 / 12495
1900 / 12495
2000 / 12495
2100 / 12495
2200 / 12495
2300 / 12495
2400 / 12495
2500 / 12495
2600 / 12495
2700 / 12495
2800 / 12495
2900 / 12495
3000 / 12495
3100 / 12495
3200 / 12495
3300 / 12495
3400 / 12495
3500 / 12495
3600 / 12495
3700 / 12495
3800 / 12495
3900 / 12495
4000 / 12495
4100 / 12495
4200 / 12495
4300 / 12495
4400 / 12495
4500 / 12495
4600 / 12495
4700 / 12495
4800 / 12495
4900 / 12495
5000 / 12495
5100 / 12495
5200 / 12495
5300 / 12495
5400 / 12495
5500 / 12495
5600 / 12495
5700 / 12495
5800 / 12495
5900 / 12495
6000 / 12495
6100 / 12495
6200 / 12495
6300 / 12495
6400 / 12495
6500 / 12495
6600 / 12495
6700 / 12495
6800 / 12495
6900 / 12495
7000 / 12495
7100 / 12495
7200 / 12495
7300 / 12495
7400 / 12495
7500 / 12495
7600 / 12495
7700 / 12495
7800 / 12495
7900 / 12495
8000 / 12495
8100 / 12495
8200 / 12495
8300 / 12495
8400 / 12495
8500 / 12495
8600 / 12495
8700 / 12495
8800 / 12495
8900 / 12495
9000 / 12495
9100 / 12495
9200 / 12495
9300 / 12495
9400 / 12495
9500 / 12495
9600 / 12495
9700 / 12495
9800 / 12495
9900 / 12495
10000 / 12495
10100 / 12495
10200 / 12495
10300 / 12495
10400 / 12495
10500 / 12495
10600 / 12495
10700 / 12495
10800 / 12495
10900 / 12495
11000 / 12495
11100 / 12495
11200 / 12495
11300 / 12495
11400 / 12495
11500 / 12495
11600 / 12495
11700 / 12495
11800 / 12495
11900 / 12495
12000 / 12495
12100 / 12495
12200 / 12495
12300 / 12495
12400 / 12495
In epoch  20  avg loss (or negative reward) is  0.611088439601
In epoch  20  test reward is 0.413719, test accuracy is 0.349951
Time taken in this epoch 904.248432875
Best Reward: 0.414112 (Accuracy: 0.347996) at epoch 18
Best Accuracy: 0.349951 (Reward: 0.413719) at epoch 20
Saving model with header =  model/moduleKwNoMap-b15-ind-4-20

100 / 12495
200 / 12495
300 / 12495
400 / 12495
500 / 12495
600 / 12495
700 / 12495
800 / 12495
900 / 12495
1000 / 12495
1100 / 12495
1200 / 12495
1300 / 12495
1400 / 12495
1500 / 12495
1600 / 12495
1700 / 12495
1800 / 12495
1900 / 12495
2000 / 12495
2100 / 12495
2200 / 12495
2300 / 12495
2400 / 12495
2500 / 12495
2600 / 12495
2700 / 12495
2800 / 12495
2900 / 12495
3000 / 12495
3100 / 12495
3200 / 12495
3300 / 12495
3400 / 12495
3500 / 12495
3600 / 12495
3700 / 12495
3800 / 12495
3900 / 12495
4000 / 12495
4100 / 12495
4200 / 12495
4300 / 12495
4400 / 12495
4500 / 12495
4600 / 12495
4700 / 12495
4800 / 12495
4900 / 12495
5000 / 12495
5100 / 12495
5200 / 12495
5300 / 12495
5400 / 12495
5500 / 12495
5600 / 12495
5700 / 12495
5800 / 12495
5900 / 12495
6000 / 12495
6100 / 12495
6200 / 12495
6300 / 12495
6400 / 12495
6500 / 12495
6600 / 12495
6700 / 12495
6800 / 12495
6900 / 12495
7000 / 12495
7100 / 12495
7200 / 12495
7300 / 12495
7400 / 12495
7500 / 12495
7600 / 12495
7700 / 12495
7800 / 12495
7900 / 12495
8000 / 12495
8100 / 12495
8200 / 12495
8300 / 12495
8400 / 12495
8500 / 12495
8600 / 12495
8700 / 12495
8800 / 12495
8900 / 12495
9000 / 12495
9100 / 12495
9200 / 12495
9300 / 12495
9400 / 12495
9500 / 12495
9600 / 12495
9700 / 12495
9800 / 12495
9900 / 12495
10000 / 12495
10100 / 12495
10200 / 12495
10300 / 12495
10400 / 12495
10500 / 12495
10600 / 12495
10700 / 12495
10800 / 12495
10900 / 12495
11000 / 12495
11100 / 12495
11200 / 12495
11300 / 12495
11400 / 12495
11500 / 12495
11600 / 12495
11700 / 12495
11800 / 12495
11900 / 12495
12000 / 12495
12100 / 12495
12200 / 12495
12300 / 12495
12400 / 12495
In epoch  21  avg loss (or negative reward) is  0.603647091412
In epoch  21  test reward is 0.412204, test accuracy is 0.347507
Time taken in this epoch 927.641160011
Best Reward: 0.414112 (Accuracy: 0.347996) at epoch 18
Best Accuracy: 0.349951 (Reward: 0.413719) at epoch 20
Saving model with header =  model/moduleKwNoMap-b15-ind-4-21

100 / 12495
200 / 12495
300 / 12495
400 / 12495
500 / 12495
600 / 12495
700 / 12495
800 / 12495
900 / 12495
1000 / 12495
1100 / 12495
1200 / 12495
1300 / 12495
1400 / 12495
1500 / 12495
1600 / 12495
1700 / 12495
1800 / 12495
1900 / 12495
2000 / 12495
2100 / 12495
2200 / 12495
2300 / 12495
2400 / 12495
2500 / 12495
2600 / 12495
2700 / 12495
2800 / 12495
2900 / 12495
3000 / 12495
3100 / 12495
3200 / 12495
3300 / 12495
3400 / 12495
3500 / 12495
3600 / 12495
3700 / 12495
3800 / 12495
3900 / 12495
4000 / 12495
4100 / 12495
4200 / 12495
4300 / 12495
4400 / 12495
4500 / 12495
4600 / 12495
4700 / 12495
4800 / 12495
4900 / 12495
5000 / 12495
5100 / 12495
5200 / 12495
5300 / 12495
5400 / 12495
5500 / 12495
5600 / 12495
5700 / 12495
5800 / 12495
5900 / 12495
6000 / 12495
6100 / 12495
6200 / 12495
6300 / 12495
6400 / 12495
6500 / 12495
6600 / 12495
6700 / 12495
6800 / 12495
6900 / 12495
7000 / 12495
7100 / 12495
7200 / 12495
7300 / 12495
7400 / 12495
7500 / 12495
7600 / 12495
7700 / 12495
7800 / 12495
7900 / 12495
8000 / 12495
8100 / 12495
8200 / 12495
8300 / 12495
8400 / 12495
8500 / 12495
8600 / 12495
8700 / 12495
8800 / 12495
8900 / 12495
9000 / 12495
9100 / 12495
9200 / 12495
9300 / 12495
9400 / 12495
9500 / 12495
9600 / 12495
9700 / 12495
9800 / 12495
9900 / 12495
10000 / 12495
10100 / 12495
10200 / 12495
10300 / 12495
10400 / 12495
10500 / 12495
10600 / 12495
10700 / 12495
10800 / 12495
10900 / 12495
11000 / 12495
11100 / 12495
11200 / 12495
11300 / 12495
11400 / 12495
11500 / 12495
11600 / 12495
11700 / 12495
11800 / 12495
11900 / 12495
12000 / 12495
12100 / 12495
12200 / 12495
12300 / 12495
12400 / 12495
In epoch  22  avg loss (or negative reward) is  0.597835002809
In epoch  22  test reward is 0.407635, test accuracy is 0.342620
Time taken in this epoch 949.879127979
Best Reward: 0.414112 (Accuracy: 0.347996) at epoch 18
Best Accuracy: 0.349951 (Reward: 0.413719) at epoch 20
Saving model with header =  model/moduleKwNoMap-b15-ind-4-22

100 / 12495
200 / 12495
300 / 12495
400 / 12495
500 / 12495
600 / 12495
700 / 12495
800 / 12495
900 / 12495
1000 / 12495
1100 / 12495
1200 / 12495
1300 / 12495
1400 / 12495
1500 / 12495
1600 / 12495
1700 / 12495
1800 / 12495
1900 / 12495
2000 / 12495
2100 / 12495
2200 / 12495
2300 / 12495
2400 / 12495
2500 / 12495
2600 / 12495
2700 / 12495
2800 / 12495
2900 / 12495
3000 / 12495
3100 / 12495
3200 / 12495
3300 / 12495
3400 / 12495
3500 / 12495
3600 / 12495
3700 / 12495
3800 / 12495
3900 / 12495
4000 / 12495
4100 / 12495
4200 / 12495
4300 / 12495
4400 / 12495
4500 / 12495
4600 / 12495
4700 / 12495
4800 / 12495
4900 / 12495
5000 / 12495
5100 / 12495
5200 / 12495
5300 / 12495
5400 / 12495
5500 / 12495
5600 / 12495
5700 / 12495
5800 / 12495
5900 / 12495
6000 / 12495
6100 / 12495
6200 / 12495
6300 / 12495
6400 / 12495
6500 / 12495
6600 / 12495
6700 / 12495
6800 / 12495
6900 / 12495
7000 / 12495
7100 / 12495
7200 / 12495
7300 / 12495
7400 / 12495
7500 / 12495
7600 / 12495
7700 / 12495
7800 / 12495
7900 / 12495
8000 / 12495
8100 / 12495
8200 / 12495
8300 / 12495
8400 / 12495
8500 / 12495
8600 / 12495
8700 / 12495
8800 / 12495
8900 / 12495
9000 / 12495
9100 / 12495
9200 / 12495
9300 / 12495
9400 / 12495
9500 / 12495
9600 / 12495
9700 / 12495
9800 / 12495
9900 / 12495
10000 / 12495
10100 / 12495
10200 / 12495
10300 / 12495
10400 / 12495
10500 / 12495
10600 / 12495
10700 / 12495
10800 / 12495
10900 / 12495
11000 / 12495
11100 / 12495
11200 / 12495
11300 / 12495
11400 / 12495
11500 / 12495
11600 / 12495
11700 / 12495
11800 / 12495
11900 / 12495
12000 / 12495
12100 / 12495
12200 / 12495
12300 / 12495
12400 / 12495
In epoch  23  avg loss (or negative reward) is  0.592244156579
In epoch  23  test reward is 0.407660, test accuracy is 0.343109
Time taken in this epoch 956.396620035
Best Reward: 0.414112 (Accuracy: 0.347996) at epoch 18
Best Accuracy: 0.349951 (Reward: 0.413719) at epoch 20
Saving model with header =  model/moduleKwNoMap-b15-ind-4-23

100 / 12495
200 / 12495
300 / 12495
400 / 12495
500 / 12495
600 / 12495
700 / 12495
800 / 12495
900 / 12495
1000 / 12495
1100 / 12495
1200 / 12495
1300 / 12495
1400 / 12495
1500 / 12495
1600 / 12495
1700 / 12495
1800 / 12495
1900 / 12495
2000 / 12495
2100 / 12495
2200 / 12495
2300 / 12495
2400 / 12495
2500 / 12495
2600 / 12495
2700 / 12495
2800 / 12495
2900 / 12495
3000 / 12495
3100 / 12495
3200 / 12495
3300 / 12495
3400 / 12495
3500 / 12495
3600 / 12495
3700 / 12495
3800 / 12495
3900 / 12495
4000 / 12495
4100 / 12495
4200 / 12495
4300 / 12495
4400 / 12495
4500 / 12495
4600 / 12495
4700 / 12495
4800 / 12495
4900 / 12495
5000 / 12495
5100 / 12495
5200 / 12495
5300 / 12495
5400 / 12495
5500 / 12495
5600 / 12495
5700 / 12495
5800 / 12495
5900 / 12495
6000 / 12495
6100 / 12495
6200 / 12495
6300 / 12495
6400 / 12495
6500 / 12495
6600 / 12495
6700 / 12495
6800 / 12495
6900 / 12495
7000 / 12495
7100 / 12495
7200 / 12495
7300 / 12495
7400 / 12495
7500 / 12495
7600 / 12495
7700 / 12495
7800 / 12495
7900 / 12495
8000 / 12495
8100 / 12495
8200 / 12495
8300 / 12495
8400 / 12495
8500 / 12495
8600 / 12495
8700 / 12495
8800 / 12495
8900 / 12495
9000 / 12495
9100 / 12495
9200 / 12495
9300 / 12495
9400 / 12495
9500 / 12495
9600 / 12495
9700 / 12495
9800 / 12495
9900 / 12495
10000 / 12495
10100 / 12495
10200 / 12495
10300 / 12495
10400 / 12495
10500 / 12495
10600 / 12495
10700 / 12495
10800 / 12495
10900 / 12495
11000 / 12495
11100 / 12495
11200 / 12495
11300 / 12495
11400 / 12495
11500 / 12495
11600 / 12495
11700 / 12495
11800 / 12495
11900 / 12495
12000 / 12495
12100 / 12495
12200 / 12495
12300 / 12495
12400 / 12495
In epoch  24  avg loss (or negative reward) is  0.584841715212
In epoch  24  test reward is 0.412480, test accuracy is 0.348485
Time taken in this epoch 980.469735146
Best Reward: 0.414112 (Accuracy: 0.347996) at epoch 18
Best Accuracy: 0.349951 (Reward: 0.413719) at epoch 20
Saving model with header =  model/moduleKwNoMap-b15-ind-4-24

100 / 12495
200 / 12495
300 / 12495
400 / 12495
500 / 12495
600 / 12495
700 / 12495
800 / 12495
900 / 12495
1000 / 12495
1100 / 12495
1200 / 12495
1300 / 12495
1400 / 12495
1500 / 12495
1600 / 12495
1700 / 12495
1800 / 12495
1900 / 12495
2000 / 12495
2100 / 12495
2200 / 12495
2300 / 12495
2400 / 12495
2500 / 12495
2600 / 12495
2700 / 12495
2800 / 12495
2900 / 12495
3000 / 12495
3100 / 12495
3200 / 12495
3300 / 12495
3400 / 12495
3500 / 12495
3600 / 12495
3700 / 12495
3800 / 12495
3900 / 12495
4000 / 12495
4100 / 12495
4200 / 12495
4300 / 12495
4400 / 12495
4500 / 12495
4600 / 12495
4700 / 12495
4800 / 12495
4900 / 12495
5000 / 12495
5100 / 12495
5200 / 12495
5300 / 12495
5400 / 12495
5500 / 12495
5600 / 12495
5700 / 12495
5800 / 12495
5900 / 12495
6000 / 12495
6100 / 12495
6200 / 12495
6300 / 12495
6400 / 12495
6500 / 12495
6600 / 12495
6700 / 12495
6800 / 12495
6900 / 12495
7000 / 12495
7100 / 12495
7200 / 12495
7300 / 12495
7400 / 12495
7500 / 12495
7600 / 12495
7700 / 12495
7800 / 12495
7900 / 12495
8000 / 12495
8100 / 12495
8200 / 12495
8300 / 12495
8400 / 12495
8500 / 12495
8600 / 12495
8700 / 12495
8800 / 12495
8900 / 12495
9000 / 12495
9100 / 12495
9200 / 12495
9300 / 12495
9400 / 12495
9500 / 12495
9600 / 12495
9700 / 12495
9800 / 12495
9900 / 12495
10000 / 12495
10100 / 12495
10200 / 12495
10300 / 12495
10400 / 12495
10500 / 12495
10600 / 12495
10700 / 12495
10800 / 12495
10900 / 12495
11000 / 12495
11100 / 12495
11200 / 12495
11300 / 12495
11400 / 12495
11500 / 12495
11600 / 12495
11700 / 12495
11800 / 12495
11900 / 12495
12000 / 12495
12100 / 12495
12200 / 12495
12300 / 12495
12400 / 12495
In epoch  25  avg loss (or negative reward) is  0.581824897649
In epoch  25  test reward is 0.408037, test accuracy is 0.343597
Time taken in this epoch 923.331121922
Best Reward: 0.414112 (Accuracy: 0.347996) at epoch 18
Best Accuracy: 0.349951 (Reward: 0.413719) at epoch 20
Saving model with header =  model/moduleKwNoMap-b15-ind-4-25

100 / 12495
200 / 12495
300 / 12495
400 / 12495
500 / 12495
600 / 12495
700 / 12495
800 / 12495
900 / 12495
1000 / 12495
1100 / 12495
1200 / 12495
1300 / 12495
1400 / 12495
1500 / 12495
1600 / 12495
1700 / 12495
1800 / 12495
1900 / 12495
2000 / 12495
2100 / 12495
2200 / 12495
2300 / 12495
2400 / 12495
2500 / 12495
2600 / 12495
2700 / 12495
2800 / 12495
2900 / 12495
3000 / 12495
3100 / 12495
3200 / 12495
3300 / 12495
3400 / 12495
3500 / 12495
3600 / 12495
3700 / 12495
3800 / 12495
3900 / 12495
4000 / 12495
4100 / 12495
4200 / 12495
4300 / 12495
4400 / 12495
4500 / 12495
4600 / 12495
4700 / 12495
4800 / 12495
4900 / 12495
5000 / 12495
5100 / 12495
5200 / 12495
5300 / 12495
5400 / 12495
5500 / 12495
5600 / 12495
5700 / 12495
5800 / 12495
5900 / 12495
6000 / 12495
6100 / 12495
6200 / 12495
6300 / 12495
6400 / 12495
6500 / 12495
6600 / 12495
6700 / 12495
6800 / 12495
6900 / 12495
7000 / 12495
7100 / 12495
7200 / 12495
7300 / 12495
7400 / 12495
7500 / 12495
7600 / 12495
7700 / 12495
7800 / 12495
7900 / 12495
8000 / 12495
8100 / 12495
8200 / 12495
8300 / 12495
8400 / 12495
8500 / 12495
8600 / 12495
8700 / 12495
8800 / 12495
8900 / 12495
9000 / 12495
9100 / 12495
9200 / 12495
9300 / 12495
9400 / 12495
9500 / 12495
9600 / 12495
9700 / 12495
9800 / 12495
9900 / 12495
10000 / 12495
10100 / 12495
10200 / 12495
10300 / 12495
10400 / 12495
10500 / 12495
10600 / 12495
10700 / 12495
10800 / 12495
10900 / 12495
11000 / 12495
11100 / 12495
11200 / 12495
11300 / 12495
11400 / 12495
11500 / 12495
11600 / 12495
11700 / 12495
11800 / 12495
11900 / 12495
12000 / 12495
12100 / 12495
12200 / 12495
12300 / 12495
12400 / 12495
In epoch  26  avg loss (or negative reward) is  0.578807874416
In epoch  26  test reward is 0.409495, test accuracy is 0.344575
Time taken in this epoch 850.93444109
Best Reward: 0.414112 (Accuracy: 0.347996) at epoch 18
Best Accuracy: 0.349951 (Reward: 0.413719) at epoch 20
Saving model with header =  model/moduleKwNoMap-b15-ind-4-26

100 / 12495
200 / 12495
300 / 12495
400 / 12495
500 / 12495
600 / 12495
700 / 12495
800 / 12495
900 / 12495
1000 / 12495
1100 / 12495
1200 / 12495
1300 / 12495
1400 / 12495
1500 / 12495
1600 / 12495
1700 / 12495
1800 / 12495
1900 / 12495
2000 / 12495
2100 / 12495
2200 / 12495
2300 / 12495
2400 / 12495
2500 / 12495
2600 / 12495
2700 / 12495
2800 / 12495
2900 / 12495
3000 / 12495
3100 / 12495
3200 / 12495
3300 / 12495
3400 / 12495
3500 / 12495
3600 / 12495
3700 / 12495
3800 / 12495
3900 / 12495
4000 / 12495
4100 / 12495
4200 / 12495
4300 / 12495
4400 / 12495
4500 / 12495
4600 / 12495
4700 / 12495
4800 / 12495
4900 / 12495
5000 / 12495
5100 / 12495
5200 / 12495
5300 / 12495
5400 / 12495
5500 / 12495
5600 / 12495
5700 / 12495
5800 / 12495
5900 / 12495
6000 / 12495
6100 / 12495
6200 / 12495
6300 / 12495
6400 / 12495
6500 / 12495
6600 / 12495
6700 / 12495
6800 / 12495
6900 / 12495
7000 / 12495
7100 / 12495
7200 / 12495
7300 / 12495
7400 / 12495
7500 / 12495
7600 / 12495
7700 / 12495
7800 / 12495
7900 / 12495
8000 / 12495
8100 / 12495
8200 / 12495
8300 / 12495
8400 / 12495
8500 / 12495
8600 / 12495
8700 / 12495
8800 / 12495
8900 / 12495
9000 / 12495
9100 / 12495
9200 / 12495
9300 / 12495
9400 / 12495
9500 / 12495
9600 / 12495
9700 / 12495
9800 / 12495
9900 / 12495
10000 / 12495
10100 / 12495
10200 / 12495
10300 / 12495
10400 / 12495
10500 / 12495
10600 / 12495
10700 / 12495
10800 / 12495
10900 / 12495
11000 / 12495
11100 / 12495
11200 / 12495
11300 / 12495
11400 / 12495
11500 / 12495
11600 / 12495
11700 / 12495
11800 / 12495
11900 / 12495
12000 / 12495
12100 / 12495
12200 / 12495
12300 / 12495
12400 / 12495
In epoch  27  avg loss (or negative reward) is  0.572872293598
In epoch  27  test reward is 0.408136, test accuracy is 0.343109
Time taken in this epoch 852.147447824
Best Reward: 0.414112 (Accuracy: 0.347996) at epoch 18
Best Accuracy: 0.349951 (Reward: 0.413719) at epoch 20
Saving model with header =  model/moduleKwNoMap-b15-ind-4-27

100 / 12495
200 / 12495
300 / 12495
400 / 12495
500 / 12495
600 / 12495
700 / 12495
800 / 12495
900 / 12495
1000 / 12495
1100 / 12495
1200 / 12495
1300 / 12495
1400 / 12495
1500 / 12495
1600 / 12495
1700 / 12495
1800 / 12495
1900 / 12495
2000 / 12495
2100 / 12495
2200 / 12495
2300 / 12495
2400 / 12495
2500 / 12495
2600 / 12495
2700 / 12495
2800 / 12495
2900 / 12495
3000 / 12495
3100 / 12495
3200 / 12495
3300 / 12495
3400 / 12495
3500 / 12495
3600 / 12495
3700 / 12495
3800 / 12495
3900 / 12495
4000 / 12495
4100 / 12495
4200 / 12495
4300 / 12495
4400 / 12495
4500 / 12495
4600 / 12495
4700 / 12495
4800 / 12495
4900 / 12495
5000 / 12495
5100 / 12495
5200 / 12495
5300 / 12495
5400 / 12495
5500 / 12495
5600 / 12495
5700 / 12495
5800 / 12495
5900 / 12495
6000 / 12495
6100 / 12495
6200 / 12495
6300 / 12495
6400 / 12495
6500 / 12495
6600 / 12495
6700 / 12495
6800 / 12495
6900 / 12495
7000 / 12495
7100 / 12495
7200 / 12495
7300 / 12495
7400 / 12495
7500 / 12495
7600 / 12495
7700 / 12495
7800 / 12495
7900 / 12495
8000 / 12495
8100 / 12495
8200 / 12495
8300 / 12495
8400 / 12495
8500 / 12495
8600 / 12495
8700 / 12495
8800 / 12495
8900 / 12495
9000 / 12495
9100 / 12495
9200 / 12495
9300 / 12495
9400 / 12495
9500 / 12495
9600 / 12495
9700 / 12495
9800 / 12495
9900 / 12495
10000 / 12495
10100 / 12495
10200 / 12495
10300 / 12495
10400 / 12495
10500 / 12495
10600 / 12495
10700 / 12495
10800 / 12495
10900 / 12495
11000 / 12495
11100 / 12495
11200 / 12495
11300 / 12495
11400 / 12495
11500 / 12495
11600 / 12495
11700 / 12495
11800 / 12495
11900 / 12495
12000 / 12495
12100 / 12495
12200 / 12495
12300 / 12495
12400 / 12495
In epoch  28  avg loss (or negative reward) is  0.566674951405
In epoch  28  test reward is 0.410068, test accuracy is 0.345064
Time taken in this epoch 792.410602093
Best Reward: 0.414112 (Accuracy: 0.347996) at epoch 18
Best Accuracy: 0.349951 (Reward: 0.413719) at epoch 20
Saving model with header =  model/moduleKwNoMap-b15-ind-4-28

100 / 12495
200 / 12495
300 / 12495
400 / 12495
500 / 12495
600 / 12495
700 / 12495
800 / 12495
900 / 12495
1000 / 12495
1100 / 12495
1200 / 12495
1300 / 12495
1400 / 12495
1500 / 12495
1600 / 12495
1700 / 12495
1800 / 12495
1900 / 12495
2000 / 12495
2100 / 12495
2200 / 12495
2300 / 12495
2400 / 12495
2500 / 12495
2600 / 12495
2700 / 12495
2800 / 12495
2900 / 12495
3000 / 12495
3100 / 12495
3200 / 12495
3300 / 12495
3400 / 12495
3500 / 12495
3600 / 12495
3700 / 12495
3800 / 12495
3900 / 12495
4000 / 12495
4100 / 12495
4200 / 12495
4300 / 12495
4400 / 12495
4500 / 12495
4600 / 12495
4700 / 12495
4800 / 12495
4900 / 12495
5000 / 12495
5100 / 12495
5200 / 12495
5300 / 12495
5400 / 12495
5500 / 12495
5600 / 12495
5700 / 12495
5800 / 12495
5900 / 12495
6000 / 12495
6100 / 12495
6200 / 12495
6300 / 12495
6400 / 12495
6500 / 12495
6600 / 12495
6700 / 12495
6800 / 12495
6900 / 12495
7000 / 12495
7100 / 12495
7200 / 12495
7300 / 12495
7400 / 12495
7500 / 12495
7600 / 12495
7700 / 12495
7800 / 12495
7900 / 12495
8000 / 12495
8100 / 12495
8200 / 12495
8300 / 12495
8400 / 12495
8500 / 12495
8600 / 12495
8700 / 12495
8800 / 12495
8900 / 12495
9000 / 12495
9100 / 12495
9200 / 12495
9300 / 12495
9400 / 12495
9500 / 12495
9600 / 12495
9700 / 12495
9800 / 12495
9900 / 12495
10000 / 12495
10100 / 12495
10200 / 12495
10300 / 12495
10400 / 12495
10500 / 12495
10600 / 12495
10700 / 12495
10800 / 12495
10900 / 12495
11000 / 12495
11100 / 12495
11200 / 12495
11300 / 12495
11400 / 12495
11500 / 12495
11600 / 12495
11700 / 12495
11800 / 12495
11900 / 12495
12000 / 12495
12100 / 12495
12200 / 12495
12300 / 12495
12400 / 12495
In epoch  29  avg loss (or negative reward) is  0.562265569038
In epoch  29  test reward is 0.405407, test accuracy is 0.339687
Time taken in this epoch 800.837559938
Best Reward: 0.414112 (Accuracy: 0.347996) at epoch 18
Best Accuracy: 0.349951 (Reward: 0.413719) at epoch 20
Saving model with header =  model/moduleKwNoMap-b15-ind-4-29

