[dynet] random seed: 1
[dynet] allocating memory: 2000MB
[dynet] memory allocation done.
Full Train/Test splits...
================================================================================
Train /home/scottyih/Neural-RL-SP/data/train.tsv
Test /home/scottyih/Neural-RL-SP/data/test.tsv
{u'partial_reward': True, u'USE_PRETRAIN_WORD_EMBEDDING': True, u'AnnotatedTableDir': u'/home/scottyih/Neural-RL-SP/Arvind_data/annotated', u'updateEMB': 0, u'DropOut': True, u'ReduceRowCond': False, u'record_path': u'./cache//glove.6b.100d.trie', u'NUM_ITER': 30, u'guessLogPass': False, u'beam_size': 15, u'recordtriesep': u'|', u'recordtriestructure': u'<ffffffffffffffffffffffffffffffffffffffffffffffffffffffffffffffffffffffffffffffffffffffffffffffffffff', u'WORD_EMBEDDING_DIM': 100, u'DIST_BIAS_DIM': 100, u'dirTable': u'file:///D:/ScottYih/Source/Repos/Neural-RL-SP/data', u'LSTM_HIDDEN_DIM': 50, u'embeddingtrie': <marisa_trie.RecordTrie object at 0x7f16586e9d70>, u'verbose-dump': False}
>>>>>>>> begin experiments
Warning: /home/scottyih/Neural-RL-SP/Arvind_data/annotated/203-annotated/855.annotated is not complete!
Warning: /home/scottyih/Neural-RL-SP/Arvind_data/annotated/203-annotated/855.annotated is not complete!
Warning: /home/scottyih/Neural-RL-SP/Arvind_data/annotated/203-annotated/855.annotated is not complete!
Warning: /home/scottyih/Neural-RL-SP/Arvind_data/annotated/203-annotated/855.annotated is not complete!
Warning: /home/scottyih/Neural-RL-SP/Arvind_data/annotated/203-annotated/855.annotated is not complete!
Warning: /home/scottyih/Neural-RL-SP/Arvind_data/annotated/203-annotated/855.annotated is not complete!
Warning: /home/scottyih/Neural-RL-SP/Arvind_data/annotated/203-annotated/855.annotated is not complete!
Warning: /home/scottyih/Neural-RL-SP/Arvind_data/annotated/203-annotated/855.annotated is not complete!
Warning: /home/scottyih/Neural-RL-SP/Arvind_data/annotated/204-annotated/74.annotated is not complete!
Warning: /home/scottyih/Neural-RL-SP/Arvind_data/annotated/204-annotated/74.annotated is not complete!
Warning: /home/scottyih/Neural-RL-SP/Arvind_data/annotated/204-annotated/74.annotated is not complete!
Warning: /home/scottyih/Neural-RL-SP/Arvind_data/annotated/204-annotated/74.annotated is not complete!
Warning: /home/scottyih/Neural-RL-SP/Arvind_data/annotated/204-annotated/74.annotated is not complete!
Warning: /home/scottyih/Neural-RL-SP/Arvind_data/annotated/204-annotated/74.annotated is not complete!
Warning: /home/scottyih/Neural-RL-SP/Arvind_data/annotated/204-annotated/74.annotated is not complete!
Warning: /home/scottyih/Neural-RL-SP/Arvind_data/annotated/204-annotated/74.annotated is not complete!
Warning: /home/scottyih/Neural-RL-SP/Arvind_data/annotated/204-annotated/74.annotated is not complete!
Warning: /home/scottyih/Neural-RL-SP/Arvind_data/annotated/204-annotated/74.annotated is not complete!
Warning: /home/scottyih/Neural-RL-SP/Arvind_data/annotated/204-annotated/74.annotated is not complete!
Warning: /home/scottyih/Neural-RL-SP/Arvind_data/annotated/204-annotated/546.annotated is not complete!
Warning: /home/scottyih/Neural-RL-SP/Arvind_data/annotated/204-annotated/546.annotated is not complete!
Warning: /home/scottyih/Neural-RL-SP/Arvind_data/annotated/204-annotated/546.annotated is not complete!
Warning: /home/scottyih/Neural-RL-SP/Arvind_data/annotated/204-annotated/546.annotated is not complete!
Warning: /home/scottyih/Neural-RL-SP/Arvind_data/annotated/204-annotated/546.annotated is not complete!
Warning: /home/scottyih/Neural-RL-SP/Arvind_data/annotated/204-annotated/546.annotated is not complete!
Warning: /home/scottyih/Neural-RL-SP/Arvind_data/annotated/204-annotated/546.annotated is not complete!
Warning: /home/scottyih/Neural-RL-SP/Arvind_data/annotated/204-annotated/546.annotated is not complete!
Warning: /home/scottyih/Neural-RL-SP/Arvind_data/annotated/204-annotated/546.annotated is not complete!
Warning: /home/scottyih/Neural-RL-SP/Arvind_data/annotated/204-annotated/546.annotated is not complete!
Warning: /home/scottyih/Neural-RL-SP/Arvind_data/annotated/204-annotated/309.annotated is not complete!
Warning: /home/scottyih/Neural-RL-SP/Arvind_data/annotated/204-annotated/309.annotated is not complete!
Warning: /home/scottyih/Neural-RL-SP/Arvind_data/annotated/204-annotated/309.annotated is not complete!
Warning: /home/scottyih/Neural-RL-SP/Arvind_data/annotated/204-annotated/309.annotated is not complete!
Warning: /home/scottyih/Neural-RL-SP/Arvind_data/annotated/204-annotated/309.annotated is not complete!
Warning: /home/scottyih/Neural-RL-SP/Arvind_data/annotated/204-annotated/309.annotated is not complete!
Warning: /home/scottyih/Neural-RL-SP/Arvind_data/annotated/204-annotated/309.annotated is not complete!
Warning: /home/scottyih/Neural-RL-SP/Arvind_data/annotated/203-annotated/803.annotated is not complete!
Warning: /home/scottyih/Neural-RL-SP/Arvind_data/annotated/203-annotated/803.annotated is not complete!
Warning: /home/scottyih/Neural-RL-SP/Arvind_data/annotated/203-annotated/803.annotated is not complete!
Warning: /home/scottyih/Neural-RL-SP/Arvind_data/annotated/203-annotated/803.annotated is not complete!
Warning: /home/scottyih/Neural-RL-SP/Arvind_data/annotated/203-annotated/803.annotated is not complete!
Warning: /home/scottyih/Neural-RL-SP/Arvind_data/annotated/203-annotated/803.annotated is not complete!
Warning: /home/scottyih/Neural-RL-SP/Arvind_data/annotated/203-annotated/803.annotated is not complete!
Warning: /home/scottyih/Neural-RL-SP/Arvind_data/annotated/203-annotated/803.annotated is not complete!
Warning: /home/scottyih/Neural-RL-SP/Arvind_data/annotated/204-annotated/309.annotated is not complete!
Warning: /home/scottyih/Neural-RL-SP/Arvind_data/annotated/204-annotated/309.annotated is not complete!
Warning: /home/scottyih/Neural-RL-SP/Arvind_data/annotated/204-annotated/309.annotated is not complete!
Warning: /home/scottyih/Neural-RL-SP/Arvind_data/annotated/204-annotated/309.annotated is not complete!
Warning: /home/scottyih/Neural-RL-SP/Arvind_data/annotated/204-annotated/309.annotated is not complete!
Warning: /home/scottyih/Neural-RL-SP/Arvind_data/annotated/204-annotated/309.annotated is not complete!
Warning: /home/scottyih/Neural-RL-SP/Arvind_data/annotated/204-annotated/309.annotated is not complete!
Warning: /home/scottyih/Neural-RL-SP/Arvind_data/annotated/204-annotated/309.annotated is not complete!
Warning: /home/scottyih/Neural-RL-SP/Arvind_data/annotated/204-annotated/309.annotated is not complete!
Warning: /home/scottyih/Neural-RL-SP/Arvind_data/annotated/204-annotated/309.annotated is not complete!
Warning: /home/scottyih/Neural-RL-SP/Arvind_data/annotated/203-annotated/803.annotated is not complete!
Warning: /home/scottyih/Neural-RL-SP/Arvind_data/annotated/203-annotated/803.annotated is not complete!
Warning: /home/scottyih/Neural-RL-SP/Arvind_data/annotated/203-annotated/803.annotated is not complete!
Warning: /home/scottyih/Neural-RL-SP/Arvind_data/annotated/203-annotated/803.annotated is not complete!
Warning: /home/scottyih/Neural-RL-SP/Arvind_data/annotated/203-annotated/803.annotated is not complete!
Warning: /home/scottyih/Neural-RL-SP/Arvind_data/annotated/203-annotated/803.annotated is not complete!
Warning: /home/scottyih/Neural-RL-SP/Arvind_data/annotated/203-annotated/803.annotated is not complete!
Warning: /home/scottyih/Neural-RL-SP/Arvind_data/annotated/203-annotated/803.annotated is not complete!
Warning: /home/scottyih/Neural-RL-SP/Arvind_data/annotated/203-annotated/803.annotated is not complete!
Warning: /home/scottyih/Neural-RL-SP/Arvind_data/annotated/203-annotated/803.annotated is not complete!
Warning: /home/scottyih/Neural-RL-SP/Arvind_data/annotated/203-annotated/803.annotated is not complete!
Warning: /home/scottyih/Neural-RL-SP/Arvind_data/annotated/204-annotated/309.annotated is not complete!
Warning: /home/scottyih/Neural-RL-SP/Arvind_data/annotated/204-annotated/309.annotated is not complete!
Warning: /home/scottyih/Neural-RL-SP/Arvind_data/annotated/204-annotated/309.annotated is not complete!
Warning: /home/scottyih/Neural-RL-SP/Arvind_data/annotated/204-annotated/309.annotated is not complete!
Warning: /home/scottyih/Neural-RL-SP/Arvind_data/annotated/204-annotated/309.annotated is not complete!
Warning: /home/scottyih/Neural-RL-SP/Arvind_data/annotated/204-annotated/309.annotated is not complete!
Warning: /home/scottyih/Neural-RL-SP/Arvind_data/annotated/204-annotated/309.annotated is not complete!
Warning: /home/scottyih/Neural-RL-SP/Arvind_data/annotated/204-annotated/309.annotated is not complete!
Warning: /home/scottyih/Neural-RL-SP/Arvind_data/annotated/204-annotated/309.annotated is not complete!
Warning: /home/scottyih/Neural-RL-SP/Arvind_data/annotated/204-annotated/309.annotated is not complete!
Warning: /home/scottyih/Neural-RL-SP/Arvind_data/annotated/204-annotated/309.annotated is not complete!
Warning: /home/scottyih/Neural-RL-SP/Arvind_data/annotated/204-annotated/309.annotated is not complete!
Warning: /home/scottyih/Neural-RL-SP/Arvind_data/annotated/204-annotated/309.annotated is not complete!
Warning: /home/scottyih/Neural-RL-SP/Arvind_data/annotated/204-annotated/309.annotated is not complete!
Warning: /home/scottyih/Neural-RL-SP/Arvind_data/annotated/204-annotated/309.annotated is not complete!
Warning: /home/scottyih/Neural-RL-SP/Arvind_data/annotated/204-annotated/51.annotated is not complete!
Warning: /home/scottyih/Neural-RL-SP/Arvind_data/annotated/204-annotated/51.annotated is not complete!
Warning: /home/scottyih/Neural-RL-SP/Arvind_data/annotated/204-annotated/51.annotated is not complete!
Warning: /home/scottyih/Neural-RL-SP/Arvind_data/annotated/204-annotated/51.annotated is not complete!
Warning: /home/scottyih/Neural-RL-SP/Arvind_data/annotated/204-annotated/51.annotated is not complete!
Warning: /home/scottyih/Neural-RL-SP/Arvind_data/annotated/204-annotated/51.annotated is not complete!
Warning: /home/scottyih/Neural-RL-SP/Arvind_data/annotated/204-annotated/51.annotated is not complete!
Warning: /home/scottyih/Neural-RL-SP/Arvind_data/annotated/204-annotated/51.annotated is not complete!
Warning: /home/scottyih/Neural-RL-SP/Arvind_data/annotated/204-annotated/51.annotated is not complete!
Warning: /home/scottyih/Neural-RL-SP/Arvind_data/annotated/204-annotated/51.annotated is not complete!
Warning: /home/scottyih/Neural-RL-SP/Arvind_data/annotated/203-annotated/803.annotated is not complete!
Warning: /home/scottyih/Neural-RL-SP/Arvind_data/annotated/203-annotated/803.annotated is not complete!
Warning: /home/scottyih/Neural-RL-SP/Arvind_data/annotated/203-annotated/803.annotated is not complete!
Warning: /home/scottyih/Neural-RL-SP/Arvind_data/annotated/203-annotated/803.annotated is not complete!
Warning: /home/scottyih/Neural-RL-SP/Arvind_data/annotated/203-annotated/803.annotated is not complete!
Warning: /home/scottyih/Neural-RL-SP/Arvind_data/annotated/203-annotated/803.annotated is not complete!
Warning: /home/scottyih/Neural-RL-SP/Arvind_data/annotated/203-annotated/803.annotated is not complete!
Warning: /home/scottyih/Neural-RL-SP/Arvind_data/annotated/203-annotated/803.annotated is not complete!
Warning: /home/scottyih/Neural-RL-SP/Arvind_data/annotated/203-annotated/803.annotated is not complete!
Warning: /home/scottyih/Neural-RL-SP/Arvind_data/annotated/203-annotated/803.annotated is not complete!
Warning: /home/scottyih/Neural-RL-SP/Arvind_data/annotated/203-annotated/325.annotated is not complete!
Warning: /home/scottyih/Neural-RL-SP/Arvind_data/annotated/203-annotated/325.annotated is not complete!
Warning: /home/scottyih/Neural-RL-SP/Arvind_data/annotated/203-annotated/325.annotated is not complete!
Warning: /home/scottyih/Neural-RL-SP/Arvind_data/annotated/203-annotated/325.annotated is not complete!
Warning: /home/scottyih/Neural-RL-SP/Arvind_data/annotated/203-annotated/325.annotated is not complete!
Warning: /home/scottyih/Neural-RL-SP/Arvind_data/annotated/203-annotated/325.annotated is not complete!
Warning: /home/scottyih/Neural-RL-SP/Arvind_data/annotated/203-annotated/190.annotated is not complete!
Warning: /home/scottyih/Neural-RL-SP/Arvind_data/annotated/203-annotated/190.annotated is not complete!
Warning: /home/scottyih/Neural-RL-SP/Arvind_data/annotated/203-annotated/190.annotated is not complete!
Warning: /home/scottyih/Neural-RL-SP/Arvind_data/annotated/203-annotated/190.annotated is not complete!
Warning: /home/scottyih/Neural-RL-SP/Arvind_data/annotated/203-annotated/190.annotated is not complete!
Warning: /home/scottyih/Neural-RL-SP/Arvind_data/annotated/203-annotated/190.annotated is not complete!
Warning: /home/scottyih/Neural-RL-SP/Arvind_data/annotated/203-annotated/190.annotated is not complete!
Warning: /home/scottyih/Neural-RL-SP/Arvind_data/annotated/203-annotated/190.annotated is not complete!
Warning: /home/scottyih/Neural-RL-SP/Arvind_data/annotated/203-annotated/32.annotated is not complete!
Warning: /home/scottyih/Neural-RL-SP/Arvind_data/annotated/203-annotated/32.annotated is not complete!
Warning: /home/scottyih/Neural-RL-SP/Arvind_data/annotated/203-annotated/32.annotated is not complete!
Warning: /home/scottyih/Neural-RL-SP/Arvind_data/annotated/203-annotated/32.annotated is not complete!
Warning: /home/scottyih/Neural-RL-SP/Arvind_data/annotated/203-annotated/32.annotated is not complete!
Warning: /home/scottyih/Neural-RL-SP/Arvind_data/annotated/203-annotated/32.annotated is not complete!
Warning: /home/scottyih/Neural-RL-SP/Arvind_data/annotated/203-annotated/32.annotated is not complete!
Warning: /home/scottyih/Neural-RL-SP/Arvind_data/annotated/203-annotated/32.annotated is not complete!
Warning: /home/scottyih/Neural-RL-SP/Arvind_data/annotated/203-annotated/32.annotated is not complete!
Warning: /home/scottyih/Neural-RL-SP/Arvind_data/annotated/203-annotated/32.annotated is not complete!
Warning: /home/scottyih/Neural-RL-SP/Arvind_data/annotated/203-annotated/32.annotated is not complete!
Warning: /home/scottyih/Neural-RL-SP/Arvind_data/annotated/203-annotated/32.annotated is not complete!
Warning: /home/scottyih/Neural-RL-SP/Arvind_data/annotated/203-annotated/32.annotated is not complete!
Warning: /home/scottyih/Neural-RL-SP/Arvind_data/annotated/203-annotated/32.annotated is not complete!
Warning: /home/scottyih/Neural-RL-SP/Arvind_data/annotated/203-annotated/32.annotated is not complete!
Warning: /home/scottyih/Neural-RL-SP/Arvind_data/annotated/203-annotated/32.annotated is not complete!
Warning: /home/scottyih/Neural-RL-SP/Arvind_data/annotated/203-annotated/32.annotated is not complete!
Warning: /home/scottyih/Neural-RL-SP/Arvind_data/annotated/203-annotated/32.annotated is not complete!
Warning: /home/scottyih/Neural-RL-SP/Arvind_data/annotated/203-annotated/32.annotated is not complete!
Warning: /home/scottyih/Neural-RL-SP/Arvind_data/annotated/203-annotated/32.annotated is not complete!
Warning: /home/scottyih/Neural-RL-SP/Arvind_data/annotated/203-annotated/32.annotated is not complete!
init vw = 37371 words
beginning to load embeddings....
the number of words that are in pretrain 25632.0 37371 0.685879425223
loading complete!
100 / 14541
200 / 14541
300 / 14541
400 / 14541
500 / 14541
600 / 14541
700 / 14541
800 / 14541
900 / 14541
1000 / 14541
1100 / 14541
1200 / 14541
1300 / 14541
1400 / 14541
1500 / 14541
1600 / 14541
1700 / 14541
1800 / 14541
1900 / 14541
2000 / 14541
2100 / 14541
2200 / 14541
2300 / 14541
2400 / 14541
2500 / 14541
2600 / 14541
2700 / 14541
2800 / 14541
2900 / 14541
3000 / 14541
3100 / 14541
3200 / 14541
3300 / 14541
3400 / 14541
3500 / 14541
3600 / 14541
3700 / 14541
3800 / 14541
3900 / 14541
4000 / 14541
4100 / 14541
4200 / 14541
4300 / 14541
4400 / 14541
4500 / 14541
4600 / 14541
4700 / 14541
4800 / 14541
4900 / 14541
5000 / 14541
5100 / 14541
5200 / 14541
5300 / 14541
5400 / 14541
5500 / 14541
5600 / 14541
5700 / 14541
5800 / 14541
5900 / 14541
6000 / 14541
6100 / 14541
6200 / 14541
6300 / 14541
6400 / 14541
6500 / 14541
6600 / 14541
6700 / 14541
6800 / 14541
6900 / 14541
7000 / 14541
7100 / 14541
7200 / 14541
7300 / 14541
7400 / 14541
7500 / 14541
7600 / 14541
7700 / 14541
7800 / 14541
7900 / 14541
8000 / 14541
8100 / 14541
8200 / 14541
8300 / 14541
8400 / 14541
8500 / 14541
8600 / 14541
8700 / 14541
8800 / 14541
8900 / 14541
9000 / 14541
9100 / 14541
9200 / 14541
9300 / 14541
9400 / 14541
9500 / 14541
9600 / 14541
9700 / 14541
9800 / 14541
9900 / 14541
10000 / 14541
10100 / 14541
10200 / 14541
10300 / 14541
10400 / 14541
10500 / 14541
10600 / 14541
10700 / 14541
10800 / 14541
10900 / 14541
11000 / 14541
11100 / 14541
11200 / 14541
11300 / 14541
11400 / 14541
11500 / 14541
11600 / 14541
11700 / 14541
11800 / 14541
11900 / 14541
12000 / 14541
12100 / 14541
12200 / 14541
12300 / 14541
12400 / 14541
12500 / 14541
12600 / 14541
12700 / 14541
12800 / 14541
12900 / 14541
13000 / 14541
13100 / 14541
13200 / 14541
13300 / 14541
13400 / 14541
13500 / 14541
13600 / 14541
13700 / 14541
13800 / 14541
13900 / 14541
14000 / 14541
14100 / 14541
14200 / 14541
14300 / 14541
14400 / 14541
14500 / 14541
In epoch  0  avg loss (or negative reward) is  0.926000571
In epoch  0  test reward is 0.383657, test accuracy is 0.336321
Time taken in this epoch 898.701355934
Best Reward: 0.383657 (Accuracy: 0.336321) at epoch 0
Best Accuracy: 0.336321 (Reward: 0.383657) at epoch 0
Saving model with header =  model/moduleKwNoMap-b15-ind-0-0

100 / 14541
200 / 14541
300 / 14541
400 / 14541
500 / 14541
600 / 14541
700 / 14541
800 / 14541
900 / 14541
1000 / 14541
1100 / 14541
1200 / 14541
1300 / 14541
1400 / 14541
1500 / 14541
1600 / 14541
1700 / 14541
1800 / 14541
1900 / 14541
2000 / 14541
2100 / 14541
2200 / 14541
2300 / 14541
2400 / 14541
2500 / 14541
2600 / 14541
2700 / 14541
2800 / 14541
2900 / 14541
3000 / 14541
3100 / 14541
3200 / 14541
3300 / 14541
3400 / 14541
3500 / 14541
3600 / 14541
3700 / 14541
3800 / 14541
3900 / 14541
4000 / 14541
4100 / 14541
4200 / 14541
4300 / 14541
4400 / 14541
4500 / 14541
4600 / 14541
4700 / 14541
4800 / 14541
4900 / 14541
5000 / 14541
5100 / 14541
5200 / 14541
5300 / 14541
5400 / 14541
5500 / 14541
5600 / 14541
5700 / 14541
5800 / 14541
5900 / 14541
6000 / 14541
6100 / 14541
6200 / 14541
6300 / 14541
6400 / 14541
6500 / 14541
6600 / 14541
6700 / 14541
6800 / 14541
6900 / 14541
7000 / 14541
7100 / 14541
7200 / 14541
7300 / 14541
7400 / 14541
7500 / 14541
7600 / 14541
7700 / 14541
7800 / 14541
7900 / 14541
8000 / 14541
8100 / 14541
8200 / 14541
8300 / 14541
8400 / 14541
8500 / 14541
8600 / 14541
8700 / 14541
8800 / 14541
8900 / 14541
9000 / 14541
9100 / 14541
9200 / 14541
9300 / 14541
9400 / 14541
9500 / 14541
9600 / 14541
9700 / 14541
9800 / 14541
9900 / 14541
10000 / 14541
10100 / 14541
10200 / 14541
10300 / 14541
10400 / 14541
10500 / 14541
10600 / 14541
10700 / 14541
10800 / 14541
10900 / 14541
11000 / 14541
11100 / 14541
11200 / 14541
11300 / 14541
11400 / 14541
11500 / 14541
11600 / 14541
11700 / 14541
11800 / 14541
11900 / 14541
12000 / 14541
12100 / 14541
12200 / 14541
12300 / 14541
12400 / 14541
12500 / 14541
12600 / 14541
12700 / 14541
12800 / 14541
12900 / 14541
13000 / 14541
13100 / 14541
13200 / 14541
13300 / 14541
13400 / 14541
13500 / 14541
13600 / 14541
13700 / 14541
13800 / 14541
13900 / 14541
14000 / 14541
14100 / 14541
14200 / 14541
14300 / 14541
14400 / 14541
14500 / 14541
In epoch  1  avg loss (or negative reward) is  0.86329673005
In epoch  1  test reward is 0.422998, test accuracy is 0.375498
Time taken in this epoch 915.895379066
Best Reward: 0.422998 (Accuracy: 0.375498) at epoch 1
Best Accuracy: 0.375498 (Reward: 0.422998) at epoch 1
Saving model with header =  model/moduleKwNoMap-b15-ind-0-1

100 / 14541
200 / 14541
300 / 14541
400 / 14541
500 / 14541
600 / 14541
700 / 14541
800 / 14541
900 / 14541
1000 / 14541
1100 / 14541
1200 / 14541
1300 / 14541
1400 / 14541
1500 / 14541
1600 / 14541
1700 / 14541
1800 / 14541
1900 / 14541
2000 / 14541
2100 / 14541
2200 / 14541
2300 / 14541
2400 / 14541
2500 / 14541
2600 / 14541
2700 / 14541
2800 / 14541
2900 / 14541
3000 / 14541
3100 / 14541
3200 / 14541
3300 / 14541
3400 / 14541
3500 / 14541
3600 / 14541
3700 / 14541
3800 / 14541
3900 / 14541
4000 / 14541
4100 / 14541
4200 / 14541
4300 / 14541
4400 / 14541
4500 / 14541
4600 / 14541
4700 / 14541
4800 / 14541
4900 / 14541
5000 / 14541
5100 / 14541
5200 / 14541
5300 / 14541
5400 / 14541
5500 / 14541
5600 / 14541
5700 / 14541
5800 / 14541
5900 / 14541
6000 / 14541
6100 / 14541
6200 / 14541
6300 / 14541
6400 / 14541
6500 / 14541
6600 / 14541
6700 / 14541
6800 / 14541
6900 / 14541
7000 / 14541
7100 / 14541
7200 / 14541
7300 / 14541
7400 / 14541
7500 / 14541
7600 / 14541
7700 / 14541
7800 / 14541
7900 / 14541
8000 / 14541
8100 / 14541
8200 / 14541
8300 / 14541
8400 / 14541
8500 / 14541
8600 / 14541
8700 / 14541
8800 / 14541
8900 / 14541
9000 / 14541
9100 / 14541
9200 / 14541
9300 / 14541
9400 / 14541
9500 / 14541
9600 / 14541
9700 / 14541
9800 / 14541
9900 / 14541
10000 / 14541
10100 / 14541
10200 / 14541
10300 / 14541
10400 / 14541
10500 / 14541
10600 / 14541
10700 / 14541
10800 / 14541
10900 / 14541
11000 / 14541
11100 / 14541
11200 / 14541
11300 / 14541
11400 / 14541
11500 / 14541
11600 / 14541
11700 / 14541
11800 / 14541
11900 / 14541
12000 / 14541
12100 / 14541
12200 / 14541
12300 / 14541
12400 / 14541
12500 / 14541
12600 / 14541
12700 / 14541
12800 / 14541
12900 / 14541
13000 / 14541
13100 / 14541
13200 / 14541
13300 / 14541
13400 / 14541
13500 / 14541
13600 / 14541
13700 / 14541
13800 / 14541
13900 / 14541
14000 / 14541
14100 / 14541
14200 / 14541
14300 / 14541
14400 / 14541
14500 / 14541
In epoch  2  avg loss (or negative reward) is  0.824566446524
In epoch  2  test reward is 0.419217, test accuracy is 0.367862
Time taken in this epoch 893.131509066
Best Reward: 0.422998 (Accuracy: 0.375498) at epoch 1
Best Accuracy: 0.375498 (Reward: 0.422998) at epoch 1
Saving model with header =  model/moduleKwNoMap-b15-ind-0-2

100 / 14541
200 / 14541
300 / 14541
400 / 14541
500 / 14541
600 / 14541
700 / 14541
800 / 14541
900 / 14541
1000 / 14541
1100 / 14541
1200 / 14541
1300 / 14541
1400 / 14541
1500 / 14541
1600 / 14541
1700 / 14541
1800 / 14541
1900 / 14541
2000 / 14541
2100 / 14541
2200 / 14541
2300 / 14541
2400 / 14541
2500 / 14541
2600 / 14541
2700 / 14541
2800 / 14541
2900 / 14541
3000 / 14541
3100 / 14541
3200 / 14541
3300 / 14541
3400 / 14541
3500 / 14541
3600 / 14541
3700 / 14541
3800 / 14541
3900 / 14541
4000 / 14541
4100 / 14541
4200 / 14541
4300 / 14541
4400 / 14541
4500 / 14541
4600 / 14541
4700 / 14541
4800 / 14541
4900 / 14541
5000 / 14541
5100 / 14541
5200 / 14541
5300 / 14541
5400 / 14541
5500 / 14541
5600 / 14541
5700 / 14541
5800 / 14541
5900 / 14541
6000 / 14541
6100 / 14541
6200 / 14541
6300 / 14541
6400 / 14541
6500 / 14541
6600 / 14541
6700 / 14541
6800 / 14541
6900 / 14541
7000 / 14541
7100 / 14541
7200 / 14541
7300 / 14541
7400 / 14541
7500 / 14541
7600 / 14541
7700 / 14541
7800 / 14541
7900 / 14541
8000 / 14541
8100 / 14541
8200 / 14541
8300 / 14541
8400 / 14541
8500 / 14541
8600 / 14541
8700 / 14541
8800 / 14541
8900 / 14541
9000 / 14541
9100 / 14541
9200 / 14541
9300 / 14541
9400 / 14541
9500 / 14541
9600 / 14541
9700 / 14541
9800 / 14541
9900 / 14541
10000 / 14541
10100 / 14541
10200 / 14541
10300 / 14541
10400 / 14541
10500 / 14541
10600 / 14541
10700 / 14541
10800 / 14541
10900 / 14541
11000 / 14541
11100 / 14541
11200 / 14541
11300 / 14541
11400 / 14541
11500 / 14541
11600 / 14541
11700 / 14541
11800 / 14541
11900 / 14541
12000 / 14541
12100 / 14541
12200 / 14541
12300 / 14541
12400 / 14541
12500 / 14541
12600 / 14541
12700 / 14541
12800 / 14541
12900 / 14541
13000 / 14541
13100 / 14541
13200 / 14541
13300 / 14541
13400 / 14541
13500 / 14541
13600 / 14541
13700 / 14541
13800 / 14541
13900 / 14541
14000 / 14541
14100 / 14541
14200 / 14541
14300 / 14541
14400 / 14541
14500 / 14541
In epoch  3  avg loss (or negative reward) is  0.793695668413
In epoch  3  test reward is 0.441931, test accuracy is 0.394754
Time taken in this epoch 879.329530954
Best Reward: 0.441931 (Accuracy: 0.394754) at epoch 3
Best Accuracy: 0.394754 (Reward: 0.441931) at epoch 3
Saving model with header =  model/moduleKwNoMap-b15-ind-0-3

100 / 14541
200 / 14541
300 / 14541
400 / 14541
500 / 14541
600 / 14541
700 / 14541
800 / 14541
900 / 14541
1000 / 14541
1100 / 14541
1200 / 14541
1300 / 14541
1400 / 14541
1500 / 14541
1600 / 14541
1700 / 14541
1800 / 14541
1900 / 14541
2000 / 14541
2100 / 14541
2200 / 14541
2300 / 14541
2400 / 14541
2500 / 14541
2600 / 14541
2700 / 14541
2800 / 14541
2900 / 14541
3000 / 14541
3100 / 14541
3200 / 14541
3300 / 14541
3400 / 14541
3500 / 14541
3600 / 14541
3700 / 14541
3800 / 14541
3900 / 14541
4000 / 14541
4100 / 14541
4200 / 14541
4300 / 14541
4400 / 14541
4500 / 14541
4600 / 14541
4700 / 14541
4800 / 14541
4900 / 14541
5000 / 14541
5100 / 14541
5200 / 14541
5300 / 14541
5400 / 14541
5500 / 14541
5600 / 14541
5700 / 14541
5800 / 14541
5900 / 14541
6000 / 14541
6100 / 14541
6200 / 14541
6300 / 14541
6400 / 14541
6500 / 14541
6600 / 14541
6700 / 14541
6800 / 14541
6900 / 14541
7000 / 14541
7100 / 14541
7200 / 14541
7300 / 14541
7400 / 14541
7500 / 14541
7600 / 14541
7700 / 14541
7800 / 14541
7900 / 14541
8000 / 14541
8100 / 14541
8200 / 14541
8300 / 14541
8400 / 14541
8500 / 14541
8600 / 14541
8700 / 14541
8800 / 14541
8900 / 14541
9000 / 14541
9100 / 14541
9200 / 14541
9300 / 14541
9400 / 14541
9500 / 14541
9600 / 14541
9700 / 14541
9800 / 14541
9900 / 14541
10000 / 14541
10100 / 14541
10200 / 14541
10300 / 14541
10400 / 14541
10500 / 14541
10600 / 14541
10700 / 14541
10800 / 14541
10900 / 14541
11000 / 14541
11100 / 14541
11200 / 14541
11300 / 14541
11400 / 14541
11500 / 14541
11600 / 14541
11700 / 14541
11800 / 14541
11900 / 14541
12000 / 14541
12100 / 14541
12200 / 14541
12300 / 14541
12400 / 14541
12500 / 14541
12600 / 14541
12700 / 14541
12800 / 14541
12900 / 14541
13000 / 14541
13100 / 14541
13200 / 14541
13300 / 14541
13400 / 14541
13500 / 14541
13600 / 14541
13700 / 14541
13800 / 14541
13900 / 14541
14000 / 14541
14100 / 14541
14200 / 14541
14300 / 14541
14400 / 14541
14500 / 14541
In epoch  4  avg loss (or negative reward) is  0.770174612676
In epoch  4  test reward is 0.445628, test accuracy is 0.398074
Time taken in this epoch 889.459139109
Best Reward: 0.445628 (Accuracy: 0.398074) at epoch 4
Best Accuracy: 0.398074 (Reward: 0.445628) at epoch 4
Saving model with header =  model/moduleKwNoMap-b15-ind-0-4

100 / 14541
200 / 14541
300 / 14541
400 / 14541
500 / 14541
600 / 14541
700 / 14541
800 / 14541
900 / 14541
1000 / 14541
1100 / 14541
1200 / 14541
1300 / 14541
1400 / 14541
1500 / 14541
1600 / 14541
1700 / 14541
1800 / 14541
1900 / 14541
2000 / 14541
2100 / 14541
2200 / 14541
2300 / 14541
2400 / 14541
2500 / 14541
2600 / 14541
2700 / 14541
2800 / 14541
2900 / 14541
3000 / 14541
3100 / 14541
3200 / 14541
3300 / 14541
3400 / 14541
3500 / 14541
3600 / 14541
3700 / 14541
3800 / 14541
3900 / 14541
4000 / 14541
4100 / 14541
4200 / 14541
4300 / 14541
4400 / 14541
4500 / 14541
4600 / 14541
4700 / 14541
4800 / 14541
4900 / 14541
5000 / 14541
5100 / 14541
5200 / 14541
5300 / 14541
5400 / 14541
5500 / 14541
5600 / 14541
5700 / 14541
5800 / 14541
5900 / 14541
6000 / 14541
6100 / 14541
6200 / 14541
6300 / 14541
6400 / 14541
6500 / 14541
6600 / 14541
6700 / 14541
6800 / 14541
6900 / 14541
7000 / 14541
7100 / 14541
7200 / 14541
7300 / 14541
7400 / 14541
7500 / 14541
7600 / 14541
7700 / 14541
7800 / 14541
7900 / 14541
8000 / 14541
8100 / 14541
8200 / 14541
8300 / 14541
8400 / 14541
8500 / 14541
8600 / 14541
8700 / 14541
8800 / 14541
8900 / 14541
9000 / 14541
9100 / 14541
9200 / 14541
9300 / 14541
9400 / 14541
9500 / 14541
9600 / 14541
9700 / 14541
9800 / 14541
9900 / 14541
10000 / 14541
10100 / 14541
10200 / 14541
10300 / 14541
10400 / 14541
10500 / 14541
10600 / 14541
10700 / 14541
10800 / 14541
10900 / 14541
11000 / 14541
11100 / 14541
11200 / 14541
11300 / 14541
11400 / 14541
11500 / 14541
11600 / 14541
11700 / 14541
11800 / 14541
11900 / 14541
12000 / 14541
12100 / 14541
12200 / 14541
12300 / 14541
12400 / 14541
12500 / 14541
12600 / 14541
12700 / 14541
12800 / 14541
12900 / 14541
13000 / 14541
13100 / 14541
13200 / 14541
13300 / 14541
13400 / 14541
13500 / 14541
13600 / 14541
13700 / 14541
13800 / 14541
13900 / 14541
14000 / 14541
14100 / 14541
14200 / 14541
14300 / 14541
14400 / 14541
14500 / 14541
In epoch  5  avg loss (or negative reward) is  0.749065452854
In epoch  5  test reward is 0.445111, test accuracy is 0.396414
Time taken in this epoch 894.457605839
Best Reward: 0.445628 (Accuracy: 0.398074) at epoch 4
Best Accuracy: 0.398074 (Reward: 0.445628) at epoch 4
Saving model with header =  model/moduleKwNoMap-b15-ind-0-5

100 / 14541
200 / 14541
300 / 14541
400 / 14541
500 / 14541
600 / 14541
700 / 14541
800 / 14541
900 / 14541
1000 / 14541
1100 / 14541
1200 / 14541
1300 / 14541
1400 / 14541
1500 / 14541
1600 / 14541
1700 / 14541
1800 / 14541
1900 / 14541
2000 / 14541
2100 / 14541
2200 / 14541
2300 / 14541
2400 / 14541
2500 / 14541
2600 / 14541
2700 / 14541
2800 / 14541
2900 / 14541
3000 / 14541
3100 / 14541
3200 / 14541
3300 / 14541
3400 / 14541
3500 / 14541
3600 / 14541
3700 / 14541
3800 / 14541
3900 / 14541
4000 / 14541
4100 / 14541
4200 / 14541
4300 / 14541
4400 / 14541
4500 / 14541
4600 / 14541
4700 / 14541
4800 / 14541
4900 / 14541
5000 / 14541
5100 / 14541
5200 / 14541
5300 / 14541
5400 / 14541
5500 / 14541
5600 / 14541
5700 / 14541
5800 / 14541
5900 / 14541
6000 / 14541
6100 / 14541
6200 / 14541
6300 / 14541
6400 / 14541
6500 / 14541
6600 / 14541
6700 / 14541
6800 / 14541
6900 / 14541
7000 / 14541
7100 / 14541
7200 / 14541
7300 / 14541
7400 / 14541
7500 / 14541
7600 / 14541
7700 / 14541
7800 / 14541
7900 / 14541
8000 / 14541
8100 / 14541
8200 / 14541
8300 / 14541
8400 / 14541
8500 / 14541
8600 / 14541
8700 / 14541
8800 / 14541
8900 / 14541
9000 / 14541
9100 / 14541
9200 / 14541
9300 / 14541
9400 / 14541
9500 / 14541
9600 / 14541
9700 / 14541
9800 / 14541
9900 / 14541
10000 / 14541
10100 / 14541
10200 / 14541
10300 / 14541
10400 / 14541
10500 / 14541
10600 / 14541
10700 / 14541
10800 / 14541
10900 / 14541
11000 / 14541
11100 / 14541
11200 / 14541
11300 / 14541
11400 / 14541
11500 / 14541
11600 / 14541
11700 / 14541
11800 / 14541
11900 / 14541
12000 / 14541
12100 / 14541
12200 / 14541
12300 / 14541
12400 / 14541
12500 / 14541
12600 / 14541
12700 / 14541
12800 / 14541
12900 / 14541
13000 / 14541
13100 / 14541
13200 / 14541
13300 / 14541
13400 / 14541
13500 / 14541
13600 / 14541
13700 / 14541
13800 / 14541
13900 / 14541
14000 / 14541
14100 / 14541
14200 / 14541
14300 / 14541
14400 / 14541
14500 / 14541
In epoch  6  avg loss (or negative reward) is  0.730510798486
In epoch  6  test reward is 0.454210, test accuracy is 0.402058
Time taken in this epoch 900.736572027
Best Reward: 0.454210 (Accuracy: 0.402058) at epoch 6
Best Accuracy: 0.402058 (Reward: 0.454210) at epoch 6
Saving model with header =  model/moduleKwNoMap-b15-ind-0-6

100 / 14541
200 / 14541
300 / 14541
400 / 14541
500 / 14541
600 / 14541
700 / 14541
800 / 14541
900 / 14541
1000 / 14541
1100 / 14541
1200 / 14541
1300 / 14541
1400 / 14541
1500 / 14541
1600 / 14541
1700 / 14541
1800 / 14541
1900 / 14541
2000 / 14541
2100 / 14541
2200 / 14541
2300 / 14541
2400 / 14541
2500 / 14541
2600 / 14541
2700 / 14541
2800 / 14541
2900 / 14541
3000 / 14541
3100 / 14541
3200 / 14541
3300 / 14541
3400 / 14541
3500 / 14541
3600 / 14541
3700 / 14541
3800 / 14541
3900 / 14541
4000 / 14541
4100 / 14541
4200 / 14541
4300 / 14541
4400 / 14541
4500 / 14541
4600 / 14541
4700 / 14541
4800 / 14541
4900 / 14541
5000 / 14541
5100 / 14541
5200 / 14541
5300 / 14541
5400 / 14541
5500 / 14541
5600 / 14541
5700 / 14541
5800 / 14541
5900 / 14541
6000 / 14541
6100 / 14541
6200 / 14541
6300 / 14541
6400 / 14541
6500 / 14541
6600 / 14541
6700 / 14541
6800 / 14541
6900 / 14541
7000 / 14541
7100 / 14541
7200 / 14541
7300 / 14541
7400 / 14541
7500 / 14541
7600 / 14541
7700 / 14541
7800 / 14541
7900 / 14541
8000 / 14541
8100 / 14541
8200 / 14541
8300 / 14541
8400 / 14541
8500 / 14541
8600 / 14541
8700 / 14541
8800 / 14541
8900 / 14541
9000 / 14541
9100 / 14541
9200 / 14541
9300 / 14541
9400 / 14541
9500 / 14541
9600 / 14541
9700 / 14541
9800 / 14541
9900 / 14541
10000 / 14541
10100 / 14541
10200 / 14541
10300 / 14541
10400 / 14541
10500 / 14541
10600 / 14541
10700 / 14541
10800 / 14541
10900 / 14541
11000 / 14541
11100 / 14541
11200 / 14541
11300 / 14541
11400 / 14541
11500 / 14541
11600 / 14541
11700 / 14541
11800 / 14541
11900 / 14541
12000 / 14541
12100 / 14541
12200 / 14541
12300 / 14541
12400 / 14541
12500 / 14541
12600 / 14541
12700 / 14541
12800 / 14541
12900 / 14541
13000 / 14541
13100 / 14541
13200 / 14541
13300 / 14541
13400 / 14541
13500 / 14541
13600 / 14541
13700 / 14541
13800 / 14541
13900 / 14541
14000 / 14541
14100 / 14541
14200 / 14541
14300 / 14541
14400 / 14541
14500 / 14541
In epoch  7  avg loss (or negative reward) is  0.717744526671
In epoch  7  test reward is 0.468832, test accuracy is 0.416667
Time taken in this epoch 924.07033205
Best Reward: 0.468832 (Accuracy: 0.416667) at epoch 7
Best Accuracy: 0.416667 (Reward: 0.468832) at epoch 7
Saving model with header =  model/moduleKwNoMap-b15-ind-0-7

100 / 14541
200 / 14541
300 / 14541
400 / 14541
500 / 14541
600 / 14541
700 / 14541
800 / 14541
900 / 14541
1000 / 14541
1100 / 14541
1200 / 14541
1300 / 14541
1400 / 14541
1500 / 14541
1600 / 14541
1700 / 14541
1800 / 14541
1900 / 14541
2000 / 14541
2100 / 14541
2200 / 14541
2300 / 14541
2400 / 14541
2500 / 14541
2600 / 14541
2700 / 14541
2800 / 14541
2900 / 14541
3000 / 14541
3100 / 14541
3200 / 14541
3300 / 14541
3400 / 14541
3500 / 14541
3600 / 14541
3700 / 14541
3800 / 14541
3900 / 14541
4000 / 14541
4100 / 14541
4200 / 14541
4300 / 14541
4400 / 14541
4500 / 14541
4600 / 14541
4700 / 14541
4800 / 14541
4900 / 14541
5000 / 14541
5100 / 14541
5200 / 14541
5300 / 14541
5400 / 14541
5500 / 14541
5600 / 14541
5700 / 14541
5800 / 14541
5900 / 14541
6000 / 14541
6100 / 14541
6200 / 14541
6300 / 14541
6400 / 14541
6500 / 14541
6600 / 14541
6700 / 14541
6800 / 14541
6900 / 14541
7000 / 14541
7100 / 14541
7200 / 14541
7300 / 14541
7400 / 14541
7500 / 14541
7600 / 14541
7700 / 14541
7800 / 14541
7900 / 14541
8000 / 14541
8100 / 14541
8200 / 14541
8300 / 14541
8400 / 14541
8500 / 14541
8600 / 14541
8700 / 14541
8800 / 14541
8900 / 14541
9000 / 14541
9100 / 14541
9200 / 14541
9300 / 14541
9400 / 14541
9500 / 14541
9600 / 14541
9700 / 14541
9800 / 14541
9900 / 14541
10000 / 14541
10100 / 14541
10200 / 14541
10300 / 14541
10400 / 14541
10500 / 14541
10600 / 14541
10700 / 14541
10800 / 14541
10900 / 14541
11000 / 14541
11100 / 14541
11200 / 14541
11300 / 14541
11400 / 14541
11500 / 14541
11600 / 14541
11700 / 14541
11800 / 14541
11900 / 14541
12000 / 14541
12100 / 14541
12200 / 14541
12300 / 14541
12400 / 14541
12500 / 14541
12600 / 14541
12700 / 14541
12800 / 14541
12900 / 14541
13000 / 14541
13100 / 14541
13200 / 14541
13300 / 14541
13400 / 14541
13500 / 14541
13600 / 14541
13700 / 14541
13800 / 14541
13900 / 14541
14000 / 14541
14100 / 14541
14200 / 14541
14300 / 14541
14400 / 14541
14500 / 14541
In epoch  8  avg loss (or negative reward) is  0.702228312566
In epoch  8  test reward is 0.456515, test accuracy is 0.407371
Time taken in this epoch 911.424621105
Best Reward: 0.468832 (Accuracy: 0.416667) at epoch 7
Best Accuracy: 0.416667 (Reward: 0.468832) at epoch 7
Saving model with header =  model/moduleKwNoMap-b15-ind-0-8

100 / 14541
200 / 14541
300 / 14541
400 / 14541
500 / 14541
600 / 14541
700 / 14541
800 / 14541
900 / 14541
1000 / 14541
1100 / 14541
1200 / 14541
1300 / 14541
1400 / 14541
1500 / 14541
1600 / 14541
1700 / 14541
1800 / 14541
1900 / 14541
2000 / 14541
2100 / 14541
2200 / 14541
2300 / 14541
2400 / 14541
2500 / 14541
2600 / 14541
2700 / 14541
2800 / 14541
2900 / 14541
3000 / 14541
3100 / 14541
3200 / 14541
3300 / 14541
3400 / 14541
3500 / 14541
3600 / 14541
3700 / 14541
3800 / 14541
3900 / 14541
4000 / 14541
4100 / 14541
4200 / 14541
4300 / 14541
4400 / 14541
4500 / 14541
4600 / 14541
4700 / 14541
4800 / 14541
4900 / 14541
5000 / 14541
5100 / 14541
5200 / 14541
5300 / 14541
5400 / 14541
5500 / 14541
5600 / 14541
5700 / 14541
5800 / 14541
5900 / 14541
6000 / 14541
6100 / 14541
6200 / 14541
6300 / 14541
6400 / 14541
6500 / 14541
6600 / 14541
6700 / 14541
6800 / 14541
6900 / 14541
7000 / 14541
7100 / 14541
7200 / 14541
7300 / 14541
7400 / 14541
7500 / 14541
7600 / 14541
7700 / 14541
7800 / 14541
7900 / 14541
8000 / 14541
8100 / 14541
8200 / 14541
8300 / 14541
8400 / 14541
8500 / 14541
8600 / 14541
8700 / 14541
8800 / 14541
8900 / 14541
9000 / 14541
9100 / 14541
9200 / 14541
9300 / 14541
9400 / 14541
9500 / 14541
9600 / 14541
9700 / 14541
9800 / 14541
9900 / 14541
10000 / 14541
10100 / 14541
10200 / 14541
10300 / 14541
10400 / 14541
10500 / 14541
10600 / 14541
10700 / 14541
10800 / 14541
10900 / 14541
11000 / 14541
11100 / 14541
11200 / 14541
11300 / 14541
11400 / 14541
11500 / 14541
11600 / 14541
11700 / 14541
11800 / 14541
11900 / 14541
12000 / 14541
12100 / 14541
12200 / 14541
12300 / 14541
12400 / 14541
12500 / 14541
12600 / 14541
12700 / 14541
12800 / 14541
12900 / 14541
13000 / 14541
13100 / 14541
13200 / 14541
13300 / 14541
13400 / 14541
13500 / 14541
13600 / 14541
13700 / 14541
13800 / 14541
13900 / 14541
14000 / 14541
14100 / 14541
14200 / 14541
14300 / 14541
14400 / 14541
14500 / 14541
In epoch  9  avg loss (or negative reward) is  0.691839912638
In epoch  9  test reward is 0.463700, test accuracy is 0.413347
Time taken in this epoch 913.876170874
Best Reward: 0.468832 (Accuracy: 0.416667) at epoch 7
Best Accuracy: 0.416667 (Reward: 0.468832) at epoch 7
Saving model with header =  model/moduleKwNoMap-b15-ind-0-9

100 / 14541
200 / 14541
300 / 14541
400 / 14541
500 / 14541
600 / 14541
700 / 14541
800 / 14541
900 / 14541
1000 / 14541
1100 / 14541
1200 / 14541
1300 / 14541
1400 / 14541
1500 / 14541
1600 / 14541
1700 / 14541
1800 / 14541
1900 / 14541
2000 / 14541
2100 / 14541
2200 / 14541
2300 / 14541
2400 / 14541
2500 / 14541
2600 / 14541
2700 / 14541
2800 / 14541
2900 / 14541
3000 / 14541
3100 / 14541
3200 / 14541
3300 / 14541
3400 / 14541
3500 / 14541
3600 / 14541
3700 / 14541
3800 / 14541
3900 / 14541
4000 / 14541
4100 / 14541
4200 / 14541
4300 / 14541
4400 / 14541
4500 / 14541
4600 / 14541
4700 / 14541
4800 / 14541
4900 / 14541
5000 / 14541
5100 / 14541
5200 / 14541
5300 / 14541
5400 / 14541
5500 / 14541
5600 / 14541
5700 / 14541
5800 / 14541
5900 / 14541
6000 / 14541
6100 / 14541
6200 / 14541
6300 / 14541
6400 / 14541
6500 / 14541
6600 / 14541
6700 / 14541
6800 / 14541
6900 / 14541
7000 / 14541
7100 / 14541
7200 / 14541
7300 / 14541
7400 / 14541
7500 / 14541
7600 / 14541
7700 / 14541
7800 / 14541
7900 / 14541
8000 / 14541
8100 / 14541
8200 / 14541
8300 / 14541
8400 / 14541
8500 / 14541
8600 / 14541
8700 / 14541
8800 / 14541
8900 / 14541
9000 / 14541
9100 / 14541
9200 / 14541
9300 / 14541
9400 / 14541
9500 / 14541
9600 / 14541
9700 / 14541
9800 / 14541
9900 / 14541
10000 / 14541
10100 / 14541
10200 / 14541
10300 / 14541
10400 / 14541
10500 / 14541
10600 / 14541
10700 / 14541
10800 / 14541
10900 / 14541
11000 / 14541
11100 / 14541
11200 / 14541
11300 / 14541
11400 / 14541
11500 / 14541
11600 / 14541
11700 / 14541
11800 / 14541
11900 / 14541
12000 / 14541
12100 / 14541
12200 / 14541
12300 / 14541
12400 / 14541
12500 / 14541
12600 / 14541
12700 / 14541
12800 / 14541
12900 / 14541
13000 / 14541
13100 / 14541
13200 / 14541
13300 / 14541
13400 / 14541
13500 / 14541
13600 / 14541
13700 / 14541
13800 / 14541
13900 / 14541
14000 / 14541
14100 / 14541
14200 / 14541
14300 / 14541
14400 / 14541
14500 / 14541
In epoch  10  avg loss (or negative reward) is  0.679745009642
In epoch  10  test reward is 0.466188, test accuracy is 0.416003
Time taken in this epoch 918.246701956
Best Reward: 0.468832 (Accuracy: 0.416667) at epoch 7
Best Accuracy: 0.416667 (Reward: 0.468832) at epoch 7
Saving model with header =  model/moduleKwNoMap-b15-ind-0-10

100 / 14541
200 / 14541
300 / 14541
400 / 14541
500 / 14541
600 / 14541
700 / 14541
800 / 14541
900 / 14541
1000 / 14541
1100 / 14541
1200 / 14541
1300 / 14541
1400 / 14541
1500 / 14541
1600 / 14541
1700 / 14541
1800 / 14541
1900 / 14541
2000 / 14541
2100 / 14541
2200 / 14541
2300 / 14541
2400 / 14541
2500 / 14541
2600 / 14541
2700 / 14541
2800 / 14541
2900 / 14541
3000 / 14541
3100 / 14541
3200 / 14541
3300 / 14541
3400 / 14541
3500 / 14541
3600 / 14541
3700 / 14541
3800 / 14541
3900 / 14541
4000 / 14541
4100 / 14541
4200 / 14541
4300 / 14541
4400 / 14541
4500 / 14541
4600 / 14541
4700 / 14541
4800 / 14541
4900 / 14541
5000 / 14541
5100 / 14541
5200 / 14541
5300 / 14541
5400 / 14541
5500 / 14541
5600 / 14541
5700 / 14541
5800 / 14541
5900 / 14541
6000 / 14541
6100 / 14541
6200 / 14541
6300 / 14541
6400 / 14541
6500 / 14541
6600 / 14541
6700 / 14541
6800 / 14541
6900 / 14541
7000 / 14541
7100 / 14541
7200 / 14541
7300 / 14541
7400 / 14541
7500 / 14541
7600 / 14541
7700 / 14541
7800 / 14541
7900 / 14541
8000 / 14541
8100 / 14541
8200 / 14541
8300 / 14541
8400 / 14541
8500 / 14541
8600 / 14541
8700 / 14541
8800 / 14541
8900 / 14541
9000 / 14541
9100 / 14541
9200 / 14541
9300 / 14541
9400 / 14541
9500 / 14541
9600 / 14541
9700 / 14541
9800 / 14541
9900 / 14541
10000 / 14541
10100 / 14541
10200 / 14541
10300 / 14541
10400 / 14541
10500 / 14541
10600 / 14541
10700 / 14541
10800 / 14541
10900 / 14541
11000 / 14541
11100 / 14541
11200 / 14541
11300 / 14541
11400 / 14541
11500 / 14541
11600 / 14541
11700 / 14541
11800 / 14541
11900 / 14541
12000 / 14541
12100 / 14541
12200 / 14541
12300 / 14541
12400 / 14541
12500 / 14541
12600 / 14541
12700 / 14541
12800 / 14541
12900 / 14541
13000 / 14541
13100 / 14541
13200 / 14541
13300 / 14541
13400 / 14541
13500 / 14541
13600 / 14541
13700 / 14541
13800 / 14541
13900 / 14541
14000 / 14541
14100 / 14541
14200 / 14541
14300 / 14541
14400 / 14541
14500 / 14541
In epoch  11  avg loss (or negative reward) is  0.670126051424
In epoch  11  test reward is 0.459700, test accuracy is 0.408699
Time taken in this epoch 922.485294104
Best Reward: 0.468832 (Accuracy: 0.416667) at epoch 7
Best Accuracy: 0.416667 (Reward: 0.468832) at epoch 7
Saving model with header =  model/moduleKwNoMap-b15-ind-0-11

100 / 14541
200 / 14541
300 / 14541
400 / 14541
500 / 14541
600 / 14541
700 / 14541
800 / 14541
900 / 14541
1000 / 14541
1100 / 14541
1200 / 14541
1300 / 14541
1400 / 14541
1500 / 14541
1600 / 14541
1700 / 14541
1800 / 14541
1900 / 14541
2000 / 14541
2100 / 14541
2200 / 14541
2300 / 14541
2400 / 14541
2500 / 14541
2600 / 14541
2700 / 14541
2800 / 14541
2900 / 14541
3000 / 14541
3100 / 14541
3200 / 14541
3300 / 14541
3400 / 14541
3500 / 14541
3600 / 14541
3700 / 14541
3800 / 14541
3900 / 14541
4000 / 14541
4100 / 14541
4200 / 14541
4300 / 14541
4400 / 14541
4500 / 14541
4600 / 14541
4700 / 14541
4800 / 14541
4900 / 14541
5000 / 14541
5100 / 14541
5200 / 14541
5300 / 14541
5400 / 14541
5500 / 14541
5600 / 14541
5700 / 14541
5800 / 14541
5900 / 14541
6000 / 14541
6100 / 14541
6200 / 14541
6300 / 14541
6400 / 14541
6500 / 14541
6600 / 14541
6700 / 14541
6800 / 14541
6900 / 14541
7000 / 14541
7100 / 14541
7200 / 14541
7300 / 14541
7400 / 14541
7500 / 14541
7600 / 14541
7700 / 14541
7800 / 14541
7900 / 14541
8000 / 14541
8100 / 14541
8200 / 14541
8300 / 14541
8400 / 14541
8500 / 14541
8600 / 14541
8700 / 14541
8800 / 14541
8900 / 14541
9000 / 14541
9100 / 14541
9200 / 14541
9300 / 14541
9400 / 14541
9500 / 14541
9600 / 14541
9700 / 14541
9800 / 14541
9900 / 14541
10000 / 14541
10100 / 14541
10200 / 14541
10300 / 14541
10400 / 14541
10500 / 14541
10600 / 14541
10700 / 14541
10800 / 14541
10900 / 14541
11000 / 14541
11100 / 14541
11200 / 14541
11300 / 14541
11400 / 14541
11500 / 14541
11600 / 14541
11700 / 14541
11800 / 14541
11900 / 14541
12000 / 14541
12100 / 14541
12200 / 14541
12300 / 14541
12400 / 14541
12500 / 14541
12600 / 14541
12700 / 14541
12800 / 14541
12900 / 14541
13000 / 14541
13100 / 14541
13200 / 14541
13300 / 14541
13400 / 14541
13500 / 14541
13600 / 14541
13700 / 14541
13800 / 14541
13900 / 14541
14000 / 14541
14100 / 14541
14200 / 14541
14300 / 14541
14400 / 14541
14500 / 14541
In epoch  12  avg loss (or negative reward) is  0.663482653493
In epoch  12  test reward is 0.467968, test accuracy is 0.417663
Time taken in this epoch 925.510874033
Best Reward: 0.468832 (Accuracy: 0.416667) at epoch 7
Best Accuracy: 0.417663 (Reward: 0.467968) at epoch 12
Saving model with header =  model/moduleKwNoMap-b15-ind-0-12

100 / 14541
200 / 14541
300 / 14541
400 / 14541
500 / 14541
600 / 14541
700 / 14541
800 / 14541
900 / 14541
1000 / 14541
1100 / 14541
1200 / 14541
1300 / 14541
1400 / 14541
1500 / 14541
1600 / 14541
1700 / 14541
1800 / 14541
1900 / 14541
2000 / 14541
2100 / 14541
2200 / 14541
2300 / 14541
2400 / 14541
2500 / 14541
2600 / 14541
2700 / 14541
2800 / 14541
2900 / 14541
3000 / 14541
3100 / 14541
3200 / 14541
3300 / 14541
3400 / 14541
3500 / 14541
3600 / 14541
3700 / 14541
3800 / 14541
3900 / 14541
4000 / 14541
4100 / 14541
4200 / 14541
4300 / 14541
4400 / 14541
4500 / 14541
4600 / 14541
4700 / 14541
4800 / 14541
4900 / 14541
5000 / 14541
5100 / 14541
5200 / 14541
5300 / 14541
5400 / 14541
5500 / 14541
5600 / 14541
5700 / 14541
5800 / 14541
5900 / 14541
6000 / 14541
6100 / 14541
6200 / 14541
6300 / 14541
6400 / 14541
6500 / 14541
6600 / 14541
6700 / 14541
6800 / 14541
6900 / 14541
7000 / 14541
7100 / 14541
7200 / 14541
7300 / 14541
7400 / 14541
7500 / 14541
7600 / 14541
7700 / 14541
7800 / 14541
7900 / 14541
8000 / 14541
8100 / 14541
8200 / 14541
8300 / 14541
8400 / 14541
8500 / 14541
8600 / 14541
8700 / 14541
8800 / 14541
8900 / 14541
9000 / 14541
9100 / 14541
9200 / 14541
9300 / 14541
9400 / 14541
9500 / 14541
9600 / 14541
9700 / 14541
9800 / 14541
9900 / 14541
10000 / 14541
10100 / 14541
10200 / 14541
10300 / 14541
10400 / 14541
10500 / 14541
10600 / 14541
10700 / 14541
10800 / 14541
10900 / 14541
11000 / 14541
11100 / 14541
11200 / 14541
11300 / 14541
11400 / 14541
11500 / 14541
11600 / 14541
11700 / 14541
11800 / 14541
11900 / 14541
12000 / 14541
12100 / 14541
12200 / 14541
12300 / 14541
12400 / 14541
12500 / 14541
12600 / 14541
12700 / 14541
12800 / 14541
12900 / 14541
13000 / 14541
13100 / 14541
13200 / 14541
13300 / 14541
13400 / 14541
13500 / 14541
13600 / 14541
13700 / 14541
13800 / 14541
13900 / 14541
14000 / 14541
14100 / 14541
14200 / 14541
14300 / 14541
14400 / 14541
14500 / 14541
In epoch  13  avg loss (or negative reward) is  0.653838910704
In epoch  13  test reward is 0.469384, test accuracy is 0.419655
Time taken in this epoch 927.103914976
Best Reward: 0.469384 (Accuracy: 0.419655) at epoch 13
Best Accuracy: 0.419655 (Reward: 0.469384) at epoch 13
Saving model with header =  model/moduleKwNoMap-b15-ind-0-13

100 / 14541
200 / 14541
300 / 14541
400 / 14541
500 / 14541
600 / 14541
700 / 14541
800 / 14541
900 / 14541
1000 / 14541
1100 / 14541
1200 / 14541
1300 / 14541
1400 / 14541
1500 / 14541
1600 / 14541
1700 / 14541
1800 / 14541
1900 / 14541
2000 / 14541
2100 / 14541
2200 / 14541
2300 / 14541
2400 / 14541
2500 / 14541
2600 / 14541
2700 / 14541
2800 / 14541
2900 / 14541
3000 / 14541
3100 / 14541
3200 / 14541
3300 / 14541
3400 / 14541
3500 / 14541
3600 / 14541
3700 / 14541
3800 / 14541
3900 / 14541
4000 / 14541
4100 / 14541
4200 / 14541
4300 / 14541
4400 / 14541
4500 / 14541
4600 / 14541
4700 / 14541
4800 / 14541
4900 / 14541
5000 / 14541
5100 / 14541
5200 / 14541
5300 / 14541
5400 / 14541
5500 / 14541
5600 / 14541
5700 / 14541
5800 / 14541
5900 / 14541
6000 / 14541
6100 / 14541
6200 / 14541
6300 / 14541
6400 / 14541
6500 / 14541
6600 / 14541
6700 / 14541
6800 / 14541
6900 / 14541
7000 / 14541
7100 / 14541
7200 / 14541
7300 / 14541
7400 / 14541
7500 / 14541
7600 / 14541
7700 / 14541
7800 / 14541
7900 / 14541
8000 / 14541
8100 / 14541
8200 / 14541
8300 / 14541
8400 / 14541
8500 / 14541
8600 / 14541
8700 / 14541
8800 / 14541
8900 / 14541
9000 / 14541
9100 / 14541
9200 / 14541
9300 / 14541
9400 / 14541
9500 / 14541
9600 / 14541
9700 / 14541
9800 / 14541
9900 / 14541
10000 / 14541
10100 / 14541
10200 / 14541
10300 / 14541
10400 / 14541
10500 / 14541
10600 / 14541
10700 / 14541
10800 / 14541
10900 / 14541
11000 / 14541
11100 / 14541
11200 / 14541
11300 / 14541
11400 / 14541
11500 / 14541
11600 / 14541
11700 / 14541
11800 / 14541
11900 / 14541
12000 / 14541
12100 / 14541
12200 / 14541
12300 / 14541
12400 / 14541
12500 / 14541
12600 / 14541
12700 / 14541
12800 / 14541
12900 / 14541
13000 / 14541
13100 / 14541
13200 / 14541
13300 / 14541
13400 / 14541
13500 / 14541
13600 / 14541
13700 / 14541
13800 / 14541
13900 / 14541
14000 / 14541
14100 / 14541
14200 / 14541
14300 / 14541
14400 / 14541
14500 / 14541
In epoch  14  avg loss (or negative reward) is  0.646009897197
In epoch  14  test reward is 0.472082, test accuracy is 0.420983
Time taken in this epoch 940.363530874
Best Reward: 0.472082 (Accuracy: 0.420983) at epoch 14
Best Accuracy: 0.420983 (Reward: 0.472082) at epoch 14
Saving model with header =  model/moduleKwNoMap-b15-ind-0-14

100 / 14541
200 / 14541
300 / 14541
400 / 14541
500 / 14541
600 / 14541
700 / 14541
800 / 14541
900 / 14541
1000 / 14541
1100 / 14541
1200 / 14541
1300 / 14541
1400 / 14541
1500 / 14541
1600 / 14541
1700 / 14541
1800 / 14541
1900 / 14541
2000 / 14541
2100 / 14541
2200 / 14541
2300 / 14541
2400 / 14541
2500 / 14541
2600 / 14541
2700 / 14541
2800 / 14541
2900 / 14541
3000 / 14541
3100 / 14541
3200 / 14541
3300 / 14541
3400 / 14541
3500 / 14541
3600 / 14541
3700 / 14541
3800 / 14541
3900 / 14541
4000 / 14541
4100 / 14541
4200 / 14541
4300 / 14541
4400 / 14541
4500 / 14541
4600 / 14541
4700 / 14541
4800 / 14541
4900 / 14541
5000 / 14541
5100 / 14541
5200 / 14541
5300 / 14541
5400 / 14541
5500 / 14541
5600 / 14541
5700 / 14541
5800 / 14541
5900 / 14541
6000 / 14541
6100 / 14541
6200 / 14541
6300 / 14541
6400 / 14541
6500 / 14541
6600 / 14541
6700 / 14541
6800 / 14541
6900 / 14541
7000 / 14541
7100 / 14541
7200 / 14541
7300 / 14541
7400 / 14541
7500 / 14541
7600 / 14541
7700 / 14541
7800 / 14541
7900 / 14541
8000 / 14541
8100 / 14541
8200 / 14541
8300 / 14541
8400 / 14541
8500 / 14541
8600 / 14541
8700 / 14541
8800 / 14541
8900 / 14541
9000 / 14541
9100 / 14541
9200 / 14541
9300 / 14541
9400 / 14541
9500 / 14541
9600 / 14541
9700 / 14541
9800 / 14541
9900 / 14541
10000 / 14541
10100 / 14541
10200 / 14541
10300 / 14541
10400 / 14541
10500 / 14541
10600 / 14541
10700 / 14541
10800 / 14541
10900 / 14541
11000 / 14541
11100 / 14541
11200 / 14541
11300 / 14541
11400 / 14541
11500 / 14541
11600 / 14541
11700 / 14541
11800 / 14541
11900 / 14541
12000 / 14541
12100 / 14541
12200 / 14541
12300 / 14541
12400 / 14541
12500 / 14541
12600 / 14541
12700 / 14541
12800 / 14541
12900 / 14541
13000 / 14541
13100 / 14541
13200 / 14541
13300 / 14541
13400 / 14541
13500 / 14541
13600 / 14541
13700 / 14541
13800 / 14541
13900 / 14541
14000 / 14541
14100 / 14541
14200 / 14541
14300 / 14541
14400 / 14541
14500 / 14541
In epoch  15  avg loss (or negative reward) is  0.636843972523
In epoch  15  test reward is 0.469092, test accuracy is 0.419655
Time taken in this epoch 934.878416061
Best Reward: 0.472082 (Accuracy: 0.420983) at epoch 14
Best Accuracy: 0.420983 (Reward: 0.472082) at epoch 14
Saving model with header =  model/moduleKwNoMap-b15-ind-0-15

100 / 14541
200 / 14541
300 / 14541
400 / 14541
500 / 14541
600 / 14541
700 / 14541
800 / 14541
900 / 14541
1000 / 14541
1100 / 14541
1200 / 14541
1300 / 14541
1400 / 14541
1500 / 14541
1600 / 14541
1700 / 14541
1800 / 14541
1900 / 14541
2000 / 14541
2100 / 14541
2200 / 14541
2300 / 14541
2400 / 14541
2500 / 14541
2600 / 14541
2700 / 14541
2800 / 14541
2900 / 14541
3000 / 14541
3100 / 14541
3200 / 14541
3300 / 14541
3400 / 14541
3500 / 14541
3600 / 14541
3700 / 14541
3800 / 14541
3900 / 14541
4000 / 14541
4100 / 14541
4200 / 14541
4300 / 14541
4400 / 14541
4500 / 14541
4600 / 14541
4700 / 14541
4800 / 14541
4900 / 14541
5000 / 14541
5100 / 14541
5200 / 14541
5300 / 14541
5400 / 14541
5500 / 14541
5600 / 14541
5700 / 14541
5800 / 14541
5900 / 14541
6000 / 14541
6100 / 14541
6200 / 14541
6300 / 14541
6400 / 14541
6500 / 14541
6600 / 14541
6700 / 14541
6800 / 14541
6900 / 14541
7000 / 14541
7100 / 14541
7200 / 14541
7300 / 14541
7400 / 14541
7500 / 14541
7600 / 14541
7700 / 14541
7800 / 14541
7900 / 14541
8000 / 14541
8100 / 14541
8200 / 14541
8300 / 14541
8400 / 14541
8500 / 14541
8600 / 14541
8700 / 14541
8800 / 14541
8900 / 14541
9000 / 14541
9100 / 14541
9200 / 14541
9300 / 14541
9400 / 14541
9500 / 14541
9600 / 14541
9700 / 14541
9800 / 14541
9900 / 14541
10000 / 14541
10100 / 14541
10200 / 14541
10300 / 14541
10400 / 14541
10500 / 14541
10600 / 14541
10700 / 14541
10800 / 14541
10900 / 14541
11000 / 14541
11100 / 14541
11200 / 14541
11300 / 14541
11400 / 14541
11500 / 14541
11600 / 14541
11700 / 14541
11800 / 14541
11900 / 14541
12000 / 14541
12100 / 14541
12200 / 14541
12300 / 14541
12400 / 14541
12500 / 14541
12600 / 14541
12700 / 14541
12800 / 14541
12900 / 14541
13000 / 14541
13100 / 14541
13200 / 14541
13300 / 14541
13400 / 14541
13500 / 14541
13600 / 14541
13700 / 14541
13800 / 14541
13900 / 14541
14000 / 14541
14100 / 14541
14200 / 14541
14300 / 14541
14400 / 14541
14500 / 14541
In epoch  16  avg loss (or negative reward) is  0.630749012971
In epoch  16  test reward is 0.468171, test accuracy is 0.416335
Time taken in this epoch 934.237140894
Best Reward: 0.472082 (Accuracy: 0.420983) at epoch 14
Best Accuracy: 0.420983 (Reward: 0.472082) at epoch 14
Saving model with header =  model/moduleKwNoMap-b15-ind-0-16

100 / 14541
200 / 14541
300 / 14541
400 / 14541
500 / 14541
600 / 14541
700 / 14541
800 / 14541
900 / 14541
1000 / 14541
1100 / 14541
1200 / 14541
1300 / 14541
1400 / 14541
1500 / 14541
1600 / 14541
1700 / 14541
1800 / 14541
1900 / 14541
2000 / 14541
2100 / 14541
2200 / 14541
2300 / 14541
2400 / 14541
2500 / 14541
2600 / 14541
2700 / 14541
2800 / 14541
2900 / 14541
3000 / 14541
3100 / 14541
3200 / 14541
3300 / 14541
3400 / 14541
3500 / 14541
3600 / 14541
3700 / 14541
3800 / 14541
3900 / 14541
4000 / 14541
4100 / 14541
4200 / 14541
4300 / 14541
4400 / 14541
4500 / 14541
4600 / 14541
4700 / 14541
4800 / 14541
4900 / 14541
5000 / 14541
5100 / 14541
5200 / 14541
5300 / 14541
5400 / 14541
5500 / 14541
5600 / 14541
5700 / 14541
5800 / 14541
5900 / 14541
6000 / 14541
6100 / 14541
6200 / 14541
6300 / 14541
6400 / 14541
6500 / 14541
6600 / 14541
6700 / 14541
6800 / 14541
6900 / 14541
7000 / 14541
7100 / 14541
7200 / 14541
7300 / 14541
7400 / 14541
7500 / 14541
7600 / 14541
7700 / 14541
7800 / 14541
7900 / 14541
8000 / 14541
8100 / 14541
8200 / 14541
8300 / 14541
8400 / 14541
8500 / 14541
8600 / 14541
8700 / 14541
8800 / 14541
8900 / 14541
9000 / 14541
9100 / 14541
9200 / 14541
9300 / 14541
9400 / 14541
9500 / 14541
9600 / 14541
9700 / 14541
9800 / 14541
9900 / 14541
10000 / 14541
10100 / 14541
10200 / 14541
10300 / 14541
10400 / 14541
10500 / 14541
10600 / 14541
10700 / 14541
10800 / 14541
10900 / 14541
11000 / 14541
11100 / 14541
11200 / 14541
11300 / 14541
11400 / 14541
11500 / 14541
11600 / 14541
11700 / 14541
11800 / 14541
11900 / 14541
12000 / 14541
12100 / 14541
12200 / 14541
12300 / 14541
12400 / 14541
12500 / 14541
12600 / 14541
12700 / 14541
12800 / 14541
12900 / 14541
13000 / 14541
13100 / 14541
13200 / 14541
13300 / 14541
13400 / 14541
13500 / 14541
13600 / 14541
13700 / 14541
13800 / 14541
13900 / 14541
14000 / 14541
14100 / 14541
14200 / 14541
14300 / 14541
14400 / 14541
14500 / 14541
In epoch  17  avg loss (or negative reward) is  0.624686233983
In epoch  17  test reward is 0.474667, test accuracy is 0.422975
Time taken in this epoch 942.095425129
Best Reward: 0.474667 (Accuracy: 0.422975) at epoch 17
Best Accuracy: 0.422975 (Reward: 0.474667) at epoch 17
Saving model with header =  model/moduleKwNoMap-b15-ind-0-17

100 / 14541
200 / 14541
300 / 14541
400 / 14541
500 / 14541
600 / 14541
700 / 14541
800 / 14541
900 / 14541
1000 / 14541
1100 / 14541
1200 / 14541
1300 / 14541
1400 / 14541
1500 / 14541
1600 / 14541
1700 / 14541
1800 / 14541
1900 / 14541
2000 / 14541
2100 / 14541
2200 / 14541
2300 / 14541
2400 / 14541
2500 / 14541
2600 / 14541
2700 / 14541
2800 / 14541
2900 / 14541
3000 / 14541
3100 / 14541
3200 / 14541
3300 / 14541
3400 / 14541
3500 / 14541
3600 / 14541
3700 / 14541
3800 / 14541
3900 / 14541
4000 / 14541
4100 / 14541
4200 / 14541
4300 / 14541
4400 / 14541
4500 / 14541
4600 / 14541
4700 / 14541
4800 / 14541
4900 / 14541
5000 / 14541
5100 / 14541
5200 / 14541
5300 / 14541
5400 / 14541
5500 / 14541
5600 / 14541
5700 / 14541
5800 / 14541
5900 / 14541
6000 / 14541
6100 / 14541
6200 / 14541
6300 / 14541
6400 / 14541
6500 / 14541
6600 / 14541
6700 / 14541
6800 / 14541
6900 / 14541
7000 / 14541
7100 / 14541
7200 / 14541
7300 / 14541
7400 / 14541
7500 / 14541
7600 / 14541
7700 / 14541
7800 / 14541
7900 / 14541
8000 / 14541
8100 / 14541
8200 / 14541
8300 / 14541
8400 / 14541
8500 / 14541
8600 / 14541
8700 / 14541
8800 / 14541
8900 / 14541
9000 / 14541
9100 / 14541
9200 / 14541
9300 / 14541
9400 / 14541
9500 / 14541
9600 / 14541
9700 / 14541
9800 / 14541
9900 / 14541
10000 / 14541
10100 / 14541
10200 / 14541
10300 / 14541
10400 / 14541
10500 / 14541
10600 / 14541
10700 / 14541
10800 / 14541
10900 / 14541
11000 / 14541
11100 / 14541
11200 / 14541
11300 / 14541
11400 / 14541
11500 / 14541
11600 / 14541
11700 / 14541
11800 / 14541
11900 / 14541
12000 / 14541
12100 / 14541
12200 / 14541
12300 / 14541
12400 / 14541
12500 / 14541
12600 / 14541
12700 / 14541
12800 / 14541
12900 / 14541
13000 / 14541
13100 / 14541
13200 / 14541
13300 / 14541
13400 / 14541
13500 / 14541
13600 / 14541
13700 / 14541
13800 / 14541
13900 / 14541
14000 / 14541
14100 / 14541
14200 / 14541
14300 / 14541
14400 / 14541
14500 / 14541
In epoch  18  avg loss (or negative reward) is  0.616174295469
In epoch  18  test reward is 0.464413, test accuracy is 0.413015
Time taken in this epoch 940.438742876
Best Reward: 0.474667 (Accuracy: 0.422975) at epoch 17
Best Accuracy: 0.422975 (Reward: 0.474667) at epoch 17
Saving model with header =  model/moduleKwNoMap-b15-ind-0-18

100 / 14541
200 / 14541
300 / 14541
400 / 14541
500 / 14541
600 / 14541
700 / 14541
800 / 14541
900 / 14541
1000 / 14541
1100 / 14541
1200 / 14541
1300 / 14541
1400 / 14541
1500 / 14541
1600 / 14541
1700 / 14541
1800 / 14541
1900 / 14541
2000 / 14541
2100 / 14541
2200 / 14541
2300 / 14541
2400 / 14541
2500 / 14541
2600 / 14541
2700 / 14541
2800 / 14541
2900 / 14541
3000 / 14541
3100 / 14541
3200 / 14541
3300 / 14541
3400 / 14541
3500 / 14541
3600 / 14541
3700 / 14541
3800 / 14541
3900 / 14541
4000 / 14541
4100 / 14541
4200 / 14541
4300 / 14541
4400 / 14541
4500 / 14541
4600 / 14541
4700 / 14541
4800 / 14541
4900 / 14541
5000 / 14541
5100 / 14541
5200 / 14541
5300 / 14541
5400 / 14541
5500 / 14541
5600 / 14541
5700 / 14541
5800 / 14541
5900 / 14541
6000 / 14541
6100 / 14541
6200 / 14541
6300 / 14541
6400 / 14541
6500 / 14541
6600 / 14541
6700 / 14541
6800 / 14541
6900 / 14541
7000 / 14541
7100 / 14541
7200 / 14541
7300 / 14541
7400 / 14541
7500 / 14541
7600 / 14541
7700 / 14541
7800 / 14541
7900 / 14541
8000 / 14541
8100 / 14541
8200 / 14541
8300 / 14541
8400 / 14541
8500 / 14541
8600 / 14541
8700 / 14541
8800 / 14541
8900 / 14541
9000 / 14541
9100 / 14541
9200 / 14541
9300 / 14541
9400 / 14541
9500 / 14541
9600 / 14541
9700 / 14541
9800 / 14541
9900 / 14541
10000 / 14541
10100 / 14541
10200 / 14541
10300 / 14541
10400 / 14541
10500 / 14541
10600 / 14541
10700 / 14541
10800 / 14541
10900 / 14541
11000 / 14541
11100 / 14541
11200 / 14541
11300 / 14541
11400 / 14541
11500 / 14541
11600 / 14541
11700 / 14541
11800 / 14541
11900 / 14541
12000 / 14541
12100 / 14541
12200 / 14541
12300 / 14541
12400 / 14541
12500 / 14541
12600 / 14541
12700 / 14541
12800 / 14541
12900 / 14541
13000 / 14541
13100 / 14541
13200 / 14541
13300 / 14541
13400 / 14541
13500 / 14541
13600 / 14541
13700 / 14541
13800 / 14541
13900 / 14541
14000 / 14541
14100 / 14541
14200 / 14541
14300 / 14541
14400 / 14541
14500 / 14541
In epoch  19  avg loss (or negative reward) is  0.610959204596
In epoch  19  test reward is 0.473566, test accuracy is 0.422311
Time taken in this epoch 945.158441067
Best Reward: 0.474667 (Accuracy: 0.422975) at epoch 17
Best Accuracy: 0.422975 (Reward: 0.474667) at epoch 17
Saving model with header =  model/moduleKwNoMap-b15-ind-0-19

100 / 14541
200 / 14541
300 / 14541
400 / 14541
500 / 14541
600 / 14541
700 / 14541
800 / 14541
900 / 14541
1000 / 14541
1100 / 14541
1200 / 14541
1300 / 14541
1400 / 14541
1500 / 14541
1600 / 14541
1700 / 14541
1800 / 14541
1900 / 14541
2000 / 14541
2100 / 14541
2200 / 14541
2300 / 14541
2400 / 14541
2500 / 14541
2600 / 14541
2700 / 14541
2800 / 14541
2900 / 14541
3000 / 14541
3100 / 14541
3200 / 14541
3300 / 14541
3400 / 14541
3500 / 14541
3600 / 14541
3700 / 14541
3800 / 14541
3900 / 14541
4000 / 14541
4100 / 14541
4200 / 14541
4300 / 14541
4400 / 14541
4500 / 14541
4600 / 14541
4700 / 14541
4800 / 14541
4900 / 14541
5000 / 14541
5100 / 14541
5200 / 14541
5300 / 14541
5400 / 14541
5500 / 14541
5600 / 14541
5700 / 14541
5800 / 14541
5900 / 14541
6000 / 14541
6100 / 14541
6200 / 14541
6300 / 14541
6400 / 14541
6500 / 14541
6600 / 14541
6700 / 14541
6800 / 14541
6900 / 14541
7000 / 14541
7100 / 14541
7200 / 14541
7300 / 14541
7400 / 14541
7500 / 14541
7600 / 14541
7700 / 14541
7800 / 14541
7900 / 14541
8000 / 14541
8100 / 14541
8200 / 14541
8300 / 14541
8400 / 14541
8500 / 14541
8600 / 14541
8700 / 14541
8800 / 14541
8900 / 14541
9000 / 14541
9100 / 14541
9200 / 14541
9300 / 14541
9400 / 14541
9500 / 14541
9600 / 14541
9700 / 14541
9800 / 14541
9900 / 14541
10000 / 14541
10100 / 14541
10200 / 14541
10300 / 14541
10400 / 14541
10500 / 14541
10600 / 14541
10700 / 14541
10800 / 14541
10900 / 14541
11000 / 14541
11100 / 14541
11200 / 14541
11300 / 14541
11400 / 14541
11500 / 14541
11600 / 14541
11700 / 14541
11800 / 14541
11900 / 14541
12000 / 14541
12100 / 14541
12200 / 14541
12300 / 14541
12400 / 14541
12500 / 14541
12600 / 14541
12700 / 14541
12800 / 14541
12900 / 14541
13000 / 14541
13100 / 14541
13200 / 14541
13300 / 14541
13400 / 14541
13500 / 14541
13600 / 14541
13700 / 14541
13800 / 14541
13900 / 14541
14000 / 14541
14100 / 14541
14200 / 14541
14300 / 14541
14400 / 14541
14500 / 14541
In epoch  20  avg loss (or negative reward) is  0.603674046904
In epoch  20  test reward is 0.470632, test accuracy is 0.419655
Time taken in this epoch 956.222470999
Best Reward: 0.474667 (Accuracy: 0.422975) at epoch 17
Best Accuracy: 0.422975 (Reward: 0.474667) at epoch 17
Saving model with header =  model/moduleKwNoMap-b15-ind-0-20

100 / 14541
200 / 14541
300 / 14541
400 / 14541
500 / 14541
600 / 14541
700 / 14541
800 / 14541
900 / 14541
1000 / 14541
1100 / 14541
1200 / 14541
1300 / 14541
1400 / 14541
1500 / 14541
1600 / 14541
1700 / 14541
1800 / 14541
1900 / 14541
2000 / 14541
2100 / 14541
2200 / 14541
2300 / 14541
2400 / 14541
2500 / 14541
2600 / 14541
2700 / 14541
2800 / 14541
2900 / 14541
3000 / 14541
3100 / 14541
3200 / 14541
3300 / 14541
3400 / 14541
3500 / 14541
3600 / 14541
3700 / 14541
3800 / 14541
3900 / 14541
4000 / 14541
4100 / 14541
4200 / 14541
4300 / 14541
4400 / 14541
4500 / 14541
4600 / 14541
4700 / 14541
4800 / 14541
4900 / 14541
5000 / 14541
5100 / 14541
5200 / 14541
5300 / 14541
5400 / 14541
5500 / 14541
5600 / 14541
5700 / 14541
5800 / 14541
5900 / 14541
6000 / 14541
6100 / 14541
6200 / 14541
6300 / 14541
6400 / 14541
6500 / 14541
6600 / 14541
6700 / 14541
6800 / 14541
6900 / 14541
7000 / 14541
7100 / 14541
7200 / 14541
7300 / 14541
7400 / 14541
7500 / 14541
7600 / 14541
7700 / 14541
7800 / 14541
7900 / 14541
8000 / 14541
8100 / 14541
8200 / 14541
8300 / 14541
8400 / 14541
8500 / 14541
8600 / 14541
8700 / 14541
8800 / 14541
8900 / 14541
9000 / 14541
9100 / 14541
9200 / 14541
9300 / 14541
9400 / 14541
9500 / 14541
9600 / 14541
9700 / 14541
9800 / 14541
9900 / 14541
10000 / 14541
10100 / 14541
10200 / 14541
10300 / 14541
10400 / 14541
10500 / 14541
10600 / 14541
10700 / 14541
10800 / 14541
10900 / 14541
11000 / 14541
11100 / 14541
11200 / 14541
11300 / 14541
11400 / 14541
11500 / 14541
11600 / 14541
11700 / 14541
11800 / 14541
11900 / 14541
12000 / 14541
12100 / 14541
12200 / 14541
12300 / 14541
12400 / 14541
12500 / 14541
12600 / 14541
12700 / 14541
12800 / 14541
12900 / 14541
13000 / 14541
13100 / 14541
13200 / 14541
13300 / 14541
13400 / 14541
13500 / 14541
13600 / 14541
13700 / 14541
13800 / 14541
13900 / 14541
14000 / 14541
14100 / 14541
14200 / 14541
14300 / 14541
14400 / 14541
14500 / 14541
In epoch  21  avg loss (or negative reward) is  0.597734289716
In epoch  21  test reward is 0.471699, test accuracy is 0.420651
Time taken in this epoch 956.741954088
Best Reward: 0.474667 (Accuracy: 0.422975) at epoch 17
Best Accuracy: 0.422975 (Reward: 0.474667) at epoch 17
Saving model with header =  model/moduleKwNoMap-b15-ind-0-21

100 / 14541
200 / 14541
300 / 14541
400 / 14541
500 / 14541
600 / 14541
700 / 14541
800 / 14541
900 / 14541
1000 / 14541
1100 / 14541
1200 / 14541
1300 / 14541
1400 / 14541
1500 / 14541
1600 / 14541
1700 / 14541
1800 / 14541
1900 / 14541
2000 / 14541
2100 / 14541
2200 / 14541
2300 / 14541
2400 / 14541
2500 / 14541
2600 / 14541
2700 / 14541
2800 / 14541
2900 / 14541
3000 / 14541
3100 / 14541
3200 / 14541
3300 / 14541
3400 / 14541
3500 / 14541
3600 / 14541
3700 / 14541
3800 / 14541
3900 / 14541
4000 / 14541
4100 / 14541
4200 / 14541
4300 / 14541
4400 / 14541
4500 / 14541
4600 / 14541
4700 / 14541
4800 / 14541
4900 / 14541
5000 / 14541
5100 / 14541
5200 / 14541
5300 / 14541
5400 / 14541
5500 / 14541
5600 / 14541
5700 / 14541
5800 / 14541
5900 / 14541
6000 / 14541
6100 / 14541
6200 / 14541
6300 / 14541
6400 / 14541
6500 / 14541
6600 / 14541
6700 / 14541
6800 / 14541
6900 / 14541
7000 / 14541
7100 / 14541
7200 / 14541
7300 / 14541
7400 / 14541
7500 / 14541
7600 / 14541
7700 / 14541
7800 / 14541
7900 / 14541
8000 / 14541
8100 / 14541
8200 / 14541
8300 / 14541
8400 / 14541
8500 / 14541
8600 / 14541
8700 / 14541
8800 / 14541
8900 / 14541
9000 / 14541
9100 / 14541
9200 / 14541
9300 / 14541
9400 / 14541
9500 / 14541
9600 / 14541
9700 / 14541
9800 / 14541
9900 / 14541
10000 / 14541
10100 / 14541
10200 / 14541
10300 / 14541
10400 / 14541
10500 / 14541
10600 / 14541
10700 / 14541
10800 / 14541
10900 / 14541
11000 / 14541
11100 / 14541
11200 / 14541
11300 / 14541
11400 / 14541
11500 / 14541
11600 / 14541
11700 / 14541
11800 / 14541
11900 / 14541
12000 / 14541
12100 / 14541
12200 / 14541
12300 / 14541
12400 / 14541
12500 / 14541
12600 / 14541
12700 / 14541
12800 / 14541
12900 / 14541
13000 / 14541
13100 / 14541
13200 / 14541
13300 / 14541
13400 / 14541
13500 / 14541
13600 / 14541
13700 / 14541
13800 / 14541
13900 / 14541
14000 / 14541
14100 / 14541
14200 / 14541
14300 / 14541
14400 / 14541
14500 / 14541
In epoch  22  avg loss (or negative reward) is  0.592972319963
In epoch  22  test reward is 0.473314, test accuracy is 0.421979
Time taken in this epoch 960.288523912
Best Reward: 0.474667 (Accuracy: 0.422975) at epoch 17
Best Accuracy: 0.422975 (Reward: 0.474667) at epoch 17
Saving model with header =  model/moduleKwNoMap-b15-ind-0-22

100 / 14541
200 / 14541
300 / 14541
400 / 14541
500 / 14541
600 / 14541
700 / 14541
800 / 14541
900 / 14541
1000 / 14541
1100 / 14541
1200 / 14541
1300 / 14541
1400 / 14541
1500 / 14541
1600 / 14541
1700 / 14541
1800 / 14541
1900 / 14541
2000 / 14541
2100 / 14541
2200 / 14541
2300 / 14541
2400 / 14541
2500 / 14541
2600 / 14541
2700 / 14541
2800 / 14541
2900 / 14541
3000 / 14541
3100 / 14541
3200 / 14541
3300 / 14541
3400 / 14541
3500 / 14541
3600 / 14541
3700 / 14541
3800 / 14541
3900 / 14541
4000 / 14541
4100 / 14541
4200 / 14541
4300 / 14541
4400 / 14541
4500 / 14541
4600 / 14541
4700 / 14541
4800 / 14541
4900 / 14541
5000 / 14541
5100 / 14541
5200 / 14541
5300 / 14541
5400 / 14541
5500 / 14541
5600 / 14541
5700 / 14541
5800 / 14541
5900 / 14541
6000 / 14541
6100 / 14541
6200 / 14541
6300 / 14541
6400 / 14541
6500 / 14541
6600 / 14541
6700 / 14541
6800 / 14541
6900 / 14541
7000 / 14541
7100 / 14541
7200 / 14541
7300 / 14541
7400 / 14541
7500 / 14541
7600 / 14541
7700 / 14541
7800 / 14541
7900 / 14541
8000 / 14541
8100 / 14541
8200 / 14541
8300 / 14541
8400 / 14541
8500 / 14541
8600 / 14541
8700 / 14541
8800 / 14541
8900 / 14541
9000 / 14541
9100 / 14541
9200 / 14541
9300 / 14541
9400 / 14541
9500 / 14541
9600 / 14541
9700 / 14541
9800 / 14541
9900 / 14541
10000 / 14541
10100 / 14541
10200 / 14541
10300 / 14541
10400 / 14541
10500 / 14541
10600 / 14541
10700 / 14541
10800 / 14541
10900 / 14541
11000 / 14541
11100 / 14541
11200 / 14541
11300 / 14541
11400 / 14541
11500 / 14541
11600 / 14541
11700 / 14541
11800 / 14541
11900 / 14541
12000 / 14541
12100 / 14541
12200 / 14541
12300 / 14541
12400 / 14541
12500 / 14541
12600 / 14541
12700 / 14541
12800 / 14541
12900 / 14541
13000 / 14541
13100 / 14541
13200 / 14541
13300 / 14541
13400 / 14541
13500 / 14541
13600 / 14541
13700 / 14541
13800 / 14541
13900 / 14541
14000 / 14541
14100 / 14541
14200 / 14541
14300 / 14541
14400 / 14541
14500 / 14541
In epoch  23  avg loss (or negative reward) is  0.586591806468
In epoch  23  test reward is 0.469820, test accuracy is 0.417331
Time taken in this epoch 957.036657095
Best Reward: 0.474667 (Accuracy: 0.422975) at epoch 17
Best Accuracy: 0.422975 (Reward: 0.474667) at epoch 17
Saving model with header =  model/moduleKwNoMap-b15-ind-0-23

100 / 14541
200 / 14541
300 / 14541
400 / 14541
500 / 14541
600 / 14541
700 / 14541
800 / 14541
900 / 14541
1000 / 14541
1100 / 14541
1200 / 14541
1300 / 14541
1400 / 14541
1500 / 14541
1600 / 14541
1700 / 14541
1800 / 14541
1900 / 14541
2000 / 14541
2100 / 14541
2200 / 14541
2300 / 14541
2400 / 14541
2500 / 14541
2600 / 14541
2700 / 14541
2800 / 14541
2900 / 14541
3000 / 14541
3100 / 14541
3200 / 14541
3300 / 14541
3400 / 14541
3500 / 14541
3600 / 14541
3700 / 14541
3800 / 14541
3900 / 14541
4000 / 14541
4100 / 14541
4200 / 14541
4300 / 14541
4400 / 14541
4500 / 14541
4600 / 14541
4700 / 14541
4800 / 14541
4900 / 14541
5000 / 14541
5100 / 14541
5200 / 14541
5300 / 14541
5400 / 14541
5500 / 14541
5600 / 14541
5700 / 14541
5800 / 14541
5900 / 14541
6000 / 14541
6100 / 14541
6200 / 14541
6300 / 14541
6400 / 14541
6500 / 14541
6600 / 14541
6700 / 14541
6800 / 14541
6900 / 14541
7000 / 14541
7100 / 14541
7200 / 14541
7300 / 14541
7400 / 14541
7500 / 14541
7600 / 14541
7700 / 14541
7800 / 14541
7900 / 14541
8000 / 14541
8100 / 14541
8200 / 14541
8300 / 14541
8400 / 14541
8500 / 14541
8600 / 14541
8700 / 14541
8800 / 14541
8900 / 14541
9000 / 14541
9100 / 14541
9200 / 14541
9300 / 14541
9400 / 14541
9500 / 14541
9600 / 14541
9700 / 14541
9800 / 14541
9900 / 14541
10000 / 14541
10100 / 14541
10200 / 14541
10300 / 14541
10400 / 14541
10500 / 14541
10600 / 14541
10700 / 14541
10800 / 14541
10900 / 14541
11000 / 14541
11100 / 14541
11200 / 14541
11300 / 14541
11400 / 14541
11500 / 14541
11600 / 14541
11700 / 14541
11800 / 14541
11900 / 14541
12000 / 14541
12100 / 14541
12200 / 14541
12300 / 14541
12400 / 14541
12500 / 14541
12600 / 14541
12700 / 14541
12800 / 14541
12900 / 14541
13000 / 14541
13100 / 14541
13200 / 14541
13300 / 14541
13400 / 14541
13500 / 14541
13600 / 14541
13700 / 14541
13800 / 14541
13900 / 14541
14000 / 14541
14100 / 14541
14200 / 14541
14300 / 14541
14400 / 14541
14500 / 14541
In epoch  24  avg loss (or negative reward) is  0.582681154139
In epoch  24  test reward is 0.469448, test accuracy is 0.417663
Time taken in this epoch 956.962833881
Best Reward: 0.474667 (Accuracy: 0.422975) at epoch 17
Best Accuracy: 0.422975 (Reward: 0.474667) at epoch 17
Saving model with header =  model/moduleKwNoMap-b15-ind-0-24

100 / 14541
200 / 14541
300 / 14541
400 / 14541
500 / 14541
600 / 14541
700 / 14541
800 / 14541
900 / 14541
1000 / 14541
1100 / 14541
1200 / 14541
1300 / 14541
1400 / 14541
1500 / 14541
1600 / 14541
1700 / 14541
1800 / 14541
1900 / 14541
2000 / 14541
2100 / 14541
2200 / 14541
2300 / 14541
2400 / 14541
2500 / 14541
2600 / 14541
2700 / 14541
2800 / 14541
2900 / 14541
3000 / 14541
3100 / 14541
3200 / 14541
3300 / 14541
3400 / 14541
3500 / 14541
3600 / 14541
3700 / 14541
3800 / 14541
3900 / 14541
4000 / 14541
4100 / 14541
4200 / 14541
4300 / 14541
4400 / 14541
4500 / 14541
4600 / 14541
4700 / 14541
4800 / 14541
4900 / 14541
5000 / 14541
5100 / 14541
5200 / 14541
5300 / 14541
5400 / 14541
5500 / 14541
5600 / 14541
5700 / 14541
5800 / 14541
5900 / 14541
6000 / 14541
6100 / 14541
6200 / 14541
6300 / 14541
6400 / 14541
6500 / 14541
6600 / 14541
6700 / 14541
6800 / 14541
6900 / 14541
7000 / 14541
7100 / 14541
7200 / 14541
7300 / 14541
7400 / 14541
7500 / 14541
7600 / 14541
7700 / 14541
7800 / 14541
7900 / 14541
8000 / 14541
8100 / 14541
8200 / 14541
8300 / 14541
8400 / 14541
8500 / 14541
8600 / 14541
8700 / 14541
8800 / 14541
8900 / 14541
9000 / 14541
9100 / 14541
9200 / 14541
9300 / 14541
9400 / 14541
9500 / 14541
9600 / 14541
9700 / 14541
9800 / 14541
9900 / 14541
10000 / 14541
10100 / 14541
10200 / 14541
10300 / 14541
10400 / 14541
10500 / 14541
10600 / 14541
10700 / 14541
10800 / 14541
10900 / 14541
11000 / 14541
11100 / 14541
11200 / 14541
11300 / 14541
11400 / 14541
11500 / 14541
11600 / 14541
11700 / 14541
11800 / 14541
11900 / 14541
12000 / 14541
12100 / 14541
12200 / 14541
12300 / 14541
12400 / 14541
12500 / 14541
12600 / 14541
12700 / 14541
12800 / 14541
12900 / 14541
13000 / 14541
13100 / 14541
13200 / 14541
13300 / 14541
13400 / 14541
13500 / 14541
13600 / 14541
13700 / 14541
13800 / 14541
13900 / 14541
14000 / 14541
14100 / 14541
14200 / 14541
14300 / 14541
14400 / 14541
14500 / 14541
In epoch  25  avg loss (or negative reward) is  0.575676355022
In epoch  25  test reward is 0.472661, test accuracy is 0.422311
Time taken in this epoch 958.902625084
Best Reward: 0.474667 (Accuracy: 0.422975) at epoch 17
Best Accuracy: 0.422975 (Reward: 0.474667) at epoch 17
Saving model with header =  model/moduleKwNoMap-b15-ind-0-25

100 / 14541
200 / 14541
300 / 14541
400 / 14541
500 / 14541
600 / 14541
700 / 14541
800 / 14541
900 / 14541
1000 / 14541
1100 / 14541
1200 / 14541
1300 / 14541
1400 / 14541
1500 / 14541
1600 / 14541
1700 / 14541
1800 / 14541
1900 / 14541
2000 / 14541
2100 / 14541
2200 / 14541
2300 / 14541
2400 / 14541
2500 / 14541
2600 / 14541
2700 / 14541
2800 / 14541
2900 / 14541
3000 / 14541
3100 / 14541
3200 / 14541
3300 / 14541
3400 / 14541
3500 / 14541
3600 / 14541
3700 / 14541
3800 / 14541
3900 / 14541
4000 / 14541
4100 / 14541
4200 / 14541
4300 / 14541
4400 / 14541
4500 / 14541
4600 / 14541
4700 / 14541
4800 / 14541
4900 / 14541
5000 / 14541
5100 / 14541
5200 / 14541
5300 / 14541
5400 / 14541
5500 / 14541
5600 / 14541
5700 / 14541
5800 / 14541
5900 / 14541
6000 / 14541
6100 / 14541
6200 / 14541
6300 / 14541
6400 / 14541
6500 / 14541
6600 / 14541
6700 / 14541
6800 / 14541
6900 / 14541
7000 / 14541
7100 / 14541
7200 / 14541
7300 / 14541
7400 / 14541
7500 / 14541
7600 / 14541
7700 / 14541
7800 / 14541
7900 / 14541
8000 / 14541
8100 / 14541
8200 / 14541
8300 / 14541
8400 / 14541
8500 / 14541
8600 / 14541
8700 / 14541
8800 / 14541
8900 / 14541
9000 / 14541
9100 / 14541
9200 / 14541
9300 / 14541
9400 / 14541
9500 / 14541
9600 / 14541
9700 / 14541
9800 / 14541
9900 / 14541
10000 / 14541
10100 / 14541
10200 / 14541
10300 / 14541
10400 / 14541
10500 / 14541
10600 / 14541
10700 / 14541
10800 / 14541
10900 / 14541
11000 / 14541
11100 / 14541
11200 / 14541
11300 / 14541
11400 / 14541
11500 / 14541
11600 / 14541
11700 / 14541
11800 / 14541
11900 / 14541
12000 / 14541
12100 / 14541
12200 / 14541
12300 / 14541
12400 / 14541
12500 / 14541
12600 / 14541
12700 / 14541
12800 / 14541
12900 / 14541
13000 / 14541
13100 / 14541
13200 / 14541
13300 / 14541
13400 / 14541
13500 / 14541
13600 / 14541
13700 / 14541
13800 / 14541
13900 / 14541
14000 / 14541
14100 / 14541
14200 / 14541
14300 / 14541
14400 / 14541
14500 / 14541
In epoch  26  avg loss (or negative reward) is  0.571994676111
In epoch  26  test reward is 0.474325, test accuracy is 0.421315
Time taken in this epoch 936.227581024
Best Reward: 0.474667 (Accuracy: 0.422975) at epoch 17
Best Accuracy: 0.422975 (Reward: 0.474667) at epoch 17
Saving model with header =  model/moduleKwNoMap-b15-ind-0-26

100 / 14541
200 / 14541
300 / 14541
400 / 14541
500 / 14541
600 / 14541
700 / 14541
800 / 14541
900 / 14541
1000 / 14541
1100 / 14541
1200 / 14541
1300 / 14541
1400 / 14541
1500 / 14541
1600 / 14541
1700 / 14541
1800 / 14541
1900 / 14541
2000 / 14541
2100 / 14541
2200 / 14541
2300 / 14541
2400 / 14541
2500 / 14541
2600 / 14541
2700 / 14541
2800 / 14541
2900 / 14541
3000 / 14541
3100 / 14541
3200 / 14541
3300 / 14541
3400 / 14541
3500 / 14541
3600 / 14541
3700 / 14541
3800 / 14541
3900 / 14541
4000 / 14541
4100 / 14541
4200 / 14541
4300 / 14541
4400 / 14541
4500 / 14541
4600 / 14541
4700 / 14541
4800 / 14541
4900 / 14541
5000 / 14541
5100 / 14541
5200 / 14541
5300 / 14541
5400 / 14541
5500 / 14541
5600 / 14541
5700 / 14541
5800 / 14541
5900 / 14541
6000 / 14541
6100 / 14541
6200 / 14541
6300 / 14541
6400 / 14541
6500 / 14541
6600 / 14541
6700 / 14541
6800 / 14541
6900 / 14541
7000 / 14541
7100 / 14541
7200 / 14541
7300 / 14541
7400 / 14541
7500 / 14541
7600 / 14541
7700 / 14541
7800 / 14541
7900 / 14541
8000 / 14541
8100 / 14541
8200 / 14541
8300 / 14541
8400 / 14541
8500 / 14541
8600 / 14541
8700 / 14541
8800 / 14541
8900 / 14541
9000 / 14541
9100 / 14541
9200 / 14541
9300 / 14541
9400 / 14541
9500 / 14541
9600 / 14541
9700 / 14541
9800 / 14541
9900 / 14541
10000 / 14541
10100 / 14541
10200 / 14541
10300 / 14541
10400 / 14541
10500 / 14541
10600 / 14541
10700 / 14541
10800 / 14541
10900 / 14541
11000 / 14541
11100 / 14541
11200 / 14541
11300 / 14541
11400 / 14541
11500 / 14541
11600 / 14541
11700 / 14541
11800 / 14541
11900 / 14541
12000 / 14541
12100 / 14541
12200 / 14541
12300 / 14541
12400 / 14541
12500 / 14541
12600 / 14541
12700 / 14541
12800 / 14541
12900 / 14541
13000 / 14541
13100 / 14541
13200 / 14541
13300 / 14541
13400 / 14541
13500 / 14541
13600 / 14541
13700 / 14541
13800 / 14541
13900 / 14541
14000 / 14541
14100 / 14541
14200 / 14541
14300 / 14541
14400 / 14541
14500 / 14541
In epoch  27  avg loss (or negative reward) is  0.568847891023
In epoch  27  test reward is 0.476161, test accuracy is 0.423639
Time taken in this epoch 927.888772964
Best Reward: 0.476161 (Accuracy: 0.423639) at epoch 27
Best Accuracy: 0.423639 (Reward: 0.476161) at epoch 27
Saving model with header =  model/moduleKwNoMap-b15-ind-0-27

100 / 14541
200 / 14541
300 / 14541
400 / 14541
500 / 14541
600 / 14541
700 / 14541
800 / 14541
900 / 14541
1000 / 14541
1100 / 14541
1200 / 14541
1300 / 14541
1400 / 14541
1500 / 14541
1600 / 14541
1700 / 14541
1800 / 14541
1900 / 14541
2000 / 14541
2100 / 14541
2200 / 14541
2300 / 14541
2400 / 14541
2500 / 14541
2600 / 14541
2700 / 14541
2800 / 14541
2900 / 14541
3000 / 14541
3100 / 14541
3200 / 14541
3300 / 14541
3400 / 14541
3500 / 14541
3600 / 14541
3700 / 14541
3800 / 14541
3900 / 14541
4000 / 14541
4100 / 14541
4200 / 14541
4300 / 14541
4400 / 14541
4500 / 14541
4600 / 14541
4700 / 14541
4800 / 14541
4900 / 14541
5000 / 14541
5100 / 14541
5200 / 14541
5300 / 14541
5400 / 14541
5500 / 14541
5600 / 14541
5700 / 14541
5800 / 14541
5900 / 14541
6000 / 14541
6100 / 14541
6200 / 14541
6300 / 14541
6400 / 14541
6500 / 14541
6600 / 14541
6700 / 14541
6800 / 14541
6900 / 14541
7000 / 14541
7100 / 14541
7200 / 14541
7300 / 14541
7400 / 14541
7500 / 14541
7600 / 14541
7700 / 14541
7800 / 14541
7900 / 14541
8000 / 14541
8100 / 14541
8200 / 14541
8300 / 14541
8400 / 14541
8500 / 14541
8600 / 14541
8700 / 14541
8800 / 14541
8900 / 14541
9000 / 14541
9100 / 14541
9200 / 14541
9300 / 14541
9400 / 14541
9500 / 14541
9600 / 14541
9700 / 14541
9800 / 14541
9900 / 14541
10000 / 14541
10100 / 14541
10200 / 14541
10300 / 14541
10400 / 14541
10500 / 14541
10600 / 14541
10700 / 14541
10800 / 14541
10900 / 14541
11000 / 14541
11100 / 14541
11200 / 14541
11300 / 14541
11400 / 14541
11500 / 14541
11600 / 14541
11700 / 14541
11800 / 14541
11900 / 14541
12000 / 14541
12100 / 14541
12200 / 14541
12300 / 14541
12400 / 14541
12500 / 14541
12600 / 14541
12700 / 14541
12800 / 14541
12900 / 14541
13000 / 14541
13100 / 14541
13200 / 14541
13300 / 14541
13400 / 14541
13500 / 14541
13600 / 14541
13700 / 14541
13800 / 14541
13900 / 14541
14000 / 14541
14100 / 14541
14200 / 14541
14300 / 14541
14400 / 14541
14500 / 14541
In epoch  28  avg loss (or negative reward) is  0.56397848914
In epoch  28  test reward is 0.479099, test accuracy is 0.425963
Time taken in this epoch 895.952056885
Best Reward: 0.479099 (Accuracy: 0.425963) at epoch 28
Best Accuracy: 0.425963 (Reward: 0.479099) at epoch 28
Saving model with header =  model/moduleKwNoMap-b15-ind-0-28

100 / 14541
200 / 14541
300 / 14541
400 / 14541
500 / 14541
600 / 14541
700 / 14541
800 / 14541
900 / 14541
1000 / 14541
1100 / 14541
1200 / 14541
1300 / 14541
1400 / 14541
1500 / 14541
1600 / 14541
1700 / 14541
1800 / 14541
1900 / 14541
2000 / 14541
2100 / 14541
2200 / 14541
2300 / 14541
2400 / 14541
2500 / 14541
2600 / 14541
2700 / 14541
2800 / 14541
2900 / 14541
3000 / 14541
3100 / 14541
3200 / 14541
3300 / 14541
3400 / 14541
3500 / 14541
3600 / 14541
3700 / 14541
3800 / 14541
3900 / 14541
4000 / 14541
4100 / 14541
4200 / 14541
4300 / 14541
4400 / 14541
4500 / 14541
4600 / 14541
4700 / 14541
4800 / 14541
4900 / 14541
5000 / 14541
5100 / 14541
5200 / 14541
5300 / 14541
5400 / 14541
5500 / 14541
5600 / 14541
5700 / 14541
5800 / 14541
5900 / 14541
6000 / 14541
6100 / 14541
6200 / 14541
6300 / 14541
6400 / 14541
6500 / 14541
6600 / 14541
6700 / 14541
6800 / 14541
6900 / 14541
7000 / 14541
7100 / 14541
7200 / 14541
7300 / 14541
7400 / 14541
7500 / 14541
7600 / 14541
7700 / 14541
7800 / 14541
7900 / 14541
8000 / 14541
8100 / 14541
8200 / 14541
8300 / 14541
8400 / 14541
8500 / 14541
8600 / 14541
8700 / 14541
8800 / 14541
8900 / 14541
9000 / 14541
9100 / 14541
9200 / 14541
9300 / 14541
9400 / 14541
9500 / 14541
9600 / 14541
9700 / 14541
9800 / 14541
9900 / 14541
10000 / 14541
10100 / 14541
10200 / 14541
10300 / 14541
10400 / 14541
10500 / 14541
10600 / 14541
10700 / 14541
10800 / 14541
10900 / 14541
11000 / 14541
11100 / 14541
11200 / 14541
11300 / 14541
11400 / 14541
11500 / 14541
11600 / 14541
11700 / 14541
11800 / 14541
11900 / 14541
12000 / 14541
12100 / 14541
12200 / 14541
12300 / 14541
12400 / 14541
12500 / 14541
12600 / 14541
12700 / 14541
12800 / 14541
12900 / 14541
13000 / 14541
13100 / 14541
13200 / 14541
13300 / 14541
13400 / 14541
13500 / 14541
13600 / 14541
13700 / 14541
13800 / 14541
13900 / 14541
14000 / 14541
14100 / 14541
14200 / 14541
14300 / 14541
14400 / 14541
14500 / 14541
In epoch  29  avg loss (or negative reward) is  0.559202522947
In epoch  29  test reward is 0.476559, test accuracy is 0.423639
Time taken in this epoch 892.413026094
Best Reward: 0.479099 (Accuracy: 0.425963) at epoch 28
Best Accuracy: 0.425963 (Reward: 0.479099) at epoch 28
Saving model with header =  model/moduleKwNoMap-b15-ind-0-29

