[dynet] random seed: 1
[dynet] allocating memory: 2000MB
[dynet] memory allocation done.
Random-split-4-train/dev...
================================================================================
Train /home/scottyih/Neural-RL-SP/data/random-split-4-train.tsv
Test /home/scottyih/Neural-RL-SP/data/random-split-4-dev.tsv
{u'partial_reward': True, u'USE_PRETRAIN_WORD_EMBEDDING': True, u'AnnotatedTableDir': u'/home/scottyih/Neural-RL-SP/Arvind_data/annotated', u'updateEMB': 0, u'DropOut': True, u'ReduceRowCond': False, u'record_path': u'./cache//glove.6b.100d.trie', u'NUM_ITER': 30, u'guessLogPass': False, u'beam_size': 15, u'recordtriesep': u'|', u'recordtriestructure': u'<ffffffffffffffffffffffffffffffffffffffffffffffffffffffffffffffffffffffffffffffffffffffffffffffffffff', u'WORD_EMBEDDING_DIM': 100, u'DIST_BIAS_DIM': 100, u'dirTable': u'file:///D:/ScottYih/Source/Repos/Neural-RL-SP/data', u'LSTM_HIDDEN_DIM': 50, u'embeddingtrie': <marisa_trie.RecordTrie object at 0x7feb0d69bdd0>, u'verbose-dump': False}
>>>>>>>> begin experiments
Warning: /home/scottyih/Neural-RL-SP/Arvind_data/annotated/203-annotated/855.annotated is not complete!
Warning: /home/scottyih/Neural-RL-SP/Arvind_data/annotated/203-annotated/855.annotated is not complete!
Warning: /home/scottyih/Neural-RL-SP/Arvind_data/annotated/203-annotated/855.annotated is not complete!
Warning: /home/scottyih/Neural-RL-SP/Arvind_data/annotated/203-annotated/855.annotated is not complete!
Warning: /home/scottyih/Neural-RL-SP/Arvind_data/annotated/203-annotated/855.annotated is not complete!
Warning: /home/scottyih/Neural-RL-SP/Arvind_data/annotated/203-annotated/855.annotated is not complete!
Warning: /home/scottyih/Neural-RL-SP/Arvind_data/annotated/203-annotated/855.annotated is not complete!
Warning: /home/scottyih/Neural-RL-SP/Arvind_data/annotated/203-annotated/855.annotated is not complete!
Warning: /home/scottyih/Neural-RL-SP/Arvind_data/annotated/204-annotated/74.annotated is not complete!
Warning: /home/scottyih/Neural-RL-SP/Arvind_data/annotated/204-annotated/74.annotated is not complete!
Warning: /home/scottyih/Neural-RL-SP/Arvind_data/annotated/204-annotated/74.annotated is not complete!
Warning: /home/scottyih/Neural-RL-SP/Arvind_data/annotated/204-annotated/74.annotated is not complete!
Warning: /home/scottyih/Neural-RL-SP/Arvind_data/annotated/204-annotated/74.annotated is not complete!
Warning: /home/scottyih/Neural-RL-SP/Arvind_data/annotated/204-annotated/74.annotated is not complete!
Warning: /home/scottyih/Neural-RL-SP/Arvind_data/annotated/204-annotated/74.annotated is not complete!
Warning: /home/scottyih/Neural-RL-SP/Arvind_data/annotated/204-annotated/74.annotated is not complete!
Warning: /home/scottyih/Neural-RL-SP/Arvind_data/annotated/204-annotated/74.annotated is not complete!
Warning: /home/scottyih/Neural-RL-SP/Arvind_data/annotated/204-annotated/74.annotated is not complete!
Warning: /home/scottyih/Neural-RL-SP/Arvind_data/annotated/204-annotated/74.annotated is not complete!
Warning: /home/scottyih/Neural-RL-SP/Arvind_data/annotated/204-annotated/546.annotated is not complete!
Warning: /home/scottyih/Neural-RL-SP/Arvind_data/annotated/204-annotated/546.annotated is not complete!
Warning: /home/scottyih/Neural-RL-SP/Arvind_data/annotated/204-annotated/546.annotated is not complete!
Warning: /home/scottyih/Neural-RL-SP/Arvind_data/annotated/204-annotated/546.annotated is not complete!
Warning: /home/scottyih/Neural-RL-SP/Arvind_data/annotated/204-annotated/546.annotated is not complete!
Warning: /home/scottyih/Neural-RL-SP/Arvind_data/annotated/204-annotated/546.annotated is not complete!
Warning: /home/scottyih/Neural-RL-SP/Arvind_data/annotated/204-annotated/546.annotated is not complete!
Warning: /home/scottyih/Neural-RL-SP/Arvind_data/annotated/204-annotated/546.annotated is not complete!
Warning: /home/scottyih/Neural-RL-SP/Arvind_data/annotated/204-annotated/546.annotated is not complete!
Warning: /home/scottyih/Neural-RL-SP/Arvind_data/annotated/204-annotated/546.annotated is not complete!
Warning: /home/scottyih/Neural-RL-SP/Arvind_data/annotated/203-annotated/803.annotated is not complete!
Warning: /home/scottyih/Neural-RL-SP/Arvind_data/annotated/203-annotated/803.annotated is not complete!
Warning: /home/scottyih/Neural-RL-SP/Arvind_data/annotated/203-annotated/803.annotated is not complete!
Warning: /home/scottyih/Neural-RL-SP/Arvind_data/annotated/203-annotated/803.annotated is not complete!
Warning: /home/scottyih/Neural-RL-SP/Arvind_data/annotated/203-annotated/803.annotated is not complete!
Warning: /home/scottyih/Neural-RL-SP/Arvind_data/annotated/203-annotated/803.annotated is not complete!
Warning: /home/scottyih/Neural-RL-SP/Arvind_data/annotated/203-annotated/803.annotated is not complete!
Warning: /home/scottyih/Neural-RL-SP/Arvind_data/annotated/203-annotated/803.annotated is not complete!
Warning: /home/scottyih/Neural-RL-SP/Arvind_data/annotated/203-annotated/803.annotated is not complete!
Warning: /home/scottyih/Neural-RL-SP/Arvind_data/annotated/203-annotated/803.annotated is not complete!
Warning: /home/scottyih/Neural-RL-SP/Arvind_data/annotated/203-annotated/803.annotated is not complete!
Warning: /home/scottyih/Neural-RL-SP/Arvind_data/annotated/203-annotated/803.annotated is not complete!
Warning: /home/scottyih/Neural-RL-SP/Arvind_data/annotated/203-annotated/803.annotated is not complete!
Warning: /home/scottyih/Neural-RL-SP/Arvind_data/annotated/203-annotated/803.annotated is not complete!
Warning: /home/scottyih/Neural-RL-SP/Arvind_data/annotated/203-annotated/803.annotated is not complete!
Warning: /home/scottyih/Neural-RL-SP/Arvind_data/annotated/203-annotated/803.annotated is not complete!
Warning: /home/scottyih/Neural-RL-SP/Arvind_data/annotated/203-annotated/803.annotated is not complete!
Warning: /home/scottyih/Neural-RL-SP/Arvind_data/annotated/203-annotated/803.annotated is not complete!
Warning: /home/scottyih/Neural-RL-SP/Arvind_data/annotated/203-annotated/803.annotated is not complete!
Warning: /home/scottyih/Neural-RL-SP/Arvind_data/annotated/204-annotated/309.annotated is not complete!
Warning: /home/scottyih/Neural-RL-SP/Arvind_data/annotated/204-annotated/309.annotated is not complete!
Warning: /home/scottyih/Neural-RL-SP/Arvind_data/annotated/204-annotated/309.annotated is not complete!
Warning: /home/scottyih/Neural-RL-SP/Arvind_data/annotated/204-annotated/309.annotated is not complete!
Warning: /home/scottyih/Neural-RL-SP/Arvind_data/annotated/204-annotated/309.annotated is not complete!
Warning: /home/scottyih/Neural-RL-SP/Arvind_data/annotated/204-annotated/309.annotated is not complete!
Warning: /home/scottyih/Neural-RL-SP/Arvind_data/annotated/204-annotated/309.annotated is not complete!
Warning: /home/scottyih/Neural-RL-SP/Arvind_data/annotated/203-annotated/803.annotated is not complete!
Warning: /home/scottyih/Neural-RL-SP/Arvind_data/annotated/203-annotated/803.annotated is not complete!
Warning: /home/scottyih/Neural-RL-SP/Arvind_data/annotated/203-annotated/803.annotated is not complete!
Warning: /home/scottyih/Neural-RL-SP/Arvind_data/annotated/203-annotated/803.annotated is not complete!
Warning: /home/scottyih/Neural-RL-SP/Arvind_data/annotated/203-annotated/803.annotated is not complete!
Warning: /home/scottyih/Neural-RL-SP/Arvind_data/annotated/203-annotated/803.annotated is not complete!
Warning: /home/scottyih/Neural-RL-SP/Arvind_data/annotated/203-annotated/803.annotated is not complete!
Warning: /home/scottyih/Neural-RL-SP/Arvind_data/annotated/203-annotated/803.annotated is not complete!
Warning: /home/scottyih/Neural-RL-SP/Arvind_data/annotated/203-annotated/803.annotated is not complete!
Warning: /home/scottyih/Neural-RL-SP/Arvind_data/annotated/203-annotated/803.annotated is not complete!
Warning: /home/scottyih/Neural-RL-SP/Arvind_data/annotated/203-annotated/325.annotated is not complete!
Warning: /home/scottyih/Neural-RL-SP/Arvind_data/annotated/203-annotated/325.annotated is not complete!
Warning: /home/scottyih/Neural-RL-SP/Arvind_data/annotated/203-annotated/325.annotated is not complete!
Warning: /home/scottyih/Neural-RL-SP/Arvind_data/annotated/203-annotated/325.annotated is not complete!
Warning: /home/scottyih/Neural-RL-SP/Arvind_data/annotated/203-annotated/325.annotated is not complete!
Warning: /home/scottyih/Neural-RL-SP/Arvind_data/annotated/203-annotated/325.annotated is not complete!
Warning: /home/scottyih/Neural-RL-SP/Arvind_data/annotated/203-annotated/190.annotated is not complete!
Warning: /home/scottyih/Neural-RL-SP/Arvind_data/annotated/203-annotated/190.annotated is not complete!
Warning: /home/scottyih/Neural-RL-SP/Arvind_data/annotated/203-annotated/190.annotated is not complete!
Warning: /home/scottyih/Neural-RL-SP/Arvind_data/annotated/203-annotated/190.annotated is not complete!
Warning: /home/scottyih/Neural-RL-SP/Arvind_data/annotated/203-annotated/190.annotated is not complete!
Warning: /home/scottyih/Neural-RL-SP/Arvind_data/annotated/203-annotated/190.annotated is not complete!
Warning: /home/scottyih/Neural-RL-SP/Arvind_data/annotated/203-annotated/190.annotated is not complete!
Warning: /home/scottyih/Neural-RL-SP/Arvind_data/annotated/203-annotated/190.annotated is not complete!
Warning: /home/scottyih/Neural-RL-SP/Arvind_data/annotated/204-annotated/309.annotated is not complete!
Warning: /home/scottyih/Neural-RL-SP/Arvind_data/annotated/204-annotated/309.annotated is not complete!
Warning: /home/scottyih/Neural-RL-SP/Arvind_data/annotated/204-annotated/309.annotated is not complete!
Warning: /home/scottyih/Neural-RL-SP/Arvind_data/annotated/204-annotated/309.annotated is not complete!
Warning: /home/scottyih/Neural-RL-SP/Arvind_data/annotated/204-annotated/309.annotated is not complete!
Warning: /home/scottyih/Neural-RL-SP/Arvind_data/annotated/204-annotated/309.annotated is not complete!
Warning: /home/scottyih/Neural-RL-SP/Arvind_data/annotated/204-annotated/309.annotated is not complete!
Warning: /home/scottyih/Neural-RL-SP/Arvind_data/annotated/204-annotated/309.annotated is not complete!
Warning: /home/scottyih/Neural-RL-SP/Arvind_data/annotated/204-annotated/309.annotated is not complete!
Warning: /home/scottyih/Neural-RL-SP/Arvind_data/annotated/204-annotated/309.annotated is not complete!
Warning: /home/scottyih/Neural-RL-SP/Arvind_data/annotated/204-annotated/309.annotated is not complete!
Warning: /home/scottyih/Neural-RL-SP/Arvind_data/annotated/204-annotated/309.annotated is not complete!
Warning: /home/scottyih/Neural-RL-SP/Arvind_data/annotated/204-annotated/309.annotated is not complete!
Warning: /home/scottyih/Neural-RL-SP/Arvind_data/annotated/204-annotated/309.annotated is not complete!
Warning: /home/scottyih/Neural-RL-SP/Arvind_data/annotated/204-annotated/309.annotated is not complete!
Warning: /home/scottyih/Neural-RL-SP/Arvind_data/annotated/204-annotated/309.annotated is not complete!
Warning: /home/scottyih/Neural-RL-SP/Arvind_data/annotated/204-annotated/309.annotated is not complete!
Warning: /home/scottyih/Neural-RL-SP/Arvind_data/annotated/204-annotated/309.annotated is not complete!
Warning: /home/scottyih/Neural-RL-SP/Arvind_data/annotated/204-annotated/309.annotated is not complete!
Warning: /home/scottyih/Neural-RL-SP/Arvind_data/annotated/204-annotated/309.annotated is not complete!
Warning: /home/scottyih/Neural-RL-SP/Arvind_data/annotated/204-annotated/309.annotated is not complete!
Warning: /home/scottyih/Neural-RL-SP/Arvind_data/annotated/204-annotated/309.annotated is not complete!
Warning: /home/scottyih/Neural-RL-SP/Arvind_data/annotated/204-annotated/309.annotated is not complete!
Warning: /home/scottyih/Neural-RL-SP/Arvind_data/annotated/204-annotated/309.annotated is not complete!
Warning: /home/scottyih/Neural-RL-SP/Arvind_data/annotated/204-annotated/309.annotated is not complete!
Warning: /home/scottyih/Neural-RL-SP/Arvind_data/annotated/204-annotated/51.annotated is not complete!
Warning: /home/scottyih/Neural-RL-SP/Arvind_data/annotated/204-annotated/51.annotated is not complete!
Warning: /home/scottyih/Neural-RL-SP/Arvind_data/annotated/204-annotated/51.annotated is not complete!
Warning: /home/scottyih/Neural-RL-SP/Arvind_data/annotated/204-annotated/51.annotated is not complete!
Warning: /home/scottyih/Neural-RL-SP/Arvind_data/annotated/204-annotated/51.annotated is not complete!
Warning: /home/scottyih/Neural-RL-SP/Arvind_data/annotated/204-annotated/51.annotated is not complete!
Warning: /home/scottyih/Neural-RL-SP/Arvind_data/annotated/204-annotated/51.annotated is not complete!
Warning: /home/scottyih/Neural-RL-SP/Arvind_data/annotated/204-annotated/51.annotated is not complete!
Warning: /home/scottyih/Neural-RL-SP/Arvind_data/annotated/204-annotated/51.annotated is not complete!
Warning: /home/scottyih/Neural-RL-SP/Arvind_data/annotated/204-annotated/51.annotated is not complete!
init vw = 32357 words
beginning to load embeddings....
the number of words that are in pretrain 22467.0 32357 0.694347436413
loading complete!
100 / 12495
200 / 12495
300 / 12495
400 / 12495
500 / 12495
600 / 12495
700 / 12495
800 / 12495
900 / 12495
1000 / 12495
1100 / 12495
1200 / 12495
1300 / 12495
1400 / 12495
1500 / 12495
1600 / 12495
1700 / 12495
1800 / 12495
1900 / 12495
2000 / 12495
2100 / 12495
2200 / 12495
2300 / 12495
2400 / 12495
2500 / 12495
2600 / 12495
2700 / 12495
2800 / 12495
2900 / 12495
3000 / 12495
3100 / 12495
3200 / 12495
3300 / 12495
3400 / 12495
3500 / 12495
3600 / 12495
3700 / 12495
3800 / 12495
3900 / 12495
4000 / 12495
4100 / 12495
4200 / 12495
4300 / 12495
4400 / 12495
4500 / 12495
4600 / 12495
4700 / 12495
4800 / 12495
4900 / 12495
5000 / 12495
5100 / 12495
5200 / 12495
5300 / 12495
5400 / 12495
5500 / 12495
5600 / 12495
5700 / 12495
5800 / 12495
5900 / 12495
6000 / 12495
6100 / 12495
6200 / 12495
6300 / 12495
6400 / 12495
6500 / 12495
6600 / 12495
6700 / 12495
6800 / 12495
6900 / 12495
7000 / 12495
7100 / 12495
7200 / 12495
7300 / 12495
7400 / 12495
7500 / 12495
7600 / 12495
7700 / 12495
7800 / 12495
7900 / 12495
8000 / 12495
8100 / 12495
8200 / 12495
8300 / 12495
8400 / 12495
8500 / 12495
8600 / 12495
8700 / 12495
8800 / 12495
8900 / 12495
9000 / 12495
9100 / 12495
9200 / 12495
9300 / 12495
9400 / 12495
9500 / 12495
9600 / 12495
9700 / 12495
9800 / 12495
9900 / 12495
10000 / 12495
10100 / 12495
10200 / 12495
10300 / 12495
list index out of range
Exception in running!
10400 / 12495
10500 / 12495
10600 / 12495
10700 / 12495
10800 / 12495
10900 / 12495
11000 / 12495
11100 / 12495
11200 / 12495
11300 / 12495
11400 / 12495
11500 / 12495
11600 / 12495
11700 / 12495
11800 / 12495
11900 / 12495
12000 / 12495
12100 / 12495
12200 / 12495
12300 / 12495
12400 / 12495
In epoch  0  avg loss (or negative reward) is  0.995802079723
In epoch  0  test reward is 0.317422, test accuracy is 0.249756
Time taken in this epoch 1576.69344401
Best Reward: 0.317422 (Accuracy: 0.249756) at epoch 0
Best Accuracy: 0.249756 (Reward: 0.317422) at epoch 0
Saving model with header =  model/moduleKwNoMap-b15-4-0

100 / 12495
200 / 12495
300 / 12495
400 / 12495
500 / 12495
600 / 12495
700 / 12495
800 / 12495
900 / 12495
1000 / 12495
1100 / 12495
1200 / 12495
1300 / 12495
1400 / 12495
1500 / 12495
1600 / 12495
1700 / 12495
1800 / 12495
1900 / 12495
2000 / 12495
2100 / 12495
2200 / 12495
2300 / 12495
2400 / 12495
2500 / 12495
2600 / 12495
2700 / 12495
2800 / 12495
2900 / 12495
3000 / 12495
3100 / 12495
3200 / 12495
3300 / 12495
3400 / 12495
3500 / 12495
3600 / 12495
3700 / 12495
3800 / 12495
3900 / 12495
4000 / 12495
4100 / 12495
4200 / 12495
4300 / 12495
4400 / 12495
4500 / 12495
4600 / 12495
4700 / 12495
4800 / 12495
4900 / 12495
5000 / 12495
5100 / 12495
5200 / 12495
5300 / 12495
5400 / 12495
5500 / 12495
5600 / 12495
5700 / 12495
5800 / 12495
5900 / 12495
6000 / 12495
6100 / 12495
6200 / 12495
6300 / 12495
6400 / 12495
6500 / 12495
6600 / 12495
6700 / 12495
6800 / 12495
6900 / 12495
7000 / 12495
7100 / 12495
7200 / 12495
7300 / 12495
7400 / 12495
7500 / 12495
7600 / 12495
7700 / 12495
7800 / 12495
7900 / 12495
8000 / 12495
8100 / 12495
8200 / 12495
8300 / 12495
8400 / 12495
8500 / 12495
8600 / 12495
8700 / 12495
8800 / 12495
list index out of range
Exception in running!
8900 / 12495
9000 / 12495
9100 / 12495
9200 / 12495
9300 / 12495
9400 / 12495
9500 / 12495
9600 / 12495
9700 / 12495
9800 / 12495
9900 / 12495
10000 / 12495
10100 / 12495
10200 / 12495
10300 / 12495
10400 / 12495
10500 / 12495
10600 / 12495
10700 / 12495
10800 / 12495
10900 / 12495
11000 / 12495
11100 / 12495
11200 / 12495
11300 / 12495
11400 / 12495
11500 / 12495
11600 / 12495
11700 / 12495
11800 / 12495
11900 / 12495
12000 / 12495
12100 / 12495
12200 / 12495
12300 / 12495
12400 / 12495
In epoch  1  avg loss (or negative reward) is  0.944969267232
In epoch  1  test reward is 0.349710, test accuracy is 0.275171
Time taken in this epoch 1685.12695312
Best Reward: 0.349710 (Accuracy: 0.275171) at epoch 1
Best Accuracy: 0.275171 (Reward: 0.349710) at epoch 1
Saving model with header =  model/moduleKwNoMap-b15-4-1

100 / 12495
200 / 12495
300 / 12495
400 / 12495
500 / 12495
600 / 12495
700 / 12495
800 / 12495
900 / 12495
1000 / 12495
1100 / 12495
1200 / 12495
1300 / 12495
1400 / 12495
1500 / 12495
1600 / 12495
1700 / 12495
list index out of range
Exception in running!
1800 / 12495
1900 / 12495
2000 / 12495
2100 / 12495
2200 / 12495
2300 / 12495
2400 / 12495
2500 / 12495
2600 / 12495
2700 / 12495
2800 / 12495
2900 / 12495
3000 / 12495
3100 / 12495
3200 / 12495
3300 / 12495
3400 / 12495
3500 / 12495
3600 / 12495
3700 / 12495
3800 / 12495
3900 / 12495
4000 / 12495
4100 / 12495
4200 / 12495
4300 / 12495
4400 / 12495
4500 / 12495
4600 / 12495
4700 / 12495
4800 / 12495
4900 / 12495
5000 / 12495
5100 / 12495
5200 / 12495
5300 / 12495
5400 / 12495
5500 / 12495
5600 / 12495
5700 / 12495
5800 / 12495
5900 / 12495
6000 / 12495
6100 / 12495
6200 / 12495
list index out of range
Exception in running!
list index out of range
Exception in running!
6300 / 12495
6400 / 12495
6500 / 12495
6600 / 12495
6700 / 12495
6800 / 12495
6900 / 12495
7000 / 12495
7100 / 12495
7200 / 12495
7300 / 12495
7400 / 12495
7500 / 12495
7600 / 12495
7700 / 12495
7800 / 12495
7900 / 12495
8000 / 12495
8100 / 12495
8200 / 12495
8300 / 12495
8400 / 12495
8500 / 12495
8600 / 12495
8700 / 12495
8800 / 12495
8900 / 12495
9000 / 12495
9100 / 12495
9200 / 12495
9300 / 12495
9400 / 12495
9500 / 12495
9600 / 12495
9700 / 12495
9800 / 12495
9900 / 12495
10000 / 12495
10100 / 12495
10200 / 12495
10300 / 12495
10400 / 12495
10500 / 12495
10600 / 12495
10700 / 12495
10800 / 12495
10900 / 12495
11000 / 12495
11100 / 12495
11200 / 12495
11300 / 12495
11400 / 12495
11500 / 12495
11600 / 12495
11700 / 12495
11800 / 12495
11900 / 12495
12000 / 12495
12100 / 12495
12200 / 12495
12300 / 12495
12400 / 12495
In epoch  2  avg loss (or negative reward) is  0.906302552504
In epoch  2  test reward is 0.360121, test accuracy is 0.284457
Time taken in this epoch 1717.36356091
Best Reward: 0.360121 (Accuracy: 0.284457) at epoch 2
Best Accuracy: 0.284457 (Reward: 0.360121) at epoch 2
Saving model with header =  model/moduleKwNoMap-b15-4-2

100 / 12495
200 / 12495
300 / 12495
400 / 12495
500 / 12495
600 / 12495
700 / 12495
800 / 12495
900 / 12495
1000 / 12495
1100 / 12495
1200 / 12495
1300 / 12495
1400 / 12495
1500 / 12495
1600 / 12495
1700 / 12495
1800 / 12495
1900 / 12495
2000 / 12495
2100 / 12495
2200 / 12495
2300 / 12495
2400 / 12495
2500 / 12495
2600 / 12495
2700 / 12495
2800 / 12495
2900 / 12495
3000 / 12495
3100 / 12495
3200 / 12495
3300 / 12495
3400 / 12495
3500 / 12495
3600 / 12495
3700 / 12495
3800 / 12495
3900 / 12495
4000 / 12495
4100 / 12495
4200 / 12495
4300 / 12495
4400 / 12495
4500 / 12495
4600 / 12495
4700 / 12495
4800 / 12495
4900 / 12495
5000 / 12495
5100 / 12495
5200 / 12495
5300 / 12495
5400 / 12495
5500 / 12495
5600 / 12495
5700 / 12495
5800 / 12495
5900 / 12495
6000 / 12495
6100 / 12495
6200 / 12495
6300 / 12495
6400 / 12495
6500 / 12495
6600 / 12495
6700 / 12495
6800 / 12495
6900 / 12495
7000 / 12495
7100 / 12495
7200 / 12495
7300 / 12495
7400 / 12495
7500 / 12495
7600 / 12495
7700 / 12495
7800 / 12495
7900 / 12495
8000 / 12495
8100 / 12495
8200 / 12495
8300 / 12495
8400 / 12495
8500 / 12495
8600 / 12495
8700 / 12495
8800 / 12495
8900 / 12495
9000 / 12495
9100 / 12495
9200 / 12495
9300 / 12495
9400 / 12495
9500 / 12495
9600 / 12495
9700 / 12495
9800 / 12495
9900 / 12495
10000 / 12495
10100 / 12495
10200 / 12495
10300 / 12495
10400 / 12495
10500 / 12495
10600 / 12495
10700 / 12495
10800 / 12495
10900 / 12495
11000 / 12495
11100 / 12495
11200 / 12495
11300 / 12495
11400 / 12495
11500 / 12495
11600 / 12495
11700 / 12495
11800 / 12495
11900 / 12495
12000 / 12495
12100 / 12495
12200 / 12495
12300 / 12495
12400 / 12495
In epoch  3  avg loss (or negative reward) is  0.872137749472
In epoch  3  test reward is 0.380927, test accuracy is 0.310362
Time taken in this epoch 1721.27677488
Best Reward: 0.380927 (Accuracy: 0.310362) at epoch 3
Best Accuracy: 0.310362 (Reward: 0.380927) at epoch 3
Saving model with header =  model/moduleKwNoMap-b15-4-3

100 / 12495
200 / 12495
300 / 12495
400 / 12495
500 / 12495
600 / 12495
700 / 12495
800 / 12495
900 / 12495
('debug: qinfo', 'nt-6000_0_2', 'table_csv/204_359.csv')
('debug: cond_row, self.cond_col = ', 0, 0)
('debug: subtab_rows', [0, 1, 2, 3, 4, 5, 6, 7, 8, 9, 10])
('debug: entries', [['Quechua', '11,671', '10,203', '12,482', '9,596', '29,940', '14,789'], ['Aymara', '72', '74', '39', '965', '1,590', '907'], ['Guarani', '7', '9', '3', '19', '39', '41'], ['Another native', '16', '9', '6', '424', '235', '27'], ['Spanish', '4,967', '4,991', '4,954', '11,530', '29,377', '17,164'], ['Foreign', '32', '15', '22', '128', '199', '142'], ['Only native', '7,060', '5,623', '7,706', '2,518', '8,131', '3,207'], ['Native and Spanish', '4,645', '4,598', '4,790', '7,811', '22,426', '11,864'], ['Only Spanish', '322', '393', '166', '3,726', '6,956', '5,314']])
local variable 'ret' referenced before assignment
Exception in running!
1000 / 12495
1100 / 12495
1200 / 12495
1300 / 12495
1400 / 12495
1500 / 12495
1600 / 12495
1700 / 12495
1800 / 12495
1900 / 12495
2000 / 12495
2100 / 12495
2200 / 12495
2300 / 12495
2400 / 12495
2500 / 12495
2600 / 12495
2700 / 12495
2800 / 12495
2900 / 12495
3000 / 12495
3100 / 12495
3200 / 12495
3300 / 12495
3400 / 12495
3500 / 12495
3600 / 12495
3700 / 12495
3800 / 12495
3900 / 12495
4000 / 12495
4100 / 12495
4200 / 12495
4300 / 12495
4400 / 12495
4500 / 12495
4600 / 12495
4700 / 12495
4800 / 12495
4900 / 12495
5000 / 12495
5100 / 12495
5200 / 12495
5300 / 12495
5400 / 12495
5500 / 12495
5600 / 12495
5700 / 12495
5800 / 12495
5900 / 12495
6000 / 12495
6100 / 12495
6200 / 12495
6300 / 12495
6400 / 12495
6500 / 12495
6600 / 12495
6700 / 12495
6800 / 12495
6900 / 12495
7000 / 12495
7100 / 12495
7200 / 12495
7300 / 12495
7400 / 12495
7500 / 12495
7600 / 12495
7700 / 12495
7800 / 12495
7900 / 12495
8000 / 12495
8100 / 12495
8200 / 12495
8300 / 12495
8400 / 12495
8500 / 12495
8600 / 12495
8700 / 12495
8800 / 12495
8900 / 12495
9000 / 12495
9100 / 12495
9200 / 12495
9300 / 12495
9400 / 12495
9500 / 12495
9600 / 12495
9700 / 12495
9800 / 12495
9900 / 12495
10000 / 12495
10100 / 12495
10200 / 12495
10300 / 12495
10400 / 12495
10500 / 12495
10600 / 12495
10700 / 12495
10800 / 12495
10900 / 12495
11000 / 12495
11100 / 12495
11200 / 12495
11300 / 12495
11400 / 12495
11500 / 12495
11600 / 12495
11700 / 12495
11800 / 12495
11900 / 12495
12000 / 12495
12100 / 12495
12200 / 12495
12300 / 12495
12400 / 12495
In epoch  4  avg loss (or negative reward) is  0.848512877722
In epoch  4  test reward is 0.394700, test accuracy is 0.321114
Time taken in this epoch 1735.36578512
Best Reward: 0.394700 (Accuracy: 0.321114) at epoch 4
Best Accuracy: 0.321114 (Reward: 0.394700) at epoch 4
Saving model with header =  model/moduleKwNoMap-b15-4-4

100 / 12495
200 / 12495
300 / 12495
400 / 12495
500 / 12495
600 / 12495
700 / 12495
800 / 12495
900 / 12495
1000 / 12495
1100 / 12495
1200 / 12495
1300 / 12495
1400 / 12495
1500 / 12495
1600 / 12495
1700 / 12495
1800 / 12495
1900 / 12495
2000 / 12495
2100 / 12495
2200 / 12495
2300 / 12495
2400 / 12495
2500 / 12495
2600 / 12495
2700 / 12495
2800 / 12495
2900 / 12495
3000 / 12495
3100 / 12495
3200 / 12495
3300 / 12495
3400 / 12495
3500 / 12495
3600 / 12495
3700 / 12495
3800 / 12495
3900 / 12495
4000 / 12495
4100 / 12495
4200 / 12495
4300 / 12495
4400 / 12495
4500 / 12495
4600 / 12495
4700 / 12495
4800 / 12495
4900 / 12495
5000 / 12495
5100 / 12495
5200 / 12495
5300 / 12495
5400 / 12495
5500 / 12495
5600 / 12495
5700 / 12495
5800 / 12495
5900 / 12495
6000 / 12495
6100 / 12495
6200 / 12495
6300 / 12495
6400 / 12495
6500 / 12495
6600 / 12495
6700 / 12495
6800 / 12495
6900 / 12495
7000 / 12495
7100 / 12495
7200 / 12495
7300 / 12495
7400 / 12495
7500 / 12495
7600 / 12495
7700 / 12495
7800 / 12495
7900 / 12495
8000 / 12495
8100 / 12495
8200 / 12495
8300 / 12495
8400 / 12495
8500 / 12495
8600 / 12495
8700 / 12495
8800 / 12495
8900 / 12495
9000 / 12495
9100 / 12495
9200 / 12495
9300 / 12495
9400 / 12495
9500 / 12495
9600 / 12495
9700 / 12495
9800 / 12495
9900 / 12495
10000 / 12495
10100 / 12495
10200 / 12495
10300 / 12495
10400 / 12495
10500 / 12495
10600 / 12495
10700 / 12495
10800 / 12495
10900 / 12495
11000 / 12495
11100 / 12495
11200 / 12495
11300 / 12495
11400 / 12495
11500 / 12495
11600 / 12495
11700 / 12495
11800 / 12495
11900 / 12495
12000 / 12495
12100 / 12495
12200 / 12495
12300 / 12495
12400 / 12495
In epoch  5  avg loss (or negative reward) is  0.823795244346
In epoch  5  test reward is 0.406447, test accuracy is 0.335288
Time taken in this epoch 1746.75276399
Best Reward: 0.406447 (Accuracy: 0.335288) at epoch 5
Best Accuracy: 0.335288 (Reward: 0.406447) at epoch 5
Saving model with header =  model/moduleKwNoMap-b15-4-5

100 / 12495
200 / 12495
300 / 12495
400 / 12495
500 / 12495
600 / 12495
700 / 12495
800 / 12495
900 / 12495
1000 / 12495
1100 / 12495
1200 / 12495
1300 / 12495
1400 / 12495
1500 / 12495
1600 / 12495
1700 / 12495
1800 / 12495
1900 / 12495
2000 / 12495
2100 / 12495
2200 / 12495
2300 / 12495
2400 / 12495
2500 / 12495
2600 / 12495
2700 / 12495
2800 / 12495
2900 / 12495
3000 / 12495
3100 / 12495
3200 / 12495
3300 / 12495
3400 / 12495
3500 / 12495
3600 / 12495
3700 / 12495
3800 / 12495
3900 / 12495
4000 / 12495
4100 / 12495
4200 / 12495
4300 / 12495
4400 / 12495
4500 / 12495
4600 / 12495
4700 / 12495
4800 / 12495
4900 / 12495
5000 / 12495
5100 / 12495
5200 / 12495
5300 / 12495
5400 / 12495
5500 / 12495
5600 / 12495
5700 / 12495
5800 / 12495
5900 / 12495
6000 / 12495
6100 / 12495
6200 / 12495
6300 / 12495
6400 / 12495
6500 / 12495
6600 / 12495
6700 / 12495
6800 / 12495
6900 / 12495
7000 / 12495
7100 / 12495
7200 / 12495
7300 / 12495
7400 / 12495
7500 / 12495
7600 / 12495
7700 / 12495
7800 / 12495
7900 / 12495
8000 / 12495
8100 / 12495
8200 / 12495
8300 / 12495
8400 / 12495
8500 / 12495
8600 / 12495
8700 / 12495
8800 / 12495
8900 / 12495
9000 / 12495
9100 / 12495
9200 / 12495
9300 / 12495
9400 / 12495
9500 / 12495
9600 / 12495
9700 / 12495
9800 / 12495
9900 / 12495
10000 / 12495
10100 / 12495
10200 / 12495
10300 / 12495
list index out of range
Exception in running!
10400 / 12495
10500 / 12495
10600 / 12495
10700 / 12495
10800 / 12495
10900 / 12495
11000 / 12495
11100 / 12495
11200 / 12495
11300 / 12495
11400 / 12495
11500 / 12495
11600 / 12495
11700 / 12495
11800 / 12495
11900 / 12495
12000 / 12495
12100 / 12495
12200 / 12495
12300 / 12495
12400 / 12495
In epoch  6  avg loss (or negative reward) is  0.808017656209
In epoch  6  test reward is 0.412314, test accuracy is 0.342131
Time taken in this epoch 1761.62571192
Best Reward: 0.412314 (Accuracy: 0.342131) at epoch 6
Best Accuracy: 0.342131 (Reward: 0.412314) at epoch 6
Saving model with header =  model/moduleKwNoMap-b15-4-6

100 / 12495
200 / 12495
300 / 12495
400 / 12495
500 / 12495
600 / 12495
700 / 12495
800 / 12495
900 / 12495
1000 / 12495
1100 / 12495
1200 / 12495
1300 / 12495
1400 / 12495
1500 / 12495
1600 / 12495
1700 / 12495
1800 / 12495
1900 / 12495
2000 / 12495
2100 / 12495
2200 / 12495
2300 / 12495
2400 / 12495
2500 / 12495
2600 / 12495
2700 / 12495
2800 / 12495
2900 / 12495
3000 / 12495
3100 / 12495
3200 / 12495
3300 / 12495
3400 / 12495
3500 / 12495
3600 / 12495
3700 / 12495
3800 / 12495
3900 / 12495
4000 / 12495
4100 / 12495
4200 / 12495
4300 / 12495
4400 / 12495
4500 / 12495
4600 / 12495
4700 / 12495
4800 / 12495
4900 / 12495
5000 / 12495
5100 / 12495
5200 / 12495
5300 / 12495
5400 / 12495
5500 / 12495
5600 / 12495
5700 / 12495
5800 / 12495
5900 / 12495
6000 / 12495
6100 / 12495
6200 / 12495
6300 / 12495
6400 / 12495
6500 / 12495
6600 / 12495
6700 / 12495
6800 / 12495
6900 / 12495
7000 / 12495
7100 / 12495
7200 / 12495
7300 / 12495
7400 / 12495
7500 / 12495
7600 / 12495
7700 / 12495
7800 / 12495
7900 / 12495
8000 / 12495
8100 / 12495
8200 / 12495
8300 / 12495
8400 / 12495
8500 / 12495
8600 / 12495
8700 / 12495
8800 / 12495
8900 / 12495
9000 / 12495
9100 / 12495
9200 / 12495
9300 / 12495
9400 / 12495
9500 / 12495
9600 / 12495
9700 / 12495
9800 / 12495
9900 / 12495
10000 / 12495
10100 / 12495
10200 / 12495
10300 / 12495
10400 / 12495
10500 / 12495
10600 / 12495
10700 / 12495
10800 / 12495
10900 / 12495
11000 / 12495
11100 / 12495
11200 / 12495
11300 / 12495
11400 / 12495
11500 / 12495
11600 / 12495
11700 / 12495
11800 / 12495
11900 / 12495
12000 / 12495
12100 / 12495
12200 / 12495
12300 / 12495
12400 / 12495
In epoch  7  avg loss (or negative reward) is  0.791687896234
In epoch  7  test reward is 0.416200, test accuracy is 0.350929
Time taken in this epoch 1750.87404203
Best Reward: 0.416200 (Accuracy: 0.350929) at epoch 7
Best Accuracy: 0.350929 (Reward: 0.416200) at epoch 7
Saving model with header =  model/moduleKwNoMap-b15-4-7

100 / 12495
200 / 12495
300 / 12495
400 / 12495
500 / 12495
600 / 12495
700 / 12495
800 / 12495
900 / 12495
1000 / 12495
1100 / 12495
1200 / 12495
1300 / 12495
1400 / 12495
1500 / 12495
1600 / 12495
1700 / 12495
1800 / 12495
1900 / 12495
2000 / 12495
2100 / 12495
2200 / 12495
2300 / 12495
2400 / 12495
2500 / 12495
2600 / 12495
2700 / 12495
2800 / 12495
2900 / 12495
3000 / 12495
3100 / 12495
3200 / 12495
3300 / 12495
3400 / 12495
3500 / 12495
3600 / 12495
3700 / 12495
3800 / 12495
3900 / 12495
4000 / 12495
4100 / 12495
4200 / 12495
4300 / 12495
4400 / 12495
4500 / 12495
4600 / 12495
4700 / 12495
4800 / 12495
4900 / 12495
5000 / 12495
5100 / 12495
5200 / 12495
5300 / 12495
5400 / 12495
5500 / 12495
5600 / 12495
5700 / 12495
5800 / 12495
5900 / 12495
6000 / 12495
6100 / 12495
6200 / 12495
6300 / 12495
6400 / 12495
6500 / 12495
6600 / 12495
6700 / 12495
6800 / 12495
6900 / 12495
7000 / 12495
7100 / 12495
7200 / 12495
7300 / 12495
7400 / 12495
7500 / 12495
7600 / 12495
7700 / 12495
7800 / 12495
7900 / 12495
8000 / 12495
8100 / 12495
8200 / 12495
8300 / 12495
8400 / 12495
8500 / 12495
8600 / 12495
8700 / 12495
8800 / 12495
8900 / 12495
9000 / 12495
9100 / 12495
9200 / 12495
9300 / 12495
9400 / 12495
9500 / 12495
9600 / 12495
9700 / 12495
9800 / 12495
9900 / 12495
10000 / 12495
10100 / 12495
10200 / 12495
10300 / 12495
10400 / 12495
10500 / 12495
10600 / 12495
10700 / 12495
10800 / 12495
10900 / 12495
11000 / 12495
11100 / 12495
11200 / 12495
11300 / 12495
11400 / 12495
11500 / 12495
11600 / 12495
11700 / 12495
11800 / 12495
11900 / 12495
12000 / 12495
12100 / 12495
12200 / 12495
12300 / 12495
12400 / 12495
In epoch  8  avg loss (or negative reward) is  0.782719243049
In epoch  8  test reward is 0.424260, test accuracy is 0.355816
Time taken in this epoch 1773.03335905
Best Reward: 0.424260 (Accuracy: 0.355816) at epoch 8
Best Accuracy: 0.355816 (Reward: 0.424260) at epoch 8
Saving model with header =  model/moduleKwNoMap-b15-4-8

100 / 12495
('debug: qinfo', 'nt-11738_0_2', 'table_csv/204_249.csv')
('debug: cond_row, self.cond_col = ', 0, 2)
('debug: subtab_rows', [0, 1, 2, 3, 4, 5, 6, 7, 8, 9, 10, 11, 12, 13, 14, 15])
('debug: entries', [['0', 'Canada-United States border', 'Canada-United States border', 'ND 18 - Cavalier, Larimore', 'PTH 30 begins'], ['3', 'R.M. of Rhineland', 'Gretna', 'PR 243 east - Emerson', 'begin PR 243 west concurrence'], ['5', 'R.M. of Rhineland', '_EMPTY_', 'PR 243 west - Blumenfeld', 'end PR 243 west concurrence'], ['10', 'R.M. of Rhineland', '_EMPTY_', 'PR 421 east - Sommerfeld', '_EMPTY_'], ['14', 'R.M. of Rhineland', 'Altona', 'PR 201 west - Brown, Windygates, Snowflake', 'begin PR 201 east concurrence'], ['18', 'R.M. of Rhineland', '_EMPTY_', 'PR 201 east - Letellier, Dominion City, Stuartburn', 'end PR 201 east concurrence'], ['25', 'R.M. of Rhineland', 'Rosenfeld', 'PTH 14 - Morden, Winkler, Plum Coulee, Morris  PR 332 north - Lowe Farm, Brunkild, Starbuck', 'PTH 30 ends highway continues as PR 332']])
local variable 'ret' referenced before assignment
Exception in running!
200 / 12495
300 / 12495
400 / 12495
500 / 12495
600 / 12495
700 / 12495
800 / 12495
900 / 12495
1000 / 12495
1100 / 12495
1200 / 12495
1300 / 12495
1400 / 12495
1500 / 12495
1600 / 12495
1700 / 12495
1800 / 12495
1900 / 12495
2000 / 12495
2100 / 12495
2200 / 12495
2300 / 12495
2400 / 12495
2500 / 12495
2600 / 12495
2700 / 12495
2800 / 12495
('debug: qinfo', 'nt-10185_0_4', 'table_csv/203_166.csv')
('debug: cond_row, self.cond_col = ', 0, 7)
('debug: subtab_rows', [0, 1, 2, 3, 4, 5, 6, 7, 8, 9, 10, 11, 12, 13, 14, 15, 16, 17, 18, 19, 20, 21])
('debug: entries', [['1', '46', 'Valentino Rossi', 'Yamaha', '21', '43:06.007', '2', '25'], ['2', '2', 'Dani Pedrosa', 'Honda', '21', '+4.008', '1', '20'], ['3', '4', 'Andrea Dovizioso', 'Honda', '21', '+8.536', '6', '16'], ['4', '69', 'Nicky Hayden', 'Honda', '21', '+8.858', '4', '13'], ['5', '56', 'Shinya Nakano', 'Honda', '21', '+10.583', '15', '11'], ['6', '1', 'Casey Stoner', 'Ducati', '21', '+13.640', '7', '10'], ['7', '65', 'Loris Capirossi', 'Suzuki', '21', '+15.936', '8', '9'], ['8', '5', 'Colin Edwards', 'Yamaha', '21', '+18.802', '5', '8'], ['9', '7', 'Chris Vermeulen', 'Suzuki', '21', '+23.174', '11', '7'], ['10', '14', 'Randy de Puniet', 'Honda', '21', '+25.516', '9', '6'], ['11', '21', 'John Hopkins', 'Kawasaki', '21', '+27.609', '10', '5'], ['12', '13', 'Anthony West', 'Kawasaki', '21', '+41.399', '13', '4'], ['13', '50', 'Sylvain Guintoli', 'Ducati', '21', '+45.617', '16', '3'], ['14', '15', 'Alex de Angelis', 'Honda', '21', '+49.003', '17', '2'], ['15', '24', 'Toni Elias', 'Ducati', '21', '+59.139', '19', '1'], ['16', '33', 'Marco Melandri', 'Ducati', '21', '+1:03.328', '14', '_EMPTY_'], ['17', '9', 'Nobuatsu Aoki', 'Suzuki', '21', '+1:48.363', '18', '_EMPTY_'], ['Ret', '48', 'Jorge Lorenzo', 'Yamaha', '12', 'Accident', '3', '_EMPTY_'], ['Ret', '52', 'James Toseland', 'Yamaha', '2', 'Accident', '12', '_EMPTY_']])
local variable 'ret' referenced before assignment
Exception in running!
2900 / 12495
3000 / 12495
3100 / 12495
3200 / 12495
3300 / 12495
3400 / 12495
3500 / 12495
3600 / 12495
3700 / 12495
3800 / 12495
3900 / 12495
4000 / 12495
4100 / 12495
4200 / 12495
4300 / 12495
4400 / 12495
4500 / 12495
4600 / 12495
4700 / 12495
4800 / 12495
4900 / 12495
5000 / 12495
5100 / 12495
5200 / 12495
5300 / 12495
5400 / 12495
5500 / 12495
5600 / 12495
5700 / 12495
5800 / 12495
5900 / 12495
6000 / 12495
6100 / 12495
6200 / 12495
6300 / 12495
6400 / 12495
6500 / 12495
6600 / 12495
6700 / 12495
6800 / 12495
6900 / 12495
7000 / 12495
7100 / 12495
7200 / 12495
7300 / 12495
7400 / 12495
7500 / 12495
7600 / 12495
7700 / 12495
7800 / 12495
7900 / 12495
8000 / 12495
8100 / 12495
8200 / 12495
8300 / 12495
8400 / 12495
8500 / 12495
8600 / 12495
8700 / 12495
8800 / 12495
8900 / 12495
9000 / 12495
9100 / 12495
9200 / 12495
9300 / 12495
9400 / 12495
9500 / 12495
9600 / 12495
9700 / 12495
9800 / 12495
9900 / 12495
10000 / 12495
10100 / 12495
10200 / 12495
10300 / 12495
10400 / 12495
10500 / 12495
10600 / 12495
10700 / 12495
10800 / 12495
10900 / 12495
11000 / 12495
11100 / 12495
11200 / 12495
11300 / 12495
11400 / 12495
11500 / 12495
11600 / 12495
11700 / 12495
11800 / 12495
11900 / 12495
12000 / 12495
12100 / 12495
12200 / 12495
12300 / 12495
12400 / 12495
In epoch  9  avg loss (or negative reward) is  0.770851679008
In epoch  9  test reward is 0.429436, test accuracy is 0.361193
Time taken in this epoch 1695.92509794
Best Reward: 0.429436 (Accuracy: 0.361193) at epoch 9
Best Accuracy: 0.361193 (Reward: 0.429436) at epoch 9
Saving model with header =  model/moduleKwNoMap-b15-4-9

100 / 12495
200 / 12495
300 / 12495
400 / 12495
500 / 12495
600 / 12495
700 / 12495
800 / 12495
900 / 12495
1000 / 12495
1100 / 12495
1200 / 12495
1300 / 12495
1400 / 12495
1500 / 12495
1600 / 12495
1700 / 12495
1800 / 12495
1900 / 12495
2000 / 12495
2100 / 12495
2200 / 12495
2300 / 12495
2400 / 12495
2500 / 12495
2600 / 12495
2700 / 12495
2800 / 12495
2900 / 12495
3000 / 12495
3100 / 12495
3200 / 12495
3300 / 12495
3400 / 12495
3500 / 12495
3600 / 12495
3700 / 12495
3800 / 12495
3900 / 12495
4000 / 12495
4100 / 12495
4200 / 12495
4300 / 12495
4400 / 12495
4500 / 12495
4600 / 12495
4700 / 12495
4800 / 12495
4900 / 12495
5000 / 12495
5100 / 12495
5200 / 12495
5300 / 12495
5400 / 12495
5500 / 12495
5600 / 12495
5700 / 12495
5800 / 12495
5900 / 12495
6000 / 12495
6100 / 12495
6200 / 12495
list index out of range
Exception in running!
list index out of range
Exception in running!
6300 / 12495
6400 / 12495
6500 / 12495
6600 / 12495
6700 / 12495
6800 / 12495
6900 / 12495
7000 / 12495
7100 / 12495
7200 / 12495
7300 / 12495
7400 / 12495
7500 / 12495
7600 / 12495
7700 / 12495
7800 / 12495
7900 / 12495
8000 / 12495
8100 / 12495
8200 / 12495
8300 / 12495
8400 / 12495
8500 / 12495
8600 / 12495
8700 / 12495
8800 / 12495
8900 / 12495
9000 / 12495
9100 / 12495
9200 / 12495
9300 / 12495
9400 / 12495
9500 / 12495
9600 / 12495
9700 / 12495
9800 / 12495
9900 / 12495
10000 / 12495
10100 / 12495
10200 / 12495
10300 / 12495
list index out of range
Exception in running!
10400 / 12495
10500 / 12495
10600 / 12495
10700 / 12495
10800 / 12495
10900 / 12495
11000 / 12495
11100 / 12495
11200 / 12495
11300 / 12495
11400 / 12495
11500 / 12495
11600 / 12495
11700 / 12495
11800 / 12495
11900 / 12495
12000 / 12495
12100 / 12495
12200 / 12495
12300 / 12495
12400 / 12495
In epoch  10  avg loss (or negative reward) is  0.758616972202
In epoch  10  test reward is 0.415103, test accuracy is 0.348485
Time taken in this epoch 1710.82791209
Best Reward: 0.429436 (Accuracy: 0.361193) at epoch 9
Best Accuracy: 0.361193 (Reward: 0.429436) at epoch 9
Saving model with header =  model/moduleKwNoMap-b15-4-10

100 / 12495
200 / 12495
300 / 12495
400 / 12495
500 / 12495
600 / 12495
700 / 12495
800 / 12495
900 / 12495
1000 / 12495
1100 / 12495
1200 / 12495
1300 / 12495
1400 / 12495
1500 / 12495
1600 / 12495
1700 / 12495
1800 / 12495
1900 / 12495
2000 / 12495
2100 / 12495
2200 / 12495
2300 / 12495
2400 / 12495
2500 / 12495
2600 / 12495
2700 / 12495
2800 / 12495
2900 / 12495
3000 / 12495
3100 / 12495
3200 / 12495
3300 / 12495
3400 / 12495
3500 / 12495
3600 / 12495
3700 / 12495
3800 / 12495
3900 / 12495
4000 / 12495
4100 / 12495
4200 / 12495
4300 / 12495
4400 / 12495
4500 / 12495
4600 / 12495
4700 / 12495
4800 / 12495
4900 / 12495
5000 / 12495
5100 / 12495
5200 / 12495
5300 / 12495
5400 / 12495
5500 / 12495
5600 / 12495
5700 / 12495
5800 / 12495
5900 / 12495
6000 / 12495
6100 / 12495
6200 / 12495
6300 / 12495
6400 / 12495
6500 / 12495
6600 / 12495
6700 / 12495
6800 / 12495
6900 / 12495
7000 / 12495
7100 / 12495
7200 / 12495
7300 / 12495
7400 / 12495
7500 / 12495
7600 / 12495
7700 / 12495
7800 / 12495
7900 / 12495
8000 / 12495
8100 / 12495
8200 / 12495
8300 / 12495
8400 / 12495
8500 / 12495
8600 / 12495
8700 / 12495
8800 / 12495
8900 / 12495
9000 / 12495
9100 / 12495
9200 / 12495
9300 / 12495
9400 / 12495
9500 / 12495
9600 / 12495
9700 / 12495
9800 / 12495
9900 / 12495
10000 / 12495
10100 / 12495
10200 / 12495
10300 / 12495
10400 / 12495
10500 / 12495
10600 / 12495
10700 / 12495
10800 / 12495
10900 / 12495
11000 / 12495
11100 / 12495
11200 / 12495
11300 / 12495
11400 / 12495
11500 / 12495
11600 / 12495
11700 / 12495
11800 / 12495
11900 / 12495
12000 / 12495
12100 / 12495
12200 / 12495
12300 / 12495
list index out of range
Exception in running!
12400 / 12495
In epoch  11  avg loss (or negative reward) is  0.747702715082
In epoch  11  test reward is 0.430763, test accuracy is 0.357283
Time taken in this epoch 1751.48561001
Best Reward: 0.430763 (Accuracy: 0.357283) at epoch 11
Best Accuracy: 0.361193 (Reward: 0.429436) at epoch 9
Saving model with header =  model/moduleKwNoMap-b15-4-11

100 / 12495
200 / 12495
300 / 12495
400 / 12495
500 / 12495
600 / 12495
700 / 12495
800 / 12495
900 / 12495
1000 / 12495
1100 / 12495
1200 / 12495
1300 / 12495
1400 / 12495
1500 / 12495
1600 / 12495
1700 / 12495
1800 / 12495
1900 / 12495
2000 / 12495
2100 / 12495
2200 / 12495
2300 / 12495
2400 / 12495
2500 / 12495
2600 / 12495
2700 / 12495
2800 / 12495
2900 / 12495
3000 / 12495
3100 / 12495
3200 / 12495
3300 / 12495
3400 / 12495
3500 / 12495
3600 / 12495
3700 / 12495
3800 / 12495
3900 / 12495
4000 / 12495
4100 / 12495
4200 / 12495
4300 / 12495
4400 / 12495
4500 / 12495
4600 / 12495
4700 / 12495
4800 / 12495
4900 / 12495
5000 / 12495
5100 / 12495
5200 / 12495
5300 / 12495
5400 / 12495
5500 / 12495
5600 / 12495
5700 / 12495
5800 / 12495
5900 / 12495
6000 / 12495
6100 / 12495
6200 / 12495
6300 / 12495
6400 / 12495
6500 / 12495
6600 / 12495
6700 / 12495
6800 / 12495
6900 / 12495
7000 / 12495
7100 / 12495
7200 / 12495
7300 / 12495
7400 / 12495
7500 / 12495
7600 / 12495
7700 / 12495
7800 / 12495
7900 / 12495
8000 / 12495
8100 / 12495
8200 / 12495
8300 / 12495
8400 / 12495
8500 / 12495
8600 / 12495
8700 / 12495
8800 / 12495
8900 / 12495
9000 / 12495
9100 / 12495
9200 / 12495
9300 / 12495
9400 / 12495
9500 / 12495
9600 / 12495
9700 / 12495
9800 / 12495
9900 / 12495
10000 / 12495
10100 / 12495
10200 / 12495
10300 / 12495
10400 / 12495
10500 / 12495
10600 / 12495
10700 / 12495
10800 / 12495
10900 / 12495
11000 / 12495
11100 / 12495
11200 / 12495
11300 / 12495
11400 / 12495
11500 / 12495
11600 / 12495
11700 / 12495
11800 / 12495
11900 / 12495
12000 / 12495
12100 / 12495
12200 / 12495
12300 / 12495
12400 / 12495
In epoch  12  avg loss (or negative reward) is  0.739133535446
In epoch  12  test reward is 0.431815, test accuracy is 0.361193
Time taken in this epoch 1816.91852403
Best Reward: 0.431815 (Accuracy: 0.361193) at epoch 12
Best Accuracy: 0.361193 (Reward: 0.429436) at epoch 9
Saving model with header =  model/moduleKwNoMap-b15-4-12

100 / 12495
200 / 12495
300 / 12495
400 / 12495
500 / 12495
600 / 12495
700 / 12495
800 / 12495
900 / 12495
1000 / 12495
1100 / 12495
1200 / 12495
1300 / 12495
1400 / 12495
1500 / 12495
1600 / 12495
1700 / 12495
1800 / 12495
1900 / 12495
2000 / 12495
2100 / 12495
2200 / 12495
2300 / 12495
2400 / 12495
2500 / 12495
2600 / 12495
2700 / 12495
2800 / 12495
2900 / 12495
3000 / 12495
3100 / 12495
3200 / 12495
3300 / 12495
3400 / 12495
3500 / 12495
3600 / 12495
3700 / 12495
3800 / 12495
3900 / 12495
4000 / 12495
4100 / 12495
4200 / 12495
4300 / 12495
4400 / 12495
4500 / 12495
4600 / 12495
4700 / 12495
4800 / 12495
4900 / 12495
5000 / 12495
5100 / 12495
5200 / 12495
5300 / 12495
5400 / 12495
5500 / 12495
5600 / 12495
5700 / 12495
5800 / 12495
5900 / 12495
6000 / 12495
6100 / 12495
6200 / 12495
6300 / 12495
6400 / 12495
6500 / 12495
6600 / 12495
6700 / 12495
6800 / 12495
6900 / 12495
7000 / 12495
list index out of range
Exception in running!
7100 / 12495
7200 / 12495
7300 / 12495
7400 / 12495
7500 / 12495
7600 / 12495
7700 / 12495
7800 / 12495
7900 / 12495
8000 / 12495
8100 / 12495
8200 / 12495
8300 / 12495
8400 / 12495
8500 / 12495
8600 / 12495
8700 / 12495
8800 / 12495
8900 / 12495
9000 / 12495
9100 / 12495
9200 / 12495
9300 / 12495
9400 / 12495
9500 / 12495
9600 / 12495
9700 / 12495
9800 / 12495
9900 / 12495
10000 / 12495
10100 / 12495
10200 / 12495
10300 / 12495
10400 / 12495
10500 / 12495
10600 / 12495
10700 / 12495
10800 / 12495
10900 / 12495
11000 / 12495
11100 / 12495
11200 / 12495
11300 / 12495
11400 / 12495
11500 / 12495
11600 / 12495
11700 / 12495
11800 / 12495
11900 / 12495
12000 / 12495
12100 / 12495
12200 / 12495
12300 / 12495
12400 / 12495
In epoch  13  avg loss (or negative reward) is  0.732814735095
In epoch  13  test reward is 0.436985, test accuracy is 0.364125
Time taken in this epoch 1824.22408581
Best Reward: 0.436985 (Accuracy: 0.364125) at epoch 13
Best Accuracy: 0.364125 (Reward: 0.436985) at epoch 13
Saving model with header =  model/moduleKwNoMap-b15-4-13

100 / 12495
('debug: qinfo', 'nt-11738_0_2', 'table_csv/204_249.csv')
('debug: cond_row, self.cond_col = ', 0, 2)
('debug: subtab_rows', [0, 1, 2, 3, 4, 5, 6, 7, 8, 9, 10, 11, 12, 13, 14, 15])
('debug: entries', [['0', 'Canada-United States border', 'Canada-United States border', 'ND 18 - Cavalier, Larimore', 'PTH 30 begins'], ['3', 'R.M. of Rhineland', 'Gretna', 'PR 243 east - Emerson', 'begin PR 243 west concurrence'], ['5', 'R.M. of Rhineland', '_EMPTY_', 'PR 243 west - Blumenfeld', 'end PR 243 west concurrence'], ['10', 'R.M. of Rhineland', '_EMPTY_', 'PR 421 east - Sommerfeld', '_EMPTY_'], ['14', 'R.M. of Rhineland', 'Altona', 'PR 201 west - Brown, Windygates, Snowflake', 'begin PR 201 east concurrence'], ['18', 'R.M. of Rhineland', '_EMPTY_', 'PR 201 east - Letellier, Dominion City, Stuartburn', 'end PR 201 east concurrence'], ['25', 'R.M. of Rhineland', 'Rosenfeld', 'PTH 14 - Morden, Winkler, Plum Coulee, Morris  PR 332 north - Lowe Farm, Brunkild, Starbuck', 'PTH 30 ends highway continues as PR 332']])
local variable 'ret' referenced before assignment
Exception in running!
200 / 12495
300 / 12495
400 / 12495
500 / 12495
600 / 12495
700 / 12495
800 / 12495
900 / 12495
1000 / 12495
1100 / 12495
1200 / 12495
1300 / 12495
1400 / 12495
1500 / 12495
1600 / 12495
1700 / 12495
1800 / 12495
1900 / 12495
2000 / 12495
2100 / 12495
2200 / 12495
2300 / 12495
2400 / 12495
2500 / 12495
2600 / 12495
2700 / 12495
2800 / 12495
2900 / 12495
3000 / 12495
3100 / 12495
3200 / 12495
3300 / 12495
3400 / 12495
3500 / 12495
3600 / 12495
3700 / 12495
3800 / 12495
3900 / 12495
4000 / 12495
4100 / 12495
4200 / 12495
4300 / 12495
4400 / 12495
4500 / 12495
4600 / 12495
4700 / 12495
4800 / 12495
4900 / 12495
5000 / 12495
5100 / 12495
5200 / 12495
5300 / 12495
5400 / 12495
5500 / 12495
5600 / 12495
5700 / 12495
5800 / 12495
5900 / 12495
6000 / 12495
6100 / 12495
6200 / 12495
6300 / 12495
6400 / 12495
6500 / 12495
6600 / 12495
6700 / 12495
6800 / 12495
6900 / 12495
7000 / 12495
7100 / 12495
7200 / 12495
7300 / 12495
7400 / 12495
7500 / 12495
7600 / 12495
7700 / 12495
7800 / 12495
7900 / 12495
8000 / 12495
8100 / 12495
8200 / 12495
8300 / 12495
8400 / 12495
8500 / 12495
8600 / 12495
8700 / 12495
8800 / 12495
8900 / 12495
9000 / 12495
9100 / 12495
9200 / 12495
9300 / 12495
9400 / 12495
9500 / 12495
9600 / 12495
9700 / 12495
9800 / 12495
9900 / 12495
10000 / 12495
10100 / 12495
10200 / 12495
10300 / 12495
10400 / 12495
10500 / 12495
10600 / 12495
10700 / 12495
10800 / 12495
10900 / 12495
11000 / 12495
11100 / 12495
11200 / 12495
11300 / 12495
11400 / 12495
11500 / 12495
11600 / 12495
11700 / 12495
11800 / 12495
11900 / 12495
12000 / 12495
12100 / 12495
12200 / 12495
12300 / 12495
12400 / 12495
In epoch  14  avg loss (or negative reward) is  0.721316039022
In epoch  14  test reward is 0.427849, test accuracy is 0.358260
Time taken in this epoch 1822.36634302
Best Reward: 0.436985 (Accuracy: 0.364125) at epoch 13
Best Accuracy: 0.364125 (Reward: 0.436985) at epoch 13
Saving model with header =  model/moduleKwNoMap-b15-4-14

100 / 12495
200 / 12495
300 / 12495
400 / 12495
500 / 12495
600 / 12495
700 / 12495
800 / 12495
900 / 12495
1000 / 12495
1100 / 12495
1200 / 12495
1300 / 12495
1400 / 12495
1500 / 12495
1600 / 12495
1700 / 12495
1800 / 12495
1900 / 12495
2000 / 12495
2100 / 12495
2200 / 12495
2300 / 12495
2400 / 12495
2500 / 12495
('debug: qinfo', 'nt-5767_1_2', 'table_csv/203_24.csv')
('debug: cond_row, self.cond_col = ', 0, 2)
('debug: subtab_rows', [0, 1, 2, 3, 4, 5, 6, 7, 8, 9, 10, 11, 12, 13, 14, 15, 16, 17])
('debug: entries', [['17 December 2007', 'Foolad', '4-4', 'Esteghlal Ahvaz', 'Foolad progress 8-7 on penalties'], ['21 December 2007', 'Rah Ahan', '2-2', 'Steel Azin', 'Rah Ahan progress 5-2 on penalties'], ['21 December 2007', 'Zob Ahan', '1-1', 'Esteghlal', 'Esteghlal progress 3-1 on penalties'], ['21 December 2007', 'Bargh Shiraz', '1-0', 'Paykan Tehran', '_EMPTY_'], ['21 December 2007', 'Shahin Bushehr', '2-2', 'Saba Battery', 'Shahin Bushehr progress 6-5 on penalties'], ['24 December 2007', 'Pas Hamedan', '3-0', 'Persepolis', '_EMPTY_'], ['26 February 2008', 'Moghavemat Sepasi', '1-2', 'Sepahan', '_EMPTY_'], ['4 March 2008', 'Sanaye Arak', '0-1', 'Pegah Gilan', '_EMPTY_']])
local variable 'ret' referenced before assignment
Exception in running!
2600 / 12495
2700 / 12495
2800 / 12495
2900 / 12495
3000 / 12495
3100 / 12495
3200 / 12495
3300 / 12495
3400 / 12495
3500 / 12495
3600 / 12495
3700 / 12495
3800 / 12495
3900 / 12495
4000 / 12495
4100 / 12495
4200 / 12495
4300 / 12495
4400 / 12495
4500 / 12495
4600 / 12495
4700 / 12495
4800 / 12495
4900 / 12495
5000 / 12495
5100 / 12495
5200 / 12495
5300 / 12495
5400 / 12495
5500 / 12495
5600 / 12495
5700 / 12495
5800 / 12495
5900 / 12495
6000 / 12495
6100 / 12495
6200 / 12495
6300 / 12495
6400 / 12495
6500 / 12495
6600 / 12495
6700 / 12495
6800 / 12495
6900 / 12495
7000 / 12495
7100 / 12495
7200 / 12495
7300 / 12495
7400 / 12495
7500 / 12495
7600 / 12495
7700 / 12495
7800 / 12495
7900 / 12495
8000 / 12495
8100 / 12495
8200 / 12495
8300 / 12495
8400 / 12495
8500 / 12495
8600 / 12495
8700 / 12495
8800 / 12495
8900 / 12495
9000 / 12495
9100 / 12495
9200 / 12495
9300 / 12495
9400 / 12495
9500 / 12495
9600 / 12495
9700 / 12495
9800 / 12495
9900 / 12495
10000 / 12495
10100 / 12495
10200 / 12495
10300 / 12495
10400 / 12495
10500 / 12495
10600 / 12495
10700 / 12495
10800 / 12495
10900 / 12495
11000 / 12495
11100 / 12495
11200 / 12495
11300 / 12495
11400 / 12495
11500 / 12495
11600 / 12495
11700 / 12495
11800 / 12495
11900 / 12495
12000 / 12495
12100 / 12495
12200 / 12495
12300 / 12495
12400 / 12495
In epoch  15  avg loss (or negative reward) is  0.71549333237
In epoch  15  test reward is 0.433285, test accuracy is 0.360215
Time taken in this epoch 1809.82148504
Best Reward: 0.436985 (Accuracy: 0.364125) at epoch 13
Best Accuracy: 0.364125 (Reward: 0.436985) at epoch 13
Saving model with header =  model/moduleKwNoMap-b15-4-15

100 / 12495
200 / 12495
300 / 12495
400 / 12495
500 / 12495
600 / 12495
700 / 12495
800 / 12495
900 / 12495
1000 / 12495
1100 / 12495
1200 / 12495
1300 / 12495
1400 / 12495
1500 / 12495
1600 / 12495
1700 / 12495
1800 / 12495
1900 / 12495
2000 / 12495
2100 / 12495
2200 / 12495
2300 / 12495
2400 / 12495
2500 / 12495
2600 / 12495
2700 / 12495
2800 / 12495
2900 / 12495
3000 / 12495
3100 / 12495
3200 / 12495
3300 / 12495
3400 / 12495
3500 / 12495
3600 / 12495
3700 / 12495
3800 / 12495
3900 / 12495
4000 / 12495
4100 / 12495
4200 / 12495
4300 / 12495
4400 / 12495
4500 / 12495
4600 / 12495
4700 / 12495
4800 / 12495
4900 / 12495
5000 / 12495
5100 / 12495
5200 / 12495
5300 / 12495
5400 / 12495
5500 / 12495
5600 / 12495
5700 / 12495
5800 / 12495
5900 / 12495
6000 / 12495
6100 / 12495
6200 / 12495
6300 / 12495
6400 / 12495
6500 / 12495
6600 / 12495
6700 / 12495
6800 / 12495
6900 / 12495
7000 / 12495
7100 / 12495
7200 / 12495
7300 / 12495
7400 / 12495
7500 / 12495
7600 / 12495
7700 / 12495
7800 / 12495
7900 / 12495
8000 / 12495
8100 / 12495
8200 / 12495
8300 / 12495
8400 / 12495
8500 / 12495
8600 / 12495
8700 / 12495
8800 / 12495
list index out of range
Exception in running!
list index out of range
Exception in running!
8900 / 12495
9000 / 12495
9100 / 12495
9200 / 12495
9300 / 12495
9400 / 12495
9500 / 12495
9600 / 12495
9700 / 12495
9800 / 12495
9900 / 12495
10000 / 12495
10100 / 12495
10200 / 12495
10300 / 12495
10400 / 12495
10500 / 12495
10600 / 12495
10700 / 12495
10800 / 12495
10900 / 12495
11000 / 12495
11100 / 12495
11200 / 12495
11300 / 12495
11400 / 12495
11500 / 12495
11600 / 12495
11700 / 12495
11800 / 12495
11900 / 12495
12000 / 12495
12100 / 12495
12200 / 12495
12300 / 12495
list index out of range
Exception in running!
12400 / 12495
In epoch  16  avg loss (or negative reward) is  0.707105774692
In epoch  16  test reward is 0.433960, test accuracy is 0.360704
Time taken in this epoch 1823.62681413
Best Reward: 0.436985 (Accuracy: 0.364125) at epoch 13
Best Accuracy: 0.364125 (Reward: 0.436985) at epoch 13
Saving model with header =  model/moduleKwNoMap-b15-4-16

100 / 12495
('debug: qinfo', 'nt-11738_0_2', 'table_csv/204_249.csv')
('debug: cond_row, self.cond_col = ', 0, 2)
('debug: subtab_rows', [0, 1, 2, 3, 4, 5, 6, 7, 8, 9, 10, 11, 12, 13, 14, 15])
('debug: entries', [['0', 'Canada-United States border', 'Canada-United States border', 'ND 18 - Cavalier, Larimore', 'PTH 30 begins'], ['3', 'R.M. of Rhineland', 'Gretna', 'PR 243 east - Emerson', 'begin PR 243 west concurrence'], ['5', 'R.M. of Rhineland', '_EMPTY_', 'PR 243 west - Blumenfeld', 'end PR 243 west concurrence'], ['10', 'R.M. of Rhineland', '_EMPTY_', 'PR 421 east - Sommerfeld', '_EMPTY_'], ['14', 'R.M. of Rhineland', 'Altona', 'PR 201 west - Brown, Windygates, Snowflake', 'begin PR 201 east concurrence'], ['18', 'R.M. of Rhineland', '_EMPTY_', 'PR 201 east - Letellier, Dominion City, Stuartburn', 'end PR 201 east concurrence'], ['25', 'R.M. of Rhineland', 'Rosenfeld', 'PTH 14 - Morden, Winkler, Plum Coulee, Morris  PR 332 north - Lowe Farm, Brunkild, Starbuck', 'PTH 30 ends highway continues as PR 332']])
local variable 'ret' referenced before assignment
Exception in running!
200 / 12495
300 / 12495
400 / 12495
500 / 12495
600 / 12495
700 / 12495
800 / 12495
900 / 12495
1000 / 12495
1100 / 12495
1200 / 12495
1300 / 12495
1400 / 12495
1500 / 12495
1600 / 12495
1700 / 12495
1800 / 12495
1900 / 12495
2000 / 12495
2100 / 12495
2200 / 12495
2300 / 12495
2400 / 12495
2500 / 12495
2600 / 12495
2700 / 12495
2800 / 12495
2900 / 12495
3000 / 12495
3100 / 12495
3200 / 12495
3300 / 12495
3400 / 12495
3500 / 12495
3600 / 12495
3700 / 12495
3800 / 12495
3900 / 12495
4000 / 12495
4100 / 12495
4200 / 12495
4300 / 12495
4400 / 12495
4500 / 12495
4600 / 12495
4700 / 12495
4800 / 12495
4900 / 12495
5000 / 12495
5100 / 12495
5200 / 12495
5300 / 12495
5400 / 12495
5500 / 12495
5600 / 12495
5700 / 12495
5800 / 12495
5900 / 12495
6000 / 12495
6100 / 12495
6200 / 12495
6300 / 12495
6400 / 12495
6500 / 12495
6600 / 12495
6700 / 12495
6800 / 12495
6900 / 12495
7000 / 12495
7100 / 12495
7200 / 12495
7300 / 12495
7400 / 12495
7500 / 12495
7600 / 12495
7700 / 12495
7800 / 12495
7900 / 12495
8000 / 12495
8100 / 12495
8200 / 12495
8300 / 12495
8400 / 12495
8500 / 12495
8600 / 12495
8700 / 12495
8800 / 12495
8900 / 12495
9000 / 12495
9100 / 12495
9200 / 12495
9300 / 12495
9400 / 12495
9500 / 12495
9600 / 12495
9700 / 12495
9800 / 12495
9900 / 12495
10000 / 12495
10100 / 12495
10200 / 12495
10300 / 12495
list index out of range
Exception in running!
10400 / 12495
10500 / 12495
10600 / 12495
10700 / 12495
10800 / 12495
10900 / 12495
11000 / 12495
11100 / 12495
11200 / 12495
11300 / 12495
11400 / 12495
11500 / 12495
11600 / 12495
11700 / 12495
11800 / 12495
11900 / 12495
12000 / 12495
12100 / 12495
12200 / 12495
12300 / 12495
list index out of range
Exception in running!
12400 / 12495
In epoch  17  avg loss (or negative reward) is  0.699209098833
In epoch  17  test reward is 0.429624, test accuracy is 0.358749
Time taken in this epoch 1813.80983186
Best Reward: 0.436985 (Accuracy: 0.364125) at epoch 13
Best Accuracy: 0.364125 (Reward: 0.436985) at epoch 13
Saving model with header =  model/moduleKwNoMap-b15-4-17

100 / 12495
200 / 12495
300 / 12495
400 / 12495
500 / 12495
600 / 12495
700 / 12495
800 / 12495
900 / 12495
1000 / 12495
1100 / 12495
1200 / 12495
1300 / 12495
1400 / 12495
1500 / 12495
1600 / 12495
1700 / 12495
1800 / 12495
1900 / 12495
2000 / 12495
2100 / 12495
2200 / 12495
2300 / 12495
2400 / 12495
2500 / 12495
2600 / 12495
2700 / 12495
2800 / 12495
2900 / 12495
3000 / 12495
3100 / 12495
3200 / 12495
3300 / 12495
3400 / 12495
3500 / 12495
3600 / 12495
3700 / 12495
3800 / 12495
3900 / 12495
4000 / 12495
4100 / 12495
4200 / 12495
4300 / 12495
4400 / 12495
4500 / 12495
4600 / 12495
4700 / 12495
4800 / 12495
4900 / 12495
5000 / 12495
5100 / 12495
5200 / 12495
5300 / 12495
5400 / 12495
5500 / 12495
5600 / 12495
5700 / 12495
5800 / 12495
5900 / 12495
6000 / 12495
6100 / 12495
6200 / 12495
6300 / 12495
6400 / 12495
6500 / 12495
6600 / 12495
6700 / 12495
6800 / 12495
6900 / 12495
7000 / 12495
7100 / 12495
7200 / 12495
7300 / 12495
7400 / 12495
7500 / 12495
7600 / 12495
7700 / 12495
7800 / 12495
7900 / 12495
8000 / 12495
8100 / 12495
8200 / 12495
8300 / 12495
8400 / 12495
8500 / 12495
8600 / 12495
8700 / 12495
8800 / 12495
8900 / 12495
9000 / 12495
9100 / 12495
9200 / 12495
9300 / 12495
9400 / 12495
9500 / 12495
9600 / 12495
9700 / 12495
9800 / 12495
9900 / 12495
10000 / 12495
10100 / 12495
10200 / 12495
10300 / 12495
10400 / 12495
10500 / 12495
10600 / 12495
10700 / 12495
10800 / 12495
10900 / 12495
11000 / 12495
11100 / 12495
11200 / 12495
11300 / 12495
11400 / 12495
11500 / 12495
11600 / 12495
11700 / 12495
11800 / 12495
11900 / 12495
12000 / 12495
12100 / 12495
('debug: qinfo', 'ns-1850_2_3', 'table_csv/204_926.csv')
('debug: cond_row, self.cond_col = ', 0, 0)
('debug: subtab_rows', [0, 1, 2, 3, 4, 5, 6, 7, 8, 9, 10, 11, 12, 13, 14, 15, 16, 17, 18, 19, 20, 21, 22, 23, 24])
('debug: entries', [['1', 'Shirley Englehorn', 'United States', '70-70-75-70=285', '-7', '4,500'], ['2', 'Kathy Whitworth', 'United States', '69-71-73-72=285', '-7', '3,410'], ['3', 'Sandra Palmer', 'United States', '73-72-73-70=288', '-4', '2,600'], ['4', 'Murle Breer', 'United States', '75-71-70-74=290', '-2', '2,150'], ['5', 'Sharon Miller', 'United States', '74-74-72-71=291', '-1', '1,800'], ['T6', 'JoAnne Carner', 'United States', '71-76-70-75=292', 'E', '1,400'], ['T6', 'Sandra Haynie', 'United States', '73-72-72-75=292', 'E', '1,400'], ['T8', 'Gerda Boykin', 'West Germany', '73-73-73-74=293', '+1', '1,050'], ['T8', 'Sharron Moran', 'United States', '73-71-75-74=293', '+1', '1,050'], ['T8', 'Marilynn Smith', 'United States', '74-69-73-77=293', '+1', '1,050']])
local variable 'ret' referenced before assignment
Exception in running!
12200 / 12495
12300 / 12495
12400 / 12495
In epoch  18  avg loss (or negative reward) is  0.694074410099
In epoch  18  test reward is 0.429778, test accuracy is 0.359238
Time taken in this epoch 1813.1817441
Best Reward: 0.436985 (Accuracy: 0.364125) at epoch 13
Best Accuracy: 0.364125 (Reward: 0.436985) at epoch 13
Saving model with header =  model/moduleKwNoMap-b15-4-18

100 / 12495
200 / 12495
300 / 12495
400 / 12495
500 / 12495
600 / 12495
700 / 12495
800 / 12495
900 / 12495
1000 / 12495
1100 / 12495
1200 / 12495
1300 / 12495
1400 / 12495
1500 / 12495
1600 / 12495
1700 / 12495
1800 / 12495
1900 / 12495
2000 / 12495
2100 / 12495
2200 / 12495
2300 / 12495
2400 / 12495
2500 / 12495
2600 / 12495
2700 / 12495
2800 / 12495
2900 / 12495
3000 / 12495
3100 / 12495
3200 / 12495
3300 / 12495
3400 / 12495
3500 / 12495
3600 / 12495
3700 / 12495
3800 / 12495
3900 / 12495
4000 / 12495
4100 / 12495
4200 / 12495
4300 / 12495
4400 / 12495
4500 / 12495
4600 / 12495
4700 / 12495
4800 / 12495
4900 / 12495
5000 / 12495
('debug: qinfo', 'nt-3136_1_2', 'table_csv/204_169.csv')
('debug: cond_row, self.cond_col = ', 0, 2)
('debug: subtab_rows', [0, 1, 2, 3, 4, 5, 6, 7, 8, 9, 10, 11, 12, 13, 14, 15, 16, 17])
('debug: entries', [['Stefan Shalamanov', 'Giant Slalom', 'DNF', '-', 'DNF', '-'], ['Borislav Dimitrachkov', 'Giant Slalom', 'DNF', '-', 'DNF', '-'], ['Lyubomir Popov', 'Giant Slalom', '1:10.73', 'DNF', 'DNF', '-'], ['Stefan Shalamanov', 'Slalom', '58.68', '53.69', '1:52.37', '23'], ['Lyubomir Popov', 'Slalom', '57.78', '53.03', '1:50.81', '19'], ['Borislav Dimitrachkov', 'Slalom', '57.58', '53.23', '1:50.81', '19'], ['Petar Popangelov', 'Slalom', '55.14', '51.20', '1:46.34', '16']])
local variable 'ret' referenced before assignment
Exception in running!
('debug: qinfo', 'nt-3136_2_2', 'table_csv/204_169.csv')
('debug: cond_row, self.cond_col = ', 0, 2)
('debug: subtab_rows', [0, 1, 2, 3, 4, 5, 6, 7, 8, 9, 10, 11, 12, 13, 14, 15, 16, 17])
('debug: entries', [['Stefan Shalamanov', 'Giant Slalom', 'DNF', '-', 'DNF', '-'], ['Borislav Dimitrachkov', 'Giant Slalom', 'DNF', '-', 'DNF', '-'], ['Lyubomir Popov', 'Giant Slalom', '1:10.73', 'DNF', 'DNF', '-'], ['Stefan Shalamanov', 'Slalom', '58.68', '53.69', '1:52.37', '23'], ['Lyubomir Popov', 'Slalom', '57.78', '53.03', '1:50.81', '19'], ['Borislav Dimitrachkov', 'Slalom', '57.58', '53.23', '1:50.81', '19'], ['Petar Popangelov', 'Slalom', '55.14', '51.20', '1:46.34', '16']])
local variable 'ret' referenced before assignment
Exception in running!
5100 / 12495
5200 / 12495
5300 / 12495
5400 / 12495
5500 / 12495
5600 / 12495
5700 / 12495
5800 / 12495
5900 / 12495
6000 / 12495
6100 / 12495
6200 / 12495
6300 / 12495
6400 / 12495
6500 / 12495
6600 / 12495
6700 / 12495
6800 / 12495
6900 / 12495
7000 / 12495
7100 / 12495
7200 / 12495
7300 / 12495
7400 / 12495
7500 / 12495
7600 / 12495
7700 / 12495
7800 / 12495
7900 / 12495
8000 / 12495
8100 / 12495
8200 / 12495
8300 / 12495
8400 / 12495
8500 / 12495
8600 / 12495
8700 / 12495
8800 / 12495
list index out of range
Exception in running!
list index out of range
Exception in running!
8900 / 12495
9000 / 12495
9100 / 12495
9200 / 12495
9300 / 12495
9400 / 12495
9500 / 12495
9600 / 12495
9700 / 12495
9800 / 12495
9900 / 12495
10000 / 12495
10100 / 12495
10200 / 12495
10300 / 12495
10400 / 12495
10500 / 12495
10600 / 12495
10700 / 12495
10800 / 12495
10900 / 12495
11000 / 12495
11100 / 12495
11200 / 12495
11300 / 12495
11400 / 12495
11500 / 12495
11600 / 12495
11700 / 12495
11800 / 12495
11900 / 12495
12000 / 12495
12100 / 12495
12200 / 12495
12300 / 12495
12400 / 12495
In epoch  19  avg loss (or negative reward) is  0.687830120967
In epoch  19  test reward is 0.440331, test accuracy is 0.369013
Time taken in this epoch 1830.1701889
Best Reward: 0.440331 (Accuracy: 0.369013) at epoch 19
Best Accuracy: 0.369013 (Reward: 0.440331) at epoch 19
Saving model with header =  model/moduleKwNoMap-b15-4-19

100 / 12495
200 / 12495
300 / 12495
400 / 12495
500 / 12495
600 / 12495
700 / 12495
800 / 12495
900 / 12495
1000 / 12495
1100 / 12495
1200 / 12495
1300 / 12495
1400 / 12495
1500 / 12495
1600 / 12495
1700 / 12495
1800 / 12495
1900 / 12495
2000 / 12495
2100 / 12495
2200 / 12495
2300 / 12495
2400 / 12495
2500 / 12495
2600 / 12495
2700 / 12495
2800 / 12495
2900 / 12495
3000 / 12495
3100 / 12495
3200 / 12495
3300 / 12495
3400 / 12495
3500 / 12495
3600 / 12495
3700 / 12495
3800 / 12495
3900 / 12495
4000 / 12495
4100 / 12495
4200 / 12495
4300 / 12495
4400 / 12495
4500 / 12495
4600 / 12495
4700 / 12495
4800 / 12495
4900 / 12495
5000 / 12495
5100 / 12495
5200 / 12495
5300 / 12495
5400 / 12495
5500 / 12495
5600 / 12495
5700 / 12495
5800 / 12495
5900 / 12495
6000 / 12495
6100 / 12495
6200 / 12495
list index out of range
Exception in running!
list index out of range
Exception in running!
6300 / 12495
6400 / 12495
6500 / 12495
6600 / 12495
6700 / 12495
6800 / 12495
6900 / 12495
7000 / 12495
list index out of range
Exception in running!
7100 / 12495
7200 / 12495
7300 / 12495
7400 / 12495
7500 / 12495
7600 / 12495
7700 / 12495
7800 / 12495
7900 / 12495
8000 / 12495
8100 / 12495
8200 / 12495
8300 / 12495
8400 / 12495
8500 / 12495
8600 / 12495
8700 / 12495
8800 / 12495
8900 / 12495
9000 / 12495
9100 / 12495
9200 / 12495
9300 / 12495
9400 / 12495
9500 / 12495
9600 / 12495
9700 / 12495
9800 / 12495
9900 / 12495
10000 / 12495
10100 / 12495
10200 / 12495
10300 / 12495
10400 / 12495
10500 / 12495
10600 / 12495
10700 / 12495
10800 / 12495
10900 / 12495
11000 / 12495
11100 / 12495
11200 / 12495
11300 / 12495
11400 / 12495
11500 / 12495
11600 / 12495
11700 / 12495
11800 / 12495
11900 / 12495
12000 / 12495
12100 / 12495
12200 / 12495
12300 / 12495
list index out of range
Exception in running!
12400 / 12495
In epoch  20  avg loss (or negative reward) is  0.684206165152
In epoch  20  test reward is 0.442918, test accuracy is 0.370968
Time taken in this epoch 1843.38103414
Best Reward: 0.442918 (Accuracy: 0.370968) at epoch 20
Best Accuracy: 0.370968 (Reward: 0.442918) at epoch 20
Saving model with header =  model/moduleKwNoMap-b15-4-20

100 / 12495
200 / 12495
300 / 12495
400 / 12495
500 / 12495
600 / 12495
700 / 12495
800 / 12495
900 / 12495
1000 / 12495
1100 / 12495
1200 / 12495
1300 / 12495
1400 / 12495
1500 / 12495
1600 / 12495
1700 / 12495
1800 / 12495
1900 / 12495
2000 / 12495
2100 / 12495
2200 / 12495
2300 / 12495
2400 / 12495
2500 / 12495
2600 / 12495
2700 / 12495
2800 / 12495
2900 / 12495
3000 / 12495
3100 / 12495
3200 / 12495
3300 / 12495
3400 / 12495
3500 / 12495
3600 / 12495
3700 / 12495
3800 / 12495
3900 / 12495
4000 / 12495
4100 / 12495
4200 / 12495
4300 / 12495
4400 / 12495
4500 / 12495
4600 / 12495
4700 / 12495
4800 / 12495
4900 / 12495
5000 / 12495
5100 / 12495
5200 / 12495
5300 / 12495
5400 / 12495
5500 / 12495
5600 / 12495
5700 / 12495
5800 / 12495
5900 / 12495
6000 / 12495
6100 / 12495
6200 / 12495
list index out of range
Exception in running!
list index out of range
Exception in running!
6300 / 12495
6400 / 12495
6500 / 12495
6600 / 12495
6700 / 12495
6800 / 12495
6900 / 12495
7000 / 12495
7100 / 12495
7200 / 12495
7300 / 12495
7400 / 12495
7500 / 12495
7600 / 12495
7700 / 12495
7800 / 12495
7900 / 12495
8000 / 12495
8100 / 12495
8200 / 12495
8300 / 12495
8400 / 12495
8500 / 12495
8600 / 12495
8700 / 12495
8800 / 12495
8900 / 12495
9000 / 12495
9100 / 12495
9200 / 12495
9300 / 12495
9400 / 12495
9500 / 12495
9600 / 12495
9700 / 12495
9800 / 12495
9900 / 12495
10000 / 12495
10100 / 12495
10200 / 12495
10300 / 12495
10400 / 12495
10500 / 12495
10600 / 12495
10700 / 12495
10800 / 12495
10900 / 12495
11000 / 12495
11100 / 12495
11200 / 12495
11300 / 12495
11400 / 12495
11500 / 12495
11600 / 12495
11700 / 12495
11800 / 12495
11900 / 12495
12000 / 12495
12100 / 12495
12200 / 12495
12300 / 12495
12400 / 12495
In epoch  21  avg loss (or negative reward) is  0.674300131462
In epoch  21  test reward is 0.430938, test accuracy is 0.360704
Time taken in this epoch 1866.08554697
Best Reward: 0.442918 (Accuracy: 0.370968) at epoch 20
Best Accuracy: 0.370968 (Reward: 0.442918) at epoch 20
Saving model with header =  model/moduleKwNoMap-b15-4-21

100 / 12495
200 / 12495
300 / 12495
400 / 12495
500 / 12495
600 / 12495
700 / 12495
800 / 12495
900 / 12495
1000 / 12495
1100 / 12495
1200 / 12495
1300 / 12495
1400 / 12495
1500 / 12495
1600 / 12495
1700 / 12495
1800 / 12495
1900 / 12495
2000 / 12495
2100 / 12495
2200 / 12495
2300 / 12495
2400 / 12495
2500 / 12495
2600 / 12495
2700 / 12495
2800 / 12495
2900 / 12495
3000 / 12495
3100 / 12495
3200 / 12495
3300 / 12495
3400 / 12495
3500 / 12495
3600 / 12495
3700 / 12495
3800 / 12495
3900 / 12495
4000 / 12495
4100 / 12495
4200 / 12495
4300 / 12495
4400 / 12495
4500 / 12495
4600 / 12495
4700 / 12495
4800 / 12495
4900 / 12495
5000 / 12495
5100 / 12495
5200 / 12495
5300 / 12495
5400 / 12495
5500 / 12495
5600 / 12495
5700 / 12495
5800 / 12495
5900 / 12495
6000 / 12495
6100 / 12495
6200 / 12495
6300 / 12495
6400 / 12495
6500 / 12495
6600 / 12495
6700 / 12495
6800 / 12495
6900 / 12495
7000 / 12495
7100 / 12495
7200 / 12495
7300 / 12495
7400 / 12495
7500 / 12495
7600 / 12495
7700 / 12495
7800 / 12495
7900 / 12495
8000 / 12495
8100 / 12495
8200 / 12495
8300 / 12495
8400 / 12495
8500 / 12495
8600 / 12495
8700 / 12495
8800 / 12495
8900 / 12495
9000 / 12495
9100 / 12495
9200 / 12495
9300 / 12495
9400 / 12495
9500 / 12495
9600 / 12495
9700 / 12495
9800 / 12495
9900 / 12495
10000 / 12495
10100 / 12495
10200 / 12495
10300 / 12495
10400 / 12495
10500 / 12495
10600 / 12495
10700 / 12495
10800 / 12495
10900 / 12495
11000 / 12495
11100 / 12495
11200 / 12495
11300 / 12495
11400 / 12495
11500 / 12495
11600 / 12495
11700 / 12495
11800 / 12495
11900 / 12495
12000 / 12495
12100 / 12495
12200 / 12495
12300 / 12495
12400 / 12495
In epoch  22  avg loss (or negative reward) is  0.667049653257
In epoch  22  test reward is 0.435720, test accuracy is 0.364125
Time taken in this epoch 1848.53352785
Best Reward: 0.442918 (Accuracy: 0.370968) at epoch 20
Best Accuracy: 0.370968 (Reward: 0.442918) at epoch 20
Saving model with header =  model/moduleKwNoMap-b15-4-22

100 / 12495
200 / 12495
300 / 12495
400 / 12495
500 / 12495
600 / 12495
700 / 12495
800 / 12495
900 / 12495
1000 / 12495
1100 / 12495
1200 / 12495
1300 / 12495
1400 / 12495
1500 / 12495
1600 / 12495
1700 / 12495
1800 / 12495
1900 / 12495
2000 / 12495
2100 / 12495
2200 / 12495
2300 / 12495
2400 / 12495
2500 / 12495
2600 / 12495
2700 / 12495
2800 / 12495
2900 / 12495
3000 / 12495
3100 / 12495
3200 / 12495
3300 / 12495
3400 / 12495
3500 / 12495
3600 / 12495
3700 / 12495
3800 / 12495
3900 / 12495
4000 / 12495
4100 / 12495
4200 / 12495
4300 / 12495
4400 / 12495
4500 / 12495
4600 / 12495
4700 / 12495
4800 / 12495
4900 / 12495
5000 / 12495
5100 / 12495
5200 / 12495
5300 / 12495
5400 / 12495
5500 / 12495
5600 / 12495
5700 / 12495
5800 / 12495
5900 / 12495
6000 / 12495
6100 / 12495
6200 / 12495
list index out of range
Exception in running!
list index out of range
Exception in running!
6300 / 12495
6400 / 12495
6500 / 12495
6600 / 12495
6700 / 12495
6800 / 12495
6900 / 12495
7000 / 12495
7100 / 12495
7200 / 12495
7300 / 12495
7400 / 12495
7500 / 12495
7600 / 12495
7700 / 12495
7800 / 12495
7900 / 12495
8000 / 12495
8100 / 12495
8200 / 12495
8300 / 12495
8400 / 12495
8500 / 12495
8600 / 12495
8700 / 12495
8800 / 12495
8900 / 12495
9000 / 12495
9100 / 12495
9200 / 12495
9300 / 12495
9400 / 12495
9500 / 12495
9600 / 12495
9700 / 12495
9800 / 12495
9900 / 12495
10000 / 12495
10100 / 12495
10200 / 12495
10300 / 12495
10400 / 12495
10500 / 12495
10600 / 12495
10700 / 12495
10800 / 12495
10900 / 12495
11000 / 12495
11100 / 12495
11200 / 12495
11300 / 12495
11400 / 12495
11500 / 12495
11600 / 12495
11700 / 12495
11800 / 12495
11900 / 12495
12000 / 12495
12100 / 12495
12200 / 12495
12300 / 12495
12400 / 12495
In epoch  23  avg loss (or negative reward) is  0.66162788788
In epoch  23  test reward is 0.442858, test accuracy is 0.367546
Time taken in this epoch 1855.30387115
Best Reward: 0.442918 (Accuracy: 0.370968) at epoch 20
Best Accuracy: 0.370968 (Reward: 0.442918) at epoch 20
Saving model with header =  model/moduleKwNoMap-b15-4-23

100 / 12495
200 / 12495
300 / 12495
400 / 12495
500 / 12495
600 / 12495
700 / 12495
800 / 12495
900 / 12495
1000 / 12495
1100 / 12495
1200 / 12495
1300 / 12495
1400 / 12495
1500 / 12495
1600 / 12495
1700 / 12495
1800 / 12495
1900 / 12495
2000 / 12495
2100 / 12495
2200 / 12495
2300 / 12495
2400 / 12495
2500 / 12495
2600 / 12495
2700 / 12495
2800 / 12495
('debug: qinfo', 'nt-10185_0_4', 'table_csv/203_166.csv')
('debug: cond_row, self.cond_col = ', 0, 7)
('debug: subtab_rows', [0, 1, 2, 3, 4, 5, 6, 7, 8, 9, 10, 11, 12, 13, 14, 15, 16, 17, 18, 19, 20, 21])
('debug: entries', [['1', '46', 'Valentino Rossi', 'Yamaha', '21', '43:06.007', '2', '25'], ['2', '2', 'Dani Pedrosa', 'Honda', '21', '+4.008', '1', '20'], ['3', '4', 'Andrea Dovizioso', 'Honda', '21', '+8.536', '6', '16'], ['4', '69', 'Nicky Hayden', 'Honda', '21', '+8.858', '4', '13'], ['5', '56', 'Shinya Nakano', 'Honda', '21', '+10.583', '15', '11'], ['6', '1', 'Casey Stoner', 'Ducati', '21', '+13.640', '7', '10'], ['7', '65', 'Loris Capirossi', 'Suzuki', '21', '+15.936', '8', '9'], ['8', '5', 'Colin Edwards', 'Yamaha', '21', '+18.802', '5', '8'], ['9', '7', 'Chris Vermeulen', 'Suzuki', '21', '+23.174', '11', '7'], ['10', '14', 'Randy de Puniet', 'Honda', '21', '+25.516', '9', '6'], ['11', '21', 'John Hopkins', 'Kawasaki', '21', '+27.609', '10', '5'], ['12', '13', 'Anthony West', 'Kawasaki', '21', '+41.399', '13', '4'], ['13', '50', 'Sylvain Guintoli', 'Ducati', '21', '+45.617', '16', '3'], ['14', '15', 'Alex de Angelis', 'Honda', '21', '+49.003', '17', '2'], ['15', '24', 'Toni Elias', 'Ducati', '21', '+59.139', '19', '1'], ['16', '33', 'Marco Melandri', 'Ducati', '21', '+1:03.328', '14', '_EMPTY_'], ['17', '9', 'Nobuatsu Aoki', 'Suzuki', '21', '+1:48.363', '18', '_EMPTY_'], ['Ret', '48', 'Jorge Lorenzo', 'Yamaha', '12', 'Accident', '3', '_EMPTY_'], ['Ret', '52', 'James Toseland', 'Yamaha', '2', 'Accident', '12', '_EMPTY_']])
local variable 'ret' referenced before assignment
Exception in running!
2900 / 12495
3000 / 12495
3100 / 12495
3200 / 12495
3300 / 12495
3400 / 12495
3500 / 12495
3600 / 12495
3700 / 12495
3800 / 12495
3900 / 12495
4000 / 12495
4100 / 12495
4200 / 12495
4300 / 12495
4400 / 12495
4500 / 12495
4600 / 12495
4700 / 12495
4800 / 12495
4900 / 12495
5000 / 12495
5100 / 12495
5200 / 12495
5300 / 12495
5400 / 12495
5500 / 12495
5600 / 12495
5700 / 12495
5800 / 12495
5900 / 12495
6000 / 12495
6100 / 12495
6200 / 12495
6300 / 12495
6400 / 12495
6500 / 12495
6600 / 12495
6700 / 12495
6800 / 12495
6900 / 12495
7000 / 12495
list index out of range
Exception in running!
7100 / 12495
7200 / 12495
7300 / 12495
7400 / 12495
7500 / 12495
7600 / 12495
7700 / 12495
7800 / 12495
7900 / 12495
8000 / 12495
8100 / 12495
8200 / 12495
8300 / 12495
8400 / 12495
8500 / 12495
8600 / 12495
8700 / 12495
8800 / 12495
8900 / 12495
9000 / 12495
9100 / 12495
9200 / 12495
9300 / 12495
9400 / 12495
9500 / 12495
9600 / 12495
9700 / 12495
9800 / 12495
9900 / 12495
10000 / 12495
10100 / 12495
10200 / 12495
10300 / 12495
10400 / 12495
10500 / 12495
10600 / 12495
10700 / 12495
10800 / 12495
10900 / 12495
11000 / 12495
11100 / 12495
11200 / 12495
11300 / 12495
11400 / 12495
11500 / 12495
11600 / 12495
11700 / 12495
11800 / 12495
11900 / 12495
12000 / 12495
12100 / 12495
12200 / 12495
12300 / 12495
12400 / 12495
In epoch  24  avg loss (or negative reward) is  0.654732771564
In epoch  24  test reward is 0.430426, test accuracy is 0.363636
Time taken in this epoch 1926.86589098
Best Reward: 0.442918 (Accuracy: 0.370968) at epoch 20
Best Accuracy: 0.370968 (Reward: 0.442918) at epoch 20
Saving model with header =  model/moduleKwNoMap-b15-4-24

100 / 12495
200 / 12495
300 / 12495
400 / 12495
500 / 12495
600 / 12495
700 / 12495
800 / 12495
900 / 12495
1000 / 12495
1100 / 12495
1200 / 12495
1300 / 12495
1400 / 12495
1500 / 12495
1600 / 12495
1700 / 12495
1800 / 12495
1900 / 12495
2000 / 12495
2100 / 12495
2200 / 12495
2300 / 12495
2400 / 12495
2500 / 12495
2600 / 12495
2700 / 12495
2800 / 12495
2900 / 12495
3000 / 12495
3100 / 12495
3200 / 12495
3300 / 12495
3400 / 12495
3500 / 12495
3600 / 12495
3700 / 12495
3800 / 12495
3900 / 12495
4000 / 12495
4100 / 12495
4200 / 12495
4300 / 12495
4400 / 12495
4500 / 12495
4600 / 12495
4700 / 12495
4800 / 12495
4900 / 12495
5000 / 12495
5100 / 12495
5200 / 12495
5300 / 12495
5400 / 12495
5500 / 12495
5600 / 12495
5700 / 12495
5800 / 12495
5900 / 12495
6000 / 12495
6100 / 12495
6200 / 12495
6300 / 12495
6400 / 12495
6500 / 12495
6600 / 12495
6700 / 12495
6800 / 12495
6900 / 12495
7000 / 12495
7100 / 12495
7200 / 12495
7300 / 12495
7400 / 12495
7500 / 12495
7600 / 12495
7700 / 12495
7800 / 12495
7900 / 12495
8000 / 12495
8100 / 12495
8200 / 12495
8300 / 12495
8400 / 12495
8500 / 12495
8600 / 12495
8700 / 12495
8800 / 12495
8900 / 12495
9000 / 12495
9100 / 12495
9200 / 12495
9300 / 12495
9400 / 12495
9500 / 12495
9600 / 12495
9700 / 12495
9800 / 12495
9900 / 12495
10000 / 12495
10100 / 12495
10200 / 12495
10300 / 12495
10400 / 12495
10500 / 12495
10600 / 12495
10700 / 12495
10800 / 12495
10900 / 12495
11000 / 12495
11100 / 12495
11200 / 12495
11300 / 12495
11400 / 12495
11500 / 12495
11600 / 12495
11700 / 12495
11800 / 12495
11900 / 12495
12000 / 12495
12100 / 12495
12200 / 12495
12300 / 12495
list index out of range
Exception in running!
12400 / 12495
In epoch  25  avg loss (or negative reward) is  0.649680709021
In epoch  25  test reward is 0.435624, test accuracy is 0.363636
Time taken in this epoch 1935.75284386
Best Reward: 0.442918 (Accuracy: 0.370968) at epoch 20
Best Accuracy: 0.370968 (Reward: 0.442918) at epoch 20
Saving model with header =  model/moduleKwNoMap-b15-4-25

100 / 12495
200 / 12495
300 / 12495
400 / 12495
500 / 12495
600 / 12495
700 / 12495
800 / 12495
900 / 12495
1000 / 12495
1100 / 12495
1200 / 12495
1300 / 12495
1400 / 12495
1500 / 12495
1600 / 12495
1700 / 12495
1800 / 12495
1900 / 12495
2000 / 12495
2100 / 12495
2200 / 12495
2300 / 12495
2400 / 12495
2500 / 12495
2600 / 12495
2700 / 12495
2800 / 12495
2900 / 12495
3000 / 12495
3100 / 12495
3200 / 12495
3300 / 12495
3400 / 12495
3500 / 12495
3600 / 12495
3700 / 12495
3800 / 12495
3900 / 12495
4000 / 12495
4100 / 12495
4200 / 12495
4300 / 12495
4400 / 12495
4500 / 12495
4600 / 12495
4700 / 12495
4800 / 12495
4900 / 12495
5000 / 12495
5100 / 12495
5200 / 12495
5300 / 12495
5400 / 12495
5500 / 12495
5600 / 12495
5700 / 12495
5800 / 12495
5900 / 12495
6000 / 12495
6100 / 12495
6200 / 12495
6300 / 12495
6400 / 12495
6500 / 12495
6600 / 12495
6700 / 12495
6800 / 12495
6900 / 12495
7000 / 12495
7100 / 12495
7200 / 12495
7300 / 12495
7400 / 12495
7500 / 12495
7600 / 12495
7700 / 12495
7800 / 12495
7900 / 12495
8000 / 12495
8100 / 12495
8200 / 12495
8300 / 12495
8400 / 12495
8500 / 12495
8600 / 12495
8700 / 12495
8800 / 12495
8900 / 12495
9000 / 12495
9100 / 12495
9200 / 12495
9300 / 12495
9400 / 12495
9500 / 12495
9600 / 12495
9700 / 12495
9800 / 12495
9900 / 12495
10000 / 12495
10100 / 12495
10200 / 12495
10300 / 12495
10400 / 12495
10500 / 12495
10600 / 12495
10700 / 12495
10800 / 12495
10900 / 12495
11000 / 12495
11100 / 12495
11200 / 12495
11300 / 12495
11400 / 12495
11500 / 12495
11600 / 12495
11700 / 12495
11800 / 12495
11900 / 12495
12000 / 12495
12100 / 12495
12200 / 12495
12300 / 12495
12400 / 12495
In epoch  26  avg loss (or negative reward) is  0.647008169153
In epoch  26  test reward is 0.431666, test accuracy is 0.361193
Time taken in this epoch 1784.37494516
Best Reward: 0.442918 (Accuracy: 0.370968) at epoch 20
Best Accuracy: 0.370968 (Reward: 0.442918) at epoch 20
Saving model with header =  model/moduleKwNoMap-b15-4-26

100 / 12495
200 / 12495
300 / 12495
400 / 12495
500 / 12495
600 / 12495
700 / 12495
800 / 12495
900 / 12495
1000 / 12495
1100 / 12495
1200 / 12495
1300 / 12495
1400 / 12495
1500 / 12495
1600 / 12495
1700 / 12495
1800 / 12495
1900 / 12495
2000 / 12495
2100 / 12495
2200 / 12495
2300 / 12495
2400 / 12495
2500 / 12495
2600 / 12495
2700 / 12495
2800 / 12495
2900 / 12495
3000 / 12495
3100 / 12495
3200 / 12495
3300 / 12495
3400 / 12495
3500 / 12495
3600 / 12495
3700 / 12495
3800 / 12495
3900 / 12495
4000 / 12495
4100 / 12495
4200 / 12495
4300 / 12495
4400 / 12495
4500 / 12495
4600 / 12495
4700 / 12495
4800 / 12495
4900 / 12495
5000 / 12495
5100 / 12495
5200 / 12495
5300 / 12495
5400 / 12495
5500 / 12495
5600 / 12495
5700 / 12495
5800 / 12495
5900 / 12495
6000 / 12495
6100 / 12495
6200 / 12495
6300 / 12495
6400 / 12495
6500 / 12495
6600 / 12495
6700 / 12495
6800 / 12495
6900 / 12495
7000 / 12495
7100 / 12495
7200 / 12495
7300 / 12495
7400 / 12495
7500 / 12495
7600 / 12495
7700 / 12495
7800 / 12495
7900 / 12495
8000 / 12495
8100 / 12495
8200 / 12495
8300 / 12495
8400 / 12495
8500 / 12495
8600 / 12495
8700 / 12495
8800 / 12495
8900 / 12495
9000 / 12495
9100 / 12495
9200 / 12495
9300 / 12495
9400 / 12495
9500 / 12495
9600 / 12495
9700 / 12495
9800 / 12495
9900 / 12495
10000 / 12495
10100 / 12495
10200 / 12495
10300 / 12495
10400 / 12495
10500 / 12495
10600 / 12495
10700 / 12495
10800 / 12495
10900 / 12495
11000 / 12495
11100 / 12495
11200 / 12495
11300 / 12495
11400 / 12495
11500 / 12495
11600 / 12495
11700 / 12495
11800 / 12495
11900 / 12495
12000 / 12495
12100 / 12495
12200 / 12495
12300 / 12495
list index out of range
Exception in running!
12400 / 12495
In epoch  27  avg loss (or negative reward) is  0.638119865154
In epoch  27  test reward is 0.434058, test accuracy is 0.367546
Time taken in this epoch 1645.79986
Best Reward: 0.442918 (Accuracy: 0.370968) at epoch 20
Best Accuracy: 0.370968 (Reward: 0.442918) at epoch 20
Saving model with header =  model/moduleKwNoMap-b15-4-27

100 / 12495
200 / 12495
300 / 12495
400 / 12495
500 / 12495
600 / 12495
700 / 12495
800 / 12495
900 / 12495
1000 / 12495
1100 / 12495
1200 / 12495
1300 / 12495
1400 / 12495
1500 / 12495
1600 / 12495
1700 / 12495
1800 / 12495
1900 / 12495
2000 / 12495
2100 / 12495
2200 / 12495
2300 / 12495
2400 / 12495
2500 / 12495
2600 / 12495
2700 / 12495
2800 / 12495
2900 / 12495
3000 / 12495
3100 / 12495
3200 / 12495
3300 / 12495
3400 / 12495
3500 / 12495
3600 / 12495
3700 / 12495
3800 / 12495
3900 / 12495
4000 / 12495
4100 / 12495
4200 / 12495
4300 / 12495
4400 / 12495
4500 / 12495
4600 / 12495
4700 / 12495
4800 / 12495
4900 / 12495
5000 / 12495
5100 / 12495
5200 / 12495
5300 / 12495
5400 / 12495
5500 / 12495
5600 / 12495
5700 / 12495
5800 / 12495
5900 / 12495
6000 / 12495
6100 / 12495
6200 / 12495
6300 / 12495
6400 / 12495
6500 / 12495
6600 / 12495
6700 / 12495
6800 / 12495
6900 / 12495
7000 / 12495
7100 / 12495
7200 / 12495
7300 / 12495
7400 / 12495
7500 / 12495
7600 / 12495
7700 / 12495
7800 / 12495
7900 / 12495
8000 / 12495
8100 / 12495
8200 / 12495
8300 / 12495
8400 / 12495
8500 / 12495
8600 / 12495
8700 / 12495
8800 / 12495
8900 / 12495
9000 / 12495
9100 / 12495
9200 / 12495
9300 / 12495
9400 / 12495
9500 / 12495
9600 / 12495
9700 / 12495
9800 / 12495
9900 / 12495
10000 / 12495
10100 / 12495
10200 / 12495
10300 / 12495
10400 / 12495
10500 / 12495
10600 / 12495
10700 / 12495
10800 / 12495
10900 / 12495
11000 / 12495
11100 / 12495
11200 / 12495
11300 / 12495
11400 / 12495
11500 / 12495
11600 / 12495
11700 / 12495
11800 / 12495
11900 / 12495
12000 / 12495
12100 / 12495
12200 / 12495
12300 / 12495
12400 / 12495
In epoch  28  avg loss (or negative reward) is  0.629597553711
In epoch  28  test reward is 0.440125, test accuracy is 0.370479
Time taken in this epoch 1564.69951105
Best Reward: 0.442918 (Accuracy: 0.370968) at epoch 20
Best Accuracy: 0.370968 (Reward: 0.442918) at epoch 20
Saving model with header =  model/moduleKwNoMap-b15-4-28

100 / 12495
200 / 12495
300 / 12495
400 / 12495
500 / 12495
600 / 12495
700 / 12495
800 / 12495
900 / 12495
1000 / 12495
1100 / 12495
1200 / 12495
1300 / 12495
1400 / 12495
1500 / 12495
1600 / 12495
1700 / 12495
1800 / 12495
1900 / 12495
2000 / 12495
2100 / 12495
2200 / 12495
2300 / 12495
2400 / 12495
2500 / 12495
2600 / 12495
2700 / 12495
2800 / 12495
2900 / 12495
3000 / 12495
3100 / 12495
3200 / 12495
3300 / 12495
3400 / 12495
3500 / 12495
3600 / 12495
3700 / 12495
3800 / 12495
3900 / 12495
4000 / 12495
4100 / 12495
4200 / 12495
4300 / 12495
4400 / 12495
4500 / 12495
4600 / 12495
4700 / 12495
4800 / 12495
4900 / 12495
5000 / 12495
5100 / 12495
5200 / 12495
5300 / 12495
5400 / 12495
5500 / 12495
5600 / 12495
5700 / 12495
5800 / 12495
5900 / 12495
6000 / 12495
6100 / 12495
6200 / 12495
6300 / 12495
6400 / 12495
6500 / 12495
6600 / 12495
6700 / 12495
6800 / 12495
6900 / 12495
7000 / 12495
list index out of range
Exception in running!
7100 / 12495
7200 / 12495
7300 / 12495
7400 / 12495
7500 / 12495
7600 / 12495
7700 / 12495
7800 / 12495
7900 / 12495
8000 / 12495
8100 / 12495
8200 / 12495
8300 / 12495
8400 / 12495
8500 / 12495
8600 / 12495
8700 / 12495
8800 / 12495
('debug: qinfo', 'nt-11193_1_2', 'table_csv/204_374.csv')
('debug: cond_row, self.cond_col = ', 0, 2)
('debug: subtab_rows', [0, 3, 4, 5, 6, 7, 8, 9, 10, 11, 12, 13, 14, 15, 16])
('debug: entries', [['1976 Winter Paralympics', '10', '1', '1', '12', '2nd'], ['1984 Winter Paralympics', '4', '2', '3', '9', '5th'], ['1988 Winter Paralympics', '5', '16', '16', '37', '7th'], ['1992 Winter Paralympics', '3', '8', '4', '15', '8th'], ['1994 Winter Paralympics', '2', '9', '5', '16', '11th'], ['1998 Winter Paralympics', '10', '5', '8', '23', '6th'], ['2002 Winter Paralympics', '6', '4', '2', '12', '7th'], ['2006 Winter Paralympics', '0', '1', '1', '2', '13th'], ['2010 Winter Paralympics', '1', '2', '0', '3', '13th']])
local variable 'ret' referenced before assignment
Exception in running!
('debug: qinfo', 'nt-11193_1_3', 'table_csv/204_374.csv')
('debug: cond_row, self.cond_col = ', 0, 2)
('debug: subtab_rows', [0, 3, 4, 5, 6, 7, 8, 9, 10, 11, 12, 13, 14, 15, 16])
('debug: entries', [['1976 Winter Paralympics', '10', '1', '1', '12', '2nd'], ['1984 Winter Paralympics', '4', '2', '3', '9', '5th'], ['1988 Winter Paralympics', '5', '16', '16', '37', '7th'], ['1992 Winter Paralympics', '3', '8', '4', '15', '8th'], ['1994 Winter Paralympics', '2', '9', '5', '16', '11th'], ['1998 Winter Paralympics', '10', '5', '8', '23', '6th'], ['2002 Winter Paralympics', '6', '4', '2', '12', '7th'], ['2006 Winter Paralympics', '0', '1', '1', '2', '13th'], ['2010 Winter Paralympics', '1', '2', '0', '3', '13th']])
local variable 'ret' referenced before assignment
Exception in running!
8900 / 12495
9000 / 12495
9100 / 12495
9200 / 12495
9300 / 12495
9400 / 12495
9500 / 12495
9600 / 12495
9700 / 12495
9800 / 12495
9900 / 12495
10000 / 12495
10100 / 12495
10200 / 12495
10300 / 12495
10400 / 12495
10500 / 12495
10600 / 12495
10700 / 12495
10800 / 12495
10900 / 12495
11000 / 12495
11100 / 12495
11200 / 12495
11300 / 12495
11400 / 12495
11500 / 12495
11600 / 12495
11700 / 12495
11800 / 12495
11900 / 12495
12000 / 12495
12100 / 12495
12200 / 12495
12300 / 12495
12400 / 12495
In epoch  29  avg loss (or negative reward) is  0.629790938207
In epoch  29  test reward is 0.434211, test accuracy is 0.362170
Time taken in this epoch 1490.47904801
Best Reward: 0.442918 (Accuracy: 0.370968) at epoch 20
Best Accuracy: 0.370968 (Reward: 0.442918) at epoch 20
Saving model with header =  model/moduleKwNoMap-b15-4-29

